Building DAG of jobs...
Using shell: /bin/bash
Provided cores: 32
Rules claiming more threads will be scaled down.
Conda environments: ignored
Job stats:
job                       count    min threads    max threads
----------------------  -------  -------------  -------------
AnalyzeCovariates             6              2              2
Annovar                       1              4              4
BaseRecalibrator              6              4              4
Fastqc                       12              2              2
GatherBamFiles                3              1              1
HaplotypeCaller               3              4              4
Nirvana                       1              1              1
QC_alignment                  6              1              1
Split_variants_idnel          1              1              1
Split_variants_snp            1              1              1
VariantEval                   3              1              1
all                           1              1              1
applyBaseRecalibrator         6              1              1
bcftools_stats                1              1              1
bqsr_calibrated_report        6              1              1
bwa_align                     6              4              4
combine_gvcf                  1              1              1
consequence                   1              1              1
genotype_gvcfs                1              4              4
mrk_duplicates                6              1              1
multiqc                       1              1              1
plot_bcftools_stats           1              1              1
qualimap                      6              2              2
sort_and_convert_sam          6              1              1
trimmomatic                   6              4              4
total                        92              1              4

Select jobs to execute...

[Mon Jun 12 09:34:53 2023]
rule trimmomatic:
    input: /home/marc/Desktop/data/samples/complex_wes/father_ACC1-LIBR_L1_1.fq.gz, /home/marc/Desktop/data/samples/complex_wes/father_ACC1-LIBR_L1_2.fq.gz
    output: logs/trimmomatic/father_ACC1-LIBR_L1.log, logs/trimmomatic/father_ACC1-LIBR_L1.summary, 00_trimmomatic/father_ACC1-LIBR_L1_1.trimmed.fastq.gz, 00_trimmomatic/father_ACC1-LIBR_L1_2.trimmed.fastq.gz, 00_trimmomatic/father_ACC1-LIBR_L1-U_1.trimmed.fastq.gz, 00_trimmomatic/father_ACC1-LIBR_L1-U_2.trimmed.fastq.gz
    log: logs/trimmomatic/father_ACC1-LIBR_L1.txt
    jobid: 3
    benchmark: benchamrks/QC/father_ACC1-LIBR_L1_trim.txt
    reason: Missing output files: 00_trimmomatic/father_ACC1-LIBR_L1_1.trimmed.fastq.gz, 00_trimmomatic/father_ACC1-LIBR_L1_2.trimmed.fastq.gz
    wildcards: sample=father_ACC1-LIBR, unit=L1
    threads: 4
    resources: tmpdir=/tmp, mem_mb=5120, mem_mib=4883, cores=4, mem_gb=5, nodes=1, time=120


[Mon Jun 12 09:34:53 2023]
rule trimmomatic:
    input: /home/marc/Desktop/data/samples/complex_wes/proband_ACC2-LIBR2_L3_1.fq.gz, /home/marc/Desktop/data/samples/complex_wes/proband_ACC2-LIBR2_L3_2.fq.gz
    output: logs/trimmomatic/proband_ACC2-LIBR2_L3.log, logs/trimmomatic/proband_ACC2-LIBR2_L3.summary, 00_trimmomatic/proband_ACC2-LIBR2_L3_1.trimmed.fastq.gz, 00_trimmomatic/proband_ACC2-LIBR2_L3_2.trimmed.fastq.gz, 00_trimmomatic/proband_ACC2-LIBR2_L3-U_1.trimmed.fastq.gz, 00_trimmomatic/proband_ACC2-LIBR2_L3-U_2.trimmed.fastq.gz
    log: logs/trimmomatic/proband_ACC2-LIBR2_L3.txt
    jobid: 54
    benchmark: benchamrks/QC/proband_ACC2-LIBR2_L3_trim.txt
    reason: Missing output files: 00_trimmomatic/proband_ACC2-LIBR2_L3_2.trimmed.fastq.gz, 00_trimmomatic/proband_ACC2-LIBR2_L3_1.trimmed.fastq.gz
    wildcards: sample=proband_ACC2-LIBR2, unit=L3
    threads: 4
    resources: tmpdir=/tmp, mem_mb=5120, mem_mib=4883, cores=4, mem_gb=5, nodes=1, time=120


[Mon Jun 12 09:34:53 2023]
rule trimmomatic:
    input: /home/marc/Desktop/data/samples/complex_wes/mother_ACC1-LIBR_L1_1.fq.gz, /home/marc/Desktop/data/samples/complex_wes/mother_ACC1-LIBR_L1_2.fq.gz
    output: logs/trimmomatic/mother_ACC1-LIBR_L1.log, logs/trimmomatic/mother_ACC1-LIBR_L1.summary, 00_trimmomatic/mother_ACC1-LIBR_L1_1.trimmed.fastq.gz, 00_trimmomatic/mother_ACC1-LIBR_L1_2.trimmed.fastq.gz, 00_trimmomatic/mother_ACC1-LIBR_L1-U_1.trimmed.fastq.gz, 00_trimmomatic/mother_ACC1-LIBR_L1-U_2.trimmed.fastq.gz
    log: logs/trimmomatic/mother_ACC1-LIBR_L1.txt
    jobid: 27
    benchmark: benchamrks/QC/mother_ACC1-LIBR_L1_trim.txt
    reason: Missing output files: 00_trimmomatic/mother_ACC1-LIBR_L1_1.trimmed.fastq.gz, 00_trimmomatic/mother_ACC1-LIBR_L1_2.trimmed.fastq.gz
    wildcards: sample=mother_ACC1-LIBR, unit=L1
    threads: 4
    resources: tmpdir=/tmp, mem_mb=5120, mem_mib=4883, cores=4, mem_gb=5, nodes=1, time=120


[Mon Jun 12 09:34:53 2023]
rule trimmomatic:
    input: /home/marc/Desktop/data/samples/complex_wes/proband_ACC1-LIBR_L1_1.fq.gz, /home/marc/Desktop/data/samples/complex_wes/proband_ACC1-LIBR_L1_2.fq.gz
    output: logs/trimmomatic/proband_ACC1-LIBR_L1.log, logs/trimmomatic/proband_ACC1-LIBR_L1.summary, 00_trimmomatic/proband_ACC1-LIBR_L1_1.trimmed.fastq.gz, 00_trimmomatic/proband_ACC1-LIBR_L1_2.trimmed.fastq.gz, 00_trimmomatic/proband_ACC1-LIBR_L1-U_1.trimmed.fastq.gz, 00_trimmomatic/proband_ACC1-LIBR_L1-U_2.trimmed.fastq.gz
    log: logs/trimmomatic/proband_ACC1-LIBR_L1.txt
    jobid: 51
    benchmark: benchamrks/QC/proband_ACC1-LIBR_L1_trim.txt
    reason: Missing output files: 00_trimmomatic/proband_ACC1-LIBR_L1_2.trimmed.fastq.gz, 00_trimmomatic/proband_ACC1-LIBR_L1_1.trimmed.fastq.gz
    wildcards: sample=proband_ACC1-LIBR, unit=L1
    threads: 4
    resources: tmpdir=/tmp, mem_mb=5120, mem_mib=4883, cores=4, mem_gb=5, nodes=1, time=120


[Mon Jun 12 09:34:53 2023]
rule trimmomatic:
    input: /home/marc/Desktop/data/samples/complex_wes/father_ACC1-LIBR_L2_1.fq.gz, /home/marc/Desktop/data/samples/complex_wes/father_ACC1-LIBR_L2_2.fq.gz
    output: logs/trimmomatic/father_ACC1-LIBR_L2.log, logs/trimmomatic/father_ACC1-LIBR_L2.summary, 00_trimmomatic/father_ACC1-LIBR_L2_1.trimmed.fastq.gz, 00_trimmomatic/father_ACC1-LIBR_L2_2.trimmed.fastq.gz, 00_trimmomatic/father_ACC1-LIBR_L2-U_1.trimmed.fastq.gz, 00_trimmomatic/father_ACC1-LIBR_L2-U_2.trimmed.fastq.gz
    log: logs/trimmomatic/father_ACC1-LIBR_L2.txt
    jobid: 6
    benchmark: benchamrks/QC/father_ACC1-LIBR_L2_trim.txt
    reason: Missing output files: 00_trimmomatic/father_ACC1-LIBR_L2_1.trimmed.fastq.gz, 00_trimmomatic/father_ACC1-LIBR_L2_2.trimmed.fastq.gz
    wildcards: sample=father_ACC1-LIBR, unit=L2
    threads: 4
    resources: tmpdir=/tmp, mem_mb=5120, mem_mib=4883, cores=4, mem_gb=5, nodes=1, time=120


[Mon Jun 12 09:34:53 2023]
rule trimmomatic:
    input: /home/marc/Desktop/data/samples/complex_wes/mother_ACC2-LIBR2_L1_1.fq.gz, /home/marc/Desktop/data/samples/complex_wes/mother_ACC2-LIBR2_L1_2.fq.gz
    output: logs/trimmomatic/mother_ACC2-LIBR2_L1.log, logs/trimmomatic/mother_ACC2-LIBR2_L1.summary, 00_trimmomatic/mother_ACC2-LIBR2_L1_1.trimmed.fastq.gz, 00_trimmomatic/mother_ACC2-LIBR2_L1_2.trimmed.fastq.gz, 00_trimmomatic/mother_ACC2-LIBR2_L1-U_1.trimmed.fastq.gz, 00_trimmomatic/mother_ACC2-LIBR2_L1-U_2.trimmed.fastq.gz
    log: logs/trimmomatic/mother_ACC2-LIBR2_L1.txt
    jobid: 30
    benchmark: benchamrks/QC/mother_ACC2-LIBR2_L1_trim.txt
    reason: Missing output files: 00_trimmomatic/mother_ACC2-LIBR2_L1_1.trimmed.fastq.gz, 00_trimmomatic/mother_ACC2-LIBR2_L1_2.trimmed.fastq.gz
    wildcards: sample=mother_ACC2-LIBR2, unit=L1
    threads: 4
    resources: tmpdir=/tmp, mem_mb=5120, mem_mib=4883, cores=4, mem_gb=5, nodes=1, time=120

Terminating processes on user request, this might take some time.
[Mon Jun 12 09:35:36 2023]
Error in rule trimmomatic:
    jobid: 54
    input: /home/marc/Desktop/data/samples/complex_wes/proband_ACC2-LIBR2_L3_1.fq.gz, /home/marc/Desktop/data/samples/complex_wes/proband_ACC2-LIBR2_L3_2.fq.gz
    output: logs/trimmomatic/proband_ACC2-LIBR2_L3.log, logs/trimmomatic/proband_ACC2-LIBR2_L3.summary, 00_trimmomatic/proband_ACC2-LIBR2_L3_1.trimmed.fastq.gz, 00_trimmomatic/proband_ACC2-LIBR2_L3_2.trimmed.fastq.gz, 00_trimmomatic/proband_ACC2-LIBR2_L3-U_1.trimmed.fastq.gz, 00_trimmomatic/proband_ACC2-LIBR2_L3-U_2.trimmed.fastq.gz
    log: logs/trimmomatic/proband_ACC2-LIBR2_L3.txt (check log file(s) for error details)
    conda-env: /home/marc/Desktop/output_new_wes_gatk/.snakemake/conda/c3f02c60b62d43585716da5f0375f09d_
    shell:
        
        trimmomatic PE -threads 4 -phred33 -trimlog logs/trimmomatic/proband_ACC2-LIBR2_L3.log                 -summary logs/trimmomatic/proband_ACC2-LIBR2_L3.summary /home/marc/Desktop/data/samples/complex_wes/proband_ACC2-LIBR2_L3_1.fq.gz /home/marc/Desktop/data/samples/complex_wes/proband_ACC2-LIBR2_L3_2.fq.gz 00_trimmomatic/proband_ACC2-LIBR2_L3_1.trimmed.fastq.gz 00_trimmomatic/proband_ACC2-LIBR2_L3-U_1.trimmed.fastq.gz 00_trimmomatic/proband_ACC2-LIBR2_L3_2.trimmed.fastq.gz 00_trimmomatic/proband_ACC2-LIBR2_L3-U_2.trimmed.fastq.gz                 SLIDINGWINDOW:4:10 MINLEN:50 > logs/trimmomatic/proband_ACC2-LIBR2_L3.txt 2>&1
        
        (one of the commands exited with non-zero exit code; note that snakemake uses bash strict mode!)

[Mon Jun 12 09:35:36 2023]
[Mon Jun 12 09:35:36 2023]
Error in rule trimmomatic:
    jobid: 6
    input: /home/marc/Desktop/data/samples/complex_wes/father_ACC1-LIBR_L2_1.fq.gz, /home/marc/Desktop/data/samples/complex_wes/father_ACC1-LIBR_L2_2.fq.gz
    output: logs/trimmomatic/father_ACC1-LIBR_L2.log, logs/trimmomatic/father_ACC1-LIBR_L2.summary, 00_trimmomatic/father_ACC1-LIBR_L2_1.trimmed.fastq.gz, 00_trimmomatic/father_ACC1-LIBR_L2_2.trimmed.fastq.gz, 00_trimmomatic/father_ACC1-LIBR_L2-U_1.trimmed.fastq.gz, 00_trimmomatic/father_ACC1-LIBR_L2-U_2.trimmed.fastq.gz
    log: logs/trimmomatic/father_ACC1-LIBR_L2.txt (check log file(s) for error details)
    conda-env: /home/marc/Desktop/output_new_wes_gatk/.snakemake/conda/c3f02c60b62d43585716da5f0375f09d_
    shell:
        
        trimmomatic PE -threads 4 -phred33 -trimlog logs/trimmomatic/father_ACC1-LIBR_L2.log                 -summary logs/trimmomatic/father_ACC1-LIBR_L2.summary /home/marc/Desktop/data/samples/complex_wes/father_ACC1-LIBR_L2_1.fq.gz /home/marc/Desktop/data/samples/complex_wes/father_ACC1-LIBR_L2_2.fq.gz 00_trimmomatic/father_ACC1-LIBR_L2_1.trimmed.fastq.gz 00_trimmomatic/father_ACC1-LIBR_L2-U_1.trimmed.fastq.gz 00_trimmomatic/father_ACC1-LIBR_L2_2.trimmed.fastq.gz 00_trimmomatic/father_ACC1-LIBR_L2-U_2.trimmed.fastq.gz                 SLIDINGWINDOW:4:10 MINLEN:50 > logs/trimmomatic/father_ACC1-LIBR_L2.txt 2>&1
        
        (one of the commands exited with non-zero exit code; note that snakemake uses bash strict mode!)

Error in rule trimmomatic:
    jobid: 3
    input: /home/marc/Desktop/data/samples/complex_wes/father_ACC1-LIBR_L1_1.fq.gz, /home/marc/Desktop/data/samples/complex_wes/father_ACC1-LIBR_L1_2.fq.gz
    output: logs/trimmomatic/father_ACC1-LIBR_L1.log, logs/trimmomatic/father_ACC1-LIBR_L1.summary, 00_trimmomatic/father_ACC1-LIBR_L1_1.trimmed.fastq.gz, 00_trimmomatic/father_ACC1-LIBR_L1_2.trimmed.fastq.gz, 00_trimmomatic/father_ACC1-LIBR_L1-U_1.trimmed.fastq.gz, 00_trimmomatic/father_ACC1-LIBR_L1-U_2.trimmed.fastq.gz
    log: logs/trimmomatic/father_ACC1-LIBR_L1.txt (check log file(s) for error details)
    conda-env: /home/marc/Desktop/output_new_wes_gatk/.snakemake/conda/c3f02c60b62d43585716da5f0375f09d_
    shell:
        
        trimmomatic PE -threads 4 -phred33 -trimlog logs/trimmomatic/father_ACC1-LIBR_L1.log                 -summary logs/trimmomatic/father_ACC1-LIBR_L1.summary /home/marc/Desktop/data/samples/complex_wes/father_ACC1-LIBR_L1_1.fq.gz /home/marc/Desktop/data/samples/complex_wes/father_ACC1-LIBR_L1_2.fq.gz 00_trimmomatic/father_ACC1-LIBR_L1_1.trimmed.fastq.gz 00_trimmomatic/father_ACC1-LIBR_L1-U_1.trimmed.fastq.gz 00_trimmomatic/father_ACC1-LIBR_L1_2.trimmed.fastq.gz 00_trimmomatic/father_ACC1-LIBR_L1-U_2.trimmed.fastq.gz                 SLIDINGWINDOW:4:10 MINLEN:50 > logs/trimmomatic/father_ACC1-LIBR_L1.txt 2>&1
        
        (one of the commands exited with non-zero exit code; note that snakemake uses bash strict mode!)

[Mon Jun 12 09:35:36 2023]
Error in rule trimmomatic:
    jobid: 30
    input: /home/marc/Desktop/data/samples/complex_wes/mother_ACC2-LIBR2_L1_1.fq.gz, /home/marc/Desktop/data/samples/complex_wes/mother_ACC2-LIBR2_L1_2.fq.gz
    output: logs/trimmomatic/mother_ACC2-LIBR2_L1.log, logs/trimmomatic/mother_ACC2-LIBR2_L1.summary, 00_trimmomatic/mother_ACC2-LIBR2_L1_1.trimmed.fastq.gz, 00_trimmomatic/mother_ACC2-LIBR2_L1_2.trimmed.fastq.gz, 00_trimmomatic/mother_ACC2-LIBR2_L1-U_1.trimmed.fastq.gz, 00_trimmomatic/mother_ACC2-LIBR2_L1-U_2.trimmed.fastq.gz
    log: logs/trimmomatic/mother_ACC2-LIBR2_L1.txt (check log file(s) for error details)
    conda-env: /home/marc/Desktop/output_new_wes_gatk/.snakemake/conda/c3f02c60b62d43585716da5f0375f09d_
    shell:
        
        trimmomatic PE -threads 4 -phred33 -trimlog logs/trimmomatic/mother_ACC2-LIBR2_L1.log                 -summary logs/trimmomatic/mother_ACC2-LIBR2_L1.summary /home/marc/Desktop/data/samples/complex_wes/mother_ACC2-LIBR2_L1_1.fq.gz /home/marc/Desktop/data/samples/complex_wes/mother_ACC2-LIBR2_L1_2.fq.gz 00_trimmomatic/mother_ACC2-LIBR2_L1_1.trimmed.fastq.gz 00_trimmomatic/mother_ACC2-LIBR2_L1-U_1.trimmed.fastq.gz 00_trimmomatic/mother_ACC2-LIBR2_L1_2.trimmed.fastq.gz 00_trimmomatic/mother_ACC2-LIBR2_L1-U_2.trimmed.fastq.gz                 SLIDINGWINDOW:4:10 MINLEN:50 > logs/trimmomatic/mother_ACC2-LIBR2_L1.txt 2>&1
        
        (one of the commands exited with non-zero exit code; note that snakemake uses bash strict mode!)

[Mon Jun 12 09:35:36 2023]
Error in rule trimmomatic:
    jobid: 27
    input: /home/marc/Desktop/data/samples/complex_wes/mother_ACC1-LIBR_L1_1.fq.gz, /home/marc/Desktop/data/samples/complex_wes/mother_ACC1-LIBR_L1_2.fq.gz
    output: logs/trimmomatic/mother_ACC1-LIBR_L1.log, logs/trimmomatic/mother_ACC1-LIBR_L1.summary, 00_trimmomatic/mother_ACC1-LIBR_L1_1.trimmed.fastq.gz, 00_trimmomatic/mother_ACC1-LIBR_L1_2.trimmed.fastq.gz, 00_trimmomatic/mother_ACC1-LIBR_L1-U_1.trimmed.fastq.gz, 00_trimmomatic/mother_ACC1-LIBR_L1-U_2.trimmed.fastq.gz
    log: logs/trimmomatic/mother_ACC1-LIBR_L1.txt (check log file(s) for error details)
    conda-env: /home/marc/Desktop/output_new_wes_gatk/.snakemake/conda/c3f02c60b62d43585716da5f0375f09d_
    shell:
        
        trimmomatic PE -threads 4 -phred33 -trimlog logs/trimmomatic/mother_ACC1-LIBR_L1.log                 -summary logs/trimmomatic/mother_ACC1-LIBR_L1.summary /home/marc/Desktop/data/samples/complex_wes/mother_ACC1-LIBR_L1_1.fq.gz /home/marc/Desktop/data/samples/complex_wes/mother_ACC1-LIBR_L1_2.fq.gz 00_trimmomatic/mother_ACC1-LIBR_L1_1.trimmed.fastq.gz 00_trimmomatic/mother_ACC1-LIBR_L1-U_1.trimmed.fastq.gz 00_trimmomatic/mother_ACC1-LIBR_L1_2.trimmed.fastq.gz 00_trimmomatic/mother_ACC1-LIBR_L1-U_2.trimmed.fastq.gz                 SLIDINGWINDOW:4:10 MINLEN:50 > logs/trimmomatic/mother_ACC1-LIBR_L1.txt 2>&1
        
        (one of the commands exited with non-zero exit code; note that snakemake uses bash strict mode!)

[Mon Jun 12 09:35:36 2023]
Error in rule trimmomatic:
    jobid: 51
    input: /home/marc/Desktop/data/samples/complex_wes/proband_ACC1-LIBR_L1_1.fq.gz, /home/marc/Desktop/data/samples/complex_wes/proband_ACC1-LIBR_L1_2.fq.gz
    output: logs/trimmomatic/proband_ACC1-LIBR_L1.log, logs/trimmomatic/proband_ACC1-LIBR_L1.summary, 00_trimmomatic/proband_ACC1-LIBR_L1_1.trimmed.fastq.gz, 00_trimmomatic/proband_ACC1-LIBR_L1_2.trimmed.fastq.gz, 00_trimmomatic/proband_ACC1-LIBR_L1-U_1.trimmed.fastq.gz, 00_trimmomatic/proband_ACC1-LIBR_L1-U_2.trimmed.fastq.gz
    log: logs/trimmomatic/proband_ACC1-LIBR_L1.txt (check log file(s) for error details)
    conda-env: /home/marc/Desktop/output_new_wes_gatk/.snakemake/conda/c3f02c60b62d43585716da5f0375f09d_
    shell:
        
        trimmomatic PE -threads 4 -phred33 -trimlog logs/trimmomatic/proband_ACC1-LIBR_L1.log                 -summary logs/trimmomatic/proband_ACC1-LIBR_L1.summary /home/marc/Desktop/data/samples/complex_wes/proband_ACC1-LIBR_L1_1.fq.gz /home/marc/Desktop/data/samples/complex_wes/proband_ACC1-LIBR_L1_2.fq.gz 00_trimmomatic/proband_ACC1-LIBR_L1_1.trimmed.fastq.gz 00_trimmomatic/proband_ACC1-LIBR_L1-U_1.trimmed.fastq.gz 00_trimmomatic/proband_ACC1-LIBR_L1_2.trimmed.fastq.gz 00_trimmomatic/proband_ACC1-LIBR_L1-U_2.trimmed.fastq.gz                 SLIDINGWINDOW:4:10 MINLEN:50 > logs/trimmomatic/proband_ACC1-LIBR_L1.txt 2>&1
        
        (one of the commands exited with non-zero exit code; note that snakemake uses bash strict mode!)

Complete log: ../../wes_gatk/.snakemake/log/2023-06-12T093452.571553.snakemake.log
