Building DAG of jobs...
Using shell: /bin/bash
Provided cores: 32
Rules claiming more threads will be scaled down.
Conda environments: ignored
Job stats:
job                       count    min threads    max threads
----------------------  -------  -------------  -------------
AnalyzeCovariates             6              2              2
Annovar                       1              4              4
BaseRecalibrator              6              4              4
FastqToSam                    6              4              4
HaplotypeCaller               3              4              4
MarkIlluminaAdapters          6              4              4
MergeSamFiles                 3              1              1
Nirvana                       1              1              1
QC_alignment                  6              1              1
SortNFix                      6              4              4
Split_variants_idnel          1              1              1
Split_variants_snp            1              1              1
VariantEval                   3              1              1
all                           1              1              1
applyBaseRecalibrator         6              1              1
bcftools_stats                1              1              1
bqsr_calibrated_report        6              1              1
combine_gvcf                  1              1              1
consequence                   1              1              1
genotype_gvcfs                1              4              4
mrk_duplicates                6              1              1
multiqc                       1              1              1
plot_bcftools_stats           1              1              1
qualimap                      6              2              2
ubam_align                    6              4              4
total                        86              1              4

Select jobs to execute...

[Wed Jun 14 22:20:22 2023]
rule FastqToSam:
    input: /home/marc/Desktop/data/samples/complex_wes/mother_ACC2-LIBR2_L1_1.fq.gz, /home/marc/Desktop/data/samples/complex_wes/mother_ACC2-LIBR2_L1_2.fq.gz
    output: 0_samples/mother/mother_ACC2-LIBR2_L1.ubam
    log: logs/trimmomatic/mother/mother_ACC2-LIBR2_L1.txt
    jobid: 31
    benchmark: benchamrks/QC/mother/mother_ACC2-LIBR2_L1_trim.txt
    reason: Code has changed since last execution
    wildcards: sample=mother, unit=ACC2-LIBR2_L1
    threads: 4
    resources: tmpdir=/tmp, mem_mb=5120, mem_mib=4883, cores=4, mem_gb=5, nodes=1, time=120


[Wed Jun 14 22:20:22 2023]
rule FastqToSam:
    input: /home/marc/Desktop/data/samples/complex_wes/father_ACC1-LIBR_L1_1.fq.gz, /home/marc/Desktop/data/samples/complex_wes/father_ACC1-LIBR_L1_2.fq.gz
    output: 0_samples/father/father_ACC1-LIBR_L1.ubam
    log: logs/trimmomatic/father/father_ACC1-LIBR_L1.txt
    jobid: 5
    benchmark: benchamrks/QC/father/father_ACC1-LIBR_L1_trim.txt
    reason: Code has changed since last execution
    wildcards: sample=father, unit=ACC1-LIBR_L1
    threads: 4
    resources: tmpdir=/tmp, mem_mb=5120, mem_mib=4883, cores=4, mem_gb=5, nodes=1, time=120


[Wed Jun 14 22:20:22 2023]
rule FastqToSam:
    input: /home/marc/Desktop/data/samples/complex_wes/proband_ACC2-LIBR2_L3_1.fq.gz, /home/marc/Desktop/data/samples/complex_wes/proband_ACC2-LIBR2_L3_2.fq.gz
    output: 0_samples/proband/proband_ACC2-LIBR2_L3.ubam
    log: logs/trimmomatic/proband/proband_ACC2-LIBR2_L3.txt
    jobid: 53
    benchmark: benchamrks/QC/proband/proband_ACC2-LIBR2_L3_trim.txt
    reason: Code has changed since last execution
    wildcards: sample=proband, unit=ACC2-LIBR2_L3
    threads: 4
    resources: tmpdir=/tmp, mem_mb=5120, mem_mib=4883, cores=4, mem_gb=5, nodes=1, time=120


[Wed Jun 14 22:20:22 2023]
rule FastqToSam:
    input: /home/marc/Desktop/data/samples/complex_wes/mother_ACC1-LIBR_L1_1.fq.gz, /home/marc/Desktop/data/samples/complex_wes/mother_ACC1-LIBR_L1_2.fq.gz
    output: 0_samples/mother/mother_ACC1-LIBR_L1.ubam
    log: logs/trimmomatic/mother/mother_ACC1-LIBR_L1.txt
    jobid: 27
    benchmark: benchamrks/QC/mother/mother_ACC1-LIBR_L1_trim.txt
    reason: Code has changed since last execution
    wildcards: sample=mother, unit=ACC1-LIBR_L1
    threads: 4
    resources: tmpdir=/tmp, mem_mb=5120, mem_mib=4883, cores=4, mem_gb=5, nodes=1, time=120


[Wed Jun 14 22:20:22 2023]
rule FastqToSam:
    input: /home/marc/Desktop/data/samples/complex_wes/father_ACC1-LIBR_L2_1.fq.gz, /home/marc/Desktop/data/samples/complex_wes/father_ACC1-LIBR_L2_2.fq.gz
    output: 0_samples/father/father_ACC1-LIBR_L2.ubam
    log: logs/trimmomatic/father/father_ACC1-LIBR_L2.txt
    jobid: 9
    benchmark: benchamrks/QC/father/father_ACC1-LIBR_L2_trim.txt
    reason: Code has changed since last execution
    wildcards: sample=father, unit=ACC1-LIBR_L2
    threads: 4
    resources: tmpdir=/tmp, mem_mb=5120, mem_mib=4883, cores=4, mem_gb=5, nodes=1, time=120


[Wed Jun 14 22:20:22 2023]
rule FastqToSam:
    input: /home/marc/Desktop/data/samples/complex_wes/proband_ACC1-LIBR_L1_1.fq.gz, /home/marc/Desktop/data/samples/complex_wes/proband_ACC1-LIBR_L1_2.fq.gz
    output: 0_samples/proband/proband_ACC1-LIBR_L1.ubam
    log: logs/trimmomatic/proband/proband_ACC1-LIBR_L1.txt
    jobid: 49
    benchmark: benchamrks/QC/proband/proband_ACC1-LIBR_L1_trim.txt
    reason: Code has changed since last execution
    wildcards: sample=proband, unit=ACC1-LIBR_L1
    threads: 4
    resources: tmpdir=/tmp, mem_mb=5120, mem_mib=4883, cores=4, mem_gb=5, nodes=1, time=120

[Wed Jun 14 22:21:04 2023]
Finished job 31.
1 of 86 steps (1%) done
Select jobs to execute...

[Wed Jun 14 22:21:04 2023]
rule MarkIlluminaAdapters:
    input: 0_samples/mother/mother_ACC2-LIBR2_L1.ubam
    output: 0_samples/mother/mother_ACC2-LIBR2_L1.adab.ubam, 0_samples/mother/mother_ACC2-LIBR2_L1.adap_metrics.txt
    jobid: 30
    reason: Input files updated by another job: 0_samples/mother/mother_ACC2-LIBR2_L1.ubam
    wildcards: sample=mother, unit=ACC2-LIBR2_L1
    threads: 4
    resources: tmpdir=/tmp, mem_mb=5120, mem_mib=4883, cores=4, mem_gb=5, nodes=1, time=120

[Wed Jun 14 22:21:06 2023]
Finished job 27.
2 of 86 steps (2%) done
Select jobs to execute...

[Wed Jun 14 22:21:06 2023]
rule MarkIlluminaAdapters:
    input: 0_samples/mother/mother_ACC1-LIBR_L1.ubam
    output: 0_samples/mother/mother_ACC1-LIBR_L1.adab.ubam, 0_samples/mother/mother_ACC1-LIBR_L1.adap_metrics.txt
    jobid: 26
    reason: Input files updated by another job: 0_samples/mother/mother_ACC1-LIBR_L1.ubam
    wildcards: sample=mother, unit=ACC1-LIBR_L1
    threads: 4
    resources: tmpdir=/tmp, mem_mb=5120, mem_mib=4883, cores=4, mem_gb=5, nodes=1, time=120

[Wed Jun 14 22:21:09 2023]
Finished job 5.
3 of 86 steps (3%) done
Select jobs to execute...

[Wed Jun 14 22:21:09 2023]
rule MarkIlluminaAdapters:
    input: 0_samples/father/father_ACC1-LIBR_L1.ubam
    output: 0_samples/father/father_ACC1-LIBR_L1.adab.ubam, 0_samples/father/father_ACC1-LIBR_L1.adap_metrics.txt
    jobid: 4
    reason: Input files updated by another job: 0_samples/father/father_ACC1-LIBR_L1.ubam
    wildcards: sample=father, unit=ACC1-LIBR_L1
    threads: 4
    resources: tmpdir=/tmp, mem_mb=5120, mem_mib=4883, cores=4, mem_gb=5, nodes=1, time=120

[Wed Jun 14 22:21:11 2023]
Finished job 9.
4 of 86 steps (5%) done
Select jobs to execute...

[Wed Jun 14 22:21:11 2023]
rule MarkIlluminaAdapters:
    input: 0_samples/father/father_ACC1-LIBR_L2.ubam
    output: 0_samples/father/father_ACC1-LIBR_L2.adab.ubam, 0_samples/father/father_ACC1-LIBR_L2.adap_metrics.txt
    jobid: 8
    reason: Input files updated by another job: 0_samples/father/father_ACC1-LIBR_L2.ubam
    wildcards: sample=father, unit=ACC1-LIBR_L2
    threads: 4
    resources: tmpdir=/tmp, mem_mb=5120, mem_mib=4883, cores=4, mem_gb=5, nodes=1, time=120

[Wed Jun 14 22:21:17 2023]
Finished job 53.
5 of 86 steps (6%) done
Select jobs to execute...

[Wed Jun 14 22:21:17 2023]
rule MarkIlluminaAdapters:
    input: 0_samples/proband/proband_ACC2-LIBR2_L3.ubam
    output: 0_samples/proband/proband_ACC2-LIBR2_L3.adab.ubam, 0_samples/proband/proband_ACC2-LIBR2_L3.adap_metrics.txt
    jobid: 52
    reason: Input files updated by another job: 0_samples/proband/proband_ACC2-LIBR2_L3.ubam
    wildcards: sample=proband, unit=ACC2-LIBR2_L3
    threads: 4
    resources: tmpdir=/tmp, mem_mb=5120, mem_mib=4883, cores=4, mem_gb=5, nodes=1, time=120

[Wed Jun 14 22:21:18 2023]
Finished job 49.
6 of 86 steps (7%) done
Select jobs to execute...

[Wed Jun 14 22:21:18 2023]
rule MarkIlluminaAdapters:
    input: 0_samples/proband/proband_ACC1-LIBR_L1.ubam
    output: 0_samples/proband/proband_ACC1-LIBR_L1.adab.ubam, 0_samples/proband/proband_ACC1-LIBR_L1.adap_metrics.txt
    jobid: 48
    reason: Input files updated by another job: 0_samples/proband/proband_ACC1-LIBR_L1.ubam
    wildcards: sample=proband, unit=ACC1-LIBR_L1
    threads: 4
    resources: tmpdir=/tmp, mem_mb=5120, mem_mib=4883, cores=4, mem_gb=5, nodes=1, time=120

[Wed Jun 14 22:21:39 2023]
Finished job 30.
7 of 86 steps (8%) done
Select jobs to execute...

[Wed Jun 14 22:21:39 2023]
rule ubam_align:
    input: 0_samples/mother/mother_ACC2-LIBR2_L1.adab.ubam
    output: 02_alignment/mother/mother_ACC2-LIBR2_L1_mergedUnmapped.bam
    log: logs/bwa/mother/mother_ACC2-LIBR2_L1_gatk-bwa.log
    jobid: 29
    benchmark: benchamrks/mother/mother_ACC2-LIBR2_L1_gatk-bwa.txt
    reason: Input files updated by another job: 0_samples/mother/mother_ACC2-LIBR2_L1.adab.ubam
    wildcards: sample=mother, unit=ACC2-LIBR2_L1
    threads: 4
    resources: tmpdir=/tmp, mem_mb=32768, mem_mib=31250, cores=4, mem_gb=32, nodes=1, time=120

[Wed Jun 14 22:21:43 2023]
Finished job 26.
8 of 86 steps (9%) done
Select jobs to execute...

[Wed Jun 14 22:21:43 2023]
rule ubam_align:
    input: 0_samples/mother/mother_ACC1-LIBR_L1.adab.ubam
    output: 02_alignment/mother/mother_ACC1-LIBR_L1_mergedUnmapped.bam
    log: logs/bwa/mother/mother_ACC1-LIBR_L1_gatk-bwa.log
    jobid: 25
    benchmark: benchamrks/mother/mother_ACC1-LIBR_L1_gatk-bwa.txt
    reason: Input files updated by another job: 0_samples/mother/mother_ACC1-LIBR_L1.adab.ubam
    wildcards: sample=mother, unit=ACC1-LIBR_L1
    threads: 4
    resources: tmpdir=/tmp, mem_mb=32768, mem_mib=31250, cores=4, mem_gb=32, nodes=1, time=120

[Wed Jun 14 22:21:50 2023]
Finished job 4.
9 of 86 steps (10%) done
Select jobs to execute...

[Wed Jun 14 22:21:50 2023]
rule ubam_align:
    input: 0_samples/father/father_ACC1-LIBR_L1.adab.ubam
    output: 02_alignment/father/father_ACC1-LIBR_L1_mergedUnmapped.bam
    log: logs/bwa/father/father_ACC1-LIBR_L1_gatk-bwa.log
    jobid: 3
    benchmark: benchamrks/father/father_ACC1-LIBR_L1_gatk-bwa.txt
    reason: Input files updated by another job: 0_samples/father/father_ACC1-LIBR_L1.adab.ubam
    wildcards: sample=father, unit=ACC1-LIBR_L1
    threads: 4
    resources: tmpdir=/tmp, mem_mb=32768, mem_mib=31250, cores=4, mem_gb=32, nodes=1, time=120

[Wed Jun 14 22:21:54 2023]
Finished job 8.
10 of 86 steps (12%) done
Select jobs to execute...

[Wed Jun 14 22:21:54 2023]
rule ubam_align:
    input: 0_samples/father/father_ACC1-LIBR_L2.adab.ubam
    output: 02_alignment/father/father_ACC1-LIBR_L2_mergedUnmapped.bam
    log: logs/bwa/father/father_ACC1-LIBR_L2_gatk-bwa.log
    jobid: 7
    benchmark: benchamrks/father/father_ACC1-LIBR_L2_gatk-bwa.txt
    reason: Input files updated by another job: 0_samples/father/father_ACC1-LIBR_L2.adab.ubam
    wildcards: sample=father, unit=ACC1-LIBR_L2
    threads: 4
    resources: tmpdir=/tmp, mem_mb=32768, mem_mib=31250, cores=4, mem_gb=32, nodes=1, time=120

[Wed Jun 14 22:22:08 2023]
Finished job 52.
11 of 86 steps (13%) done
Select jobs to execute...

[Wed Jun 14 22:22:08 2023]
rule ubam_align:
    input: 0_samples/proband/proband_ACC2-LIBR2_L3.adab.ubam
    output: 02_alignment/proband/proband_ACC2-LIBR2_L3_mergedUnmapped.bam
    log: logs/bwa/proband/proband_ACC2-LIBR2_L3_gatk-bwa.log
    jobid: 51
    benchmark: benchamrks/proband/proband_ACC2-LIBR2_L3_gatk-bwa.txt
    reason: Input files updated by another job: 0_samples/proband/proband_ACC2-LIBR2_L3.adab.ubam
    wildcards: sample=proband, unit=ACC2-LIBR2_L3
    threads: 4
    resources: tmpdir=/tmp, mem_mb=32768, mem_mib=31250, cores=4, mem_gb=32, nodes=1, time=120

[Wed Jun 14 22:22:08 2023]
Finished job 48.
12 of 86 steps (14%) done
Select jobs to execute...

[Wed Jun 14 22:22:08 2023]
rule ubam_align:
    input: 0_samples/proband/proband_ACC1-LIBR_L1.adab.ubam
    output: 02_alignment/proband/proband_ACC1-LIBR_L1_mergedUnmapped.bam
    log: logs/bwa/proband/proband_ACC1-LIBR_L1_gatk-bwa.log
    jobid: 47
    benchmark: benchamrks/proband/proband_ACC1-LIBR_L1_gatk-bwa.txt
    reason: Input files updated by another job: 0_samples/proband/proband_ACC1-LIBR_L1.adab.ubam
    wildcards: sample=proband, unit=ACC1-LIBR_L1
    threads: 4
    resources: tmpdir=/tmp, mem_mb=32768, mem_mib=31250, cores=4, mem_gb=32, nodes=1, time=120

[Wed Jun 14 22:25:46 2023]
Finished job 29.
13 of 86 steps (15%) done
Select jobs to execute...

[Wed Jun 14 22:25:46 2023]
rule SortNFix:
    input: 02_alignment/mother/mother_ACC2-LIBR2_L1_mergedUnmapped.bam
    output: 02_alignment/mother/mother_ACC2-LIBR2_L1_mergedUnmapped_sorted.bam
    jobid: 40
    reason: Input files updated by another job: 02_alignment/mother/mother_ACC2-LIBR2_L1_mergedUnmapped.bam
    wildcards: sample=mother, unit=ACC2-LIBR2_L1
    threads: 4
    resources: tmpdir=/tmp, mem_mb=4096, mem_mib=3907, cores=4, mem_gb=4, nodes=1, time=120


[Wed Jun 14 22:25:46 2023]
rule QC_alignment:
    input: 02_alignment/mother/mother_ACC2-LIBR2_L1_mergedUnmapped.bam
    output: 02_alignment/mother/QC/mother_ACC2-LIBR2_L1_mergedUnmapped.cov, 02_alignment/mother/QC/mother_ACC2-LIBR2_L1_mergedUnmapped.stats
    jobid: 28
    reason: Input files updated by another job: 02_alignment/mother/mother_ACC2-LIBR2_L1_mergedUnmapped.bam
    wildcards: sample=mother, unit=ACC2-LIBR2_L1
    resources: tmpdir=/tmp, mem_mb=2048, mem_mib=1954, cores=1, mem_gb=2, nodes=1, time=120

[Wed Jun 14 22:25:54 2023]
Finished job 28.
14 of 86 steps (16%) done
[Wed Jun 14 22:26:08 2023]
Finished job 25.
15 of 86 steps (17%) done
Select jobs to execute...

[Wed Jun 14 22:26:08 2023]
rule QC_alignment:
    input: 02_alignment/mother/mother_ACC1-LIBR_L1_mergedUnmapped.bam
    output: 02_alignment/mother/QC/mother_ACC1-LIBR_L1_mergedUnmapped.cov, 02_alignment/mother/QC/mother_ACC1-LIBR_L1_mergedUnmapped.stats
    jobid: 24
    reason: Input files updated by another job: 02_alignment/mother/mother_ACC1-LIBR_L1_mergedUnmapped.bam
    wildcards: sample=mother, unit=ACC1-LIBR_L1
    resources: tmpdir=/tmp, mem_mb=2048, mem_mib=1954, cores=1, mem_gb=2, nodes=1, time=120


[Wed Jun 14 22:26:08 2023]
rule SortNFix:
    input: 02_alignment/mother/mother_ACC1-LIBR_L1_mergedUnmapped.bam
    output: 02_alignment/mother/mother_ACC1-LIBR_L1_mergedUnmapped_sorted.bam
    jobid: 35
    reason: Input files updated by another job: 02_alignment/mother/mother_ACC1-LIBR_L1_mergedUnmapped.bam
    wildcards: sample=mother, unit=ACC1-LIBR_L1
    threads: 4
    resources: tmpdir=/tmp, mem_mb=4096, mem_mib=3907, cores=4, mem_gb=4, nodes=1, time=120

[Wed Jun 14 22:26:16 2023]
Finished job 24.
16 of 86 steps (19%) done
[Wed Jun 14 22:26:26 2023]
Finished job 3.
17 of 86 steps (20%) done
Select jobs to execute...

[Wed Jun 14 22:26:26 2023]
rule SortNFix:
    input: 02_alignment/father/father_ACC1-LIBR_L1_mergedUnmapped.bam
    output: 02_alignment/father/father_ACC1-LIBR_L1_mergedUnmapped_sorted.bam
    jobid: 13
    reason: Input files updated by another job: 02_alignment/father/father_ACC1-LIBR_L1_mergedUnmapped.bam
    wildcards: sample=father, unit=ACC1-LIBR_L1
    threads: 4
    resources: tmpdir=/tmp, mem_mb=4096, mem_mib=3907, cores=4, mem_gb=4, nodes=1, time=120


[Wed Jun 14 22:26:26 2023]
rule QC_alignment:
    input: 02_alignment/father/father_ACC1-LIBR_L1_mergedUnmapped.bam
    output: 02_alignment/father/QC/father_ACC1-LIBR_L1_mergedUnmapped.cov, 02_alignment/father/QC/father_ACC1-LIBR_L1_mergedUnmapped.stats
    jobid: 2
    reason: Input files updated by another job: 02_alignment/father/father_ACC1-LIBR_L1_mergedUnmapped.bam
    wildcards: sample=father, unit=ACC1-LIBR_L1
    resources: tmpdir=/tmp, mem_mb=2048, mem_mib=1954, cores=1, mem_gb=2, nodes=1, time=120

[Wed Jun 14 22:26:32 2023]
Finished job 7.
18 of 86 steps (21%) done
Select jobs to execute...

[Wed Jun 14 22:26:32 2023]
rule QC_alignment:
    input: 02_alignment/father/father_ACC1-LIBR_L2_mergedUnmapped.bam
    output: 02_alignment/father/QC/father_ACC1-LIBR_L2_mergedUnmapped.cov, 02_alignment/father/QC/father_ACC1-LIBR_L2_mergedUnmapped.stats
    jobid: 6
    reason: Input files updated by another job: 02_alignment/father/father_ACC1-LIBR_L2_mergedUnmapped.bam
    wildcards: sample=father, unit=ACC1-LIBR_L2
    resources: tmpdir=/tmp, mem_mb=2048, mem_mib=1954, cores=1, mem_gb=2, nodes=1, time=120


[Wed Jun 14 22:26:32 2023]
rule SortNFix:
    input: 02_alignment/father/father_ACC1-LIBR_L2_mergedUnmapped.bam
    output: 02_alignment/father/father_ACC1-LIBR_L2_mergedUnmapped_sorted.bam
    jobid: 18
    reason: Input files updated by another job: 02_alignment/father/father_ACC1-LIBR_L2_mergedUnmapped.bam
    wildcards: sample=father, unit=ACC1-LIBR_L2
    threads: 4
    resources: tmpdir=/tmp, mem_mb=4096, mem_mib=3907, cores=4, mem_gb=4, nodes=1, time=120

[Wed Jun 14 22:26:34 2023]
Finished job 2.
19 of 86 steps (22%) done
[Wed Jun 14 22:26:41 2023]
Finished job 6.
20 of 86 steps (23%) done
[Wed Jun 14 22:26:51 2023]
Finished job 40.
21 of 86 steps (24%) done
Select jobs to execute...

[Wed Jun 14 22:26:51 2023]
rule mrk_duplicates:
    input: 02_alignment/mother/mother_ACC2-LIBR2_L1_mergedUnmapped_sorted.bam
    output: 02_alignment/mother/mother_ACC2-LIBR2_L1.dedub.bam, 02_alignment/mother/mother_ACC2-LIBR2_L1.dedub.matrix
    log: logs/mrk-dub/mother/mother_ACC2-LIBR2_L1.dedub.log
    jobid: 39
    reason: Input files updated by another job: 02_alignment/mother/mother_ACC2-LIBR2_L1_mergedUnmapped_sorted.bam
    wildcards: sample=mother, unit=ACC2-LIBR2_L1
    resources: tmpdir=/tmp, mem_mb=4096, mem_mib=3907, cores=4, mem_gb=4, nodes=1, time=120

[Wed Jun 14 22:27:10 2023]
Finished job 35.
22 of 86 steps (26%) done
Select jobs to execute...

[Wed Jun 14 22:27:10 2023]
rule mrk_duplicates:
    input: 02_alignment/mother/mother_ACC1-LIBR_L1_mergedUnmapped_sorted.bam
    output: 02_alignment/mother/mother_ACC1-LIBR_L1.dedub.bam, 02_alignment/mother/mother_ACC1-LIBR_L1.dedub.matrix
    log: logs/mrk-dub/mother/mother_ACC1-LIBR_L1.dedub.log
    jobid: 34
    reason: Input files updated by another job: 02_alignment/mother/mother_ACC1-LIBR_L1_mergedUnmapped_sorted.bam
    wildcards: sample=mother, unit=ACC1-LIBR_L1
    resources: tmpdir=/tmp, mem_mb=4096, mem_mib=3907, cores=4, mem_gb=4, nodes=1, time=120

[Wed Jun 14 22:27:18 2023]
Finished job 47.
23 of 86 steps (27%) done
Select jobs to execute...

[Wed Jun 14 22:27:18 2023]
rule QC_alignment:
    input: 02_alignment/proband/proband_ACC1-LIBR_L1_mergedUnmapped.bam
    output: 02_alignment/proband/QC/proband_ACC1-LIBR_L1_mergedUnmapped.cov, 02_alignment/proband/QC/proband_ACC1-LIBR_L1_mergedUnmapped.stats
    jobid: 46
    reason: Input files updated by another job: 02_alignment/proband/proband_ACC1-LIBR_L1_mergedUnmapped.bam
    wildcards: sample=proband, unit=ACC1-LIBR_L1
    resources: tmpdir=/tmp, mem_mb=2048, mem_mib=1954, cores=1, mem_gb=2, nodes=1, time=120


[Wed Jun 14 22:27:18 2023]
rule SortNFix:
    input: 02_alignment/proband/proband_ACC1-LIBR_L1_mergedUnmapped.bam
    output: 02_alignment/proband/proband_ACC1-LIBR_L1_mergedUnmapped_sorted.bam
    jobid: 57
    reason: Input files updated by another job: 02_alignment/proband/proband_ACC1-LIBR_L1_mergedUnmapped.bam
    wildcards: sample=proband, unit=ACC1-LIBR_L1
    threads: 4
    resources: tmpdir=/tmp, mem_mb=4096, mem_mib=3907, cores=4, mem_gb=4, nodes=1, time=120

[Wed Jun 14 22:27:21 2023]
Finished job 51.
24 of 86 steps (28%) done
Select jobs to execute...

[Wed Jun 14 22:27:21 2023]
rule QC_alignment:
    input: 02_alignment/proband/proband_ACC2-LIBR2_L3_mergedUnmapped.bam
    output: 02_alignment/proband/QC/proband_ACC2-LIBR2_L3_mergedUnmapped.cov, 02_alignment/proband/QC/proband_ACC2-LIBR2_L3_mergedUnmapped.stats
    jobid: 50
    reason: Input files updated by another job: 02_alignment/proband/proband_ACC2-LIBR2_L3_mergedUnmapped.bam
    wildcards: sample=proband, unit=ACC2-LIBR2_L3
    resources: tmpdir=/tmp, mem_mb=2048, mem_mib=1954, cores=1, mem_gb=2, nodes=1, time=120


[Wed Jun 14 22:27:21 2023]
rule SortNFix:
    input: 02_alignment/proband/proband_ACC2-LIBR2_L3_mergedUnmapped.bam
    output: 02_alignment/proband/proband_ACC2-LIBR2_L3_mergedUnmapped_sorted.bam
    jobid: 62
    reason: Input files updated by another job: 02_alignment/proband/proband_ACC2-LIBR2_L3_mergedUnmapped.bam
    wildcards: sample=proband, unit=ACC2-LIBR2_L3
    threads: 4
    resources: tmpdir=/tmp, mem_mb=4096, mem_mib=3907, cores=4, mem_gb=4, nodes=1, time=120

[Wed Jun 14 22:27:27 2023]
Finished job 46.
25 of 86 steps (29%) done
[Wed Jun 14 22:27:31 2023]
Finished job 50.
26 of 86 steps (30%) done
[Wed Jun 14 22:27:34 2023]
Finished job 13.
27 of 86 steps (31%) done
Select jobs to execute...

[Wed Jun 14 22:27:34 2023]
rule mrk_duplicates:
    input: 02_alignment/father/father_ACC1-LIBR_L1_mergedUnmapped_sorted.bam
    output: 02_alignment/father/father_ACC1-LIBR_L1.dedub.bam, 02_alignment/father/father_ACC1-LIBR_L1.dedub.matrix
    log: logs/mrk-dub/father/father_ACC1-LIBR_L1.dedub.log
    jobid: 12
    reason: Input files updated by another job: 02_alignment/father/father_ACC1-LIBR_L1_mergedUnmapped_sorted.bam
    wildcards: sample=father, unit=ACC1-LIBR_L1
    resources: tmpdir=/tmp, mem_mb=4096, mem_mib=3907, cores=4, mem_gb=4, nodes=1, time=120

[Wed Jun 14 22:27:43 2023]
Error in rule SortNFix:
    jobid: 18
    input: 02_alignment/father/father_ACC1-LIBR_L2_mergedUnmapped.bam
    output: 02_alignment/father/father_ACC1-LIBR_L2_mergedUnmapped_sorted.bam
    conda-env: /home/marc/Desktop/output_new_wes_gatk3/.snakemake/conda/1c7a8fa2005ccf2c5acb6f802e7b8c70_
    shell:
        
    gatk --java-options "-Xmx4G -XX:+UseParallelGC -XX:ParallelGCThreads=4"       SortSam       --INPUT 02_alignment/father/father_ACC1-LIBR_L2_mergedUnmapped.bam       --OUTPUT /dev/stdout       --SORT_ORDER "coordinate"       --CREATE_INDEX false       --CREATE_MD5_FILE false | gatk       --java-options "-Xmx4G -XX:+UseParallelGC -XX:ParallelGCThreads=4"       SetNmMdAndUqTags       --INPUT /dev/stdin       --OUTPUT 02_alignment/father/father_ACC1-LIBR_L2_mergedUnmapped_sorted.bam       --CREATE_INDEX true       --CREATE_MD5_FILE true       --REFERENCE_SEQUENCE /home/marc/Desktop/data/refs/fa/hg38/hg38.fa
        
        (one of the commands exited with non-zero exit code; note that snakemake uses bash strict mode!)

[Wed Jun 14 22:27:54 2023]
Error in rule mrk_duplicates:
    jobid: 12
    input: 02_alignment/father/father_ACC1-LIBR_L1_mergedUnmapped_sorted.bam
    output: 02_alignment/father/father_ACC1-LIBR_L1.dedub.bam, 02_alignment/father/father_ACC1-LIBR_L1.dedub.matrix
    log: logs/mrk-dub/father/father_ACC1-LIBR_L1.dedub.log (check log file(s) for error details)
    conda-env: /home/marc/Desktop/output_new_wes_gatk3/.snakemake/conda/1c7a8fa2005ccf2c5acb6f802e7b8c70_
    shell:
        
        picard MarkDuplicates -I 02_alignment/father/father_ACC1-LIBR_L1_mergedUnmapped_sorted.bam             -O 02_alignment/father/father_ACC1-LIBR_L1.dedub.bam             -M 02_alignment/father/father_ACC1-LIBR_L1.dedub.matrix             --VALIDATION_STRINGENCY SILENT                         --OPTICAL_DUPLICATE_PIXEL_DISTANCE 2500                         --ASSUME_SORT_ORDER "queryname"                         --CREATE_MD5_FILE true > logs/mrk-dub/father/father_ACC1-LIBR_L1.dedub.log
        
        (one of the commands exited with non-zero exit code; note that snakemake uses bash strict mode!)

