Building DAG of jobs...
Using shell: /bin/bash
Provided cores: 32
Rules claiming more threads will be scaled down.
Conda environments: ignored
Job stats:
job                       count    min threads    max threads
----------------------  -------  -------------  -------------
AnalyzeCovariates             6              2              2
Annovar                       1              4              4
BaseRecalibrator              6              4              4
FastqToSam                    6              4              4
HaplotypeCaller               3              4              4
MarkIlluminaAdapters          6              4              4
MergeSamFiles                 3              1              1
Nirvana                       1              1              1
QC_alignment                  6              1              1
SortNFix                      6              4              4
Split_variants_idnel          1              1              1
Split_variants_snp            1              1              1
VariantEval                   3              1              1
all                           1              1              1
applyBaseRecalibrator         6              1              1
bcftools_stats                1              1              1
bqsr_calibrated_report        6              1              1
combine_gvcf                  1              1              1
consequence                   1              1              1
genotype_gvcfs                1              4              4
mrk_duplicates                6              1              1
multiqc                       1              1              1
plot_bcftools_stats           1              1              1
qualimap                      6              2              2
ubam_align                    6              4              4
total                        86              1              4

Select jobs to execute...

[Wed Jun 14 21:56:54 2023]
rule FastqToSam:
    input: /home/marc/Desktop/data/samples/complex_wes/mother_ACC2-LIBR2_L1_1.fq.gz, /home/marc/Desktop/data/samples/complex_wes/mother_ACC2-LIBR2_L1_2.fq.gz
    output: 0_samples/mother/mother_ACC2-LIBR2_L1.ubam
    log: logs/trimmomatic/mother/mother_ACC2-LIBR2_L1.txt
    jobid: 31
    benchmark: benchamrks/QC/mother/mother_ACC2-LIBR2_L1_trim.txt
    reason: Missing output files: 0_samples/mother/mother_ACC2-LIBR2_L1.ubam
    wildcards: sample=mother, unit=ACC2-LIBR2_L1
    threads: 4
    resources: tmpdir=/tmp, mem_mb=5120, mem_mib=4883, cores=4, mem_gb=5, nodes=1, time=120


[Wed Jun 14 21:56:54 2023]
rule FastqToSam:
    input: /home/marc/Desktop/data/samples/complex_wes/father_ACC1-LIBR_L1_1.fq.gz, /home/marc/Desktop/data/samples/complex_wes/father_ACC1-LIBR_L1_2.fq.gz
    output: 0_samples/father/father_ACC1-LIBR_L1.ubam
    log: logs/trimmomatic/father/father_ACC1-LIBR_L1.txt
    jobid: 5
    benchmark: benchamrks/QC/father/father_ACC1-LIBR_L1_trim.txt
    reason: Missing output files: 0_samples/father/father_ACC1-LIBR_L1.ubam
    wildcards: sample=father, unit=ACC1-LIBR_L1
    threads: 4
    resources: tmpdir=/tmp, mem_mb=5120, mem_mib=4883, cores=4, mem_gb=5, nodes=1, time=120


[Wed Jun 14 21:56:54 2023]
rule FastqToSam:
    input: /home/marc/Desktop/data/samples/complex_wes/proband_ACC2-LIBR2_L3_1.fq.gz, /home/marc/Desktop/data/samples/complex_wes/proband_ACC2-LIBR2_L3_2.fq.gz
    output: 0_samples/proband/proband_ACC2-LIBR2_L3.ubam
    log: logs/trimmomatic/proband/proband_ACC2-LIBR2_L3.txt
    jobid: 53
    benchmark: benchamrks/QC/proband/proband_ACC2-LIBR2_L3_trim.txt
    reason: Missing output files: 0_samples/proband/proband_ACC2-LIBR2_L3.ubam
    wildcards: sample=proband, unit=ACC2-LIBR2_L3
    threads: 4
    resources: tmpdir=/tmp, mem_mb=5120, mem_mib=4883, cores=4, mem_gb=5, nodes=1, time=120


[Wed Jun 14 21:56:54 2023]
rule FastqToSam:
    input: /home/marc/Desktop/data/samples/complex_wes/mother_ACC1-LIBR_L1_1.fq.gz, /home/marc/Desktop/data/samples/complex_wes/mother_ACC1-LIBR_L1_2.fq.gz
    output: 0_samples/mother/mother_ACC1-LIBR_L1.ubam
    log: logs/trimmomatic/mother/mother_ACC1-LIBR_L1.txt
    jobid: 27
    benchmark: benchamrks/QC/mother/mother_ACC1-LIBR_L1_trim.txt
    reason: Missing output files: 0_samples/mother/mother_ACC1-LIBR_L1.ubam
    wildcards: sample=mother, unit=ACC1-LIBR_L1
    threads: 4
    resources: tmpdir=/tmp, mem_mb=5120, mem_mib=4883, cores=4, mem_gb=5, nodes=1, time=120


[Wed Jun 14 21:56:54 2023]
rule FastqToSam:
    input: /home/marc/Desktop/data/samples/complex_wes/father_ACC1-LIBR_L2_1.fq.gz, /home/marc/Desktop/data/samples/complex_wes/father_ACC1-LIBR_L2_2.fq.gz
    output: 0_samples/father/father_ACC1-LIBR_L2.ubam
    log: logs/trimmomatic/father/father_ACC1-LIBR_L2.txt
    jobid: 9
    benchmark: benchamrks/QC/father/father_ACC1-LIBR_L2_trim.txt
    reason: Missing output files: 0_samples/father/father_ACC1-LIBR_L2.ubam
    wildcards: sample=father, unit=ACC1-LIBR_L2
    threads: 4
    resources: tmpdir=/tmp, mem_mb=5120, mem_mib=4883, cores=4, mem_gb=5, nodes=1, time=120


[Wed Jun 14 21:56:54 2023]
rule FastqToSam:
    input: /home/marc/Desktop/data/samples/complex_wes/proband_ACC1-LIBR_L1_1.fq.gz, /home/marc/Desktop/data/samples/complex_wes/proband_ACC1-LIBR_L1_2.fq.gz
    output: 0_samples/proband/proband_ACC1-LIBR_L1.ubam
    log: logs/trimmomatic/proband/proband_ACC1-LIBR_L1.txt
    jobid: 49
    benchmark: benchamrks/QC/proband/proband_ACC1-LIBR_L1_trim.txt
    reason: Missing output files: 0_samples/proband/proband_ACC1-LIBR_L1.ubam
    wildcards: sample=proband, unit=ACC1-LIBR_L1
    threads: 4
    resources: tmpdir=/tmp, mem_mb=5120, mem_mib=4883, cores=4, mem_gb=5, nodes=1, time=120

[Wed Jun 14 21:57:35 2023]
Finished job 31.
1 of 86 steps (1%) done
Select jobs to execute...

[Wed Jun 14 21:57:35 2023]
rule MarkIlluminaAdapters:
    input: 0_samples/mother/mother_ACC2-LIBR2_L1.ubam
    output: 0_samples/mother/mother_ACC2-LIBR2_L1.adab.ubam, 0_samples/mother/mother_ACC2-LIBR2_L1.adap_metrics.txt
    jobid: 30
    reason: Missing output files: 0_samples/mother/mother_ACC2-LIBR2_L1.adab.ubam; Input files updated by another job: 0_samples/mother/mother_ACC2-LIBR2_L1.ubam
    wildcards: sample=mother, unit=ACC2-LIBR2_L1
    threads: 4
    resources: tmpdir=/tmp, mem_mb=5120, mem_mib=4883, cores=4, mem_gb=5, nodes=1, time=120

[Wed Jun 14 21:57:39 2023]
Finished job 27.
2 of 86 steps (2%) done
Select jobs to execute...

[Wed Jun 14 21:57:39 2023]
rule MarkIlluminaAdapters:
    input: 0_samples/mother/mother_ACC1-LIBR_L1.ubam
    output: 0_samples/mother/mother_ACC1-LIBR_L1.adab.ubam, 0_samples/mother/mother_ACC1-LIBR_L1.adap_metrics.txt
    jobid: 26
    reason: Missing output files: 0_samples/mother/mother_ACC1-LIBR_L1.adab.ubam; Input files updated by another job: 0_samples/mother/mother_ACC1-LIBR_L1.ubam
    wildcards: sample=mother, unit=ACC1-LIBR_L1
    threads: 4
    resources: tmpdir=/tmp, mem_mb=5120, mem_mib=4883, cores=4, mem_gb=5, nodes=1, time=120

[Wed Jun 14 21:57:40 2023]
Finished job 5.
3 of 86 steps (3%) done
Select jobs to execute...

[Wed Jun 14 21:57:40 2023]
rule MarkIlluminaAdapters:
    input: 0_samples/father/father_ACC1-LIBR_L1.ubam
    output: 0_samples/father/father_ACC1-LIBR_L1.adab.ubam, 0_samples/father/father_ACC1-LIBR_L1.adap_metrics.txt
    jobid: 4
    reason: Missing output files: 0_samples/father/father_ACC1-LIBR_L1.adab.ubam; Input files updated by another job: 0_samples/father/father_ACC1-LIBR_L1.ubam
    wildcards: sample=father, unit=ACC1-LIBR_L1
    threads: 4
    resources: tmpdir=/tmp, mem_mb=5120, mem_mib=4883, cores=4, mem_gb=5, nodes=1, time=120

[Wed Jun 14 21:57:41 2023]
Finished job 9.
4 of 86 steps (5%) done
Select jobs to execute...

[Wed Jun 14 21:57:41 2023]
rule MarkIlluminaAdapters:
    input: 0_samples/father/father_ACC1-LIBR_L2.ubam
    output: 0_samples/father/father_ACC1-LIBR_L2.adab.ubam, 0_samples/father/father_ACC1-LIBR_L2.adap_metrics.txt
    jobid: 8
    reason: Missing output files: 0_samples/father/father_ACC1-LIBR_L2.adab.ubam; Input files updated by another job: 0_samples/father/father_ACC1-LIBR_L2.ubam
    wildcards: sample=father, unit=ACC1-LIBR_L2
    threads: 4
    resources: tmpdir=/tmp, mem_mb=5120, mem_mib=4883, cores=4, mem_gb=5, nodes=1, time=120

[Wed Jun 14 21:57:48 2023]
Finished job 53.
5 of 86 steps (6%) done
Select jobs to execute...

[Wed Jun 14 21:57:48 2023]
rule MarkIlluminaAdapters:
    input: 0_samples/proband/proband_ACC2-LIBR2_L3.ubam
    output: 0_samples/proband/proband_ACC2-LIBR2_L3.adab.ubam, 0_samples/proband/proband_ACC2-LIBR2_L3.adap_metrics.txt
    jobid: 52
    reason: Missing output files: 0_samples/proband/proband_ACC2-LIBR2_L3.adab.ubam; Input files updated by another job: 0_samples/proband/proband_ACC2-LIBR2_L3.ubam
    wildcards: sample=proband, unit=ACC2-LIBR2_L3
    threads: 4
    resources: tmpdir=/tmp, mem_mb=5120, mem_mib=4883, cores=4, mem_gb=5, nodes=1, time=120

[Wed Jun 14 21:57:50 2023]
Finished job 49.
6 of 86 steps (7%) done
Select jobs to execute...

[Wed Jun 14 21:57:50 2023]
rule MarkIlluminaAdapters:
    input: 0_samples/proband/proband_ACC1-LIBR_L1.ubam
    output: 0_samples/proband/proband_ACC1-LIBR_L1.adab.ubam, 0_samples/proband/proband_ACC1-LIBR_L1.adap_metrics.txt
    jobid: 48
    reason: Missing output files: 0_samples/proband/proband_ACC1-LIBR_L1.adab.ubam; Input files updated by another job: 0_samples/proband/proband_ACC1-LIBR_L1.ubam
    wildcards: sample=proband, unit=ACC1-LIBR_L1
    threads: 4
    resources: tmpdir=/tmp, mem_mb=5120, mem_mib=4883, cores=4, mem_gb=5, nodes=1, time=120

[Wed Jun 14 21:58:11 2023]
Finished job 30.
7 of 86 steps (8%) done
Select jobs to execute...

[Wed Jun 14 21:58:11 2023]
rule ubam_align:
    input: 0_samples/mother/mother_ACC2-LIBR2_L1.adab.ubam
    output: 02_alignment/mother/mother_ACC2-LIBR2_L1_mergedUnmapped.bam
    log: logs/bwa/mother/mother_ACC2-LIBR2_L1_gatk-bwa.log
    jobid: 29
    benchmark: benchamrks/mother/mother_ACC2-LIBR2_L1_gatk-bwa.txt
    reason: Missing output files: 02_alignment/mother/mother_ACC2-LIBR2_L1_mergedUnmapped.bam; Input files updated by another job: 0_samples/mother/mother_ACC2-LIBR2_L1.adab.ubam
    wildcards: sample=mother, unit=ACC2-LIBR2_L1
    threads: 4
    resources: tmpdir=/tmp, mem_mb=32768, mem_mib=31250, cores=4, mem_gb=32, nodes=1, time=120

[Wed Jun 14 21:58:19 2023]
Finished job 26.
8 of 86 steps (9%) done
Select jobs to execute...

[Wed Jun 14 21:58:19 2023]
rule ubam_align:
    input: 0_samples/mother/mother_ACC1-LIBR_L1.adab.ubam
    output: 02_alignment/mother/mother_ACC1-LIBR_L1_mergedUnmapped.bam
    log: logs/bwa/mother/mother_ACC1-LIBR_L1_gatk-bwa.log
    jobid: 25
    benchmark: benchamrks/mother/mother_ACC1-LIBR_L1_gatk-bwa.txt
    reason: Missing output files: 02_alignment/mother/mother_ACC1-LIBR_L1_mergedUnmapped.bam; Input files updated by another job: 0_samples/mother/mother_ACC1-LIBR_L1.adab.ubam
    wildcards: sample=mother, unit=ACC1-LIBR_L1
    threads: 4
    resources: tmpdir=/tmp, mem_mb=32768, mem_mib=31250, cores=4, mem_gb=32, nodes=1, time=120

[Wed Jun 14 21:58:20 2023]
Finished job 4.
9 of 86 steps (10%) done
Select jobs to execute...

[Wed Jun 14 21:58:20 2023]
rule ubam_align:
    input: 0_samples/father/father_ACC1-LIBR_L1.adab.ubam
    output: 02_alignment/father/father_ACC1-LIBR_L1_mergedUnmapped.bam
    log: logs/bwa/father/father_ACC1-LIBR_L1_gatk-bwa.log
    jobid: 3
    benchmark: benchamrks/father/father_ACC1-LIBR_L1_gatk-bwa.txt
    reason: Missing output files: 02_alignment/father/father_ACC1-LIBR_L1_mergedUnmapped.bam; Input files updated by another job: 0_samples/father/father_ACC1-LIBR_L1.adab.ubam
    wildcards: sample=father, unit=ACC1-LIBR_L1
    threads: 4
    resources: tmpdir=/tmp, mem_mb=32768, mem_mib=31250, cores=4, mem_gb=32, nodes=1, time=120

[Wed Jun 14 21:58:22 2023]
Finished job 8.
10 of 86 steps (12%) done
Select jobs to execute...

[Wed Jun 14 21:58:22 2023]
rule ubam_align:
    input: 0_samples/father/father_ACC1-LIBR_L2.adab.ubam
    output: 02_alignment/father/father_ACC1-LIBR_L2_mergedUnmapped.bam
    log: logs/bwa/father/father_ACC1-LIBR_L2_gatk-bwa.log
    jobid: 7
    benchmark: benchamrks/father/father_ACC1-LIBR_L2_gatk-bwa.txt
    reason: Missing output files: 02_alignment/father/father_ACC1-LIBR_L2_mergedUnmapped.bam; Input files updated by another job: 0_samples/father/father_ACC1-LIBR_L2.adab.ubam
    wildcards: sample=father, unit=ACC1-LIBR_L2
    threads: 4
    resources: tmpdir=/tmp, mem_mb=32768, mem_mib=31250, cores=4, mem_gb=32, nodes=1, time=120

[Wed Jun 14 21:58:37 2023]
Finished job 52.
11 of 86 steps (13%) done
Select jobs to execute...

[Wed Jun 14 21:58:37 2023]
rule ubam_align:
    input: 0_samples/proband/proband_ACC2-LIBR2_L3.adab.ubam
    output: 02_alignment/proband/proband_ACC2-LIBR2_L3_mergedUnmapped.bam
    log: logs/bwa/proband/proband_ACC2-LIBR2_L3_gatk-bwa.log
    jobid: 51
    benchmark: benchamrks/proband/proband_ACC2-LIBR2_L3_gatk-bwa.txt
    reason: Missing output files: 02_alignment/proband/proband_ACC2-LIBR2_L3_mergedUnmapped.bam; Input files updated by another job: 0_samples/proband/proband_ACC2-LIBR2_L3.adab.ubam
    wildcards: sample=proband, unit=ACC2-LIBR2_L3
    threads: 4
    resources: tmpdir=/tmp, mem_mb=32768, mem_mib=31250, cores=4, mem_gb=32, nodes=1, time=120

[Wed Jun 14 21:58:37 2023]
Finished job 48.
12 of 86 steps (14%) done
Select jobs to execute...

[Wed Jun 14 21:58:37 2023]
rule ubam_align:
    input: 0_samples/proband/proband_ACC1-LIBR_L1.adab.ubam
    output: 02_alignment/proband/proband_ACC1-LIBR_L1_mergedUnmapped.bam
    log: logs/bwa/proband/proband_ACC1-LIBR_L1_gatk-bwa.log
    jobid: 47
    benchmark: benchamrks/proband/proband_ACC1-LIBR_L1_gatk-bwa.txt
    reason: Missing output files: 02_alignment/proband/proband_ACC1-LIBR_L1_mergedUnmapped.bam; Input files updated by another job: 0_samples/proband/proband_ACC1-LIBR_L1.adab.ubam
    wildcards: sample=proband, unit=ACC1-LIBR_L1
    threads: 4
    resources: tmpdir=/tmp, mem_mb=32768, mem_mib=31250, cores=4, mem_gb=32, nodes=1, time=120

[Wed Jun 14 22:02:24 2023]
Finished job 29.
13 of 86 steps (15%) done
Select jobs to execute...

[Wed Jun 14 22:02:24 2023]
rule SortNFix:
    input: 02_alignment/mother/mother_ACC2-LIBR2_L1_mergedUnmapped.bam
    output: 02_alignment/mother/mother_ACC2-LIBR2_L1_mergedUnmapped_sorted.bam
    jobid: 40
    reason: Missing output files: 02_alignment/mother/mother_ACC2-LIBR2_L1_mergedUnmapped_sorted.bam; Input files updated by another job: 02_alignment/mother/mother_ACC2-LIBR2_L1_mergedUnmapped.bam
    wildcards: sample=mother, unit=ACC2-LIBR2_L1
    threads: 4
    resources: tmpdir=/tmp, mem_mb=4096, mem_mib=3907, cores=4, mem_gb=4, nodes=1, time=120


[Wed Jun 14 22:02:24 2023]
rule QC_alignment:
    input: 02_alignment/mother/mother_ACC2-LIBR2_L1_mergedUnmapped.bam
    output: 02_alignment/mother/QC/mother_ACC2-LIBR2_L1_mergedUnmapped.cov, 02_alignment/mother/QC/mother_ACC2-LIBR2_L1_mergedUnmapped.stats
    jobid: 28
    reason: Missing output files: 02_alignment/mother/QC/mother_ACC2-LIBR2_L1_mergedUnmapped.cov; Input files updated by another job: 02_alignment/mother/mother_ACC2-LIBR2_L1_mergedUnmapped.bam
    wildcards: sample=mother, unit=ACC2-LIBR2_L1
    resources: tmpdir=/tmp, mem_mb=2048, mem_mib=1954, cores=1, mem_gb=2, nodes=1, time=120

[Wed Jun 14 22:02:27 2023]
Finished job 28.
14 of 86 steps (16%) done
[Wed Jun 14 22:02:47 2023]
Finished job 25.
15 of 86 steps (17%) done
Select jobs to execute...

[Wed Jun 14 22:02:47 2023]
rule SortNFix:
    input: 02_alignment/mother/mother_ACC1-LIBR_L1_mergedUnmapped.bam
    output: 02_alignment/mother/mother_ACC1-LIBR_L1_mergedUnmapped_sorted.bam
    jobid: 35
    reason: Missing output files: 02_alignment/mother/mother_ACC1-LIBR_L1_mergedUnmapped_sorted.bam; Input files updated by another job: 02_alignment/mother/mother_ACC1-LIBR_L1_mergedUnmapped.bam
    wildcards: sample=mother, unit=ACC1-LIBR_L1
    threads: 4
    resources: tmpdir=/tmp, mem_mb=4096, mem_mib=3907, cores=4, mem_gb=4, nodes=1, time=120


[Wed Jun 14 22:02:47 2023]
rule QC_alignment:
    input: 02_alignment/mother/mother_ACC1-LIBR_L1_mergedUnmapped.bam
    output: 02_alignment/mother/QC/mother_ACC1-LIBR_L1_mergedUnmapped.cov, 02_alignment/mother/QC/mother_ACC1-LIBR_L1_mergedUnmapped.stats
    jobid: 24
    reason: Missing output files: 02_alignment/mother/QC/mother_ACC1-LIBR_L1_mergedUnmapped.cov; Input files updated by another job: 02_alignment/mother/mother_ACC1-LIBR_L1_mergedUnmapped.bam
    wildcards: sample=mother, unit=ACC1-LIBR_L1
    resources: tmpdir=/tmp, mem_mb=2048, mem_mib=1954, cores=1, mem_gb=2, nodes=1, time=120

[Wed Jun 14 22:02:50 2023]
Finished job 7.
16 of 86 steps (19%) done
Select jobs to execute...

[Wed Jun 14 22:02:50 2023]
rule QC_alignment:
    input: 02_alignment/father/father_ACC1-LIBR_L2_mergedUnmapped.bam
    output: 02_alignment/father/QC/father_ACC1-LIBR_L2_mergedUnmapped.cov, 02_alignment/father/QC/father_ACC1-LIBR_L2_mergedUnmapped.stats
    jobid: 6
    reason: Missing output files: 02_alignment/father/QC/father_ACC1-LIBR_L2_mergedUnmapped.cov; Input files updated by another job: 02_alignment/father/father_ACC1-LIBR_L2_mergedUnmapped.bam
    wildcards: sample=father, unit=ACC1-LIBR_L2
    resources: tmpdir=/tmp, mem_mb=2048, mem_mib=1954, cores=1, mem_gb=2, nodes=1, time=120


[Wed Jun 14 22:02:50 2023]
rule SortNFix:
    input: 02_alignment/father/father_ACC1-LIBR_L2_mergedUnmapped.bam
    output: 02_alignment/father/father_ACC1-LIBR_L2_mergedUnmapped_sorted.bam
    jobid: 18
    reason: Missing output files: 02_alignment/father/father_ACC1-LIBR_L2_mergedUnmapped_sorted.bam; Input files updated by another job: 02_alignment/father/father_ACC1-LIBR_L2_mergedUnmapped.bam
    wildcards: sample=father, unit=ACC1-LIBR_L2
    threads: 4
    resources: tmpdir=/tmp, mem_mb=4096, mem_mib=3907, cores=4, mem_gb=4, nodes=1, time=120

[Wed Jun 14 22:02:56 2023]
Finished job 24.
17 of 86 steps (20%) done
[Wed Jun 14 22:02:59 2023]
Finished job 6.
18 of 86 steps (21%) done
[Wed Jun 14 22:03:01 2023]
Finished job 3.
19 of 86 steps (22%) done
Select jobs to execute...

[Wed Jun 14 22:03:01 2023]
rule QC_alignment:
    input: 02_alignment/father/father_ACC1-LIBR_L1_mergedUnmapped.bam
    output: 02_alignment/father/QC/father_ACC1-LIBR_L1_mergedUnmapped.cov, 02_alignment/father/QC/father_ACC1-LIBR_L1_mergedUnmapped.stats
    jobid: 2
    reason: Missing output files: 02_alignment/father/QC/father_ACC1-LIBR_L1_mergedUnmapped.cov; Input files updated by another job: 02_alignment/father/father_ACC1-LIBR_L1_mergedUnmapped.bam
    wildcards: sample=father, unit=ACC1-LIBR_L1
    resources: tmpdir=/tmp, mem_mb=2048, mem_mib=1954, cores=1, mem_gb=2, nodes=1, time=120


[Wed Jun 14 22:03:01 2023]
rule SortNFix:
    input: 02_alignment/father/father_ACC1-LIBR_L1_mergedUnmapped.bam
    output: 02_alignment/father/father_ACC1-LIBR_L1_mergedUnmapped_sorted.bam
    jobid: 13
    reason: Missing output files: 02_alignment/father/father_ACC1-LIBR_L1_mergedUnmapped_sorted.bam; Input files updated by another job: 02_alignment/father/father_ACC1-LIBR_L1_mergedUnmapped.bam
    wildcards: sample=father, unit=ACC1-LIBR_L1
    threads: 4
    resources: tmpdir=/tmp, mem_mb=4096, mem_mib=3907, cores=4, mem_gb=4, nodes=1, time=120

[Wed Jun 14 22:03:10 2023]
Finished job 2.
20 of 86 steps (23%) done
[Wed Jun 14 22:03:20 2023]
Finished job 40.
21 of 86 steps (24%) done
Select jobs to execute...

[Wed Jun 14 22:03:20 2023]
rule mrk_duplicates:
    input: 02_alignment/mother/mother_ACC2-LIBR2_L1_mergedUnmapped_sorted.bam
    output: 02_alignment/mother/mother_ACC2-LIBR2_L1.dedub.bam, 02_alignment/mother/mother_ACC2-LIBR2_L1.dedub.matrix
    log: logs/mrk-dub/mother/mother_ACC2-LIBR2_L1.dedub.log
    jobid: 39
    reason: Missing output files: 02_alignment/mother/mother_ACC2-LIBR2_L1.dedub.bam; Input files updated by another job: 02_alignment/mother/mother_ACC2-LIBR2_L1_mergedUnmapped_sorted.bam
    wildcards: sample=mother, unit=ACC2-LIBR2_L1
    resources: tmpdir=/tmp, mem_mb=4096, mem_mib=3907, cores=4, mem_gb=4, nodes=1, time=120

[Wed Jun 14 22:03:44 2023]
Finished job 51.
22 of 86 steps (26%) done
Select jobs to execute...

[Wed Jun 14 22:03:44 2023]
rule QC_alignment:
    input: 02_alignment/proband/proband_ACC2-LIBR2_L3_mergedUnmapped.bam
    output: 02_alignment/proband/QC/proband_ACC2-LIBR2_L3_mergedUnmapped.cov, 02_alignment/proband/QC/proband_ACC2-LIBR2_L3_mergedUnmapped.stats
    jobid: 50
    reason: Missing output files: 02_alignment/proband/QC/proband_ACC2-LIBR2_L3_mergedUnmapped.cov; Input files updated by another job: 02_alignment/proband/proband_ACC2-LIBR2_L3_mergedUnmapped.bam
    wildcards: sample=proband, unit=ACC2-LIBR2_L3
    resources: tmpdir=/tmp, mem_mb=2048, mem_mib=1954, cores=1, mem_gb=2, nodes=1, time=120


[Wed Jun 14 22:03:44 2023]
rule SortNFix:
    input: 02_alignment/proband/proband_ACC2-LIBR2_L3_mergedUnmapped.bam
    output: 02_alignment/proband/proband_ACC2-LIBR2_L3_mergedUnmapped_sorted.bam
    jobid: 62
    reason: Missing output files: 02_alignment/proband/proband_ACC2-LIBR2_L3_mergedUnmapped_sorted.bam; Input files updated by another job: 02_alignment/proband/proband_ACC2-LIBR2_L3_mergedUnmapped.bam
    wildcards: sample=proband, unit=ACC2-LIBR2_L3
    threads: 4
    resources: tmpdir=/tmp, mem_mb=4096, mem_mib=3907, cores=4, mem_gb=4, nodes=1, time=120

[Wed Jun 14 22:03:52 2023]
Finished job 35.
23 of 86 steps (27%) done
Select jobs to execute...

[Wed Jun 14 22:03:52 2023]
rule mrk_duplicates:
    input: 02_alignment/mother/mother_ACC1-LIBR_L1_mergedUnmapped_sorted.bam
    output: 02_alignment/mother/mother_ACC1-LIBR_L1.dedub.bam, 02_alignment/mother/mother_ACC1-LIBR_L1.dedub.matrix
    log: logs/mrk-dub/mother/mother_ACC1-LIBR_L1.dedub.log
    jobid: 34
    reason: Missing output files: 02_alignment/mother/mother_ACC1-LIBR_L1.dedub.bam; Input files updated by another job: 02_alignment/mother/mother_ACC1-LIBR_L1_mergedUnmapped_sorted.bam
    wildcards: sample=mother, unit=ACC1-LIBR_L1
    resources: tmpdir=/tmp, mem_mb=4096, mem_mib=3907, cores=4, mem_gb=4, nodes=1, time=120

[Wed Jun 14 22:03:53 2023]
Finished job 50.
24 of 86 steps (28%) done
[Wed Jun 14 22:03:54 2023]
Finished job 47.
25 of 86 steps (29%) done
Select jobs to execute...

[Wed Jun 14 22:03:54 2023]
rule QC_alignment:
    input: 02_alignment/proband/proband_ACC1-LIBR_L1_mergedUnmapped.bam
    output: 02_alignment/proband/QC/proband_ACC1-LIBR_L1_mergedUnmapped.cov, 02_alignment/proband/QC/proband_ACC1-LIBR_L1_mergedUnmapped.stats
    jobid: 46
    reason: Missing output files: 02_alignment/proband/QC/proband_ACC1-LIBR_L1_mergedUnmapped.cov; Input files updated by another job: 02_alignment/proband/proband_ACC1-LIBR_L1_mergedUnmapped.bam
    wildcards: sample=proband, unit=ACC1-LIBR_L1
    resources: tmpdir=/tmp, mem_mb=2048, mem_mib=1954, cores=1, mem_gb=2, nodes=1, time=120


[Wed Jun 14 22:03:54 2023]
rule SortNFix:
    input: 02_alignment/proband/proband_ACC1-LIBR_L1_mergedUnmapped.bam
    output: 02_alignment/proband/proband_ACC1-LIBR_L1_mergedUnmapped_sorted.bam
    jobid: 57
    reason: Missing output files: 02_alignment/proband/proband_ACC1-LIBR_L1_mergedUnmapped_sorted.bam; Input files updated by another job: 02_alignment/proband/proband_ACC1-LIBR_L1_mergedUnmapped.bam
    wildcards: sample=proband, unit=ACC1-LIBR_L1
    threads: 4
    resources: tmpdir=/tmp, mem_mb=4096, mem_mib=3907, cores=4, mem_gb=4, nodes=1, time=120

[Wed Jun 14 22:03:58 2023]
Finished job 18.
26 of 86 steps (30%) done
Select jobs to execute...

[Wed Jun 14 22:03:58 2023]
rule mrk_duplicates:
    input: 02_alignment/father/father_ACC1-LIBR_L2_mergedUnmapped_sorted.bam
    output: 02_alignment/father/father_ACC1-LIBR_L2.dedub.bam, 02_alignment/father/father_ACC1-LIBR_L2.dedub.matrix
    log: logs/mrk-dub/father/father_ACC1-LIBR_L2.dedub.log
    jobid: 17
    reason: Missing output files: 02_alignment/father/father_ACC1-LIBR_L2.dedub.bam; Input files updated by another job: 02_alignment/father/father_ACC1-LIBR_L2_mergedUnmapped_sorted.bam
    wildcards: sample=father, unit=ACC1-LIBR_L2
    resources: tmpdir=/tmp, mem_mb=4096, mem_mib=3907, cores=4, mem_gb=4, nodes=1, time=120

[Wed Jun 14 22:04:03 2023]
Finished job 46.
27 of 86 steps (31%) done
[Wed Jun 14 22:04:08 2023]
Finished job 13.
28 of 86 steps (33%) done
Select jobs to execute...

[Wed Jun 14 22:04:08 2023]
rule mrk_duplicates:
    input: 02_alignment/father/father_ACC1-LIBR_L1_mergedUnmapped_sorted.bam
    output: 02_alignment/father/father_ACC1-LIBR_L1.dedub.bam, 02_alignment/father/father_ACC1-LIBR_L1.dedub.matrix
    log: logs/mrk-dub/father/father_ACC1-LIBR_L1.dedub.log
    jobid: 12
    reason: Missing output files: 02_alignment/father/father_ACC1-LIBR_L1.dedub.bam; Input files updated by another job: 02_alignment/father/father_ACC1-LIBR_L1_mergedUnmapped_sorted.bam
    wildcards: sample=father, unit=ACC1-LIBR_L1
    resources: tmpdir=/tmp, mem_mb=4096, mem_mib=3907, cores=4, mem_gb=4, nodes=1, time=120

[Wed Jun 14 22:04:30 2023]
Finished job 39.
29 of 86 steps (34%) done
Select jobs to execute...

[Wed Jun 14 22:04:30 2023]
rule BaseRecalibrator:
    input: 02_alignment/mother/mother_ACC2-LIBR2_L1.dedub.bam
    output: 03_bamPrep/mother/mother_ACC2-LIBR2_L1.report
    jobid: 41
    benchmark: benchamrks/mother/mother_ACC2-LIBR2_L1_GATK_pqsr.txt
    reason: Missing output files: 03_bamPrep/mother/mother_ACC2-LIBR2_L1.report; Input files updated by another job: 02_alignment/mother/mother_ACC2-LIBR2_L1.dedub.bam
    wildcards: sample=mother, unit=ACC2-LIBR2_L1
    threads: 4
    resources: tmpdir=/tmp, mem_mb=2048, mem_mib=1954, cores=4, mem_gb=2, nodes=1, time=120

[Wed Jun 14 22:04:59 2023]
Finished job 34.
30 of 86 steps (35%) done
Select jobs to execute...

[Wed Jun 14 22:04:59 2023]
rule BaseRecalibrator:
    input: 02_alignment/mother/mother_ACC1-LIBR_L1.dedub.bam
    output: 03_bamPrep/mother/mother_ACC1-LIBR_L1.report
    jobid: 36
    benchmark: benchamrks/mother/mother_ACC1-LIBR_L1_GATK_pqsr.txt
    reason: Missing output files: 03_bamPrep/mother/mother_ACC1-LIBR_L1.report; Input files updated by another job: 02_alignment/mother/mother_ACC1-LIBR_L1.dedub.bam
    wildcards: sample=mother, unit=ACC1-LIBR_L1
    threads: 4
    resources: tmpdir=/tmp, mem_mb=2048, mem_mib=1954, cores=4, mem_gb=2, nodes=1, time=120

[Wed Jun 14 22:05:00 2023]
Finished job 62.
31 of 86 steps (36%) done
Select jobs to execute...

[Wed Jun 14 22:05:00 2023]
rule mrk_duplicates:
    input: 02_alignment/proband/proband_ACC2-LIBR2_L3_mergedUnmapped_sorted.bam
    output: 02_alignment/proband/proband_ACC2-LIBR2_L3.dedub.bam, 02_alignment/proband/proband_ACC2-LIBR2_L3.dedub.matrix
    log: logs/mrk-dub/proband/proband_ACC2-LIBR2_L3.dedub.log
    jobid: 61
    reason: Missing output files: 02_alignment/proband/proband_ACC2-LIBR2_L3.dedub.bam; Input files updated by another job: 02_alignment/proband/proband_ACC2-LIBR2_L3_mergedUnmapped_sorted.bam
    wildcards: sample=proband, unit=ACC2-LIBR2_L3
    resources: tmpdir=/tmp, mem_mb=4096, mem_mib=3907, cores=4, mem_gb=4, nodes=1, time=120

[Wed Jun 14 22:05:06 2023]
Finished job 57.
32 of 86 steps (37%) done
Select jobs to execute...

[Wed Jun 14 22:05:06 2023]
rule mrk_duplicates:
    input: 02_alignment/proband/proband_ACC1-LIBR_L1_mergedUnmapped_sorted.bam
    output: 02_alignment/proband/proband_ACC1-LIBR_L1.dedub.bam, 02_alignment/proband/proband_ACC1-LIBR_L1.dedub.matrix
    log: logs/mrk-dub/proband/proband_ACC1-LIBR_L1.dedub.log
    jobid: 56
    reason: Missing output files: 02_alignment/proband/proband_ACC1-LIBR_L1.dedub.bam; Input files updated by another job: 02_alignment/proband/proband_ACC1-LIBR_L1_mergedUnmapped_sorted.bam
    wildcards: sample=proband, unit=ACC1-LIBR_L1
    resources: tmpdir=/tmp, mem_mb=4096, mem_mib=3907, cores=4, mem_gb=4, nodes=1, time=120

[Wed Jun 14 22:05:13 2023]
Finished job 17.
33 of 86 steps (38%) done
Select jobs to execute...

[Wed Jun 14 22:05:13 2023]
rule BaseRecalibrator:
    input: 02_alignment/father/father_ACC1-LIBR_L2.dedub.bam
    output: 03_bamPrep/father/father_ACC1-LIBR_L2.report
    jobid: 19
    benchmark: benchamrks/father/father_ACC1-LIBR_L2_GATK_pqsr.txt
    reason: Missing output files: 03_bamPrep/father/father_ACC1-LIBR_L2.report; Input files updated by another job: 02_alignment/father/father_ACC1-LIBR_L2.dedub.bam
    wildcards: sample=father, unit=ACC1-LIBR_L2
    threads: 4
    resources: tmpdir=/tmp, mem_mb=2048, mem_mib=1954, cores=4, mem_gb=2, nodes=1, time=120

[Wed Jun 14 22:05:24 2023]
Finished job 41.
34 of 86 steps (40%) done
Select jobs to execute...

[Wed Jun 14 22:05:24 2023]
rule applyBaseRecalibrator:
    input: 02_alignment/mother/mother_ACC2-LIBR2_L1.dedub.bam, 03_bamPrep/mother/mother_ACC2-LIBR2_L1.report
    output: 03_bamPrep/mother/mother_ACC2-LIBR2_L1.pqsr.bam
    jobid: 38
    benchmark: benchamrks/mother/mother_ACC2-LIBR2_L1_GATK_apply_BQSR.txt
    reason: Missing output files: 03_bamPrep/mother/mother_ACC2-LIBR2_L1.pqsr.bam; Input files updated by another job: 03_bamPrep/mother/mother_ACC2-LIBR2_L1.report, 02_alignment/mother/mother_ACC2-LIBR2_L1.dedub.bam
    wildcards: sample=mother, unit=ACC2-LIBR2_L1
    resources: tmpdir=/tmp, mem_mb=2048, mem_mib=1954, cores=4, mem_gb=2, nodes=1, time=120

[Wed Jun 14 22:05:24 2023]
Finished job 12.
35 of 86 steps (41%) done
Select jobs to execute...

[Wed Jun 14 22:05:24 2023]
rule BaseRecalibrator:
    input: 02_alignment/father/father_ACC1-LIBR_L1.dedub.bam
    output: 03_bamPrep/father/father_ACC1-LIBR_L1.report
    jobid: 14
    benchmark: benchamrks/father/father_ACC1-LIBR_L1_GATK_pqsr.txt
    reason: Missing output files: 03_bamPrep/father/father_ACC1-LIBR_L1.report; Input files updated by another job: 02_alignment/father/father_ACC1-LIBR_L1.dedub.bam
    wildcards: sample=father, unit=ACC1-LIBR_L1
    threads: 4
    resources: tmpdir=/tmp, mem_mb=2048, mem_mib=1954, cores=4, mem_gb=2, nodes=1, time=120

[Wed Jun 14 22:05:27 2023]
Error in rule applyBaseRecalibrator:
    jobid: 38
    input: 02_alignment/mother/mother_ACC2-LIBR2_L1.dedub.bam, 03_bamPrep/mother/mother_ACC2-LIBR2_L1.report
    output: 03_bamPrep/mother/mother_ACC2-LIBR2_L1.pqsr.bam
    conda-env: /home/marc/Desktop/output_new_wes_gatk3/.snakemake/conda/1c7a8fa2005ccf2c5acb6f802e7b8c70_
    shell:
        
        gatk --java-options "-Xmx2G -XX:+UseParallelGC -XX:ParallelGCThreads=1" ApplyBQSR  -R /home/marc/Desktop/data/refs/fa/hg38/hg38.fa             -I 02_alignment/mother/mother_ACC2-LIBR2_L1.dedub.bam --emit-original-quals             -bqsr 03_bamPrep/mother/mother_ACC2-LIBR2_L1.report -O 03_bamPrep/mother/mother_ACC2-LIBR2_L1.pqsr.bam             --add-output-sam-program-record
        
        (one of the commands exited with non-zero exit code; note that snakemake uses bash strict mode!)

Removing output files of failed job applyBaseRecalibrator since they might be corrupted:
03_bamPrep/mother/mother_ACC2-LIBR2_L1.pqsr.bam
[Wed Jun 14 22:05:51 2023]
Finished job 36.
36 of 86 steps (42%) done
[Wed Jun 14 22:06:10 2023]
Finished job 19.
37 of 86 steps (43%) done
[Wed Jun 14 22:06:18 2023]
Finished job 14.
38 of 86 steps (44%) done
[Wed Jun 14 22:06:21 2023]
Finished job 61.
39 of 86 steps (45%) done
[Wed Jun 14 22:06:23 2023]
Finished job 56.
40 of 86 steps (47%) done
Shutting down, this might take some time.
Exiting because a job execution failed. Look above for error message
Complete log: ../../wes_gatk/.snakemake/log/2023-06-14T215653.232593.snakemake.log
