Building DAG of jobs...
Using shell: /bin/bash
Provided cores: 32
Rules claiming more threads will be scaled down.
Conda environments: ignored
Job stats:
job                       count    min threads    max threads
----------------------  -------  -------------  -------------
AnalyzeCovariates             6              2              2
Annovar                       1              4              4
BaseRecalibrator              6              4              4
FastqToSam                    6              4              4
HaplotypeCaller               3              4              4
MarkIlluminaAdapters          6              4              4
MergeSamFiles                 3              1              1
Nirvana                       1              1              1
QC_alignment                  6              1              1
SortNFix                      6              4              4
Split_variants_idnel          1              1              1
Split_variants_snp            1              1              1
VariantEval                   3              1              1
all                           1              1              1
applyBaseRecalibrator         6              1              1
bcftools_stats                1              1              1
bqsr_calibrated_report        6              1              1
combine_gvcf                  1              1              1
consequence                   1              1              1
genotype_gvcfs                1              4              4
mrk_duplicates                6              1              1
multiqc                       1              1              1
plot_bcftools_stats           1              1              1
qualimap                      6              2              2
ubam_align                    6              4              4
total                        86              1              4

Select jobs to execute...

[Wed Jun 14 22:57:19 2023]
rule FastqToSam:
    input: /home/marc/Desktop/data/samples/complex_wes/mother_ACC2-LIBR2_L1_1.fq.gz, /home/marc/Desktop/data/samples/complex_wes/mother_ACC2-LIBR2_L1_2.fq.gz
    output: 0_samples/mother/mother_ACC2-LIBR2_L1.ubam
    log: logs/trimmomatic/mother/mother_ACC2-LIBR2_L1.txt
    jobid: 31
    benchmark: benchamrks/QC/mother/mother_ACC2-LIBR2_L1_trim.txt
    reason: Missing output files: 0_samples/mother/mother_ACC2-LIBR2_L1.ubam
    wildcards: sample=mother, unit=ACC2-LIBR2_L1
    threads: 4
    resources: tmpdir=/tmp, mem_mb=5120, mem_mib=4883, cores=4, mem_gb=5, nodes=1, time=120


[Wed Jun 14 22:57:19 2023]
rule FastqToSam:
    input: /home/marc/Desktop/data/samples/complex_wes/father_ACC1-LIBR_L1_1.fq.gz, /home/marc/Desktop/data/samples/complex_wes/father_ACC1-LIBR_L1_2.fq.gz
    output: 0_samples/father/father_ACC1-LIBR_L1.ubam
    log: logs/trimmomatic/father/father_ACC1-LIBR_L1.txt
    jobid: 5
    benchmark: benchamrks/QC/father/father_ACC1-LIBR_L1_trim.txt
    reason: Missing output files: 0_samples/father/father_ACC1-LIBR_L1.ubam
    wildcards: sample=father, unit=ACC1-LIBR_L1
    threads: 4
    resources: tmpdir=/tmp, mem_mb=5120, mem_mib=4883, cores=4, mem_gb=5, nodes=1, time=120


[Wed Jun 14 22:57:19 2023]
rule FastqToSam:
    input: /home/marc/Desktop/data/samples/complex_wes/proband_ACC2-LIBR2_L3_1.fq.gz, /home/marc/Desktop/data/samples/complex_wes/proband_ACC2-LIBR2_L3_2.fq.gz
    output: 0_samples/proband/proband_ACC2-LIBR2_L3.ubam
    log: logs/trimmomatic/proband/proband_ACC2-LIBR2_L3.txt
    jobid: 53
    benchmark: benchamrks/QC/proband/proband_ACC2-LIBR2_L3_trim.txt
    reason: Missing output files: 0_samples/proband/proband_ACC2-LIBR2_L3.ubam
    wildcards: sample=proband, unit=ACC2-LIBR2_L3
    threads: 4
    resources: tmpdir=/tmp, mem_mb=5120, mem_mib=4883, cores=4, mem_gb=5, nodes=1, time=120


[Wed Jun 14 22:57:19 2023]
rule FastqToSam:
    input: /home/marc/Desktop/data/samples/complex_wes/mother_ACC1-LIBR_L1_1.fq.gz, /home/marc/Desktop/data/samples/complex_wes/mother_ACC1-LIBR_L1_2.fq.gz
    output: 0_samples/mother/mother_ACC1-LIBR_L1.ubam
    log: logs/trimmomatic/mother/mother_ACC1-LIBR_L1.txt
    jobid: 27
    benchmark: benchamrks/QC/mother/mother_ACC1-LIBR_L1_trim.txt
    reason: Missing output files: 0_samples/mother/mother_ACC1-LIBR_L1.ubam
    wildcards: sample=mother, unit=ACC1-LIBR_L1
    threads: 4
    resources: tmpdir=/tmp, mem_mb=5120, mem_mib=4883, cores=4, mem_gb=5, nodes=1, time=120


[Wed Jun 14 22:57:19 2023]
rule FastqToSam:
    input: /home/marc/Desktop/data/samples/complex_wes/proband_ACC1-LIBR_L1_1.fq.gz, /home/marc/Desktop/data/samples/complex_wes/proband_ACC1-LIBR_L1_2.fq.gz
    output: 0_samples/proband/proband_ACC1-LIBR_L1.ubam
    log: logs/trimmomatic/proband/proband_ACC1-LIBR_L1.txt
    jobid: 49
    benchmark: benchamrks/QC/proband/proband_ACC1-LIBR_L1_trim.txt
    reason: Missing output files: 0_samples/proband/proband_ACC1-LIBR_L1.ubam
    wildcards: sample=proband, unit=ACC1-LIBR_L1
    threads: 4
    resources: tmpdir=/tmp, mem_mb=5120, mem_mib=4883, cores=4, mem_gb=5, nodes=1, time=120


[Wed Jun 14 22:57:19 2023]
rule FastqToSam:
    input: /home/marc/Desktop/data/samples/complex_wes/father_ACC1-LIBR_L2_1.fq.gz, /home/marc/Desktop/data/samples/complex_wes/father_ACC1-LIBR_L2_2.fq.gz
    output: 0_samples/father/father_ACC1-LIBR_L2.ubam
    log: logs/trimmomatic/father/father_ACC1-LIBR_L2.txt
    jobid: 9
    benchmark: benchamrks/QC/father/father_ACC1-LIBR_L2_trim.txt
    reason: Missing output files: 0_samples/father/father_ACC1-LIBR_L2.ubam
    wildcards: sample=father, unit=ACC1-LIBR_L2
    threads: 4
    resources: tmpdir=/tmp, mem_mb=5120, mem_mib=4883, cores=4, mem_gb=5, nodes=1, time=120

[Wed Jun 14 22:57:20 2023]
Error in rule FastqToSam:
    jobid: 31
    input: /home/marc/Desktop/data/samples/complex_wes/mother_ACC2-LIBR2_L1_1.fq.gz, /home/marc/Desktop/data/samples/complex_wes/mother_ACC2-LIBR2_L1_2.fq.gz
    output: 0_samples/mother/mother_ACC2-LIBR2_L1.ubam
    log: logs/trimmomatic/mother/mother_ACC2-LIBR2_L1.txt (check log file(s) for error details)
    conda-env: /home/marc/Desktop/output_new_wes_gatk/.snakemake/conda/85fefb7173d4d7ca43c40188cac58258_
    shell:
        
        R1=/home/marc/Desktop/data/samples/complex_wes/mother_ACC2-LIBR2_L1_1.fq.gz
        echo "R1 $R1"
        SM=mother
        echo "SM $SM"
        PL="Illumina"
        LB="mother_ACC2-LIBR2_L1"
        echo "LB $LB"        
        RGID=$(zcat -f /home/marc/Desktop/data/samples/complex_wes/mother_ACC2-LIBR2_L1_1.fq.gz | head -n1 | sed 's/:/_/g' |cut -d "_" -f1,2,3,4)
        echo "RGID $RGID"
        PU=$RGID.$LB 
        echo "PU $PU" 



        gatk --java-options "-Xmx5G -XX:+UseParallelGC -XX:ParallelGCThreads=4"             FastqToSam             -F1 /home/marc/Desktop/data/samples/complex_wes/mother_ACC2-LIBR2_L1_1.fq.gz             -F2 /home/marc/Desktop/data/samples/complex_wes/mother_ACC2-LIBR2_L1_2.fq.gz             -O 0_samples/mother/mother_ACC2-LIBR2_L1.ubam             -SM $SM             -LB $LB             -PL $PL             -RG $RGID             -PU $PU 
        
        (one of the commands exited with non-zero exit code; note that snakemake uses bash strict mode!)

[Wed Jun 14 22:57:20 2023]
Error in rule FastqToSam:
    jobid: 27
    input: /home/marc/Desktop/data/samples/complex_wes/mother_ACC1-LIBR_L1_1.fq.gz, /home/marc/Desktop/data/samples/complex_wes/mother_ACC1-LIBR_L1_2.fq.gz
    output: 0_samples/mother/mother_ACC1-LIBR_L1.ubam
    log: logs/trimmomatic/mother/mother_ACC1-LIBR_L1.txt (check log file(s) for error details)
    conda-env: /home/marc/Desktop/output_new_wes_gatk/.snakemake/conda/85fefb7173d4d7ca43c40188cac58258_
    shell:
        
        R1=/home/marc/Desktop/data/samples/complex_wes/mother_ACC1-LIBR_L1_1.fq.gz
        echo "R1 $R1"
        SM=mother
        echo "SM $SM"
        PL="Illumina"
        LB="mother_ACC1-LIBR_L1"
        echo "LB $LB"        
        RGID=$(zcat -f /home/marc/Desktop/data/samples/complex_wes/mother_ACC1-LIBR_L1_1.fq.gz | head -n1 | sed 's/:/_/g' |cut -d "_" -f1,2,3,4)
        echo "RGID $RGID"
        PU=$RGID.$LB 
        echo "PU $PU" 



        gatk --java-options "-Xmx5G -XX:+UseParallelGC -XX:ParallelGCThreads=4"             FastqToSam             -F1 /home/marc/Desktop/data/samples/complex_wes/mother_ACC1-LIBR_L1_1.fq.gz             -F2 /home/marc/Desktop/data/samples/complex_wes/mother_ACC1-LIBR_L1_2.fq.gz             -O 0_samples/mother/mother_ACC1-LIBR_L1.ubam             -SM $SM             -LB $LB             -PL $PL             -RG $RGID             -PU $PU 
        
        (one of the commands exited with non-zero exit code; note that snakemake uses bash strict mode!)

[Wed Jun 14 22:57:20 2023]
Error in rule FastqToSam:
    jobid: 9
    input: /home/marc/Desktop/data/samples/complex_wes/father_ACC1-LIBR_L2_1.fq.gz, /home/marc/Desktop/data/samples/complex_wes/father_ACC1-LIBR_L2_2.fq.gz
    output: 0_samples/father/father_ACC1-LIBR_L2.ubam
    log: logs/trimmomatic/father/father_ACC1-LIBR_L2.txt (check log file(s) for error details)
    conda-env: /home/marc/Desktop/output_new_wes_gatk/.snakemake/conda/85fefb7173d4d7ca43c40188cac58258_
    shell:
        
        R1=/home/marc/Desktop/data/samples/complex_wes/father_ACC1-LIBR_L2_1.fq.gz
        echo "R1 $R1"
        SM=father
        echo "SM $SM"
        PL="Illumina"
        LB="father_ACC1-LIBR_L2"
        echo "LB $LB"        
        RGID=$(zcat -f /home/marc/Desktop/data/samples/complex_wes/father_ACC1-LIBR_L2_1.fq.gz | head -n1 | sed 's/:/_/g' |cut -d "_" -f1,2,3,4)
        echo "RGID $RGID"
        PU=$RGID.$LB 
        echo "PU $PU" 



        gatk --java-options "-Xmx5G -XX:+UseParallelGC -XX:ParallelGCThreads=4"             FastqToSam             -F1 /home/marc/Desktop/data/samples/complex_wes/father_ACC1-LIBR_L2_1.fq.gz             -F2 /home/marc/Desktop/data/samples/complex_wes/father_ACC1-LIBR_L2_2.fq.gz             -O 0_samples/father/father_ACC1-LIBR_L2.ubam             -SM $SM             -LB $LB             -PL $PL             -RG $RGID             -PU $PU 
        
        (one of the commands exited with non-zero exit code; note that snakemake uses bash strict mode!)

[Wed Jun 14 22:57:20 2023]
Error in rule FastqToSam:
    jobid: 53
    input: /home/marc/Desktop/data/samples/complex_wes/proband_ACC2-LIBR2_L3_1.fq.gz, /home/marc/Desktop/data/samples/complex_wes/proband_ACC2-LIBR2_L3_2.fq.gz
    output: 0_samples/proband/proband_ACC2-LIBR2_L3.ubam
    log: logs/trimmomatic/proband/proband_ACC2-LIBR2_L3.txt (check log file(s) for error details)
    conda-env: /home/marc/Desktop/output_new_wes_gatk/.snakemake/conda/85fefb7173d4d7ca43c40188cac58258_
    shell:
        
        R1=/home/marc/Desktop/data/samples/complex_wes/proband_ACC2-LIBR2_L3_1.fq.gz
        echo "R1 $R1"
        SM=proband
        echo "SM $SM"
        PL="Illumina"
        LB="proband_ACC2-LIBR2_L3"
        echo "LB $LB"        
        RGID=$(zcat -f /home/marc/Desktop/data/samples/complex_wes/proband_ACC2-LIBR2_L3_1.fq.gz | head -n1 | sed 's/:/_/g' |cut -d "_" -f1,2,3,4)
        echo "RGID $RGID"
        PU=$RGID.$LB 
        echo "PU $PU" 



        gatk --java-options "-Xmx5G -XX:+UseParallelGC -XX:ParallelGCThreads=4"             FastqToSam             -F1 /home/marc/Desktop/data/samples/complex_wes/proband_ACC2-LIBR2_L3_1.fq.gz             -F2 /home/marc/Desktop/data/samples/complex_wes/proband_ACC2-LIBR2_L3_2.fq.gz             -O 0_samples/proband/proband_ACC2-LIBR2_L3.ubam             -SM $SM             -LB $LB             -PL $PL             -RG $RGID             -PU $PU 
        
        (one of the commands exited with non-zero exit code; note that snakemake uses bash strict mode!)

[Wed Jun 14 22:57:20 2023]
Error in rule FastqToSam:
    jobid: 49
    input: /home/marc/Desktop/data/samples/complex_wes/proband_ACC1-LIBR_L1_1.fq.gz, /home/marc/Desktop/data/samples/complex_wes/proband_ACC1-LIBR_L1_2.fq.gz
    output: 0_samples/proband/proband_ACC1-LIBR_L1.ubam
    log: logs/trimmomatic/proband/proband_ACC1-LIBR_L1.txt (check log file(s) for error details)
    conda-env: /home/marc/Desktop/output_new_wes_gatk/.snakemake/conda/85fefb7173d4d7ca43c40188cac58258_
    shell:
        
        R1=/home/marc/Desktop/data/samples/complex_wes/proband_ACC1-LIBR_L1_1.fq.gz
        echo "R1 $R1"
        SM=proband
        echo "SM $SM"
        PL="Illumina"
        LB="proband_ACC1-LIBR_L1"
        echo "LB $LB"        
        RGID=$(zcat -f /home/marc/Desktop/data/samples/complex_wes/proband_ACC1-LIBR_L1_1.fq.gz | head -n1 | sed 's/:/_/g' |cut -d "_" -f1,2,3,4)
        echo "RGID $RGID"
        PU=$RGID.$LB 
        echo "PU $PU" 



        gatk --java-options "-Xmx5G -XX:+UseParallelGC -XX:ParallelGCThreads=4"             FastqToSam             -F1 /home/marc/Desktop/data/samples/complex_wes/proband_ACC1-LIBR_L1_1.fq.gz             -F2 /home/marc/Desktop/data/samples/complex_wes/proband_ACC1-LIBR_L1_2.fq.gz             -O 0_samples/proband/proband_ACC1-LIBR_L1.ubam             -SM $SM             -LB $LB             -PL $PL             -RG $RGID             -PU $PU 
        
        (one of the commands exited with non-zero exit code; note that snakemake uses bash strict mode!)

[Wed Jun 14 22:57:20 2023]
Error in rule FastqToSam:
    jobid: 5
    input: /home/marc/Desktop/data/samples/complex_wes/father_ACC1-LIBR_L1_1.fq.gz, /home/marc/Desktop/data/samples/complex_wes/father_ACC1-LIBR_L1_2.fq.gz
    output: 0_samples/father/father_ACC1-LIBR_L1.ubam
    log: logs/trimmomatic/father/father_ACC1-LIBR_L1.txt (check log file(s) for error details)
    conda-env: /home/marc/Desktop/output_new_wes_gatk/.snakemake/conda/85fefb7173d4d7ca43c40188cac58258_
    shell:
        
        R1=/home/marc/Desktop/data/samples/complex_wes/father_ACC1-LIBR_L1_1.fq.gz
        echo "R1 $R1"
        SM=father
        echo "SM $SM"
        PL="Illumina"
        LB="father_ACC1-LIBR_L1"
        echo "LB $LB"        
        RGID=$(zcat -f /home/marc/Desktop/data/samples/complex_wes/father_ACC1-LIBR_L1_1.fq.gz | head -n1 | sed 's/:/_/g' |cut -d "_" -f1,2,3,4)
        echo "RGID $RGID"
        PU=$RGID.$LB 
        echo "PU $PU" 



        gatk --java-options "-Xmx5G -XX:+UseParallelGC -XX:ParallelGCThreads=4"             FastqToSam             -F1 /home/marc/Desktop/data/samples/complex_wes/father_ACC1-LIBR_L1_1.fq.gz             -F2 /home/marc/Desktop/data/samples/complex_wes/father_ACC1-LIBR_L1_2.fq.gz             -O 0_samples/father/father_ACC1-LIBR_L1.ubam             -SM $SM             -LB $LB             -PL $PL             -RG $RGID             -PU $PU 
        
        (one of the commands exited with non-zero exit code; note that snakemake uses bash strict mode!)

Shutting down, this might take some time.
Exiting because a job execution failed. Look above for error message
Complete log: ../../wes_gatk/.snakemake/log/2023-06-14T225718.772875.snakemake.log
