Building DAG of jobs...
Using shell: /bin/bash
Provided cores: 32
Rules claiming more threads will be scaled down.
Conda environments: ignored
Job stats:
job                     count    min threads    max threads
--------------------  -------  -------------  -------------
Annovar                     2              4              4
Nirvana                     2              1              1
Split_variants_idnel        1              1              1
Split_variants_snp          1              1              1
all                         1              1              1
bcftools_stats              2              1              1
combine_gvcf                1              1              1
consequence                 2              1              1
genotype_gvcfs              1              4              4
multiqc                     1              1              1
total                      14              1              4

Select jobs to execute...

[Thu Jun 15 00:34:17 2023]
rule combine_gvcf:
    input: 04_calling/father_raw.gvcf.gz, 04_calling/proband_raw.gvcf.gz, 04_calling/mother_raw.gvcf.gz
    output: 04_calling/variants.gvcf.gz
    jobid: 81
    reason: Params have changed since last execution
    resources: tmpdir=/tmp, mem_mb=2048, mem_mib=1954, cores=1, mem_gb=2, nodes=1, time=120

[Thu Jun 15 00:34:38 2023]
Finished job 81.
1 of 14 steps (7%) done
Select jobs to execute...

[Thu Jun 15 00:34:38 2023]
rule genotype_gvcfs:
    input: 04_calling/variants.gvcf.gz
    output: 04_calling/variants_genotyped.gvcf.gz
    jobid: 80
    reason: Input files updated by another job: 04_calling/variants.gvcf.gz
    threads: 4
    resources: tmpdir=/tmp, mem_mb=2048, mem_mib=1954, cores=4, mem_gb=2, nodes=1, time=120

[Thu Jun 15 00:34:50 2023]
Finished job 80.
2 of 14 steps (14%) done
Select jobs to execute...

[Thu Jun 15 00:34:50 2023]
rule Split_variants_snp:
    input: 04_calling/variants_genotyped.gvcf.gz
    output: 04_calling/snvs/variants_genotyped.gvcf.gz
    jobid: 79
    reason: Input files updated by another job: 04_calling/variants_genotyped.gvcf.gz
    resources: tmpdir=/tmp, mem_mb=2048, mem_mib=1954, cores=1, mem_gb=2, nodes=1, time=120


[Thu Jun 15 00:34:50 2023]
rule Split_variants_idnel:
    input: 04_calling/variants_genotyped.gvcf.gz
    output: 04_calling/indels/variants_genotyped.gvcf.gz
    jobid: 84
    reason: Input files updated by another job: 04_calling/variants_genotyped.gvcf.gz
    resources: tmpdir=/tmp, mem_mb=2048, mem_mib=1954, cores=1, mem_gb=2, nodes=1, time=120

[Thu Jun 15 00:34:53 2023]
Finished job 84.
3 of 14 steps (21%) done
Select jobs to execute...

[Thu Jun 15 00:34:53 2023]
rule Annovar:
    input: 04_calling/indels/variants_genotyped.gvcf.gz
    output: 05_Annotation/ANNOVAR/indels
    jobid: 86
    reason: Input files updated by another job: 04_calling/indels/variants_genotyped.gvcf.gz
    wildcards: type=indels
    threads: 4
    resources: tmpdir=/tmp, mem_mb=8192, mem_mib=7813, cores=4, mem_gb=8, nodes=1, time=120


[Thu Jun 15 00:34:53 2023]
rule Nirvana:
    input: 04_calling/indels/variants_genotyped.gvcf.gz
    output: 05_Annotation/Nirvana/indels/Annotation.json.gz
    jobid: 88
    reason: Missing output files: 05_Annotation/Nirvana/indels/Annotation.json.gz; Input files updated by another job: 04_calling/indels/variants_genotyped.gvcf.gz
    wildcards: type=indels
    resources: tmpdir=/tmp, mem_mb=8192, mem_mib=7813, cores=1, mem_gb=8, nodes=1, time=120


[Thu Jun 15 00:34:53 2023]
rule consequence:
    input: 04_calling/indels/variants_genotyped.gvcf.gz
    output: 04_calling/QC/indels/bcftools_csq.vcf
    jobid: 83
    reason: Input files updated by another job: 04_calling/indels/variants_genotyped.gvcf.gz
    wildcards: type=indels
    resources: tmpdir=/tmp, mem_mb=2048, mem_mib=1954, cores=1, mem_gb=2, nodes=1, time=120

[Thu Jun 15 00:34:53 2023]
Finished job 79.
4 of 14 steps (29%) done
Select jobs to execute...

[Thu Jun 15 00:34:53 2023]
rule Annovar:
    input: 04_calling/snvs/variants_genotyped.gvcf.gz
    output: 05_Annotation/ANNOVAR/snvs
    jobid: 85
    reason: Input files updated by another job: 04_calling/snvs/variants_genotyped.gvcf.gz
    wildcards: type=snvs
    threads: 4
    resources: tmpdir=/tmp, mem_mb=8192, mem_mib=7813, cores=4, mem_gb=8, nodes=1, time=120


[Thu Jun 15 00:34:53 2023]
rule consequence:
    input: 04_calling/snvs/variants_genotyped.gvcf.gz
    output: 04_calling/QC/snvs/bcftools_csq.vcf
    jobid: 78
    reason: Input files updated by another job: 04_calling/snvs/variants_genotyped.gvcf.gz
    wildcards: type=snvs
    resources: tmpdir=/tmp, mem_mb=2048, mem_mib=1954, cores=1, mem_gb=2, nodes=1, time=120


[Thu Jun 15 00:34:53 2023]
rule Nirvana:
    input: 04_calling/snvs/variants_genotyped.gvcf.gz
    output: 05_Annotation/Nirvana/snvs/Annotation.json.gz
    jobid: 87
    reason: Missing output files: 05_Annotation/Nirvana/snvs/Annotation.json.gz; Input files updated by another job: 04_calling/snvs/variants_genotyped.gvcf.gz
    wildcards: type=snvs
    resources: tmpdir=/tmp, mem_mb=8192, mem_mib=7813, cores=1, mem_gb=8, nodes=1, time=120

[Thu Jun 15 00:34:57 2023]
Finished job 83.
5 of 14 steps (36%) done
Select jobs to execute...

[Thu Jun 15 00:34:57 2023]
rule bcftools_stats:
    input: 04_calling/QC/indels/bcftools_csq.vcf
    output: 04_calling/QC/indels/bcftools.stats
    jobid: 82
    reason: Input files updated by another job: 04_calling/QC/indels/bcftools_csq.vcf
    wildcards: type=indels
    resources: tmpdir=/tmp, mem_mb=2048, mem_mib=1954, cores=1, mem_gb=2, nodes=1, time=120

[Thu Jun 15 00:34:58 2023]
Finished job 82.
6 of 14 steps (43%) done
[Thu Jun 15 00:34:58 2023]
Finished job 78.
7 of 14 steps (50%) done
Select jobs to execute...

[Thu Jun 15 00:34:58 2023]
rule bcftools_stats:
    input: 04_calling/QC/snvs/bcftools_csq.vcf
    output: 04_calling/QC/snvs/bcftools.stats
    jobid: 77
    reason: Input files updated by another job: 04_calling/QC/snvs/bcftools_csq.vcf
    wildcards: type=snvs
    resources: tmpdir=/tmp, mem_mb=2048, mem_mib=1954, cores=1, mem_gb=2, nodes=1, time=120

[Thu Jun 15 00:34:58 2023]
Finished job 77.
8 of 14 steps (57%) done
[Thu Jun 15 00:34:58 2023]
Error in rule Nirvana:
    jobid: 88
    input: 04_calling/indels/variants_genotyped.gvcf.gz
    output: 05_Annotation/Nirvana/indels/Annotation.json.gz
    conda-env: /home/marc/Desktop/output_new_wes_gatk/.snakemake/conda/85fefb7173d4d7ca43c40188cac58258_
    shell:
        
        dotnet /home/marc/Nirvana/bin/Release/net*/Nirvana.dll             -i 04_calling/indels/variants_genotyped.gvcf.gz             -o 05_Annotation/Nirvana/{wildcards.type}/Annotation             -r /home/marc/Nirvana/DB/References/Homo_sapiens.GRCh38.Nirvana.dat             --sd /home/marc/Nirvana/DB/SupplementaryAnnotation/GRCh38/             -c /home/marc/Nirvana/DB/Cache/GRCh38/Both
        
        (one of the commands exited with non-zero exit code; note that snakemake uses bash strict mode!)

[Thu Jun 15 00:34:58 2023]
Error in rule Nirvana:
    jobid: 87
    input: 04_calling/snvs/variants_genotyped.gvcf.gz
    output: 05_Annotation/Nirvana/snvs/Annotation.json.gz
    conda-env: /home/marc/Desktop/output_new_wes_gatk/.snakemake/conda/85fefb7173d4d7ca43c40188cac58258_
    shell:
        
        dotnet /home/marc/Nirvana/bin/Release/net*/Nirvana.dll             -i 04_calling/snvs/variants_genotyped.gvcf.gz             -o 05_Annotation/Nirvana/{wildcards.type}/Annotation             -r /home/marc/Nirvana/DB/References/Homo_sapiens.GRCh38.Nirvana.dat             --sd /home/marc/Nirvana/DB/SupplementaryAnnotation/GRCh38/             -c /home/marc/Nirvana/DB/Cache/GRCh38/Both
        
        (one of the commands exited with non-zero exit code; note that snakemake uses bash strict mode!)

