Building DAG of jobs...
Using shell: /bin/bash
Provided cores: 32
Rules claiming more threads will be scaled down.
Conda environments: ignored
Job stats:
job                       count    min threads    max threads
----------------------  -------  -------------  -------------
AnalyzeCovariates             6              2              2
Annovar                       1              4              4
BaseRecalibrator              6              4              4
HaplotypeCaller               3              4              4
MergeSamFiles                 3              1              1
Nirvana                       1              1              1
QC_alignment                  6              1              1
Split_variants_idnel          1              1              1
Split_variants_snp            1              1              1
VariantEval                   3              1              1
all                           1              1              1
applyBaseRecalibrator         6              1              1
bcftools_stats                1              1              1
bqsr_calibrated_report        6              1              1
bwa_align                     6              4              4
combine_gvcf                  1              1              1
consequence                   1              1              1
genotype_gvcfs                1              4              4
mrk_duplicates                6              1              1
multiqc                       1              1              1
plot_bcftools_stats           1              1              1
qualimap                      6              2              2
sort_and_convert_sam          6              1              1
total                        74              1              4

Select jobs to execute...

[Mon Jun 12 14:37:04 2023]
rule bwa_align:
    input: 00_trimmomatic/mother/mother_ACC2-LIBR2_L1_1.trimmed.fastq, 00_trimmomatic/mother/mother_ACC2-LIBR2_L1_2.trimmed.fastq
    output: 02_alignment/mother/mother_ACC2-LIBR2_L1.bam
    log: logs/bwa/mother/mother_ACC2-LIBR2_L1_bwa.log
    jobid: 40
    benchmark: benchamrks/mother/mother_ACC2-LIBR2_L1_bwa.txt
    reason: Missing output files: 02_alignment/mother/mother_ACC2-LIBR2_L1.bam; Code has changed since last execution
    wildcards: sample=mother, unit=ACC2-LIBR2_L1
    threads: 4
    resources: tmpdir=/tmp, mem_mb=32768, mem_mib=31250, cores=4, mem_gb=32, nodes=1, time=120


[Mon Jun 12 14:37:04 2023]
rule bwa_align:
    input: 00_trimmomatic/proband/proband_ACC2-LIBR2_L3_1.trimmed.fastq, 00_trimmomatic/proband/proband_ACC2-LIBR2_L3_2.trimmed.fastq
    output: 02_alignment/proband/proband_ACC2-LIBR2_L3.bam
    log: logs/bwa/proband/proband_ACC2-LIBR2_L3_bwa.log
    jobid: 66
    benchmark: benchamrks/proband/proband_ACC2-LIBR2_L3_bwa.txt
    reason: Missing output files: 02_alignment/proband/proband_ACC2-LIBR2_L3.bam; Code has changed since last execution
    wildcards: sample=proband, unit=ACC2-LIBR2_L3
    threads: 4
    resources: tmpdir=/tmp, mem_mb=32768, mem_mib=31250, cores=4, mem_gb=32, nodes=1, time=120


[Mon Jun 12 14:37:04 2023]
rule bwa_align:
    input: 00_trimmomatic/father/father_ACC1-LIBR_L2_1.trimmed.fastq, 00_trimmomatic/father/father_ACC1-LIBR_L2_2.trimmed.fastq
    output: 02_alignment/father/father_ACC1-LIBR_L2.bam
    log: logs/bwa/father/father_ACC1-LIBR_L2_bwa.log
    jobid: 14
    benchmark: benchamrks/father/father_ACC1-LIBR_L2_bwa.txt
    reason: Missing output files: 02_alignment/father/father_ACC1-LIBR_L2.bam; Code has changed since last execution
    wildcards: sample=father, unit=ACC1-LIBR_L2
    threads: 4
    resources: tmpdir=/tmp, mem_mb=32768, mem_mib=31250, cores=4, mem_gb=32, nodes=1, time=120


[Mon Jun 12 14:37:04 2023]
rule bwa_align:
    input: 00_trimmomatic/proband/proband_ACC1-LIBR_L1_1.trimmed.fastq, 00_trimmomatic/proband/proband_ACC1-LIBR_L1_2.trimmed.fastq
    output: 02_alignment/proband/proband_ACC1-LIBR_L1.bam
    log: logs/bwa/proband/proband_ACC1-LIBR_L1_bwa.log
    jobid: 62
    benchmark: benchamrks/proband/proband_ACC1-LIBR_L1_bwa.txt
    reason: Missing output files: 02_alignment/proband/proband_ACC1-LIBR_L1.bam; Code has changed since last execution
    wildcards: sample=proband, unit=ACC1-LIBR_L1
    threads: 4
    resources: tmpdir=/tmp, mem_mb=32768, mem_mib=31250, cores=4, mem_gb=32, nodes=1, time=120


[Mon Jun 12 14:37:04 2023]
rule bwa_align:
    input: 00_trimmomatic/father/father_ACC1-LIBR_L1_1.trimmed.fastq, 00_trimmomatic/father/father_ACC1-LIBR_L1_2.trimmed.fastq
    output: 02_alignment/father/father_ACC1-LIBR_L1.bam
    log: logs/bwa/father/father_ACC1-LIBR_L1_bwa.log
    jobid: 10
    benchmark: benchamrks/father/father_ACC1-LIBR_L1_bwa.txt
    reason: Missing output files: 02_alignment/father/father_ACC1-LIBR_L1.bam; Code has changed since last execution
    wildcards: sample=father, unit=ACC1-LIBR_L1
    threads: 4
    resources: tmpdir=/tmp, mem_mb=32768, mem_mib=31250, cores=4, mem_gb=32, nodes=1, time=120


[Mon Jun 12 14:37:04 2023]
rule bwa_align:
    input: 00_trimmomatic/mother/mother_ACC1-LIBR_L1_1.trimmed.fastq, 00_trimmomatic/mother/mother_ACC1-LIBR_L1_2.trimmed.fastq
    output: 02_alignment/mother/mother_ACC1-LIBR_L1.bam
    log: logs/bwa/mother/mother_ACC1-LIBR_L1_bwa.log
    jobid: 36
    benchmark: benchamrks/mother/mother_ACC1-LIBR_L1_bwa.txt
    reason: Missing output files: 02_alignment/mother/mother_ACC1-LIBR_L1.bam; Code has changed since last execution
    wildcards: sample=mother, unit=ACC1-LIBR_L1
    threads: 4
    resources: tmpdir=/tmp, mem_mb=32768, mem_mib=31250, cores=4, mem_gb=32, nodes=1, time=120

[Mon Jun 12 14:38:54 2023]
Finished job 40.
1 of 74 steps (1%) done
Select jobs to execute...

[Mon Jun 12 14:38:54 2023]
rule sort_and_convert_sam:
    input: 02_alignment/mother/mother_ACC2-LIBR2_L1.bam
    output: 02_alignment/mother/mother_ACC2-LIBR2_L1.sorted.bam
    jobid: 39
    reason: Input files updated by another job: 02_alignment/mother/mother_ACC2-LIBR2_L1.bam
    wildcards: sample=mother, unit=ACC2-LIBR2_L1
    resources: tmpdir=/tmp, mem_mb=2048, mem_mib=1954, cores=1, mem_gb=2, nodes=1, time=120

[Mon Jun 12 14:38:58 2023]
Finished job 36.
2 of 74 steps (3%) done
Select jobs to execute...

[Mon Jun 12 14:38:58 2023]
rule sort_and_convert_sam:
    input: 02_alignment/mother/mother_ACC1-LIBR_L1.bam
    output: 02_alignment/mother/mother_ACC1-LIBR_L1.sorted.bam
    jobid: 35
    reason: Input files updated by another job: 02_alignment/mother/mother_ACC1-LIBR_L1.bam
    wildcards: sample=mother, unit=ACC1-LIBR_L1
    resources: tmpdir=/tmp, mem_mb=2048, mem_mib=1954, cores=1, mem_gb=2, nodes=1, time=120

[Mon Jun 12 14:39:09 2023]
Finished job 10.
3 of 74 steps (4%) done
Select jobs to execute...

[Mon Jun 12 14:39:09 2023]
rule sort_and_convert_sam:
    input: 02_alignment/father/father_ACC1-LIBR_L1.bam
    output: 02_alignment/father/father_ACC1-LIBR_L1.sorted.bam
    jobid: 9
    reason: Input files updated by another job: 02_alignment/father/father_ACC1-LIBR_L1.bam
    wildcards: sample=father, unit=ACC1-LIBR_L1
    resources: tmpdir=/tmp, mem_mb=2048, mem_mib=1954, cores=1, mem_gb=2, nodes=1, time=120

[Mon Jun 12 14:39:17 2023]
Finished job 14.
4 of 74 steps (5%) done
Select jobs to execute...

[Mon Jun 12 14:39:17 2023]
rule sort_and_convert_sam:
    input: 02_alignment/father/father_ACC1-LIBR_L2.bam
    output: 02_alignment/father/father_ACC1-LIBR_L2.sorted.bam
    jobid: 13
    reason: Input files updated by another job: 02_alignment/father/father_ACC1-LIBR_L2.bam
    wildcards: sample=father, unit=ACC1-LIBR_L2
    resources: tmpdir=/tmp, mem_mb=2048, mem_mib=1954, cores=1, mem_gb=2, nodes=1, time=120

[Mon Jun 12 14:39:24 2023]
Finished job 66.
5 of 74 steps (7%) done
Select jobs to execute...

[Mon Jun 12 14:39:24 2023]
rule sort_and_convert_sam:
    input: 02_alignment/proband/proband_ACC2-LIBR2_L3.bam
    output: 02_alignment/proband/proband_ACC2-LIBR2_L3.sorted.bam
    jobid: 65
    reason: Input files updated by another job: 02_alignment/proband/proband_ACC2-LIBR2_L3.bam
    wildcards: sample=proband, unit=ACC2-LIBR2_L3
    resources: tmpdir=/tmp, mem_mb=2048, mem_mib=1954, cores=1, mem_gb=2, nodes=1, time=120

[Mon Jun 12 14:39:28 2023]
Finished job 39.
6 of 74 steps (8%) done
Removing temporary output 02_alignment/mother/mother_ACC2-LIBR2_L1.bam.
Select jobs to execute...

[Mon Jun 12 14:39:28 2023]
rule mrk_duplicates:
    input: 02_alignment/mother/mother_ACC2-LIBR2_L1.sorted.bam
    output: 02_alignment/mother/mother_ACC2-LIBR2_L1.dedub.bam, 02_alignment/mother/mother_ACC2-LIBR2_L1.dedub.matrix
    log: logs/mrk-dub/mother/mother_ACC2-LIBR2_L1.dedub.log
    jobid: 48
    reason: Input files updated by another job: 02_alignment/mother/mother_ACC2-LIBR2_L1.sorted.bam
    wildcards: sample=mother, unit=ACC2-LIBR2_L1
    resources: tmpdir=/tmp, mem_mb=4096, mem_mib=3907, cores=4, mem_gb=4, nodes=1, time=120


[Mon Jun 12 14:39:28 2023]
rule QC_alignment:
    input: 02_alignment/mother/mother_ACC2-LIBR2_L1.sorted.bam
    output: 02_alignment/mother/QC/mother_ACC2-LIBR2_L1.cov, 02_alignment/mother/QC/mother_ACC2-LIBR2_L1.stats
    jobid: 38
    reason: Input files updated by another job: 02_alignment/mother/mother_ACC2-LIBR2_L1.sorted.bam
    wildcards: sample=mother, unit=ACC2-LIBR2_L1
    resources: tmpdir=/tmp, mem_mb=2048, mem_mib=1954, cores=1, mem_gb=2, nodes=1, time=120

[Mon Jun 12 14:39:30 2023]
Finished job 62.
7 of 74 steps (9%) done
Select jobs to execute...

[Mon Jun 12 14:39:30 2023]
rule sort_and_convert_sam:
    input: 02_alignment/proband/proband_ACC1-LIBR_L1.bam
    output: 02_alignment/proband/proband_ACC1-LIBR_L1.sorted.bam
    jobid: 61
    reason: Input files updated by another job: 02_alignment/proband/proband_ACC1-LIBR_L1.bam
    wildcards: sample=proband, unit=ACC1-LIBR_L1
    resources: tmpdir=/tmp, mem_mb=2048, mem_mib=1954, cores=1, mem_gb=2, nodes=1, time=120

[Mon Jun 12 14:39:31 2023]
Finished job 35.
8 of 74 steps (11%) done
Removing temporary output 02_alignment/mother/mother_ACC1-LIBR_L1.bam.
Select jobs to execute...

[Mon Jun 12 14:39:31 2023]
rule QC_alignment:
    input: 02_alignment/mother/mother_ACC1-LIBR_L1.sorted.bam
    output: 02_alignment/mother/QC/mother_ACC1-LIBR_L1.cov, 02_alignment/mother/QC/mother_ACC1-LIBR_L1.stats
    jobid: 34
    reason: Input files updated by another job: 02_alignment/mother/mother_ACC1-LIBR_L1.sorted.bam
    wildcards: sample=mother, unit=ACC1-LIBR_L1
    resources: tmpdir=/tmp, mem_mb=2048, mem_mib=1954, cores=1, mem_gb=2, nodes=1, time=120


[Mon Jun 12 14:39:31 2023]
rule mrk_duplicates:
    input: 02_alignment/mother/mother_ACC1-LIBR_L1.sorted.bam
    output: 02_alignment/mother/mother_ACC1-LIBR_L1.dedub.bam, 02_alignment/mother/mother_ACC1-LIBR_L1.dedub.matrix
    log: logs/mrk-dub/mother/mother_ACC1-LIBR_L1.dedub.log
    jobid: 44
    reason: Input files updated by another job: 02_alignment/mother/mother_ACC1-LIBR_L1.sorted.bam
    wildcards: sample=mother, unit=ACC1-LIBR_L1
    resources: tmpdir=/tmp, mem_mb=4096, mem_mib=3907, cores=4, mem_gb=4, nodes=1, time=120

[Mon Jun 12 14:39:33 2023]
Finished job 38.
9 of 74 steps (12%) done
[Mon Jun 12 14:39:37 2023]
Finished job 34.
10 of 74 steps (14%) done
[Mon Jun 12 14:39:45 2023]
Finished job 9.
11 of 74 steps (15%) done
Removing temporary output 02_alignment/father/father_ACC1-LIBR_L1.bam.
Select jobs to execute...

[Mon Jun 12 14:39:45 2023]
rule mrk_duplicates:
    input: 02_alignment/father/father_ACC1-LIBR_L1.sorted.bam
    output: 02_alignment/father/father_ACC1-LIBR_L1.dedub.bam, 02_alignment/father/father_ACC1-LIBR_L1.dedub.matrix
    log: logs/mrk-dub/father/father_ACC1-LIBR_L1.dedub.log
    jobid: 18
    reason: Input files updated by another job: 02_alignment/father/father_ACC1-LIBR_L1.sorted.bam
    wildcards: sample=father, unit=ACC1-LIBR_L1
    resources: tmpdir=/tmp, mem_mb=4096, mem_mib=3907, cores=4, mem_gb=4, nodes=1, time=120


[Mon Jun 12 14:39:45 2023]
rule QC_alignment:
    input: 02_alignment/father/father_ACC1-LIBR_L1.sorted.bam
    output: 02_alignment/father/QC/father_ACC1-LIBR_L1.cov, 02_alignment/father/QC/father_ACC1-LIBR_L1.stats
    jobid: 8
    reason: Input files updated by another job: 02_alignment/father/father_ACC1-LIBR_L1.sorted.bam
    wildcards: sample=father, unit=ACC1-LIBR_L1
    resources: tmpdir=/tmp, mem_mb=2048, mem_mib=1954, cores=1, mem_gb=2, nodes=1, time=120

[Mon Jun 12 14:39:51 2023]
Finished job 8.
12 of 74 steps (16%) done
[Mon Jun 12 14:39:53 2023]
Finished job 13.
13 of 74 steps (18%) done
Removing temporary output 02_alignment/father/father_ACC1-LIBR_L2.bam.
Select jobs to execute...

[Mon Jun 12 14:39:53 2023]
rule mrk_duplicates:
    input: 02_alignment/father/father_ACC1-LIBR_L2.sorted.bam
    output: 02_alignment/father/father_ACC1-LIBR_L2.dedub.bam, 02_alignment/father/father_ACC1-LIBR_L2.dedub.matrix
    log: logs/mrk-dub/father/father_ACC1-LIBR_L2.dedub.log
    jobid: 22
    reason: Input files updated by another job: 02_alignment/father/father_ACC1-LIBR_L2.sorted.bam
    wildcards: sample=father, unit=ACC1-LIBR_L2
    resources: tmpdir=/tmp, mem_mb=4096, mem_mib=3907, cores=4, mem_gb=4, nodes=1, time=120


[Mon Jun 12 14:39:54 2023]
rule QC_alignment:
    input: 02_alignment/father/father_ACC1-LIBR_L2.sorted.bam
    output: 02_alignment/father/QC/father_ACC1-LIBR_L2.cov, 02_alignment/father/QC/father_ACC1-LIBR_L2.stats
    jobid: 12
    reason: Input files updated by another job: 02_alignment/father/father_ACC1-LIBR_L2.sorted.bam
    wildcards: sample=father, unit=ACC1-LIBR_L2
    resources: tmpdir=/tmp, mem_mb=2048, mem_mib=1954, cores=1, mem_gb=2, nodes=1, time=120

[Mon Jun 12 14:40:00 2023]
Finished job 12.
14 of 74 steps (19%) done
[Mon Jun 12 14:40:05 2023]
Finished job 65.
15 of 74 steps (20%) done
Removing temporary output 02_alignment/proband/proband_ACC2-LIBR2_L3.bam.
Select jobs to execute...

[Mon Jun 12 14:40:05 2023]
rule QC_alignment:
    input: 02_alignment/proband/proband_ACC2-LIBR2_L3.sorted.bam
    output: 02_alignment/proband/QC/proband_ACC2-LIBR2_L3.cov, 02_alignment/proband/QC/proband_ACC2-LIBR2_L3.stats
    jobid: 64
    reason: Input files updated by another job: 02_alignment/proband/proband_ACC2-LIBR2_L3.sorted.bam
    wildcards: sample=proband, unit=ACC2-LIBR2_L3
    resources: tmpdir=/tmp, mem_mb=2048, mem_mib=1954, cores=1, mem_gb=2, nodes=1, time=120


[Mon Jun 12 14:40:05 2023]
rule mrk_duplicates:
    input: 02_alignment/proband/proband_ACC2-LIBR2_L3.sorted.bam
    output: 02_alignment/proband/proband_ACC2-LIBR2_L3.dedub.bam, 02_alignment/proband/proband_ACC2-LIBR2_L3.dedub.matrix
    log: logs/mrk-dub/proband/proband_ACC2-LIBR2_L3.dedub.log
    jobid: 74
    reason: Input files updated by another job: 02_alignment/proband/proband_ACC2-LIBR2_L3.sorted.bam
    wildcards: sample=proband, unit=ACC2-LIBR2_L3
    resources: tmpdir=/tmp, mem_mb=4096, mem_mib=3907, cores=4, mem_gb=4, nodes=1, time=120

[Mon Jun 12 14:40:10 2023]
Finished job 61.
16 of 74 steps (22%) done
Removing temporary output 02_alignment/proband/proband_ACC1-LIBR_L1.bam.
Select jobs to execute...

[Mon Jun 12 14:40:10 2023]
rule QC_alignment:
    input: 02_alignment/proband/proband_ACC1-LIBR_L1.sorted.bam
    output: 02_alignment/proband/QC/proband_ACC1-LIBR_L1.cov, 02_alignment/proband/QC/proband_ACC1-LIBR_L1.stats
    jobid: 60
    reason: Input files updated by another job: 02_alignment/proband/proband_ACC1-LIBR_L1.sorted.bam
    wildcards: sample=proband, unit=ACC1-LIBR_L1
    resources: tmpdir=/tmp, mem_mb=2048, mem_mib=1954, cores=1, mem_gb=2, nodes=1, time=120


[Mon Jun 12 14:40:10 2023]
rule mrk_duplicates:
    input: 02_alignment/proband/proband_ACC1-LIBR_L1.sorted.bam
    output: 02_alignment/proband/proband_ACC1-LIBR_L1.dedub.bam, 02_alignment/proband/proband_ACC1-LIBR_L1.dedub.matrix
    log: logs/mrk-dub/proband/proband_ACC1-LIBR_L1.dedub.log
    jobid: 70
    reason: Input files updated by another job: 02_alignment/proband/proband_ACC1-LIBR_L1.sorted.bam
    wildcards: sample=proband, unit=ACC1-LIBR_L1
    resources: tmpdir=/tmp, mem_mb=4096, mem_mib=3907, cores=4, mem_gb=4, nodes=1, time=120

[Mon Jun 12 14:40:13 2023]
Finished job 64.
17 of 74 steps (23%) done
[Mon Jun 12 14:40:18 2023]
Finished job 60.
18 of 74 steps (24%) done
[Mon Jun 12 14:40:26 2023]
Finished job 48.
19 of 74 steps (26%) done
Select jobs to execute...

[Mon Jun 12 14:40:26 2023]
rule BaseRecalibrator:
    input: 02_alignment/mother/mother_ACC2-LIBR2_L1.dedub.bam
    output: 03_bamPrep/mother/mother_ACC2-LIBR2_L1.report
    jobid: 49
    benchmark: benchamrks/mother/mother_ACC2-LIBR2_L1_GATK_pqsr.txt
    reason: Input files updated by another job: 02_alignment/mother/mother_ACC2-LIBR2_L1.dedub.bam
    wildcards: sample=mother, unit=ACC2-LIBR2_L1
    threads: 4
    resources: tmpdir=/tmp, mem_mb=2048, mem_mib=1954, cores=4, mem_gb=2, nodes=1, time=120

[Mon Jun 12 14:40:32 2023]
Finished job 44.
20 of 74 steps (27%) done
Select jobs to execute...

[Mon Jun 12 14:40:32 2023]
rule BaseRecalibrator:
    input: 02_alignment/mother/mother_ACC1-LIBR_L1.dedub.bam
    output: 03_bamPrep/mother/mother_ACC1-LIBR_L1.report
    jobid: 45
    benchmark: benchamrks/mother/mother_ACC1-LIBR_L1_GATK_pqsr.txt
    reason: Input files updated by another job: 02_alignment/mother/mother_ACC1-LIBR_L1.dedub.bam
    wildcards: sample=mother, unit=ACC1-LIBR_L1
    threads: 4
    resources: tmpdir=/tmp, mem_mb=2048, mem_mib=1954, cores=4, mem_gb=2, nodes=1, time=120

[Mon Jun 12 14:40:50 2023]
Finished job 18.
21 of 74 steps (28%) done
Select jobs to execute...

[Mon Jun 12 14:40:50 2023]
rule BaseRecalibrator:
    input: 02_alignment/father/father_ACC1-LIBR_L1.dedub.bam
    output: 03_bamPrep/father/father_ACC1-LIBR_L1.report
    jobid: 19
    benchmark: benchamrks/father/father_ACC1-LIBR_L1_GATK_pqsr.txt
    reason: Input files updated by another job: 02_alignment/father/father_ACC1-LIBR_L1.dedub.bam
    wildcards: sample=father, unit=ACC1-LIBR_L1
    threads: 4
    resources: tmpdir=/tmp, mem_mb=2048, mem_mib=1954, cores=4, mem_gb=2, nodes=1, time=120

[Mon Jun 12 14:40:58 2023]
Finished job 22.
22 of 74 steps (30%) done
Select jobs to execute...

[Mon Jun 12 14:40:58 2023]
rule BaseRecalibrator:
    input: 02_alignment/father/father_ACC1-LIBR_L2.dedub.bam
    output: 03_bamPrep/father/father_ACC1-LIBR_L2.report
    jobid: 23
    benchmark: benchamrks/father/father_ACC1-LIBR_L2_GATK_pqsr.txt
    reason: Input files updated by another job: 02_alignment/father/father_ACC1-LIBR_L2.dedub.bam
    wildcards: sample=father, unit=ACC1-LIBR_L2
    threads: 4
    resources: tmpdir=/tmp, mem_mb=2048, mem_mib=1954, cores=4, mem_gb=2, nodes=1, time=120

[Mon Jun 12 14:41:14 2023]
Finished job 49.
23 of 74 steps (31%) done
Select jobs to execute...

[Mon Jun 12 14:41:14 2023]
rule applyBaseRecalibrator:
    input: 02_alignment/mother/mother_ACC2-LIBR2_L1.dedub.bam, 03_bamPrep/mother/mother_ACC2-LIBR2_L1.report
    output: 03_bamPrep/mother/mother_ACC2-LIBR2_L1.pqsr.bam
    jobid: 47
    benchmark: benchamrks/mother/mother_ACC2-LIBR2_L1_GATK_apply_BQSR.txt
    reason: Input files updated by another job: 02_alignment/mother/mother_ACC2-LIBR2_L1.dedub.bam, 03_bamPrep/mother/mother_ACC2-LIBR2_L1.report
    wildcards: sample=mother, unit=ACC2-LIBR2_L1
    resources: tmpdir=/tmp, mem_mb=2048, mem_mib=1954, cores=4, mem_gb=2, nodes=1, time=120

[Mon Jun 12 14:41:17 2023]
Finished job 45.
24 of 74 steps (32%) done
Select jobs to execute...

[Mon Jun 12 14:41:17 2023]
rule applyBaseRecalibrator:
    input: 02_alignment/mother/mother_ACC1-LIBR_L1.dedub.bam, 03_bamPrep/mother/mother_ACC1-LIBR_L1.report
    output: 03_bamPrep/mother/mother_ACC1-LIBR_L1.pqsr.bam
    jobid: 43
    benchmark: benchamrks/mother/mother_ACC1-LIBR_L1_GATK_apply_BQSR.txt
    reason: Input files updated by another job: 02_alignment/mother/mother_ACC1-LIBR_L1.dedub.bam, 03_bamPrep/mother/mother_ACC1-LIBR_L1.report
    wildcards: sample=mother, unit=ACC1-LIBR_L1
    resources: tmpdir=/tmp, mem_mb=2048, mem_mib=1954, cores=4, mem_gb=2, nodes=1, time=120

[Mon Jun 12 14:41:19 2023]
Finished job 74.
25 of 74 steps (34%) done
Select jobs to execute...

[Mon Jun 12 14:41:19 2023]
rule BaseRecalibrator:
    input: 02_alignment/proband/proband_ACC2-LIBR2_L3.dedub.bam
    output: 03_bamPrep/proband/proband_ACC2-LIBR2_L3.report
    jobid: 75
    benchmark: benchamrks/proband/proband_ACC2-LIBR2_L3_GATK_pqsr.txt
    reason: Input files updated by another job: 02_alignment/proband/proband_ACC2-LIBR2_L3.dedub.bam
    wildcards: sample=proband, unit=ACC2-LIBR2_L3
    threads: 4
    resources: tmpdir=/tmp, mem_mb=2048, mem_mib=1954, cores=4, mem_gb=2, nodes=1, time=120

[Mon Jun 12 14:41:23 2023]
Finished job 70.
26 of 74 steps (35%) done
Select jobs to execute...

[Mon Jun 12 14:41:23 2023]
rule BaseRecalibrator:
    input: 02_alignment/proband/proband_ACC1-LIBR_L1.dedub.bam
    output: 03_bamPrep/proband/proband_ACC1-LIBR_L1.report
    jobid: 71
    benchmark: benchamrks/proband/proband_ACC1-LIBR_L1_GATK_pqsr.txt
    reason: Input files updated by another job: 02_alignment/proband/proband_ACC1-LIBR_L1.dedub.bam
    wildcards: sample=proband, unit=ACC1-LIBR_L1
    threads: 4
    resources: tmpdir=/tmp, mem_mb=2048, mem_mib=1954, cores=4, mem_gb=2, nodes=1, time=120

[Mon Jun 12 14:41:42 2023]
Finished job 19.
27 of 74 steps (36%) done
Select jobs to execute...

[Mon Jun 12 14:41:42 2023]
rule applyBaseRecalibrator:
    input: 02_alignment/father/father_ACC1-LIBR_L1.dedub.bam, 03_bamPrep/father/father_ACC1-LIBR_L1.report
    output: 03_bamPrep/father/father_ACC1-LIBR_L1.pqsr.bam
    jobid: 17
    benchmark: benchamrks/father/father_ACC1-LIBR_L1_GATK_apply_BQSR.txt
    reason: Input files updated by another job: 03_bamPrep/father/father_ACC1-LIBR_L1.report, 02_alignment/father/father_ACC1-LIBR_L1.dedub.bam
    wildcards: sample=father, unit=ACC1-LIBR_L1
    resources: tmpdir=/tmp, mem_mb=2048, mem_mib=1954, cores=4, mem_gb=2, nodes=1, time=120

[Mon Jun 12 14:41:51 2023]
Finished job 23.
28 of 74 steps (38%) done
Select jobs to execute...

[Mon Jun 12 14:41:51 2023]
rule applyBaseRecalibrator:
    input: 02_alignment/father/father_ACC1-LIBR_L2.dedub.bam, 03_bamPrep/father/father_ACC1-LIBR_L2.report
    output: 03_bamPrep/father/father_ACC1-LIBR_L2.pqsr.bam
    jobid: 21
    benchmark: benchamrks/father/father_ACC1-LIBR_L2_GATK_apply_BQSR.txt
    reason: Input files updated by another job: 03_bamPrep/father/father_ACC1-LIBR_L2.report, 02_alignment/father/father_ACC1-LIBR_L2.dedub.bam
    wildcards: sample=father, unit=ACC1-LIBR_L2
    resources: tmpdir=/tmp, mem_mb=2048, mem_mib=1954, cores=4, mem_gb=2, nodes=1, time=120

[Mon Jun 12 14:42:10 2023]
Finished job 47.
29 of 74 steps (39%) done
Select jobs to execute...

[Mon Jun 12 14:42:10 2023]
rule qualimap:
    input: 03_bamPrep/mother/mother_ACC2-LIBR2_L1.pqsr.bam
    output: 03_bamPrep/mother/QC/mother_ACC2-LIBR2_L1_Qualimap
    jobid: 46
    reason: Input files updated by another job: 03_bamPrep/mother/mother_ACC2-LIBR2_L1.pqsr.bam
    wildcards: sample=mother, unit=ACC2-LIBR2_L1
    threads: 2
    resources: tmpdir=/tmp, mem_mb=2048, mem_mib=1954, cores=2, mem_gb=2, nodes=1, time=120


[Mon Jun 12 14:42:10 2023]
rule bqsr_calibrated_report:
    input: 03_bamPrep/mother/mother_ACC2-LIBR2_L1.pqsr.bam
    output: 03_bamPrep/mother/mother_ACC2-LIBR2_L1_pqsr.report
    jobid: 53
    reason: Input files updated by another job: 03_bamPrep/mother/mother_ACC2-LIBR2_L1.pqsr.bam
    wildcards: sample=mother, unit=ACC2-LIBR2_L1
    resources: tmpdir=/tmp, mem_mb=2048, mem_mib=1954, cores=4, mem_gb=2, nodes=1, time=120

[Mon Jun 12 14:42:21 2023]
Finished job 43.
30 of 74 steps (41%) done
Select jobs to execute...

[Mon Jun 12 14:42:21 2023]
rule MergeSamFiles:
    input: 03_bamPrep/mother/mother_ACC1-LIBR_L1.pqsr.bam, 03_bamPrep/mother/mother_ACC2-LIBR2_L1.pqsr.bam
    output: 03_bamPrep/merged_bams/mother.pqsr.bam
    jobid: 87
    reason: Missing output files: 03_bamPrep/merged_bams/mother.pqsr.bam; Input files updated by another job: 03_bamPrep/mother/mother_ACC1-LIBR_L1.pqsr.bam, 03_bamPrep/mother/mother_ACC2-LIBR2_L1.pqsr.bam
    wildcards: sample=mother
    resources: tmpdir=/tmp, mem_mb=2048, mem_mib=1954, cores=1, mem_gb=2, nodes=1, time=120


[Mon Jun 12 14:42:21 2023]
rule qualimap:
    input: 03_bamPrep/mother/mother_ACC1-LIBR_L1.pqsr.bam
    output: 03_bamPrep/mother/QC/mother_ACC1-LIBR_L1_Qualimap
    jobid: 42
    reason: Input files updated by another job: 03_bamPrep/mother/mother_ACC1-LIBR_L1.pqsr.bam
    wildcards: sample=mother, unit=ACC1-LIBR_L1
    threads: 2
    resources: tmpdir=/tmp, mem_mb=2048, mem_mib=1954, cores=2, mem_gb=2, nodes=1, time=120


[Mon Jun 12 14:42:21 2023]
rule bqsr_calibrated_report:
    input: 03_bamPrep/mother/mother_ACC1-LIBR_L1.pqsr.bam
    output: 03_bamPrep/mother/mother_ACC1-LIBR_L1_pqsr.report
    jobid: 51
    reason: Input files updated by another job: 03_bamPrep/mother/mother_ACC1-LIBR_L1.pqsr.bam
    wildcards: sample=mother, unit=ACC1-LIBR_L1
    resources: tmpdir=/tmp, mem_mb=2048, mem_mib=1954, cores=4, mem_gb=2, nodes=1, time=120

[Mon Jun 12 14:42:21 2023]
Finished job 75.
31 of 74 steps (42%) done
Select jobs to execute...

[Mon Jun 12 14:42:21 2023]
rule applyBaseRecalibrator:
    input: 02_alignment/proband/proband_ACC2-LIBR2_L3.dedub.bam, 03_bamPrep/proband/proband_ACC2-LIBR2_L3.report
    output: 03_bamPrep/proband/proband_ACC2-LIBR2_L3.pqsr.bam
    jobid: 73
    benchmark: benchamrks/proband/proband_ACC2-LIBR2_L3_GATK_apply_BQSR.txt
    reason: Input files updated by another job: 03_bamPrep/proband/proband_ACC2-LIBR2_L3.report, 02_alignment/proband/proband_ACC2-LIBR2_L3.dedub.bam
    wildcards: sample=proband, unit=ACC2-LIBR2_L3
    resources: tmpdir=/tmp, mem_mb=2048, mem_mib=1954, cores=4, mem_gb=2, nodes=1, time=120

[Mon Jun 12 14:42:24 2023]
Finished job 71.
32 of 74 steps (43%) done
Select jobs to execute...

[Mon Jun 12 14:42:24 2023]
rule applyBaseRecalibrator:
    input: 02_alignment/proband/proband_ACC1-LIBR_L1.dedub.bam, 03_bamPrep/proband/proband_ACC1-LIBR_L1.report
    output: 03_bamPrep/proband/proband_ACC1-LIBR_L1.pqsr.bam
    jobid: 69
    benchmark: benchamrks/proband/proband_ACC1-LIBR_L1_GATK_apply_BQSR.txt
    reason: Input files updated by another job: 03_bamPrep/proband/proband_ACC1-LIBR_L1.report, 02_alignment/proband/proband_ACC1-LIBR_L1.dedub.bam
    wildcards: sample=proband, unit=ACC1-LIBR_L1
    resources: tmpdir=/tmp, mem_mb=2048, mem_mib=1954, cores=4, mem_gb=2, nodes=1, time=120

[Mon Jun 12 14:42:55 2023]
Finished job 46.
33 of 74 steps (45%) done
[Mon Jun 12 14:43:02 2023]
Finished job 17.
34 of 74 steps (46%) done
Select jobs to execute...

[Mon Jun 12 14:43:02 2023]
rule qualimap:
    input: 03_bamPrep/father/father_ACC1-LIBR_L1.pqsr.bam
    output: 03_bamPrep/father/QC/father_ACC1-LIBR_L1_Qualimap
    jobid: 16
    reason: Missing output files: 03_bamPrep/father/QC/father_ACC1-LIBR_L1_Qualimap; Input files updated by another job: 03_bamPrep/father/father_ACC1-LIBR_L1.pqsr.bam
    wildcards: sample=father, unit=ACC1-LIBR_L1
    threads: 2
    resources: tmpdir=/tmp, mem_mb=2048, mem_mib=1954, cores=2, mem_gb=2, nodes=1, time=120


[Mon Jun 12 14:43:02 2023]
rule bqsr_calibrated_report:
    input: 03_bamPrep/father/father_ACC1-LIBR_L1.pqsr.bam
    output: 03_bamPrep/father/father_ACC1-LIBR_L1_pqsr.report
    jobid: 25
    reason: Missing output files: 03_bamPrep/father/father_ACC1-LIBR_L1_pqsr.report; Input files updated by another job: 03_bamPrep/father/father_ACC1-LIBR_L1.pqsr.bam
    wildcards: sample=father, unit=ACC1-LIBR_L1
    resources: tmpdir=/tmp, mem_mb=2048, mem_mib=1954, cores=4, mem_gb=2, nodes=1, time=120

[Mon Jun 12 14:43:06 2023]
Finished job 42.
35 of 74 steps (47%) done
[Mon Jun 12 14:43:09 2023]
Finished job 53.
36 of 74 steps (49%) done
Select jobs to execute...

[Mon Jun 12 14:43:09 2023]
rule AnalyzeCovariates:
    input: 03_bamPrep/mother/mother_ACC2-LIBR2_L1.report, 03_bamPrep/mother/mother_ACC2-LIBR2_L1_pqsr.report
    output: 03_bamPrep/mother/QC/mother_ACC2-LIBR2_L1.pdf
    jobid: 52
    reason: Missing output files: 03_bamPrep/mother/QC/mother_ACC2-LIBR2_L1.pdf; Input files updated by another job: 03_bamPrep/mother/mother_ACC2-LIBR2_L1.report, 03_bamPrep/mother/mother_ACC2-LIBR2_L1_pqsr.report
    wildcards: sample=mother, unit=ACC2-LIBR2_L1
    threads: 2
    resources: tmpdir=/tmp, mem_mb=2048, mem_mib=1954, cores=2, mem_gb=2, nodes=1, time=120

[Mon Jun 12 14:43:14 2023]
Finished job 21.
37 of 74 steps (50%) done
Select jobs to execute...

[Mon Jun 12 14:43:14 2023]
rule MergeSamFiles:
    input: 03_bamPrep/father/father_ACC1-LIBR_L1.pqsr.bam, 03_bamPrep/father/father_ACC1-LIBR_L2.pqsr.bam
    output: 03_bamPrep/merged_bams/father.pqsr.bam
    jobid: 85
    reason: Missing output files: 03_bamPrep/merged_bams/father.pqsr.bam; Input files updated by another job: 03_bamPrep/father/father_ACC1-LIBR_L1.pqsr.bam, 03_bamPrep/father/father_ACC1-LIBR_L2.pqsr.bam
    wildcards: sample=father
    resources: tmpdir=/tmp, mem_mb=2048, mem_mib=1954, cores=1, mem_gb=2, nodes=1, time=120


[Mon Jun 12 14:43:14 2023]
rule qualimap:
    input: 03_bamPrep/father/father_ACC1-LIBR_L2.pqsr.bam
    output: 03_bamPrep/father/QC/father_ACC1-LIBR_L2_Qualimap
    jobid: 20
    reason: Missing output files: 03_bamPrep/father/QC/father_ACC1-LIBR_L2_Qualimap; Input files updated by another job: 03_bamPrep/father/father_ACC1-LIBR_L2.pqsr.bam
    wildcards: sample=father, unit=ACC1-LIBR_L2
    threads: 2
    resources: tmpdir=/tmp, mem_mb=2048, mem_mib=1954, cores=2, mem_gb=2, nodes=1, time=120


[Mon Jun 12 14:43:14 2023]
rule bqsr_calibrated_report:
    input: 03_bamPrep/father/father_ACC1-LIBR_L2.pqsr.bam
    output: 03_bamPrep/father/father_ACC1-LIBR_L2_pqsr.report
    jobid: 27
    reason: Missing output files: 03_bamPrep/father/father_ACC1-LIBR_L2_pqsr.report; Input files updated by another job: 03_bamPrep/father/father_ACC1-LIBR_L2.pqsr.bam
    wildcards: sample=father, unit=ACC1-LIBR_L2
    resources: tmpdir=/tmp, mem_mb=2048, mem_mib=1954, cores=4, mem_gb=2, nodes=1, time=120

[Mon Jun 12 14:43:18 2023]
Finished job 52.
38 of 74 steps (51%) done
[Mon Jun 12 14:43:25 2023]
Finished job 51.
39 of 74 steps (53%) done
Select jobs to execute...

[Mon Jun 12 14:43:25 2023]
rule AnalyzeCovariates:
    input: 03_bamPrep/mother/mother_ACC1-LIBR_L1.report, 03_bamPrep/mother/mother_ACC1-LIBR_L1_pqsr.report
    output: 03_bamPrep/mother/QC/mother_ACC1-LIBR_L1.pdf
    jobid: 50
    reason: Missing output files: 03_bamPrep/mother/QC/mother_ACC1-LIBR_L1.pdf; Input files updated by another job: 03_bamPrep/mother/mother_ACC1-LIBR_L1.report, 03_bamPrep/mother/mother_ACC1-LIBR_L1_pqsr.report
    wildcards: sample=mother, unit=ACC1-LIBR_L1
    threads: 2
    resources: tmpdir=/tmp, mem_mb=2048, mem_mib=1954, cores=2, mem_gb=2, nodes=1, time=120

[Mon Jun 12 14:43:34 2023]
Finished job 50.
40 of 74 steps (54%) done
[Mon Jun 12 14:43:50 2023]
Finished job 16.
41 of 74 steps (55%) done
[Mon Jun 12 14:43:51 2023]
Finished job 73.
42 of 74 steps (57%) done
Select jobs to execute...

[Mon Jun 12 14:43:51 2023]
rule qualimap:
    input: 03_bamPrep/proband/proband_ACC2-LIBR2_L3.pqsr.bam
    output: 03_bamPrep/proband/QC/proband_ACC2-LIBR2_L3_Qualimap
    jobid: 72
    reason: Missing output files: 03_bamPrep/proband/QC/proband_ACC2-LIBR2_L3_Qualimap; Input files updated by another job: 03_bamPrep/proband/proband_ACC2-LIBR2_L3.pqsr.bam
    wildcards: sample=proband, unit=ACC2-LIBR2_L3
    threads: 2
    resources: tmpdir=/tmp, mem_mb=2048, mem_mib=1954, cores=2, mem_gb=2, nodes=1, time=120


[Mon Jun 12 14:43:51 2023]
rule bqsr_calibrated_report:
    input: 03_bamPrep/proband/proband_ACC2-LIBR2_L3.pqsr.bam
    output: 03_bamPrep/proband/proband_ACC2-LIBR2_L3_pqsr.report
    jobid: 79
    reason: Missing output files: 03_bamPrep/proband/proband_ACC2-LIBR2_L3_pqsr.report; Input files updated by another job: 03_bamPrep/proband/proband_ACC2-LIBR2_L3.pqsr.bam
    wildcards: sample=proband, unit=ACC2-LIBR2_L3
    resources: tmpdir=/tmp, mem_mb=2048, mem_mib=1954, cores=4, mem_gb=2, nodes=1, time=120

[Mon Jun 12 14:43:55 2023]
Finished job 69.
43 of 74 steps (58%) done
Select jobs to execute...

[Mon Jun 12 14:43:55 2023]
rule qualimap:
    input: 03_bamPrep/proband/proband_ACC1-LIBR_L1.pqsr.bam
    output: 03_bamPrep/proband/QC/proband_ACC1-LIBR_L1_Qualimap
    jobid: 68
    reason: Missing output files: 03_bamPrep/proband/QC/proband_ACC1-LIBR_L1_Qualimap; Input files updated by another job: 03_bamPrep/proband/proband_ACC1-LIBR_L1.pqsr.bam
    wildcards: sample=proband, unit=ACC1-LIBR_L1
    threads: 2
    resources: tmpdir=/tmp, mem_mb=2048, mem_mib=1954, cores=2, mem_gb=2, nodes=1, time=120


[Mon Jun 12 14:43:55 2023]
rule bqsr_calibrated_report:
    input: 03_bamPrep/proband/proband_ACC1-LIBR_L1.pqsr.bam
    output: 03_bamPrep/proband/proband_ACC1-LIBR_L1_pqsr.report
    jobid: 77
    reason: Missing output files: 03_bamPrep/proband/proband_ACC1-LIBR_L1_pqsr.report; Input files updated by another job: 03_bamPrep/proband/proband_ACC1-LIBR_L1.pqsr.bam
    wildcards: sample=proband, unit=ACC1-LIBR_L1
    resources: tmpdir=/tmp, mem_mb=2048, mem_mib=1954, cores=4, mem_gb=2, nodes=1, time=120


[Mon Jun 12 14:43:55 2023]
rule MergeSamFiles:
    input: 03_bamPrep/proband/proband_ACC1-LIBR_L1.pqsr.bam, 03_bamPrep/proband/proband_ACC2-LIBR2_L3.pqsr.bam
    output: 03_bamPrep/merged_bams/proband.pqsr.bam
    jobid: 89
    reason: Missing output files: 03_bamPrep/merged_bams/proband.pqsr.bam; Input files updated by another job: 03_bamPrep/proband/proband_ACC2-LIBR2_L3.pqsr.bam, 03_bamPrep/proband/proband_ACC1-LIBR_L1.pqsr.bam
    wildcards: sample=proband
    resources: tmpdir=/tmp, mem_mb=2048, mem_mib=1954, cores=1, mem_gb=2, nodes=1, time=120

[Mon Jun 12 14:44:01 2023]
Finished job 20.
44 of 74 steps (59%) done
[Mon Jun 12 14:44:14 2023]
Finished job 25.
45 of 74 steps (61%) done
Select jobs to execute...

[Mon Jun 12 14:44:14 2023]
rule AnalyzeCovariates:
    input: 03_bamPrep/father/father_ACC1-LIBR_L1.report, 03_bamPrep/father/father_ACC1-LIBR_L1_pqsr.report
    output: 03_bamPrep/father/QC/father_ACC1-LIBR_L1.pdf
    jobid: 24
    reason: Missing output files: 03_bamPrep/father/QC/father_ACC1-LIBR_L1.pdf; Input files updated by another job: 03_bamPrep/father/father_ACC1-LIBR_L1_pqsr.report, 03_bamPrep/father/father_ACC1-LIBR_L1.report
    wildcards: sample=father, unit=ACC1-LIBR_L1
    threads: 2
    resources: tmpdir=/tmp, mem_mb=2048, mem_mib=1954, cores=2, mem_gb=2, nodes=1, time=120

[Mon Jun 12 14:44:22 2023]
Finished job 27.
46 of 74 steps (62%) done
Select jobs to execute...

[Mon Jun 12 14:44:22 2023]
rule AnalyzeCovariates:
    input: 03_bamPrep/father/father_ACC1-LIBR_L2.report, 03_bamPrep/father/father_ACC1-LIBR_L2_pqsr.report
    output: 03_bamPrep/father/QC/father_ACC1-LIBR_L2.pdf
    jobid: 26
    reason: Missing output files: 03_bamPrep/father/QC/father_ACC1-LIBR_L2.pdf; Input files updated by another job: 03_bamPrep/father/father_ACC1-LIBR_L2.report, 03_bamPrep/father/father_ACC1-LIBR_L2_pqsr.report
    wildcards: sample=father, unit=ACC1-LIBR_L2
    threads: 2
    resources: tmpdir=/tmp, mem_mb=2048, mem_mib=1954, cores=2, mem_gb=2, nodes=1, time=120

[Mon Jun 12 14:44:23 2023]
Finished job 24.
47 of 74 steps (64%) done
[Mon Jun 12 14:44:32 2023]
Finished job 26.
48 of 74 steps (65%) done
[Mon Jun 12 14:44:40 2023]
Finished job 72.
49 of 74 steps (66%) done
[Mon Jun 12 14:44:43 2023]
Finished job 68.
50 of 74 steps (68%) done
[Mon Jun 12 14:44:56 2023]
Finished job 87.
51 of 74 steps (69%) done
Select jobs to execute...

[Mon Jun 12 14:44:56 2023]
rule HaplotypeCaller:
    input: 03_bamPrep/merged_bams/mother.pqsr.bam
    output: 04_calling/mother_raw.gvcf.gz
    jobid: 86
    reason: Missing output files: 04_calling/mother_raw.gvcf.gz; Input files updated by another job: 03_bamPrep/merged_bams/mother.pqsr.bam
    wildcards: sample=mother
    threads: 4
    resources: tmpdir=/tmp, mem_mb=8192, mem_mib=7813, cores=4, mem_gb=8, nodes=1, time=120

[Mon Jun 12 14:45:01 2023]
Finished job 79.
52 of 74 steps (70%) done
Select jobs to execute...

[Mon Jun 12 14:45:01 2023]
rule AnalyzeCovariates:
    input: 03_bamPrep/proband/proband_ACC2-LIBR2_L3.report, 03_bamPrep/proband/proband_ACC2-LIBR2_L3_pqsr.report
    output: 03_bamPrep/proband/QC/proband_ACC2-LIBR2_L3.pdf
    jobid: 78
    reason: Missing output files: 03_bamPrep/proband/QC/proband_ACC2-LIBR2_L3.pdf; Input files updated by another job: 03_bamPrep/proband/proband_ACC2-LIBR2_L3.report, 03_bamPrep/proband/proband_ACC2-LIBR2_L3_pqsr.report
    wildcards: sample=proband, unit=ACC2-LIBR2_L3
    threads: 2
    resources: tmpdir=/tmp, mem_mb=2048, mem_mib=1954, cores=2, mem_gb=2, nodes=1, time=120

[Mon Jun 12 14:45:03 2023]
Finished job 77.
53 of 74 steps (72%) done
Select jobs to execute...

[Mon Jun 12 14:45:03 2023]
rule AnalyzeCovariates:
    input: 03_bamPrep/proband/proband_ACC1-LIBR_L1.report, 03_bamPrep/proband/proband_ACC1-LIBR_L1_pqsr.report
    output: 03_bamPrep/proband/QC/proband_ACC1-LIBR_L1.pdf
    jobid: 76
    reason: Missing output files: 03_bamPrep/proband/QC/proband_ACC1-LIBR_L1.pdf; Input files updated by another job: 03_bamPrep/proband/proband_ACC1-LIBR_L1.report, 03_bamPrep/proband/proband_ACC1-LIBR_L1_pqsr.report
    wildcards: sample=proband, unit=ACC1-LIBR_L1
    threads: 2
    resources: tmpdir=/tmp, mem_mb=2048, mem_mib=1954, cores=2, mem_gb=2, nodes=1, time=120

[Mon Jun 12 14:45:08 2023]
Finished job 78.
54 of 74 steps (73%) done
[Mon Jun 12 14:45:10 2023]
Finished job 76.
55 of 74 steps (74%) done
[Mon Jun 12 14:45:52 2023]
Finished job 85.
56 of 74 steps (76%) done
Select jobs to execute...

[Mon Jun 12 14:45:52 2023]
rule HaplotypeCaller:
    input: 03_bamPrep/merged_bams/father.pqsr.bam
    output: 04_calling/father_raw.gvcf.gz
    jobid: 84
    reason: Missing output files: 04_calling/father_raw.gvcf.gz; Input files updated by another job: 03_bamPrep/merged_bams/father.pqsr.bam
    wildcards: sample=father
    threads: 4
    resources: tmpdir=/tmp, mem_mb=8192, mem_mib=7813, cores=4, mem_gb=8, nodes=1, time=120

[Mon Jun 12 14:46:48 2023]
Finished job 89.
57 of 74 steps (77%) done
Select jobs to execute...

[Mon Jun 12 14:46:48 2023]
rule HaplotypeCaller:
    input: 03_bamPrep/merged_bams/proband.pqsr.bam
    output: 04_calling/proband_raw.gvcf.gz
    jobid: 88
    reason: Missing output files: 04_calling/proband_raw.gvcf.gz; Input files updated by another job: 03_bamPrep/merged_bams/proband.pqsr.bam
    wildcards: sample=proband
    threads: 4
    resources: tmpdir=/tmp, mem_mb=8192, mem_mib=7813, cores=4, mem_gb=8, nodes=1, time=120

[Mon Jun 12 14:48:01 2023]
Finished job 86.
58 of 74 steps (78%) done
Select jobs to execute...

[Mon Jun 12 14:48:01 2023]
rule VariantEval:
    input: 04_calling/mother_raw.gvcf.gz
    output: 04_calling/QC/mother.eval.grp
    jobid: 96
    reason: Missing output files: 04_calling/QC/mother.eval.grp; Input files updated by another job: 04_calling/mother_raw.gvcf.gz
    wildcards: sample=mother
    resources: tmpdir=/tmp, mem_mb=2048, mem_mib=1954, cores=1, mem_gb=2, nodes=1, time=120

[Mon Jun 12 14:48:08 2023]
Finished job 96.
59 of 74 steps (80%) done
[Mon Jun 12 14:49:13 2023]
Finished job 84.
60 of 74 steps (81%) done
Select jobs to execute...

[Mon Jun 12 14:49:13 2023]
rule VariantEval:
    input: 04_calling/father_raw.gvcf.gz
    output: 04_calling/QC/father.eval.grp
    jobid: 95
    reason: Missing output files: 04_calling/QC/father.eval.grp; Input files updated by another job: 04_calling/father_raw.gvcf.gz
    wildcards: sample=father
    resources: tmpdir=/tmp, mem_mb=2048, mem_mib=1954, cores=1, mem_gb=2, nodes=1, time=120

[Mon Jun 12 14:49:20 2023]
Finished job 95.
61 of 74 steps (82%) done
[Mon Jun 12 14:50:09 2023]
Finished job 88.
62 of 74 steps (84%) done
Select jobs to execute...

[Mon Jun 12 14:50:09 2023]
rule VariantEval:
    input: 04_calling/proband_raw.gvcf.gz
    output: 04_calling/QC/proband.eval.grp
    jobid: 97
    reason: Missing output files: 04_calling/QC/proband.eval.grp; Input files updated by another job: 04_calling/proband_raw.gvcf.gz
    wildcards: sample=proband
    resources: tmpdir=/tmp, mem_mb=2048, mem_mib=1954, cores=1, mem_gb=2, nodes=1, time=120


[Mon Jun 12 14:50:09 2023]
rule combine_gvcf:
    input: 04_calling/father_raw.gvcf.gz, 04_calling/father_raw.gvcf.gz, 04_calling/mother_raw.gvcf.gz, 04_calling/mother_raw.gvcf.gz, 04_calling/proband_raw.gvcf.gz, 04_calling/proband_raw.gvcf.gz
    output: 04_calling/variants.gvcf.gz
    jobid: 83
    reason: Missing output files: 04_calling/variants.gvcf.gz; Input files updated by another job: 04_calling/mother_raw.gvcf.gz, 04_calling/proband_raw.gvcf.gz, 04_calling/father_raw.gvcf.gz
    resources: tmpdir=/tmp, mem_mb=2048, mem_mib=1954, cores=1, mem_gb=2, nodes=1, time=120

[Mon Jun 12 14:50:12 2023]
Error in rule combine_gvcf:
    jobid: 83
    input: 04_calling/father_raw.gvcf.gz, 04_calling/father_raw.gvcf.gz, 04_calling/mother_raw.gvcf.gz, 04_calling/mother_raw.gvcf.gz, 04_calling/proband_raw.gvcf.gz, 04_calling/proband_raw.gvcf.gz
    output: 04_calling/variants.gvcf.gz
    conda-env: /home/marc/Desktop/output_new_wes_gatk/.snakemake/conda/c3f02c60b62d43585716da5f0375f09d_
    shell:
        
        gatk CombineGVCFs             -R /home/marc/Desktop/data/refs/fa/hg38/hg38.fa              --variant 04_calling/father_raw.gvcf.gz  --variant 04_calling/father_raw.gvcf.gz  --variant 04_calling/mother_raw.gvcf.gz  --variant 04_calling/mother_raw.gvcf.gz  --variant 04_calling/proband_raw.gvcf.gz  --variant 04_calling/proband_raw.gvcf.gz             -O 04_calling/variants.gvcf.gz
        
        (one of the commands exited with non-zero exit code; note that snakemake uses bash strict mode!)

[Mon Jun 12 14:50:15 2023]
Finished job 97.
63 of 74 steps (85%) done
Shutting down, this might take some time.
Exiting because a job execution failed. Look above for error message
Complete log: ../../wes_gatk/workflow/.snakemake/log/2023-06-12T143703.699433.snakemake.log
