Building DAG of jobs...
Using shell: /bin/bash
Provided cores: 32
Rules claiming more threads will be scaled down.
Conda environments: ignored
Job stats:
job                       count    min threads    max threads
----------------------  -------  -------------  -------------
AnalyzeCovariates             6              2              2
Annovar                       1              4              4
BaseRecalibrator              6              4              4
Fastqc                       12              2              2
HaplotypeCaller               3              4              4
MergeSamFiles                 3              1              1
Nirvana                       1              1              1
QC_alignment                  6              1              1
Split_variants_idnel          1              1              1
Split_variants_snp            1              1              1
VariantEval                   3              1              1
all                           1              1              1
applyBaseRecalibrator         6              1              1
bcftools_stats                1              1              1
bqsr_calibrated_report        6              1              1
bwa_align                     6              4              4
combine_gvcf                  1              1              1
consequence                   1              1              1
genotype_gvcfs                1              4              4
gunzip_trimmomatic            6              1              1
mrk_duplicates                6              1              1
multiqc                       1              1              1
plot_bcftools_stats           1              1              1
qualimap                      6              2              2
sort_and_convert_sam          6              1              1
trimmomatic                   2              4              4
total                        94              1              4

Select jobs to execute...

[Mon Jun 12 13:52:07 2023]
rule Fastqc:
    input: 00_trimmomatic/proband/proband_ACC2-LIBR2_L3_2.trimmed.fastq.gz
    output: 01_QC/proband/proband_ACC2-LIBR2_L3_2.trimmed_fastqc.zip, 01_QC/proband/proband_ACC2-LIBR2_L3_2.trimmed_fastqc.html
    log: logs/QC/QC_proband_ACC2-LIBR2_L3_2.log
    jobid: 59
    benchmark: benchamrks/QC/proband/proband_ACC2-LIBR2_L3_2_fastqc.txt
    reason: Missing output files: 01_QC/proband/proband_ACC2-LIBR2_L3_2.trimmed_fastqc.zip
    wildcards: sample=proband, unit=ACC2-LIBR2_L3, R=2
    threads: 2
    resources: tmpdir=/tmp, mem_mb=2048, mem_mib=1954, cores=2, mem_gb=2, nodes=1, time=120


[Mon Jun 12 13:52:07 2023]
rule Fastqc:
    input: 00_trimmomatic/father/father_ACC1-LIBR_L2_1.trimmed.fastq.gz
    output: 01_QC/father/father_ACC1-LIBR_L2_1.trimmed_fastqc.zip, 01_QC/father/father_ACC1-LIBR_L2_1.trimmed_fastqc.html
    log: logs/QC/QC_father_ACC1-LIBR_L2_1.log
    jobid: 5
    benchmark: benchamrks/QC/father/father_ACC1-LIBR_L2_1_fastqc.txt
    reason: Missing output files: 01_QC/father/father_ACC1-LIBR_L2_1.trimmed_fastqc.zip
    wildcards: sample=father, unit=ACC1-LIBR_L2, R=1
    threads: 2
    resources: tmpdir=/tmp, mem_mb=2048, mem_mib=1954, cores=2, mem_gb=2, nodes=1, time=120


[Mon Jun 12 13:52:07 2023]
rule gunzip_trimmomatic:
    input: 00_trimmomatic/father/father_ACC1-LIBR_L2_1.trimmed.fastq.gz, 00_trimmomatic/father/father_ACC1-LIBR_L2_2.trimmed.fastq.gz
    output: 00_trimmomatic/father/father_ACC1-LIBR_L2_1.trimmed.fastq, 00_trimmomatic/father/father_ACC1-LIBR_L2_2.trimmed.fastq
    jobid: 15
    reason: Missing output files: 00_trimmomatic/father/father_ACC1-LIBR_L2_1.trimmed.fastq, 00_trimmomatic/father/father_ACC1-LIBR_L2_2.trimmed.fastq
    wildcards: sample=father, unit=ACC1-LIBR_L2
    resources: tmpdir=/tmp, mem_mb=2048, mem_mib=1954, cores=1, mem_gb=2, nodes=1, time=120


[Mon Jun 12 13:52:07 2023]
rule gunzip_trimmomatic:
    input: 00_trimmomatic/proband/proband_ACC1-LIBR_L1_1.trimmed.fastq.gz, 00_trimmomatic/proband/proband_ACC1-LIBR_L1_2.trimmed.fastq.gz
    output: 00_trimmomatic/proband/proband_ACC1-LIBR_L1_1.trimmed.fastq, 00_trimmomatic/proband/proband_ACC1-LIBR_L1_2.trimmed.fastq
    jobid: 63
    reason: Missing output files: 00_trimmomatic/proband/proband_ACC1-LIBR_L1_1.trimmed.fastq, 00_trimmomatic/proband/proband_ACC1-LIBR_L1_2.trimmed.fastq
    wildcards: sample=proband, unit=ACC1-LIBR_L1
    resources: tmpdir=/tmp, mem_mb=2048, mem_mib=1954, cores=1, mem_gb=2, nodes=1, time=120


[Mon Jun 12 13:52:07 2023]
rule gunzip_trimmomatic:
    input: 00_trimmomatic/proband/proband_ACC2-LIBR2_L3_1.trimmed.fastq.gz, 00_trimmomatic/proband/proband_ACC2-LIBR2_L3_2.trimmed.fastq.gz
    output: 00_trimmomatic/proband/proband_ACC2-LIBR2_L3_1.trimmed.fastq, 00_trimmomatic/proband/proband_ACC2-LIBR2_L3_2.trimmed.fastq
    jobid: 67
    reason: Missing output files: 00_trimmomatic/proband/proband_ACC2-LIBR2_L3_2.trimmed.fastq, 00_trimmomatic/proband/proband_ACC2-LIBR2_L3_1.trimmed.fastq
    wildcards: sample=proband, unit=ACC2-LIBR2_L3
    resources: tmpdir=/tmp, mem_mb=2048, mem_mib=1954, cores=1, mem_gb=2, nodes=1, time=120


[Mon Jun 12 13:52:07 2023]
rule trimmomatic:
    input: /home/marc/Desktop/data/samples/complex_wes/mother_ACC2-LIBR2_L1_1.fq.gz, /home/marc/Desktop/data/samples/complex_wes/mother_ACC2-LIBR2_L1_2.fq.gz
    output: logs/trimmomatic/mother/mother_ACC2-LIBR2_L1.log, logs/trimmomatic/mother/mother_ACC2-LIBR2_L1.summary, 00_trimmomatic/mother/mother_ACC2-LIBR2_L1_1.trimmed.fastq.gz, 00_trimmomatic/mother/mother_ACC2-LIBR2_L1_2.trimmed.fastq.gz, 00_trimmomatic/mother/mother_ACC2-LIBR2_L1-U_1.trimmed.fastq.gz, 00_trimmomatic/mother/mother_ACC2-LIBR2_L1-U_2.trimmed.fastq.gz
    log: logs/trimmomatic/mother/mother_ACC2-LIBR2_L1.txt
    jobid: 32
    benchmark: benchamrks/QC/mother/mother_ACC2-LIBR2_L1_trim.txt
    reason: Missing output files: 00_trimmomatic/mother/mother_ACC2-LIBR2_L1_2.trimmed.fastq.gz, 00_trimmomatic/mother/mother_ACC2-LIBR2_L1_1.trimmed.fastq.gz
    wildcards: sample=mother, unit=ACC2-LIBR2_L1
    threads: 4
    resources: tmpdir=/tmp, mem_mb=5120, mem_mib=4883, cores=4, mem_gb=5, nodes=1, time=120


[Mon Jun 12 13:52:07 2023]
rule gunzip_trimmomatic:
    input: 00_trimmomatic/father/father_ACC1-LIBR_L1_1.trimmed.fastq.gz, 00_trimmomatic/father/father_ACC1-LIBR_L1_2.trimmed.fastq.gz
    output: 00_trimmomatic/father/father_ACC1-LIBR_L1_1.trimmed.fastq, 00_trimmomatic/father/father_ACC1-LIBR_L1_2.trimmed.fastq
    jobid: 11
    reason: Missing output files: 00_trimmomatic/father/father_ACC1-LIBR_L1_1.trimmed.fastq, 00_trimmomatic/father/father_ACC1-LIBR_L1_2.trimmed.fastq
    wildcards: sample=father, unit=ACC1-LIBR_L1
    resources: tmpdir=/tmp, mem_mb=2048, mem_mib=1954, cores=1, mem_gb=2, nodes=1, time=120


[Mon Jun 12 13:52:07 2023]
rule Fastqc:
    input: 00_trimmomatic/proband/proband_ACC1-LIBR_L1_1.trimmed.fastq.gz
    output: 01_QC/proband/proband_ACC1-LIBR_L1_1.trimmed_fastqc.zip, 01_QC/proband/proband_ACC1-LIBR_L1_1.trimmed_fastqc.html
    log: logs/QC/QC_proband_ACC1-LIBR_L1_1.log
    jobid: 54
    benchmark: benchamrks/QC/proband/proband_ACC1-LIBR_L1_1_fastqc.txt
    reason: Missing output files: 01_QC/proband/proband_ACC1-LIBR_L1_1.trimmed_fastqc.zip
    wildcards: sample=proband, unit=ACC1-LIBR_L1, R=1
    threads: 2
    resources: tmpdir=/tmp, mem_mb=2048, mem_mib=1954, cores=2, mem_gb=2, nodes=1, time=120


[Mon Jun 12 13:52:07 2023]
rule Fastqc:
    input: 00_trimmomatic/proband/proband_ACC1-LIBR_L1_2.trimmed.fastq.gz
    output: 01_QC/proband/proband_ACC1-LIBR_L1_2.trimmed_fastqc.zip, 01_QC/proband/proband_ACC1-LIBR_L1_2.trimmed_fastqc.html
    log: logs/QC/QC_proband_ACC1-LIBR_L1_2.log
    jobid: 56
    benchmark: benchamrks/QC/proband/proband_ACC1-LIBR_L1_2_fastqc.txt
    reason: Missing output files: 01_QC/proband/proband_ACC1-LIBR_L1_2.trimmed_fastqc.zip
    wildcards: sample=proband, unit=ACC1-LIBR_L1, R=2
    threads: 2
    resources: tmpdir=/tmp, mem_mb=2048, mem_mib=1954, cores=2, mem_gb=2, nodes=1, time=120


[Mon Jun 12 13:52:07 2023]
rule Fastqc:
    input: 00_trimmomatic/father/father_ACC1-LIBR_L1_1.trimmed.fastq.gz
    output: 01_QC/father/father_ACC1-LIBR_L1_1.trimmed_fastqc.zip, 01_QC/father/father_ACC1-LIBR_L1_1.trimmed_fastqc.html
    log: logs/QC/QC_father_ACC1-LIBR_L1_1.log
    jobid: 2
    benchmark: benchamrks/QC/father/father_ACC1-LIBR_L1_1_fastqc.txt
    reason: Missing output files: 01_QC/father/father_ACC1-LIBR_L1_1.trimmed_fastqc.zip
    wildcards: sample=father, unit=ACC1-LIBR_L1, R=1
    threads: 2
    resources: tmpdir=/tmp, mem_mb=2048, mem_mib=1954, cores=2, mem_gb=2, nodes=1, time=120


[Mon Jun 12 13:52:07 2023]
rule Fastqc:
    input: 00_trimmomatic/father/father_ACC1-LIBR_L2_2.trimmed.fastq.gz
    output: 01_QC/father/father_ACC1-LIBR_L2_2.trimmed_fastqc.zip, 01_QC/father/father_ACC1-LIBR_L2_2.trimmed_fastqc.html
    log: logs/QC/QC_father_ACC1-LIBR_L2_2.log
    jobid: 7
    benchmark: benchamrks/QC/father/father_ACC1-LIBR_L2_2_fastqc.txt
    reason: Missing output files: 01_QC/father/father_ACC1-LIBR_L2_2.trimmed_fastqc.zip
    wildcards: sample=father, unit=ACC1-LIBR_L2, R=2
    threads: 2
    resources: tmpdir=/tmp, mem_mb=2048, mem_mib=1954, cores=2, mem_gb=2, nodes=1, time=120


[Mon Jun 12 13:52:07 2023]
rule trimmomatic:
    input: /home/marc/Desktop/data/samples/complex_wes/mother_ACC1-LIBR_L1_1.fq.gz, /home/marc/Desktop/data/samples/complex_wes/mother_ACC1-LIBR_L1_2.fq.gz
    output: logs/trimmomatic/mother/mother_ACC1-LIBR_L1.log, logs/trimmomatic/mother/mother_ACC1-LIBR_L1.summary, 00_trimmomatic/mother/mother_ACC1-LIBR_L1_1.trimmed.fastq.gz, 00_trimmomatic/mother/mother_ACC1-LIBR_L1_2.trimmed.fastq.gz, 00_trimmomatic/mother/mother_ACC1-LIBR_L1-U_1.trimmed.fastq.gz, 00_trimmomatic/mother/mother_ACC1-LIBR_L1-U_2.trimmed.fastq.gz
    log: logs/trimmomatic/mother/mother_ACC1-LIBR_L1.txt
    jobid: 29
    benchmark: benchamrks/QC/mother/mother_ACC1-LIBR_L1_trim.txt
    reason: Missing output files: 00_trimmomatic/mother/mother_ACC1-LIBR_L1_1.trimmed.fastq.gz, 00_trimmomatic/mother/mother_ACC1-LIBR_L1_2.trimmed.fastq.gz
    wildcards: sample=mother, unit=ACC1-LIBR_L1
    threads: 4
    resources: tmpdir=/tmp, mem_mb=5120, mem_mib=4883, cores=4, mem_gb=5, nodes=1, time=120


[Mon Jun 12 13:52:07 2023]
rule Fastqc:
    input: 00_trimmomatic/father/father_ACC1-LIBR_L1_2.trimmed.fastq.gz
    output: 01_QC/father/father_ACC1-LIBR_L1_2.trimmed_fastqc.zip, 01_QC/father/father_ACC1-LIBR_L1_2.trimmed_fastqc.html
    log: logs/QC/QC_father_ACC1-LIBR_L1_2.log
    jobid: 4
    benchmark: benchamrks/QC/father/father_ACC1-LIBR_L1_2_fastqc.txt
    reason: Missing output files: 01_QC/father/father_ACC1-LIBR_L1_2.trimmed_fastqc.zip
    wildcards: sample=father, unit=ACC1-LIBR_L1, R=2
    threads: 2
    resources: tmpdir=/tmp, mem_mb=2048, mem_mib=1954, cores=2, mem_gb=2, nodes=1, time=120


[Mon Jun 12 13:52:07 2023]
rule Fastqc:
    input: 00_trimmomatic/proband/proband_ACC2-LIBR2_L3_1.trimmed.fastq.gz
    output: 01_QC/proband/proband_ACC2-LIBR2_L3_1.trimmed_fastqc.zip, 01_QC/proband/proband_ACC2-LIBR2_L3_1.trimmed_fastqc.html
    log: logs/QC/QC_proband_ACC2-LIBR2_L3_1.log
    jobid: 57
    benchmark: benchamrks/QC/proband/proband_ACC2-LIBR2_L3_1_fastqc.txt
    reason: Missing output files: 01_QC/proband/proband_ACC2-LIBR2_L3_1.trimmed_fastqc.zip
    wildcards: sample=proband, unit=ACC2-LIBR2_L3, R=1
    threads: 2
    resources: tmpdir=/tmp, mem_mb=2048, mem_mib=1954, cores=2, mem_gb=2, nodes=1, time=120

[Mon Jun 12 13:52:16 2023]
Finished job 11.
1 of 94 steps (1%) done
Select jobs to execute...

[Mon Jun 12 13:52:16 2023]
rule bwa_align:
    input: 00_trimmomatic/father/father_ACC1-LIBR_L1_1.trimmed.fastq, 00_trimmomatic/father/father_ACC1-LIBR_L1_2.trimmed.fastq
    output: 02_alignment/father/father_ACC1-LIBR_L1.bam
    log: logs/bwa/father/father_ACC1-LIBR_L1_bwa.log
    jobid: 10
    benchmark: benchamrks/father/father_ACC1-LIBR_L1_bwa.txt
    reason: Missing output files: 02_alignment/father/father_ACC1-LIBR_L1.bam; Input files updated by another job: 00_trimmomatic/father/father_ACC1-LIBR_L1_1.trimmed.fastq, 00_trimmomatic/father/father_ACC1-LIBR_L1_2.trimmed.fastq
    wildcards: sample=father, unit=ACC1-LIBR_L1
    threads: 4
    resources: tmpdir=/tmp, mem_mb=32768, mem_mib=31250, cores=4, mem_gb=32, nodes=1, time=120

[Mon Jun 12 13:52:16 2023]
Finished job 15.
2 of 94 steps (2%) done
Select jobs to execute...
[Mon Jun 12 13:52:17 2023]
Finished job 63.
3 of 94 steps (3%) done
[Mon Jun 12 13:52:17 2023]
Finished job 67.
4 of 94 steps (4%) done

[Mon Jun 12 13:52:17 2023]
rule bwa_align:
    input: 00_trimmomatic/proband/proband_ACC1-LIBR_L1_1.trimmed.fastq, 00_trimmomatic/proband/proband_ACC1-LIBR_L1_2.trimmed.fastq
    output: 02_alignment/proband/proband_ACC1-LIBR_L1.bam
    log: logs/bwa/proband/proband_ACC1-LIBR_L1_bwa.log
    jobid: 62
    benchmark: benchamrks/proband/proband_ACC1-LIBR_L1_bwa.txt
    reason: Missing output files: 02_alignment/proband/proband_ACC1-LIBR_L1.bam; Input files updated by another job: 00_trimmomatic/proband/proband_ACC1-LIBR_L1_1.trimmed.fastq, 00_trimmomatic/proband/proband_ACC1-LIBR_L1_2.trimmed.fastq
    wildcards: sample=proband, unit=ACC1-LIBR_L1
    threads: 4
    resources: tmpdir=/tmp, mem_mb=32768, mem_mib=31250, cores=4, mem_gb=32, nodes=1, time=120

[Mon Jun 12 13:52:25 2023]
Finished job 2.
5 of 94 steps (5%) done
Select jobs to execute...
[Mon Jun 12 13:52:25 2023]
Finished job 7.
6 of 94 steps (6%) done

[Mon Jun 12 13:52:26 2023]
rule bwa_align:
    input: 00_trimmomatic/father/father_ACC1-LIBR_L2_1.trimmed.fastq, 00_trimmomatic/father/father_ACC1-LIBR_L2_2.trimmed.fastq
    output: 02_alignment/father/father_ACC1-LIBR_L2.bam
    log: logs/bwa/father/father_ACC1-LIBR_L2_bwa.log
    jobid: 14
    benchmark: benchamrks/father/father_ACC1-LIBR_L2_bwa.txt
    reason: Missing output files: 02_alignment/father/father_ACC1-LIBR_L2.bam; Input files updated by another job: 00_trimmomatic/father/father_ACC1-LIBR_L2_1.trimmed.fastq, 00_trimmomatic/father/father_ACC1-LIBR_L2_2.trimmed.fastq
    wildcards: sample=father, unit=ACC1-LIBR_L2
    threads: 4
    resources: tmpdir=/tmp, mem_mb=32768, mem_mib=31250, cores=4, mem_gb=32, nodes=1, time=120

[Mon Jun 12 13:52:26 2023]
Finished job 5.
7 of 94 steps (7%) done
Select jobs to execute...
[Mon Jun 12 13:52:27 2023]
Finished job 4.
8 of 94 steps (9%) done

[Mon Jun 12 13:52:27 2023]
rule bwa_align:
    input: 00_trimmomatic/proband/proband_ACC2-LIBR2_L3_1.trimmed.fastq, 00_trimmomatic/proband/proband_ACC2-LIBR2_L3_2.trimmed.fastq
    output: 02_alignment/proband/proband_ACC2-LIBR2_L3.bam
    log: logs/bwa/proband/proband_ACC2-LIBR2_L3_bwa.log
    jobid: 66
    benchmark: benchamrks/proband/proband_ACC2-LIBR2_L3_bwa.txt
    reason: Missing output files: 02_alignment/proband/proband_ACC2-LIBR2_L3.bam; Input files updated by another job: 00_trimmomatic/proband/proband_ACC2-LIBR2_L3_2.trimmed.fastq, 00_trimmomatic/proband/proband_ACC2-LIBR2_L3_1.trimmed.fastq
    wildcards: sample=proband, unit=ACC2-LIBR2_L3
    threads: 4
    resources: tmpdir=/tmp, mem_mb=32768, mem_mib=31250, cores=4, mem_gb=32, nodes=1, time=120

[Mon Jun 12 13:52:27 2023]
Finished job 59.
9 of 94 steps (10%) done
[Mon Jun 12 13:52:27 2023]
Finished job 54.
10 of 94 steps (11%) done
[Mon Jun 12 13:52:27 2023]
Finished job 56.
11 of 94 steps (12%) done
[Mon Jun 12 13:52:28 2023]
Finished job 57.
12 of 94 steps (13%) done
[Mon Jun 12 13:53:57 2023]
Finished job 32.
13 of 94 steps (14%) done
Removing temporary output 00_trimmomatic/mother/mother_ACC2-LIBR2_L1-U_1.trimmed.fastq.gz.
Removing temporary output 00_trimmomatic/mother/mother_ACC2-LIBR2_L1-U_2.trimmed.fastq.gz.
Select jobs to execute...

[Mon Jun 12 13:53:57 2023]
rule gunzip_trimmomatic:
    input: 00_trimmomatic/mother/mother_ACC2-LIBR2_L1_1.trimmed.fastq.gz, 00_trimmomatic/mother/mother_ACC2-LIBR2_L1_2.trimmed.fastq.gz
    output: 00_trimmomatic/mother/mother_ACC2-LIBR2_L1_1.trimmed.fastq, 00_trimmomatic/mother/mother_ACC2-LIBR2_L1_2.trimmed.fastq
    jobid: 41
    reason: Input files updated by another job: 00_trimmomatic/mother/mother_ACC2-LIBR2_L1_2.trimmed.fastq.gz, 00_trimmomatic/mother/mother_ACC2-LIBR2_L1_1.trimmed.fastq.gz
    wildcards: sample=mother, unit=ACC2-LIBR2_L1
    resources: tmpdir=/tmp, mem_mb=2048, mem_mib=1954, cores=1, mem_gb=2, nodes=1, time=120


[Mon Jun 12 13:53:58 2023]
rule Fastqc:
    input: 00_trimmomatic/mother/mother_ACC2-LIBR2_L1_1.trimmed.fastq.gz
    output: 01_QC/mother/mother_ACC2-LIBR2_L1_1.trimmed_fastqc.zip, 01_QC/mother/mother_ACC2-LIBR2_L1_1.trimmed_fastqc.html
    log: logs/QC/QC_mother_ACC2-LIBR2_L1_1.log
    jobid: 31
    benchmark: benchamrks/QC/mother/mother_ACC2-LIBR2_L1_1_fastqc.txt
    reason: Missing output files: 01_QC/mother/mother_ACC2-LIBR2_L1_1.trimmed_fastqc.zip; Input files updated by another job: 00_trimmomatic/mother/mother_ACC2-LIBR2_L1_1.trimmed.fastq.gz
    wildcards: sample=mother, unit=ACC2-LIBR2_L1, R=1
    threads: 2
    resources: tmpdir=/tmp, mem_mb=2048, mem_mib=1954, cores=2, mem_gb=2, nodes=1, time=120


[Mon Jun 12 13:53:58 2023]
rule Fastqc:
    input: 00_trimmomatic/mother/mother_ACC2-LIBR2_L1_2.trimmed.fastq.gz
    output: 01_QC/mother/mother_ACC2-LIBR2_L1_2.trimmed_fastqc.zip, 01_QC/mother/mother_ACC2-LIBR2_L1_2.trimmed_fastqc.html
    log: logs/QC/QC_mother_ACC2-LIBR2_L1_2.log
    jobid: 33
    benchmark: benchamrks/QC/mother/mother_ACC2-LIBR2_L1_2_fastqc.txt
    reason: Missing output files: 01_QC/mother/mother_ACC2-LIBR2_L1_2.trimmed_fastqc.zip; Input files updated by another job: 00_trimmomatic/mother/mother_ACC2-LIBR2_L1_2.trimmed.fastq.gz
    wildcards: sample=mother, unit=ACC2-LIBR2_L1, R=2
    threads: 2
    resources: tmpdir=/tmp, mem_mb=2048, mem_mib=1954, cores=2, mem_gb=2, nodes=1, time=120

[Mon Jun 12 13:54:06 2023]
Finished job 41.
14 of 94 steps (15%) done
Select jobs to execute...

[Mon Jun 12 13:54:06 2023]
rule bwa_align:
    input: 00_trimmomatic/mother/mother_ACC2-LIBR2_L1_1.trimmed.fastq, 00_trimmomatic/mother/mother_ACC2-LIBR2_L1_2.trimmed.fastq
    output: 02_alignment/mother/mother_ACC2-LIBR2_L1.bam
    log: logs/bwa/mother/mother_ACC2-LIBR2_L1_bwa.log
    jobid: 40
    benchmark: benchamrks/mother/mother_ACC2-LIBR2_L1_bwa.txt
    reason: Missing output files: 02_alignment/mother/mother_ACC2-LIBR2_L1.bam; Input files updated by another job: 00_trimmomatic/mother/mother_ACC2-LIBR2_L1_2.trimmed.fastq, 00_trimmomatic/mother/mother_ACC2-LIBR2_L1_1.trimmed.fastq
    wildcards: sample=mother, unit=ACC2-LIBR2_L1
    threads: 4
    resources: tmpdir=/tmp, mem_mb=32768, mem_mib=31250, cores=4, mem_gb=32, nodes=1, time=120

[Mon Jun 12 13:54:07 2023]
Finished job 29.
15 of 94 steps (16%) done
Removing temporary output 00_trimmomatic/mother/mother_ACC1-LIBR_L1-U_1.trimmed.fastq.gz.
Removing temporary output 00_trimmomatic/mother/mother_ACC1-LIBR_L1-U_2.trimmed.fastq.gz.
Select jobs to execute...

[Mon Jun 12 13:54:07 2023]
rule Fastqc:
    input: 00_trimmomatic/mother/mother_ACC1-LIBR_L1_2.trimmed.fastq.gz
    output: 01_QC/mother/mother_ACC1-LIBR_L1_2.trimmed_fastqc.zip, 01_QC/mother/mother_ACC1-LIBR_L1_2.trimmed_fastqc.html
    log: logs/QC/QC_mother_ACC1-LIBR_L1_2.log
    jobid: 30
    benchmark: benchamrks/QC/mother/mother_ACC1-LIBR_L1_2_fastqc.txt
    reason: Missing output files: 01_QC/mother/mother_ACC1-LIBR_L1_2.trimmed_fastqc.zip; Input files updated by another job: 00_trimmomatic/mother/mother_ACC1-LIBR_L1_2.trimmed.fastq.gz
    wildcards: sample=mother, unit=ACC1-LIBR_L1, R=2
    threads: 2
    resources: tmpdir=/tmp, mem_mb=2048, mem_mib=1954, cores=2, mem_gb=2, nodes=1, time=120


[Mon Jun 12 13:54:07 2023]
rule Fastqc:
    input: 00_trimmomatic/mother/mother_ACC1-LIBR_L1_1.trimmed.fastq.gz
    output: 01_QC/mother/mother_ACC1-LIBR_L1_1.trimmed_fastqc.zip, 01_QC/mother/mother_ACC1-LIBR_L1_1.trimmed_fastqc.html
    log: logs/QC/QC_mother_ACC1-LIBR_L1_1.log
    jobid: 28
    benchmark: benchamrks/QC/mother/mother_ACC1-LIBR_L1_1_fastqc.txt
    reason: Missing output files: 01_QC/mother/mother_ACC1-LIBR_L1_1.trimmed_fastqc.zip; Input files updated by another job: 00_trimmomatic/mother/mother_ACC1-LIBR_L1_1.trimmed.fastq.gz
    wildcards: sample=mother, unit=ACC1-LIBR_L1, R=1
    threads: 2
    resources: tmpdir=/tmp, mem_mb=2048, mem_mib=1954, cores=2, mem_gb=2, nodes=1, time=120


[Mon Jun 12 13:54:07 2023]
rule gunzip_trimmomatic:
    input: 00_trimmomatic/mother/mother_ACC1-LIBR_L1_1.trimmed.fastq.gz, 00_trimmomatic/mother/mother_ACC1-LIBR_L1_2.trimmed.fastq.gz
    output: 00_trimmomatic/mother/mother_ACC1-LIBR_L1_1.trimmed.fastq, 00_trimmomatic/mother/mother_ACC1-LIBR_L1_2.trimmed.fastq
    jobid: 37
    reason: Input files updated by another job: 00_trimmomatic/mother/mother_ACC1-LIBR_L1_1.trimmed.fastq.gz, 00_trimmomatic/mother/mother_ACC1-LIBR_L1_2.trimmed.fastq.gz
    wildcards: sample=mother, unit=ACC1-LIBR_L1
    resources: tmpdir=/tmp, mem_mb=2048, mem_mib=1954, cores=1, mem_gb=2, nodes=1, time=120

Waiting at most 5 seconds for missing files.
MissingOutputException in rule bwa_align in file /home/marc/wes_gatk/workflow/rules/alignment.smk, line 47:
Job 10  completed successfully, but some output files are missing. Missing files after 5 seconds. This might be due to filesystem latency. If that is the case, consider to increase the wait time with --latency-wait:
02_alignment/father/father_ACC1-LIBR_L1.bam
[Mon Jun 12 13:54:16 2023]
Finished job 37.
16 of 94 steps (17%) done
[Mon Jun 12 13:54:16 2023]
Finished job 33.
17 of 94 steps (18%) done
[Mon Jun 12 13:54:17 2023]
Finished job 31.
18 of 94 steps (19%) done
[Mon Jun 12 13:54:24 2023]
Finished job 28.
19 of 94 steps (20%) done
[Mon Jun 12 13:54:24 2023]
Finished job 30.
20 of 94 steps (21%) done
Waiting at most 5 seconds for missing files.
MissingOutputException in rule bwa_align in file /home/marc/wes_gatk/workflow/rules/alignment.smk, line 47:
Job 14  completed successfully, but some output files are missing. Missing files after 5 seconds. This might be due to filesystem latency. If that is the case, consider to increase the wait time with --latency-wait:
02_alignment/father/father_ACC1-LIBR_L2.bam
Waiting at most 5 seconds for missing files.
MissingOutputException in rule bwa_align in file /home/marc/wes_gatk/workflow/rules/alignment.smk, line 47:
Job 62  completed successfully, but some output files are missing. Missing files after 5 seconds. This might be due to filesystem latency. If that is the case, consider to increase the wait time with --latency-wait:
02_alignment/proband/proband_ACC1-LIBR_L1.bam
Waiting at most 5 seconds for missing files.
MissingOutputException in rule bwa_align in file /home/marc/wes_gatk/workflow/rules/alignment.smk, line 47:
Job 66  completed successfully, but some output files are missing. Missing files after 5 seconds. This might be due to filesystem latency. If that is the case, consider to increase the wait time with --latency-wait:
02_alignment/proband/proband_ACC2-LIBR2_L3.bam
Waiting at most 5 seconds for missing files.
MissingOutputException in rule bwa_align in file /home/marc/wes_gatk/workflow/rules/alignment.smk, line 47:
Job 40  completed successfully, but some output files are missing. Missing files after 5 seconds. This might be due to filesystem latency. If that is the case, consider to increase the wait time with --latency-wait:
02_alignment/mother/mother_ACC2-LIBR2_L1.bam
Shutting down, this might take some time.
Exiting because a job execution failed. Look above for error message
Complete log: ../../wes_gatk/workflow/.snakemake/log/2023-06-12T135206.374153.snakemake.log
