Building DAG of jobs...
Using shell: /bin/bash
Provided cores: 32
Rules claiming more threads will be scaled down.
Conda environments: ignored
Job stats:
job                       count    min threads    max threads
----------------------  -------  -------------  -------------
AnalyzeCovariates             6              2              2
Annovar                       1              4              4
BaseRecalibrator              6              4              4
HaplotypeCaller               3              4              4
MergeSamFiles                 3              1              1
Nirvana                       1              1              1
QC_alignment                  6              1              1
Split_variants_idnel          1              1              1
Split_variants_snp            1              1              1
VariantEval                   3              1              1
all                           1              1              1
applyBaseRecalibrator         6              1              1
bcftools_stats                1              1              1
bqsr_calibrated_report        6              1              1
bwa_align                     6              4              4
combine_gvcf                  1              1              1
consequence                   1              1              1
genotype_gvcfs                1              4              4
mrk_duplicates                6              1              1
multiqc                       1              1              1
plot_bcftools_stats           1              1              1
qualimap                      6              2              2
sort_and_convert_sam          6              1              1
total                        74              1              4

Select jobs to execute...

[Mon Jun 12 14:24:38 2023]
rule bwa_align:
    input: 00_trimmomatic/mother/mother_ACC2-LIBR2_L1_1.trimmed.fastq, 00_trimmomatic/mother/mother_ACC2-LIBR2_L1_2.trimmed.fastq
    output: 02_alignment/mother/mother_ACC2-LIBR2_L1.bam
    log: logs/bwa/mother/mother_ACC2-LIBR2_L1_bwa.log
    jobid: 40
    benchmark: benchamrks/mother/mother_ACC2-LIBR2_L1_bwa.txt
    reason: Missing output files: 02_alignment/mother/mother_ACC2-LIBR2_L1.bam
    wildcards: sample=mother, unit=ACC2-LIBR2_L1
    threads: 4
    resources: tmpdir=/tmp, mem_mb=32768, mem_mib=31250, cores=4, mem_gb=32, nodes=1, time=120


[Mon Jun 12 14:24:38 2023]
rule bwa_align:
    input: 00_trimmomatic/proband/proband_ACC2-LIBR2_L3_1.trimmed.fastq, 00_trimmomatic/proband/proband_ACC2-LIBR2_L3_2.trimmed.fastq
    output: 02_alignment/proband/proband_ACC2-LIBR2_L3.bam
    log: logs/bwa/proband/proband_ACC2-LIBR2_L3_bwa.log
    jobid: 66
    benchmark: benchamrks/proband/proband_ACC2-LIBR2_L3_bwa.txt
    reason: Missing output files: 02_alignment/proband/proband_ACC2-LIBR2_L3.bam
    wildcards: sample=proband, unit=ACC2-LIBR2_L3
    threads: 4
    resources: tmpdir=/tmp, mem_mb=32768, mem_mib=31250, cores=4, mem_gb=32, nodes=1, time=120


[Mon Jun 12 14:24:38 2023]
rule bwa_align:
    input: 00_trimmomatic/father/father_ACC1-LIBR_L2_1.trimmed.fastq, 00_trimmomatic/father/father_ACC1-LIBR_L2_2.trimmed.fastq
    output: 02_alignment/father/father_ACC1-LIBR_L2.bam
    log: logs/bwa/father/father_ACC1-LIBR_L2_bwa.log
    jobid: 14
    benchmark: benchamrks/father/father_ACC1-LIBR_L2_bwa.txt
    reason: Missing output files: 02_alignment/father/father_ACC1-LIBR_L2.bam
    wildcards: sample=father, unit=ACC1-LIBR_L2
    threads: 4
    resources: tmpdir=/tmp, mem_mb=32768, mem_mib=31250, cores=4, mem_gb=32, nodes=1, time=120


[Mon Jun 12 14:24:38 2023]
rule bwa_align:
    input: 00_trimmomatic/proband/proband_ACC1-LIBR_L1_1.trimmed.fastq, 00_trimmomatic/proband/proband_ACC1-LIBR_L1_2.trimmed.fastq
    output: 02_alignment/proband/proband_ACC1-LIBR_L1.bam
    log: logs/bwa/proband/proband_ACC1-LIBR_L1_bwa.log
    jobid: 62
    benchmark: benchamrks/proband/proband_ACC1-LIBR_L1_bwa.txt
    reason: Missing output files: 02_alignment/proband/proband_ACC1-LIBR_L1.bam
    wildcards: sample=proband, unit=ACC1-LIBR_L1
    threads: 4
    resources: tmpdir=/tmp, mem_mb=32768, mem_mib=31250, cores=4, mem_gb=32, nodes=1, time=120


[Mon Jun 12 14:24:38 2023]
rule bwa_align:
    input: 00_trimmomatic/father/father_ACC1-LIBR_L1_1.trimmed.fastq, 00_trimmomatic/father/father_ACC1-LIBR_L1_2.trimmed.fastq
    output: 02_alignment/father/father_ACC1-LIBR_L1.bam
    log: logs/bwa/father/father_ACC1-LIBR_L1_bwa.log
    jobid: 10
    benchmark: benchamrks/father/father_ACC1-LIBR_L1_bwa.txt
    reason: Missing output files: 02_alignment/father/father_ACC1-LIBR_L1.bam
    wildcards: sample=father, unit=ACC1-LIBR_L1
    threads: 4
    resources: tmpdir=/tmp, mem_mb=32768, mem_mib=31250, cores=4, mem_gb=32, nodes=1, time=120


[Mon Jun 12 14:24:38 2023]
rule bwa_align:
    input: 00_trimmomatic/mother/mother_ACC1-LIBR_L1_1.trimmed.fastq, 00_trimmomatic/mother/mother_ACC1-LIBR_L1_2.trimmed.fastq
    output: 02_alignment/mother/mother_ACC1-LIBR_L1.bam
    log: logs/bwa/mother/mother_ACC1-LIBR_L1_bwa.log
    jobid: 36
    benchmark: benchamrks/mother/mother_ACC1-LIBR_L1_bwa.txt
    reason: Missing output files: 02_alignment/mother/mother_ACC1-LIBR_L1.bam; Updated input files: 00_trimmomatic/mother/mother_ACC1-LIBR_L1_1.trimmed.fastq, 00_trimmomatic/mother/mother_ACC1-LIBR_L1_2.trimmed.fastq
    wildcards: sample=mother, unit=ACC1-LIBR_L1
    threads: 4
    resources: tmpdir=/tmp, mem_mb=32768, mem_mib=31250, cores=4, mem_gb=32, nodes=1, time=120

[Mon Jun 12 14:26:29 2023]
Finished job 36.
1 of 74 steps (1%) done
Select jobs to execute...

[Mon Jun 12 14:26:29 2023]
rule sort_and_convert_sam:
    input: 02_alignment/mother/mother_ACC1-LIBR_L1.bam
    output: 02_alignment/mother/mother_ACC1-LIBR_L1.sorted.bam
    jobid: 35
    reason: Missing output files: 02_alignment/mother/mother_ACC1-LIBR_L1.sorted.bam; Input files updated by another job: 02_alignment/mother/mother_ACC1-LIBR_L1.bam
    wildcards: sample=mother, unit=ACC1-LIBR_L1
    resources: tmpdir=/tmp, mem_mb=2048, mem_mib=1954, cores=1, mem_gb=2, nodes=1, time=120

[Mon Jun 12 14:26:33 2023]
Finished job 40.
2 of 74 steps (3%) done
Select jobs to execute...

[Mon Jun 12 14:26:33 2023]
rule sort_and_convert_sam:
    input: 02_alignment/mother/mother_ACC2-LIBR2_L1.bam
    output: 02_alignment/mother/mother_ACC2-LIBR2_L1.sorted.bam
    jobid: 39
    reason: Missing output files: 02_alignment/mother/mother_ACC2-LIBR2_L1.sorted.bam; Input files updated by another job: 02_alignment/mother/mother_ACC2-LIBR2_L1.bam
    wildcards: sample=mother, unit=ACC2-LIBR2_L1
    resources: tmpdir=/tmp, mem_mb=2048, mem_mib=1954, cores=1, mem_gb=2, nodes=1, time=120

[Mon Jun 12 14:26:46 2023]
Finished job 10.
3 of 74 steps (4%) done
Select jobs to execute...

[Mon Jun 12 14:26:46 2023]
rule sort_and_convert_sam:
    input: 02_alignment/father/father_ACC1-LIBR_L1.bam
    output: 02_alignment/father/father_ACC1-LIBR_L1.sorted.bam
    jobid: 9
    reason: Missing output files: 02_alignment/father/father_ACC1-LIBR_L1.sorted.bam; Input files updated by another job: 02_alignment/father/father_ACC1-LIBR_L1.bam
    wildcards: sample=father, unit=ACC1-LIBR_L1
    resources: tmpdir=/tmp, mem_mb=2048, mem_mib=1954, cores=1, mem_gb=2, nodes=1, time=120

[Mon Jun 12 14:26:47 2023]
Finished job 14.
4 of 74 steps (5%) done
Select jobs to execute...

[Mon Jun 12 14:26:47 2023]
rule sort_and_convert_sam:
    input: 02_alignment/father/father_ACC1-LIBR_L2.bam
    output: 02_alignment/father/father_ACC1-LIBR_L2.sorted.bam
    jobid: 13
    reason: Missing output files: 02_alignment/father/father_ACC1-LIBR_L2.sorted.bam; Input files updated by another job: 02_alignment/father/father_ACC1-LIBR_L2.bam
    wildcards: sample=father, unit=ACC1-LIBR_L2
    resources: tmpdir=/tmp, mem_mb=2048, mem_mib=1954, cores=1, mem_gb=2, nodes=1, time=120

[Mon Jun 12 14:26:59 2023]
Finished job 62.
5 of 74 steps (7%) done
Select jobs to execute...

[Mon Jun 12 14:26:59 2023]
rule sort_and_convert_sam:
    input: 02_alignment/proband/proband_ACC1-LIBR_L1.bam
    output: 02_alignment/proband/proband_ACC1-LIBR_L1.sorted.bam
    jobid: 61
    reason: Missing output files: 02_alignment/proband/proband_ACC1-LIBR_L1.sorted.bam; Input files updated by another job: 02_alignment/proband/proband_ACC1-LIBR_L1.bam
    wildcards: sample=proband, unit=ACC1-LIBR_L1
    resources: tmpdir=/tmp, mem_mb=2048, mem_mib=1954, cores=1, mem_gb=2, nodes=1, time=120

[Mon Jun 12 14:27:01 2023]
Finished job 66.
6 of 74 steps (8%) done
Select jobs to execute...

[Mon Jun 12 14:27:01 2023]
rule sort_and_convert_sam:
    input: 02_alignment/proband/proband_ACC2-LIBR2_L3.bam
    output: 02_alignment/proband/proband_ACC2-LIBR2_L3.sorted.bam
    jobid: 65
    reason: Missing output files: 02_alignment/proband/proband_ACC2-LIBR2_L3.sorted.bam; Input files updated by another job: 02_alignment/proband/proband_ACC2-LIBR2_L3.bam
    wildcards: sample=proband, unit=ACC2-LIBR2_L3
    resources: tmpdir=/tmp, mem_mb=2048, mem_mib=1954, cores=1, mem_gb=2, nodes=1, time=120

[Mon Jun 12 14:27:06 2023]
Finished job 35.
7 of 74 steps (9%) done
Removing temporary output 02_alignment/mother/mother_ACC1-LIBR_L1.bam.
Select jobs to execute...

[Mon Jun 12 14:27:06 2023]
rule QC_alignment:
    input: 02_alignment/mother/mother_ACC1-LIBR_L1.sorted.bam
    output: 02_alignment/mother/QC/mother_ACC1-LIBR_L1.cov, 02_alignment/mother/QC/mother_ACC1-LIBR_L1.stats
    jobid: 34
    reason: Missing output files: 02_alignment/mother/QC/mother_ACC1-LIBR_L1.cov; Input files updated by another job: 02_alignment/mother/mother_ACC1-LIBR_L1.sorted.bam
    wildcards: sample=mother, unit=ACC1-LIBR_L1
    resources: tmpdir=/tmp, mem_mb=2048, mem_mib=1954, cores=1, mem_gb=2, nodes=1, time=120


[Mon Jun 12 14:27:06 2023]
rule mrk_duplicates:
    input: 02_alignment/mother/mother_ACC1-LIBR_L1.sorted.bam
    output: 02_alignment/mother/mother_ACC1-LIBR_L1.dedub.bam, 02_alignment/mother/mother_ACC1-LIBR_L1.dedub.matrix
    log: logs/mrk-dub/mother/mother_ACC1-LIBR_L1.dedub.log
    jobid: 44
    reason: Missing output files: 02_alignment/mother/mother_ACC1-LIBR_L1.dedub.bam; Input files updated by another job: 02_alignment/mother/mother_ACC1-LIBR_L1.sorted.bam
    wildcards: sample=mother, unit=ACC1-LIBR_L1
    resources: tmpdir=/tmp, mem_mb=4096, mem_mib=3907, cores=4, mem_gb=4, nodes=1, time=120

[Mon Jun 12 14:27:07 2023]
Finished job 39.
8 of 74 steps (11%) done
Removing temporary output 02_alignment/mother/mother_ACC2-LIBR2_L1.bam.
Select jobs to execute...

[Mon Jun 12 14:27:07 2023]
rule QC_alignment:
    input: 02_alignment/mother/mother_ACC2-LIBR2_L1.sorted.bam
    output: 02_alignment/mother/QC/mother_ACC2-LIBR2_L1.cov, 02_alignment/mother/QC/mother_ACC2-LIBR2_L1.stats
    jobid: 38
    reason: Missing output files: 02_alignment/mother/QC/mother_ACC2-LIBR2_L1.cov; Input files updated by another job: 02_alignment/mother/mother_ACC2-LIBR2_L1.sorted.bam
    wildcards: sample=mother, unit=ACC2-LIBR2_L1
    resources: tmpdir=/tmp, mem_mb=2048, mem_mib=1954, cores=1, mem_gb=2, nodes=1, time=120


[Mon Jun 12 14:27:07 2023]
rule mrk_duplicates:
    input: 02_alignment/mother/mother_ACC2-LIBR2_L1.sorted.bam
    output: 02_alignment/mother/mother_ACC2-LIBR2_L1.dedub.bam, 02_alignment/mother/mother_ACC2-LIBR2_L1.dedub.matrix
    log: logs/mrk-dub/mother/mother_ACC2-LIBR2_L1.dedub.log
    jobid: 48
    reason: Missing output files: 02_alignment/mother/mother_ACC2-LIBR2_L1.dedub.bam; Input files updated by another job: 02_alignment/mother/mother_ACC2-LIBR2_L1.sorted.bam
    wildcards: sample=mother, unit=ACC2-LIBR2_L1
    resources: tmpdir=/tmp, mem_mb=4096, mem_mib=3907, cores=4, mem_gb=4, nodes=1, time=120

[Mon Jun 12 14:27:12 2023]
Finished job 34.
9 of 74 steps (12%) done
[Mon Jun 12 14:27:13 2023]
Finished job 38.
10 of 74 steps (14%) done
[Mon Jun 12 14:27:21 2023]
Finished job 9.
11 of 74 steps (15%) done
Removing temporary output 02_alignment/father/father_ACC1-LIBR_L1.bam.
Select jobs to execute...

[Mon Jun 12 14:27:21 2023]
rule mrk_duplicates:
    input: 02_alignment/father/father_ACC1-LIBR_L1.sorted.bam
    output: 02_alignment/father/father_ACC1-LIBR_L1.dedub.bam, 02_alignment/father/father_ACC1-LIBR_L1.dedub.matrix
    log: logs/mrk-dub/father/father_ACC1-LIBR_L1.dedub.log
    jobid: 18
    reason: Missing output files: 02_alignment/father/father_ACC1-LIBR_L1.dedub.bam; Input files updated by another job: 02_alignment/father/father_ACC1-LIBR_L1.sorted.bam
    wildcards: sample=father, unit=ACC1-LIBR_L1
    resources: tmpdir=/tmp, mem_mb=4096, mem_mib=3907, cores=4, mem_gb=4, nodes=1, time=120


[Mon Jun 12 14:27:21 2023]
rule QC_alignment:
    input: 02_alignment/father/father_ACC1-LIBR_L1.sorted.bam
    output: 02_alignment/father/QC/father_ACC1-LIBR_L1.cov, 02_alignment/father/QC/father_ACC1-LIBR_L1.stats
    jobid: 8
    reason: Missing output files: 02_alignment/father/QC/father_ACC1-LIBR_L1.cov; Input files updated by another job: 02_alignment/father/father_ACC1-LIBR_L1.sorted.bam
    wildcards: sample=father, unit=ACC1-LIBR_L1
    resources: tmpdir=/tmp, mem_mb=2048, mem_mib=1954, cores=1, mem_gb=2, nodes=1, time=120

[Mon Jun 12 14:27:23 2023]
Finished job 13.
12 of 74 steps (16%) done
Removing temporary output 02_alignment/father/father_ACC1-LIBR_L2.bam.
Select jobs to execute...

[Mon Jun 12 14:27:23 2023]
rule QC_alignment:
    input: 02_alignment/father/father_ACC1-LIBR_L2.sorted.bam
    output: 02_alignment/father/QC/father_ACC1-LIBR_L2.cov, 02_alignment/father/QC/father_ACC1-LIBR_L2.stats
    jobid: 12
    reason: Missing output files: 02_alignment/father/QC/father_ACC1-LIBR_L2.cov; Input files updated by another job: 02_alignment/father/father_ACC1-LIBR_L2.sorted.bam
    wildcards: sample=father, unit=ACC1-LIBR_L2
    resources: tmpdir=/tmp, mem_mb=2048, mem_mib=1954, cores=1, mem_gb=2, nodes=1, time=120


[Mon Jun 12 14:27:23 2023]
rule mrk_duplicates:
    input: 02_alignment/father/father_ACC1-LIBR_L2.sorted.bam
    output: 02_alignment/father/father_ACC1-LIBR_L2.dedub.bam, 02_alignment/father/father_ACC1-LIBR_L2.dedub.matrix
    log: logs/mrk-dub/father/father_ACC1-LIBR_L2.dedub.log
    jobid: 22
    reason: Missing output files: 02_alignment/father/father_ACC1-LIBR_L2.dedub.bam; Input files updated by another job: 02_alignment/father/father_ACC1-LIBR_L2.sorted.bam
    wildcards: sample=father, unit=ACC1-LIBR_L2
    resources: tmpdir=/tmp, mem_mb=4096, mem_mib=3907, cores=4, mem_gb=4, nodes=1, time=120

[Mon Jun 12 14:27:28 2023]
Finished job 8.
13 of 74 steps (18%) done
[Mon Jun 12 14:27:30 2023]
Finished job 12.
14 of 74 steps (19%) done
[Mon Jun 12 14:27:39 2023]
Finished job 61.
15 of 74 steps (20%) done
Removing temporary output 02_alignment/proband/proband_ACC1-LIBR_L1.bam.
Select jobs to execute...

[Mon Jun 12 14:27:40 2023]
rule QC_alignment:
    input: 02_alignment/proband/proband_ACC1-LIBR_L1.sorted.bam
    output: 02_alignment/proband/QC/proband_ACC1-LIBR_L1.cov, 02_alignment/proband/QC/proband_ACC1-LIBR_L1.stats
    jobid: 60
    reason: Missing output files: 02_alignment/proband/QC/proband_ACC1-LIBR_L1.cov; Input files updated by another job: 02_alignment/proband/proband_ACC1-LIBR_L1.sorted.bam
    wildcards: sample=proband, unit=ACC1-LIBR_L1
    resources: tmpdir=/tmp, mem_mb=2048, mem_mib=1954, cores=1, mem_gb=2, nodes=1, time=120


[Mon Jun 12 14:27:40 2023]
rule mrk_duplicates:
    input: 02_alignment/proband/proband_ACC1-LIBR_L1.sorted.bam
    output: 02_alignment/proband/proband_ACC1-LIBR_L1.dedub.bam, 02_alignment/proband/proband_ACC1-LIBR_L1.dedub.matrix
    log: logs/mrk-dub/proband/proband_ACC1-LIBR_L1.dedub.log
    jobid: 70
    reason: Missing output files: 02_alignment/proband/proband_ACC1-LIBR_L1.dedub.bam; Input files updated by another job: 02_alignment/proband/proband_ACC1-LIBR_L1.sorted.bam
    wildcards: sample=proband, unit=ACC1-LIBR_L1
    resources: tmpdir=/tmp, mem_mb=4096, mem_mib=3907, cores=4, mem_gb=4, nodes=1, time=120

[Mon Jun 12 14:27:41 2023]
Finished job 65.
16 of 74 steps (22%) done
Removing temporary output 02_alignment/proband/proband_ACC2-LIBR2_L3.bam.
Select jobs to execute...

[Mon Jun 12 14:27:41 2023]
rule QC_alignment:
    input: 02_alignment/proband/proband_ACC2-LIBR2_L3.sorted.bam
    output: 02_alignment/proband/QC/proband_ACC2-LIBR2_L3.cov, 02_alignment/proband/QC/proband_ACC2-LIBR2_L3.stats
    jobid: 64
    reason: Missing output files: 02_alignment/proband/QC/proband_ACC2-LIBR2_L3.cov; Input files updated by another job: 02_alignment/proband/proband_ACC2-LIBR2_L3.sorted.bam
    wildcards: sample=proband, unit=ACC2-LIBR2_L3
    resources: tmpdir=/tmp, mem_mb=2048, mem_mib=1954, cores=1, mem_gb=2, nodes=1, time=120


[Mon Jun 12 14:27:41 2023]
rule mrk_duplicates:
    input: 02_alignment/proband/proband_ACC2-LIBR2_L3.sorted.bam
    output: 02_alignment/proband/proband_ACC2-LIBR2_L3.dedub.bam, 02_alignment/proband/proband_ACC2-LIBR2_L3.dedub.matrix
    log: logs/mrk-dub/proband/proband_ACC2-LIBR2_L3.dedub.log
    jobid: 74
    reason: Missing output files: 02_alignment/proband/proband_ACC2-LIBR2_L3.dedub.bam; Input files updated by another job: 02_alignment/proband/proband_ACC2-LIBR2_L3.sorted.bam
    wildcards: sample=proband, unit=ACC2-LIBR2_L3
    resources: tmpdir=/tmp, mem_mb=4096, mem_mib=3907, cores=4, mem_gb=4, nodes=1, time=120

[Mon Jun 12 14:27:47 2023]
Finished job 60.
17 of 74 steps (23%) done
[Mon Jun 12 14:27:49 2023]
Finished job 64.
18 of 74 steps (24%) done
[Mon Jun 12 14:28:05 2023]
Finished job 48.
19 of 74 steps (26%) done
Select jobs to execute...

[Mon Jun 12 14:28:05 2023]
rule BaseRecalibrator:
    input: 02_alignment/mother/mother_ACC2-LIBR2_L1.dedub.bam
    output: 03_bamPrep/mother/mother_ACC2-LIBR2_L1.report
    jobid: 49
    benchmark: benchamrks/mother/mother_ACC2-LIBR2_L1_GATK_pqsr.txt
    reason: Missing output files: 03_bamPrep/mother/mother_ACC2-LIBR2_L1.report; Input files updated by another job: 02_alignment/mother/mother_ACC2-LIBR2_L1.dedub.bam
    wildcards: sample=mother, unit=ACC2-LIBR2_L1
    threads: 4
    resources: tmpdir=/tmp, mem_mb=2048, mem_mib=1954, cores=4, mem_gb=2, nodes=1, time=120

[Mon Jun 12 14:28:05 2023]
Finished job 44.
20 of 74 steps (27%) done
Select jobs to execute...

[Mon Jun 12 14:28:05 2023]
rule BaseRecalibrator:
    input: 02_alignment/mother/mother_ACC1-LIBR_L1.dedub.bam
    output: 03_bamPrep/mother/mother_ACC1-LIBR_L1.report
    jobid: 45
    benchmark: benchamrks/mother/mother_ACC1-LIBR_L1_GATK_pqsr.txt
    reason: Missing output files: 03_bamPrep/mother/mother_ACC1-LIBR_L1.report; Input files updated by another job: 02_alignment/mother/mother_ACC1-LIBR_L1.dedub.bam
    wildcards: sample=mother, unit=ACC1-LIBR_L1
    threads: 4
    resources: tmpdir=/tmp, mem_mb=2048, mem_mib=1954, cores=4, mem_gb=2, nodes=1, time=120

[Mon Jun 12 14:28:26 2023]
Finished job 22.
21 of 74 steps (28%) done
Select jobs to execute...

[Mon Jun 12 14:28:26 2023]
rule BaseRecalibrator:
    input: 02_alignment/father/father_ACC1-LIBR_L2.dedub.bam
    output: 03_bamPrep/father/father_ACC1-LIBR_L2.report
    jobid: 23
    benchmark: benchamrks/father/father_ACC1-LIBR_L2_GATK_pqsr.txt
    reason: Missing output files: 03_bamPrep/father/father_ACC1-LIBR_L2.report; Input files updated by another job: 02_alignment/father/father_ACC1-LIBR_L2.dedub.bam
    wildcards: sample=father, unit=ACC1-LIBR_L2
    threads: 4
    resources: tmpdir=/tmp, mem_mb=2048, mem_mib=1954, cores=4, mem_gb=2, nodes=1, time=120

[Mon Jun 12 14:28:27 2023]
Finished job 18.
22 of 74 steps (30%) done
Select jobs to execute...

[Mon Jun 12 14:28:27 2023]
rule BaseRecalibrator:
    input: 02_alignment/father/father_ACC1-LIBR_L1.dedub.bam
    output: 03_bamPrep/father/father_ACC1-LIBR_L1.report
    jobid: 19
    benchmark: benchamrks/father/father_ACC1-LIBR_L1_GATK_pqsr.txt
    reason: Missing output files: 03_bamPrep/father/father_ACC1-LIBR_L1.report; Input files updated by another job: 02_alignment/father/father_ACC1-LIBR_L1.dedub.bam
    wildcards: sample=father, unit=ACC1-LIBR_L1
    threads: 4
    resources: tmpdir=/tmp, mem_mb=2048, mem_mib=1954, cores=4, mem_gb=2, nodes=1, time=120

[Mon Jun 12 14:28:51 2023]
Finished job 49.
23 of 74 steps (31%) done
Select jobs to execute...

[Mon Jun 12 14:28:51 2023]
rule applyBaseRecalibrator:
    input: 02_alignment/mother/mother_ACC2-LIBR2_L1.dedub.bam, 03_bamPrep/mother/mother_ACC2-LIBR2_L1.report
    output: 03_bamPrep/mother/mother_ACC2-LIBR2_L1.pqsr.bam
    jobid: 47
    benchmark: benchamrks/mother/mother_ACC2-LIBR2_L1_GATK_apply_BQSR.txt
    reason: Missing output files: 03_bamPrep/mother/mother_ACC2-LIBR2_L1.pqsr.bam; Input files updated by another job: 03_bamPrep/mother/mother_ACC2-LIBR2_L1.report, 02_alignment/mother/mother_ACC2-LIBR2_L1.dedub.bam
    wildcards: sample=mother, unit=ACC2-LIBR2_L1
    resources: tmpdir=/tmp, mem_mb=2048, mem_mib=1954, cores=4, mem_gb=2, nodes=1, time=120

[Mon Jun 12 14:28:53 2023]
Finished job 45.
24 of 74 steps (32%) done
Select jobs to execute...

[Mon Jun 12 14:28:53 2023]
rule applyBaseRecalibrator:
    input: 02_alignment/mother/mother_ACC1-LIBR_L1.dedub.bam, 03_bamPrep/mother/mother_ACC1-LIBR_L1.report
    output: 03_bamPrep/mother/mother_ACC1-LIBR_L1.pqsr.bam
    jobid: 43
    benchmark: benchamrks/mother/mother_ACC1-LIBR_L1_GATK_apply_BQSR.txt
    reason: Missing output files: 03_bamPrep/mother/mother_ACC1-LIBR_L1.pqsr.bam; Input files updated by another job: 02_alignment/mother/mother_ACC1-LIBR_L1.dedub.bam, 03_bamPrep/mother/mother_ACC1-LIBR_L1.report
    wildcards: sample=mother, unit=ACC1-LIBR_L1
    resources: tmpdir=/tmp, mem_mb=2048, mem_mib=1954, cores=4, mem_gb=2, nodes=1, time=120

[Mon Jun 12 14:28:54 2023]
Finished job 70.
25 of 74 steps (34%) done
Select jobs to execute...

[Mon Jun 12 14:28:54 2023]
rule BaseRecalibrator:
    input: 02_alignment/proband/proband_ACC1-LIBR_L1.dedub.bam
    output: 03_bamPrep/proband/proband_ACC1-LIBR_L1.report
    jobid: 71
    benchmark: benchamrks/proband/proband_ACC1-LIBR_L1_GATK_pqsr.txt
    reason: Missing output files: 03_bamPrep/proband/proband_ACC1-LIBR_L1.report; Input files updated by another job: 02_alignment/proband/proband_ACC1-LIBR_L1.dedub.bam
    wildcards: sample=proband, unit=ACC1-LIBR_L1
    threads: 4
    resources: tmpdir=/tmp, mem_mb=2048, mem_mib=1954, cores=4, mem_gb=2, nodes=1, time=120

[Mon Jun 12 14:28:55 2023]
Finished job 74.
26 of 74 steps (35%) done
Select jobs to execute...

[Mon Jun 12 14:28:55 2023]
rule BaseRecalibrator:
    input: 02_alignment/proband/proband_ACC2-LIBR2_L3.dedub.bam
    output: 03_bamPrep/proband/proband_ACC2-LIBR2_L3.report
    jobid: 75
    benchmark: benchamrks/proband/proband_ACC2-LIBR2_L3_GATK_pqsr.txt
    reason: Missing output files: 03_bamPrep/proband/proband_ACC2-LIBR2_L3.report; Input files updated by another job: 02_alignment/proband/proband_ACC2-LIBR2_L3.dedub.bam
    wildcards: sample=proband, unit=ACC2-LIBR2_L3
    threads: 4
    resources: tmpdir=/tmp, mem_mb=2048, mem_mib=1954, cores=4, mem_gb=2, nodes=1, time=120

[Mon Jun 12 14:29:20 2023]
Finished job 23.
27 of 74 steps (36%) done
Select jobs to execute...

[Mon Jun 12 14:29:20 2023]
rule applyBaseRecalibrator:
    input: 02_alignment/father/father_ACC1-LIBR_L2.dedub.bam, 03_bamPrep/father/father_ACC1-LIBR_L2.report
    output: 03_bamPrep/father/father_ACC1-LIBR_L2.pqsr.bam
    jobid: 21
    benchmark: benchamrks/father/father_ACC1-LIBR_L2_GATK_apply_BQSR.txt
    reason: Missing output files: 03_bamPrep/father/father_ACC1-LIBR_L2.pqsr.bam; Input files updated by another job: 02_alignment/father/father_ACC1-LIBR_L2.dedub.bam, 03_bamPrep/father/father_ACC1-LIBR_L2.report
    wildcards: sample=father, unit=ACC1-LIBR_L2
    resources: tmpdir=/tmp, mem_mb=2048, mem_mib=1954, cores=4, mem_gb=2, nodes=1, time=120

[Mon Jun 12 14:29:22 2023]
Finished job 19.
28 of 74 steps (38%) done
Select jobs to execute...

[Mon Jun 12 14:29:22 2023]
rule applyBaseRecalibrator:
    input: 02_alignment/father/father_ACC1-LIBR_L1.dedub.bam, 03_bamPrep/father/father_ACC1-LIBR_L1.report
    output: 03_bamPrep/father/father_ACC1-LIBR_L1.pqsr.bam
    jobid: 17
    benchmark: benchamrks/father/father_ACC1-LIBR_L1_GATK_apply_BQSR.txt
    reason: Missing output files: 03_bamPrep/father/father_ACC1-LIBR_L1.pqsr.bam; Input files updated by another job: 03_bamPrep/father/father_ACC1-LIBR_L1.report, 02_alignment/father/father_ACC1-LIBR_L1.dedub.bam
    wildcards: sample=father, unit=ACC1-LIBR_L1
    resources: tmpdir=/tmp, mem_mb=2048, mem_mib=1954, cores=4, mem_gb=2, nodes=1, time=120

[Mon Jun 12 14:29:52 2023]
Finished job 71.
29 of 74 steps (39%) done
Select jobs to execute...

[Mon Jun 12 14:29:52 2023]
rule applyBaseRecalibrator:
    input: 02_alignment/proband/proband_ACC1-LIBR_L1.dedub.bam, 03_bamPrep/proband/proband_ACC1-LIBR_L1.report
    output: 03_bamPrep/proband/proband_ACC1-LIBR_L1.pqsr.bam
    jobid: 69
    benchmark: benchamrks/proband/proband_ACC1-LIBR_L1_GATK_apply_BQSR.txt
    reason: Missing output files: 03_bamPrep/proband/proband_ACC1-LIBR_L1.pqsr.bam; Input files updated by another job: 03_bamPrep/proband/proband_ACC1-LIBR_L1.report, 02_alignment/proband/proband_ACC1-LIBR_L1.dedub.bam
    wildcards: sample=proband, unit=ACC1-LIBR_L1
    resources: tmpdir=/tmp, mem_mb=2048, mem_mib=1954, cores=4, mem_gb=2, nodes=1, time=120

[Mon Jun 12 14:29:53 2023]
Finished job 75.
30 of 74 steps (41%) done
Select jobs to execute...

[Mon Jun 12 14:29:53 2023]
rule applyBaseRecalibrator:
    input: 02_alignment/proband/proband_ACC2-LIBR2_L3.dedub.bam, 03_bamPrep/proband/proband_ACC2-LIBR2_L3.report
    output: 03_bamPrep/proband/proband_ACC2-LIBR2_L3.pqsr.bam
    jobid: 73
    benchmark: benchamrks/proband/proband_ACC2-LIBR2_L3_GATK_apply_BQSR.txt
    reason: Missing output files: 03_bamPrep/proband/proband_ACC2-LIBR2_L3.pqsr.bam; Input files updated by another job: 03_bamPrep/proband/proband_ACC2-LIBR2_L3.report, 02_alignment/proband/proband_ACC2-LIBR2_L3.dedub.bam
    wildcards: sample=proband, unit=ACC2-LIBR2_L3
    resources: tmpdir=/tmp, mem_mb=2048, mem_mib=1954, cores=4, mem_gb=2, nodes=1, time=120

[Mon Jun 12 14:29:53 2023]
Finished job 47.
31 of 74 steps (42%) done
Select jobs to execute...

[Mon Jun 12 14:29:53 2023]
rule qualimap:
    input: 03_bamPrep/mother/mother_ACC2-LIBR2_L1.pqsr.bam
    output: 03_bamPrep/mother/QC/mother_ACC2-LIBR2_L1_Qualimap
    jobid: 46
    reason: Missing output files: 03_bamPrep/mother/QC/mother_ACC2-LIBR2_L1_Qualimap; Input files updated by another job: 03_bamPrep/mother/mother_ACC2-LIBR2_L1.pqsr.bam
    wildcards: sample=mother, unit=ACC2-LIBR2_L1
    threads: 2
    resources: tmpdir=/tmp, mem_mb=2048, mem_mib=1954, cores=2, mem_gb=2, nodes=1, time=120


[Mon Jun 12 14:29:53 2023]
rule bqsr_calibrated_report:
    input: 03_bamPrep/mother/mother_ACC2-LIBR2_L1.pqsr.bam
    output: 03_bamPrep/mother/mother_ACC2-LIBR2_L1_pqsr.report
    jobid: 53
    reason: Missing output files: 03_bamPrep/mother/mother_ACC2-LIBR2_L1_pqsr.report; Input files updated by another job: 03_bamPrep/mother/mother_ACC2-LIBR2_L1.pqsr.bam
    wildcards: sample=mother, unit=ACC2-LIBR2_L1
    resources: tmpdir=/tmp, mem_mb=2048, mem_mib=1954, cores=4, mem_gb=2, nodes=1, time=120

[Mon Jun 12 14:29:57 2023]
Finished job 43.
32 of 74 steps (43%) done
Select jobs to execute...

[Mon Jun 12 14:29:57 2023]
rule MergeSamFiles:
    input: 03_bamPrep/mother/mother_ACC1-LIBR_L1.pqsr.bam, 03_bamPrep/mother/mother_ACC2-LIBR2_L1.pqsr.bam
    output: 03_bamPrep/merged_bams/mother.pqsr.bam
    jobid: 87
    reason: Missing output files: 03_bamPrep/merged_bams/mother.pqsr.bam; Input files updated by another job: 03_bamPrep/mother/mother_ACC1-LIBR_L1.pqsr.bam, 03_bamPrep/mother/mother_ACC2-LIBR2_L1.pqsr.bam
    wildcards: sample=mother
    resources: tmpdir=/tmp, mem_mb=2048, mem_mib=1954, cores=1, mem_gb=2, nodes=1, time=120


[Mon Jun 12 14:29:57 2023]
rule qualimap:
    input: 03_bamPrep/mother/mother_ACC1-LIBR_L1.pqsr.bam
    output: 03_bamPrep/mother/QC/mother_ACC1-LIBR_L1_Qualimap
    jobid: 42
    reason: Missing output files: 03_bamPrep/mother/QC/mother_ACC1-LIBR_L1_Qualimap; Input files updated by another job: 03_bamPrep/mother/mother_ACC1-LIBR_L1.pqsr.bam
    wildcards: sample=mother, unit=ACC1-LIBR_L1
    threads: 2
    resources: tmpdir=/tmp, mem_mb=2048, mem_mib=1954, cores=2, mem_gb=2, nodes=1, time=120


[Mon Jun 12 14:29:57 2023]
rule bqsr_calibrated_report:
    input: 03_bamPrep/mother/mother_ACC1-LIBR_L1.pqsr.bam
    output: 03_bamPrep/mother/mother_ACC1-LIBR_L1_pqsr.report
    jobid: 51
    reason: Missing output files: 03_bamPrep/mother/mother_ACC1-LIBR_L1_pqsr.report; Input files updated by another job: 03_bamPrep/mother/mother_ACC1-LIBR_L1.pqsr.bam
    wildcards: sample=mother, unit=ACC1-LIBR_L1
    resources: tmpdir=/tmp, mem_mb=2048, mem_mib=1954, cores=4, mem_gb=2, nodes=1, time=120

[Mon Jun 12 14:29:58 2023]
Error in rule MergeSamFiles:
    jobid: 87
    input: 03_bamPrep/mother/mother_ACC1-LIBR_L1.pqsr.bam, 03_bamPrep/mother/mother_ACC2-LIBR2_L1.pqsr.bam
    output: 03_bamPrep/merged_bams/mother.pqsr.bam
    conda-env: /home/marc/Desktop/output_new_wes_gatk/.snakemake/conda/c3f02c60b62d43585716da5f0375f09d_
    shell:
        
        picard MergeSamFiles               -I 03_bamPrep/mother_ACC1-LIBR_L1.pqsr.bam  -I 03_bamPrep/mother_ACC2-LIBR2_L1.pqsr.bam             -OUTPUT 03_bamPrep/merged_bams/mother.pqsr.bam             --CREATE_INDEX true             --CREATE_MD5_FILE true
        
        (one of the commands exited with non-zero exit code; note that snakemake uses bash strict mode!)

[Mon Jun 12 14:30:39 2023]
Finished job 21.
33 of 74 steps (45%) done
[Mon Jun 12 14:30:39 2023]
Finished job 42.
34 of 74 steps (46%) done
[Mon Jun 12 14:30:40 2023]
Finished job 46.
35 of 74 steps (47%) done
[Mon Jun 12 14:30:40 2023]
Finished job 17.
36 of 74 steps (49%) done
[Mon Jun 12 14:30:50 2023]
Finished job 53.
37 of 74 steps (50%) done
[Mon Jun 12 14:30:52 2023]
Finished job 51.
38 of 74 steps (51%) done
[Mon Jun 12 14:31:07 2023]
Finished job 69.
39 of 74 steps (53%) done
[Mon Jun 12 14:31:20 2023]
Finished job 73.
40 of 74 steps (54%) done
Shutting down, this might take some time.
Exiting because a job execution failed. Look above for error message
Complete log: ../../wes_gatk/workflow/.snakemake/log/2023-06-12T142437.596916.snakemake.log
