Building DAG of jobs...
Using shell: /bin/bash
Provided cores: 32
Rules claiming more threads will be scaled down.
Conda environments: ignored
Job stats:
job                       count    min threads    max threads
----------------------  -------  -------------  -------------
AnalyzeCovariates             6              2              2
Annovar                       1              4              4
BaseRecalibrator              6              4              4
Fastqc                       12              2              2
GatherBamFiles                3              1              1
HaplotypeCaller               3              4              4
Nirvana                       1              1              1
QC_alignment                  6              1              1
Split_variants_idnel          1              1              1
Split_variants_snp            1              1              1
VariantEval                   3              1              1
all                           1              1              1
applyBaseRecalibrator         6              1              1
bcftools_stats                1              1              1
bqsr_calibrated_report        6              1              1
bwa_align                     6              4              4
combine_gvcf                  1              1              1
consequence                   1              1              1
genotype_gvcfs                1              4              4
mrk_duplicates                6              1              1
multiqc                       1              1              1
plot_bcftools_stats           1              1              1
qualimap                      6              2              2
sort_and_convert_sam          6              1              1
trimmomatic                   6              4              4
total                        92              1              4

Select jobs to execute...

[Mon Jun 12 09:47:41 2023]
rule trimmomatic:
    input: /home/marc/Desktop/data/samples/complex_wes/father_ACC1-LIBR_L2_1.fq.gz, /home/marc/Desktop/data/samples/complex_wes/father_ACC1-LIBR_L2_2.fq.gz
    output: logs/trimmomatic/father_ACC1-LIBR_L2.log, logs/trimmomatic/father_ACC1-LIBR_L2.summary, 00_trimmomatic/father_ACC1-LIBR_L2_1.trimmed.fastq.gz, 00_trimmomatic/father_ACC1-LIBR_L2_2.trimmed.fastq.gz, 00_trimmomatic/father_ACC1-LIBR_L2-U_1.trimmed.fastq.gz, 00_trimmomatic/father_ACC1-LIBR_L2-U_2.trimmed.fastq.gz
    log: logs/trimmomatic/father_ACC1-LIBR_L2.txt
    jobid: 6
    benchmark: benchamrks/QC/father_ACC1-LIBR_L2_trim.txt
    reason: Forced execution
    wildcards: sample=father_ACC1-LIBR, unit=L2
    threads: 4
    resources: tmpdir=/tmp, mem_mb=5120, mem_mib=4883, cores=4, mem_gb=5, nodes=1, time=120


[Mon Jun 12 09:47:41 2023]
rule trimmomatic:
    input: /home/marc/Desktop/data/samples/complex_wes/mother_ACC2-LIBR2_L1_1.fq.gz, /home/marc/Desktop/data/samples/complex_wes/mother_ACC2-LIBR2_L1_2.fq.gz
    output: logs/trimmomatic/mother_ACC2-LIBR2_L1.log, logs/trimmomatic/mother_ACC2-LIBR2_L1.summary, 00_trimmomatic/mother_ACC2-LIBR2_L1_1.trimmed.fastq.gz, 00_trimmomatic/mother_ACC2-LIBR2_L1_2.trimmed.fastq.gz, 00_trimmomatic/mother_ACC2-LIBR2_L1-U_1.trimmed.fastq.gz, 00_trimmomatic/mother_ACC2-LIBR2_L1-U_2.trimmed.fastq.gz
    log: logs/trimmomatic/mother_ACC2-LIBR2_L1.txt
    jobid: 30
    benchmark: benchamrks/QC/mother_ACC2-LIBR2_L1_trim.txt
    reason: Forced execution
    wildcards: sample=mother_ACC2-LIBR2, unit=L1
    threads: 4
    resources: tmpdir=/tmp, mem_mb=5120, mem_mib=4883, cores=4, mem_gb=5, nodes=1, time=120


[Mon Jun 12 09:47:41 2023]
rule trimmomatic:
    input: /home/marc/Desktop/data/samples/complex_wes/father_ACC1-LIBR_L1_1.fq.gz, /home/marc/Desktop/data/samples/complex_wes/father_ACC1-LIBR_L1_2.fq.gz
    output: logs/trimmomatic/father_ACC1-LIBR_L1.log, logs/trimmomatic/father_ACC1-LIBR_L1.summary, 00_trimmomatic/father_ACC1-LIBR_L1_1.trimmed.fastq.gz, 00_trimmomatic/father_ACC1-LIBR_L1_2.trimmed.fastq.gz, 00_trimmomatic/father_ACC1-LIBR_L1-U_1.trimmed.fastq.gz, 00_trimmomatic/father_ACC1-LIBR_L1-U_2.trimmed.fastq.gz
    log: logs/trimmomatic/father_ACC1-LIBR_L1.txt
    jobid: 3
    benchmark: benchamrks/QC/father_ACC1-LIBR_L1_trim.txt
    reason: Forced execution
    wildcards: sample=father_ACC1-LIBR, unit=L1
    threads: 4
    resources: tmpdir=/tmp, mem_mb=5120, mem_mib=4883, cores=4, mem_gb=5, nodes=1, time=120


[Mon Jun 12 09:47:41 2023]
rule trimmomatic:
    input: /home/marc/Desktop/data/samples/complex_wes/proband_ACC2-LIBR2_L3_1.fq.gz, /home/marc/Desktop/data/samples/complex_wes/proband_ACC2-LIBR2_L3_2.fq.gz
    output: logs/trimmomatic/proband_ACC2-LIBR2_L3.log, logs/trimmomatic/proband_ACC2-LIBR2_L3.summary, 00_trimmomatic/proband_ACC2-LIBR2_L3_1.trimmed.fastq.gz, 00_trimmomatic/proband_ACC2-LIBR2_L3_2.trimmed.fastq.gz, 00_trimmomatic/proband_ACC2-LIBR2_L3-U_1.trimmed.fastq.gz, 00_trimmomatic/proband_ACC2-LIBR2_L3-U_2.trimmed.fastq.gz
    log: logs/trimmomatic/proband_ACC2-LIBR2_L3.txt
    jobid: 54
    benchmark: benchamrks/QC/proband_ACC2-LIBR2_L3_trim.txt
    reason: Forced execution
    wildcards: sample=proband_ACC2-LIBR2, unit=L3
    threads: 4
    resources: tmpdir=/tmp, mem_mb=5120, mem_mib=4883, cores=4, mem_gb=5, nodes=1, time=120


[Mon Jun 12 09:47:41 2023]
rule trimmomatic:
    input: /home/marc/Desktop/data/samples/complex_wes/mother_ACC1-LIBR_L1_1.fq.gz, /home/marc/Desktop/data/samples/complex_wes/mother_ACC1-LIBR_L1_2.fq.gz
    output: logs/trimmomatic/mother_ACC1-LIBR_L1.log, logs/trimmomatic/mother_ACC1-LIBR_L1.summary, 00_trimmomatic/mother_ACC1-LIBR_L1_1.trimmed.fastq.gz, 00_trimmomatic/mother_ACC1-LIBR_L1_2.trimmed.fastq.gz, 00_trimmomatic/mother_ACC1-LIBR_L1-U_1.trimmed.fastq.gz, 00_trimmomatic/mother_ACC1-LIBR_L1-U_2.trimmed.fastq.gz
    log: logs/trimmomatic/mother_ACC1-LIBR_L1.txt
    jobid: 27
    benchmark: benchamrks/QC/mother_ACC1-LIBR_L1_trim.txt
    reason: Forced execution
    wildcards: sample=mother_ACC1-LIBR, unit=L1
    threads: 4
    resources: tmpdir=/tmp, mem_mb=5120, mem_mib=4883, cores=4, mem_gb=5, nodes=1, time=120


[Mon Jun 12 09:47:41 2023]
rule trimmomatic:
    input: /home/marc/Desktop/data/samples/complex_wes/proband_ACC1-LIBR_L1_1.fq.gz, /home/marc/Desktop/data/samples/complex_wes/proband_ACC1-LIBR_L1_2.fq.gz
    output: logs/trimmomatic/proband_ACC1-LIBR_L1.log, logs/trimmomatic/proband_ACC1-LIBR_L1.summary, 00_trimmomatic/proband_ACC1-LIBR_L1_1.trimmed.fastq.gz, 00_trimmomatic/proband_ACC1-LIBR_L1_2.trimmed.fastq.gz, 00_trimmomatic/proband_ACC1-LIBR_L1-U_1.trimmed.fastq.gz, 00_trimmomatic/proband_ACC1-LIBR_L1-U_2.trimmed.fastq.gz
    log: logs/trimmomatic/proband_ACC1-LIBR_L1.txt
    jobid: 51
    benchmark: benchamrks/QC/proband_ACC1-LIBR_L1_trim.txt
    reason: Forced execution
    wildcards: sample=proband_ACC1-LIBR, unit=L1
    threads: 4
    resources: tmpdir=/tmp, mem_mb=5120, mem_mib=4883, cores=4, mem_gb=5, nodes=1, time=120

[Mon Jun 12 09:50:25 2023]
Finished job 30.
1 of 92 steps (1%) done
Removing temporary output 00_trimmomatic/mother_ACC2-LIBR2_L1-U_1.trimmed.fastq.gz.
Removing temporary output 00_trimmomatic/mother_ACC2-LIBR2_L1-U_2.trimmed.fastq.gz.
Select jobs to execute...

[Mon Jun 12 09:50:25 2023]
rule Fastqc:
    input: 00_trimmomatic/mother_ACC2-LIBR2_L1_1.trimmed.fastq.gz
    output: 01_QC/mother_ACC2-LIBR2_L1_1_fastqc.zip, 01_QC/mother_ACC2-LIBR2_L1_1_fastqc.html
    log: logs/QC/QC_mother_ACC2-LIBR2_L1_1.log
    jobid: 29
    benchmark: benchamrks/QC/mother_ACC2-LIBR2_L1_1_fastqc.txt
    reason: Missing output files: 01_QC/mother_ACC2-LIBR2_L1_1_fastqc.zip; Input files updated by another job: 00_trimmomatic/mother_ACC2-LIBR2_L1_1.trimmed.fastq.gz
    wildcards: sample=mother_ACC2-LIBR2, unit=L1, R=1
    threads: 2
    resources: tmpdir=/tmp, mem_mb=2048, mem_mib=1954, cores=2, mem_gb=2, nodes=1, time=120


[Mon Jun 12 09:50:25 2023]
rule Fastqc:
    input: 00_trimmomatic/mother_ACC2-LIBR2_L1_2.trimmed.fastq.gz
    output: 01_QC/mother_ACC2-LIBR2_L1_2_fastqc.zip, 01_QC/mother_ACC2-LIBR2_L1_2_fastqc.html
    log: logs/QC/QC_mother_ACC2-LIBR2_L1_2.log
    jobid: 31
    benchmark: benchamrks/QC/mother_ACC2-LIBR2_L1_2_fastqc.txt
    reason: Missing output files: 01_QC/mother_ACC2-LIBR2_L1_2_fastqc.zip; Input files updated by another job: 00_trimmomatic/mother_ACC2-LIBR2_L1_2.trimmed.fastq.gz
    wildcards: sample=mother_ACC2-LIBR2, unit=L1, R=2
    threads: 2
    resources: tmpdir=/tmp, mem_mb=2048, mem_mib=1954, cores=2, mem_gb=2, nodes=1, time=120


[Mon Jun 12 09:50:25 2023]
rule bwa_align:
    input: 00_trimmomatic/mother_ACC2-LIBR2_L1_1.trimmed.fastq.gz, 00_trimmomatic/mother_ACC2-LIBR2_L1_2.trimmed.fastq.gz
    output: 02_alignment/mother_ACC2-LIBR2_L1.sam
    log: logs/mother_ACC2-LIBR2_L1_bwa.log
    jobid: 37
    benchmark: benchamrks/mother_ACC2-LIBR2_L1_bwa.txt
    reason: Missing output files: 02_alignment/mother_ACC2-LIBR2_L1.sam; Input files updated by another job: 00_trimmomatic/mother_ACC2-LIBR2_L1_2.trimmed.fastq.gz, 00_trimmomatic/mother_ACC2-LIBR2_L1_1.trimmed.fastq.gz
    wildcards: sample=mother_ACC2-LIBR2, unit=L1
    threads: 4
    resources: tmpdir=/tmp, mem_mb=32768, mem_mib=31250, cores=4, mem_gb=32, nodes=1, time=120

[Mon Jun 12 09:50:30 2023]
Finished job 27.
2 of 92 steps (2%) done
Removing temporary output 00_trimmomatic/mother_ACC1-LIBR_L1-U_1.trimmed.fastq.gz.
Removing temporary output 00_trimmomatic/mother_ACC1-LIBR_L1-U_2.trimmed.fastq.gz.
Select jobs to execute...

[Mon Jun 12 09:50:30 2023]
rule Fastqc:
    input: 00_trimmomatic/mother_ACC1-LIBR_L1_2.trimmed.fastq.gz
    output: 01_QC/mother_ACC1-LIBR_L1_2_fastqc.zip, 01_QC/mother_ACC1-LIBR_L1_2_fastqc.html
    log: logs/QC/QC_mother_ACC1-LIBR_L1_2.log
    jobid: 28
    benchmark: benchamrks/QC/mother_ACC1-LIBR_L1_2_fastqc.txt
    reason: Missing output files: 01_QC/mother_ACC1-LIBR_L1_2_fastqc.zip; Input files updated by another job: 00_trimmomatic/mother_ACC1-LIBR_L1_2.trimmed.fastq.gz
    wildcards: sample=mother_ACC1-LIBR, unit=L1, R=2
    threads: 2
    resources: tmpdir=/tmp, mem_mb=2048, mem_mib=1954, cores=2, mem_gb=2, nodes=1, time=120


[Mon Jun 12 09:50:30 2023]
rule bwa_align:
    input: 00_trimmomatic/mother_ACC1-LIBR_L1_1.trimmed.fastq.gz, 00_trimmomatic/mother_ACC1-LIBR_L1_2.trimmed.fastq.gz
    output: 02_alignment/mother_ACC1-LIBR_L1.sam
    log: logs/mother_ACC1-LIBR_L1_bwa.log
    jobid: 34
    benchmark: benchamrks/mother_ACC1-LIBR_L1_bwa.txt
    reason: Missing output files: 02_alignment/mother_ACC1-LIBR_L1.sam; Input files updated by another job: 00_trimmomatic/mother_ACC1-LIBR_L1_2.trimmed.fastq.gz, 00_trimmomatic/mother_ACC1-LIBR_L1_1.trimmed.fastq.gz
    wildcards: sample=mother_ACC1-LIBR, unit=L1
    threads: 4
    resources: tmpdir=/tmp, mem_mb=32768, mem_mib=31250, cores=4, mem_gb=32, nodes=1, time=120


[Mon Jun 12 09:50:30 2023]
rule Fastqc:
    input: 00_trimmomatic/mother_ACC1-LIBR_L1_1.trimmed.fastq.gz
    output: 01_QC/mother_ACC1-LIBR_L1_1_fastqc.zip, 01_QC/mother_ACC1-LIBR_L1_1_fastqc.html
    log: logs/QC/QC_mother_ACC1-LIBR_L1_1.log
    jobid: 26
    benchmark: benchamrks/QC/mother_ACC1-LIBR_L1_1_fastqc.txt
    reason: Missing output files: 01_QC/mother_ACC1-LIBR_L1_1_fastqc.zip; Input files updated by another job: 00_trimmomatic/mother_ACC1-LIBR_L1_1.trimmed.fastq.gz
    wildcards: sample=mother_ACC1-LIBR, unit=L1, R=1
    threads: 2
    resources: tmpdir=/tmp, mem_mb=2048, mem_mib=1954, cores=2, mem_gb=2, nodes=1, time=120

[Mon Jun 12 09:50:37 2023]
Finished job 6.
3 of 92 steps (3%) done
Removing temporary output 00_trimmomatic/father_ACC1-LIBR_L2-U_1.trimmed.fastq.gz.
Removing temporary output 00_trimmomatic/father_ACC1-LIBR_L2-U_2.trimmed.fastq.gz.
Select jobs to execute...

[Mon Jun 12 09:50:37 2023]
rule Fastqc:
    input: 00_trimmomatic/father_ACC1-LIBR_L2_1.trimmed.fastq.gz
    output: 01_QC/father_ACC1-LIBR_L2_1_fastqc.zip, 01_QC/father_ACC1-LIBR_L2_1_fastqc.html
    log: logs/QC/QC_father_ACC1-LIBR_L2_1.log
    jobid: 5
    benchmark: benchamrks/QC/father_ACC1-LIBR_L2_1_fastqc.txt
    reason: Missing output files: 01_QC/father_ACC1-LIBR_L2_1_fastqc.zip; Input files updated by another job: 00_trimmomatic/father_ACC1-LIBR_L2_1.trimmed.fastq.gz
    wildcards: sample=father_ACC1-LIBR, unit=L2, R=1
    threads: 2
    resources: tmpdir=/tmp, mem_mb=2048, mem_mib=1954, cores=2, mem_gb=2, nodes=1, time=120


[Mon Jun 12 09:50:37 2023]
rule Fastqc:
    input: 00_trimmomatic/father_ACC1-LIBR_L2_2.trimmed.fastq.gz
    output: 01_QC/father_ACC1-LIBR_L2_2_fastqc.zip, 01_QC/father_ACC1-LIBR_L2_2_fastqc.html
    log: logs/QC/QC_father_ACC1-LIBR_L2_2.log
    jobid: 7
    benchmark: benchamrks/QC/father_ACC1-LIBR_L2_2_fastqc.txt
    reason: Missing output files: 01_QC/father_ACC1-LIBR_L2_2_fastqc.zip; Input files updated by another job: 00_trimmomatic/father_ACC1-LIBR_L2_2.trimmed.fastq.gz
    wildcards: sample=father_ACC1-LIBR, unit=L2, R=2
    threads: 2
    resources: tmpdir=/tmp, mem_mb=2048, mem_mib=1954, cores=2, mem_gb=2, nodes=1, time=120

Waiting at most 5 seconds for missing files.
MissingOutputException in rule Fastqc in file /home/marc/wes_gatk/workflow/rules/QC.smk, line 40:
Job 31  completed successfully, but some output files are missing. Missing files after 5 seconds. This might be due to filesystem latency. If that is the case, consider to increase the wait time with --latency-wait:
01_QC/mother_ACC2-LIBR2_L1_2_fastqc.zip
01_QC/mother_ACC2-LIBR2_L1_2_fastqc.html
Waiting at most 5 seconds for missing files.
MissingOutputException in rule Fastqc in file /home/marc/wes_gatk/workflow/rules/QC.smk, line 40:
Job 29  completed successfully, but some output files are missing. Missing files after 5 seconds. This might be due to filesystem latency. If that is the case, consider to increase the wait time with --latency-wait:
01_QC/mother_ACC2-LIBR2_L1_1_fastqc.zip
01_QC/mother_ACC2-LIBR2_L1_1_fastqc.html
Waiting at most 5 seconds for missing files.
MissingOutputException in rule Fastqc in file /home/marc/wes_gatk/workflow/rules/QC.smk, line 40:
Job 28  completed successfully, but some output files are missing. Missing files after 5 seconds. This might be due to filesystem latency. If that is the case, consider to increase the wait time with --latency-wait:
01_QC/mother_ACC1-LIBR_L1_2_fastqc.zip
01_QC/mother_ACC1-LIBR_L1_2_fastqc.html
[Mon Jun 12 09:50:56 2023]
Finished job 3.
4 of 92 steps (4%) done
Removing temporary output 00_trimmomatic/father_ACC1-LIBR_L1-U_1.trimmed.fastq.gz.
Removing temporary output 00_trimmomatic/father_ACC1-LIBR_L1-U_2.trimmed.fastq.gz.
Waiting at most 5 seconds for missing files.
MissingOutputException in rule Fastqc in file /home/marc/wes_gatk/workflow/rules/QC.smk, line 40:
Job 26  completed successfully, but some output files are missing. Missing files after 5 seconds. This might be due to filesystem latency. If that is the case, consider to increase the wait time with --latency-wait:
01_QC/mother_ACC1-LIBR_L1_1_fastqc.zip
01_QC/mother_ACC1-LIBR_L1_1_fastqc.html
Waiting at most 5 seconds for missing files.
MissingOutputException in rule Fastqc in file /home/marc/wes_gatk/workflow/rules/QC.smk, line 40:
Job 5  completed successfully, but some output files are missing. Missing files after 5 seconds. This might be due to filesystem latency. If that is the case, consider to increase the wait time with --latency-wait:
01_QC/father_ACC1-LIBR_L2_1_fastqc.zip
01_QC/father_ACC1-LIBR_L2_1_fastqc.html
Waiting at most 5 seconds for missing files.
MissingOutputException in rule Fastqc in file /home/marc/wes_gatk/workflow/rules/QC.smk, line 40:
Job 7  completed successfully, but some output files are missing. Missing files after 5 seconds. This might be due to filesystem latency. If that is the case, consider to increase the wait time with --latency-wait:
01_QC/father_ACC1-LIBR_L2_2_fastqc.zip
01_QC/father_ACC1-LIBR_L2_2_fastqc.html
[Mon Jun 12 09:51:11 2023]
Finished job 51.
5 of 92 steps (5%) done
Removing temporary output 00_trimmomatic/proband_ACC1-LIBR_L1-U_1.trimmed.fastq.gz.
Removing temporary output 00_trimmomatic/proband_ACC1-LIBR_L1-U_2.trimmed.fastq.gz.
[Mon Jun 12 09:51:11 2023]
Finished job 54.
6 of 92 steps (7%) done
Removing temporary output 00_trimmomatic/proband_ACC2-LIBR2_L3-U_1.trimmed.fastq.gz.
Removing temporary output 00_trimmomatic/proband_ACC2-LIBR2_L3-U_2.trimmed.fastq.gz.
[Mon Jun 12 09:51:56 2023]
Finished job 37.
7 of 92 steps (8%) done
[Mon Jun 12 09:52:00 2023]
Finished job 34.
8 of 92 steps (9%) done
Shutting down, this might take some time.
Exiting because a job execution failed. Look above for error message
Complete log: ../../wes_gatk/workflow/.snakemake/log/2023-06-12T094740.632828.snakemake.log
