Building DAG of jobs...
IncompleteFilesException:
The files below seem to be incomplete. If you are sure that certain files are not incomplete, mark them as complete with

    snakemake --cleanup-metadata <filenames>

To re-generate the files rerun your command with the --rerun-incomplete flag.
Incomplete files:
logs/trimmomatic/father_ACC1-LIBR_L1.log
logs/trimmomatic/father_ACC1-LIBR_L1.summary
00_trimmomatic/father_ACC1-LIBR_L1_1.trimmed.fastq.gz
00_trimmomatic/father_ACC1-LIBR_L1_2.trimmed.fastq.gz
00_trimmomatic/father_ACC1-LIBR_L1-U_1.trimmed.fastq.gz
00_trimmomatic/father_ACC1-LIBR_L1-U_2.trimmed.fastq.gz
logs/trimmomatic/father_ACC1-LIBR_L2.log
logs/trimmomatic/father_ACC1-LIBR_L2.summary
00_trimmomatic/father_ACC1-LIBR_L2_1.trimmed.fastq.gz
00_trimmomatic/father_ACC1-LIBR_L2_2.trimmed.fastq.gz
00_trimmomatic/father_ACC1-LIBR_L2-U_1.trimmed.fastq.gz
00_trimmomatic/father_ACC1-LIBR_L2-U_2.trimmed.fastq.gz
logs/trimmomatic/mother_ACC1-LIBR_L1.log
logs/trimmomatic/mother_ACC1-LIBR_L1.summary
00_trimmomatic/mother_ACC1-LIBR_L1_1.trimmed.fastq.gz
00_trimmomatic/mother_ACC1-LIBR_L1_2.trimmed.fastq.gz
00_trimmomatic/mother_ACC1-LIBR_L1-U_1.trimmed.fastq.gz
00_trimmomatic/mother_ACC1-LIBR_L1-U_2.trimmed.fastq.gz
logs/trimmomatic/mother_ACC2-LIBR2_L1.log
logs/trimmomatic/mother_ACC2-LIBR2_L1.summary
00_trimmomatic/mother_ACC2-LIBR2_L1_1.trimmed.fastq.gz
00_trimmomatic/mother_ACC2-LIBR2_L1_2.trimmed.fastq.gz
00_trimmomatic/mother_ACC2-LIBR2_L1-U_1.trimmed.fastq.gz
00_trimmomatic/mother_ACC2-LIBR2_L1-U_2.trimmed.fastq.gz
logs/trimmomatic/proband_ACC1-LIBR_L1.log
logs/trimmomatic/proband_ACC1-LIBR_L1.summary
00_trimmomatic/proband_ACC1-LIBR_L1_1.trimmed.fastq.gz
00_trimmomatic/proband_ACC1-LIBR_L1_2.trimmed.fastq.gz
00_trimmomatic/proband_ACC1-LIBR_L1-U_1.trimmed.fastq.gz
00_trimmomatic/proband_ACC1-LIBR_L1-U_2.trimmed.fastq.gz
logs/trimmomatic/proband_ACC2-LIBR2_L3.log
logs/trimmomatic/proband_ACC2-LIBR2_L3.summary
00_trimmomatic/proband_ACC2-LIBR2_L3_1.trimmed.fastq.gz
00_trimmomatic/proband_ACC2-LIBR2_L3_2.trimmed.fastq.gz
00_trimmomatic/proband_ACC2-LIBR2_L3-U_1.trimmed.fastq.gz
00_trimmomatic/proband_ACC2-LIBR2_L3-U_2.trimmed.fastq.gz
