Building DAG of jobs...
Using shell: /bin/bash
Provided cores: 32
Rules claiming more threads will be scaled down.
Conda environments: ignored
Job stats:
job                       count    min threads    max threads
----------------------  -------  -------------  -------------
AnalyzeCovariates             6              2              2
Annovar                       1              4              4
BaseRecalibrator              6              4              4
Fastqc                       12              2              2
GatherBamFiles                3              1              1
HaplotypeCaller               3              4              4
Nirvana                       1              1              1
QC_alignment                  6              1              1
Split_variants_idnel          1              1              1
Split_variants_snp            1              1              1
VariantEval                   3              1              1
all                           1              1              1
applyBaseRecalibrator         6              1              1
bcftools_stats                1              1              1
bqsr_calibrated_report        6              1              1
bwa_align                     6              4              4
combine_gvcf                  1              1              1
consequence                   1              1              1
genotype_gvcfs                1              4              4
gunzip_trimmomatic            6              1              1
mrk_duplicates                6              1              1
multiqc                       1              1              1
plot_bcftools_stats           1              1              1
qualimap                      6              2              2
sort_and_convert_sam          6              1              1
trimmomatic                   6              4              4
total                        98              1              4

Select jobs to execute...

[Tue Jun 13 04:00:58 2023]
rule trimmomatic:
    input: /home/marc/Desktop/data/samples/complex_wes/father_ACC1-LIBR_L1_1.fq.gz, /home/marc/Desktop/data/samples/complex_wes/father_ACC1-LIBR_L1_2.fq.gz
    output: logs/trimmomatic/father/father_ACC1-LIBR_L1.log, logs/trimmomatic/father/father_ACC1-LIBR_L1.summary, 00_trimmomatic/father/father_ACC1-LIBR_L1_1.trimmed.fastq.gz, 00_trimmomatic/father/father_ACC1-LIBR_L1_2.trimmed.fastq.gz, 00_trimmomatic/father/father_ACC1-LIBR_L1-U_1.trimmed.fastq.gz, 00_trimmomatic/father/father_ACC1-LIBR_L1-U_2.trimmed.fastq.gz
    log: logs/trimmomatic/father/father_ACC1-LIBR_L1.txt
    jobid: 3
    benchmark: benchamrks/QC/father/father_ACC1-LIBR_L1_trim.txt
    reason: Missing output files: 00_trimmomatic/father/father_ACC1-LIBR_L1_1.trimmed.fastq.gz, 00_trimmomatic/father/father_ACC1-LIBR_L1_2.trimmed.fastq.gz
    wildcards: sample=father, unit=ACC1-LIBR_L1
    threads: 4
    resources: tmpdir=/tmp, mem_mb=5120, mem_mib=4883, cores=4, mem_gb=5, nodes=1, time=120


[Tue Jun 13 04:00:58 2023]
rule trimmomatic:
    input: /home/marc/Desktop/data/samples/complex_wes/proband_ACC2-LIBR2_L3_1.fq.gz, /home/marc/Desktop/data/samples/complex_wes/proband_ACC2-LIBR2_L3_2.fq.gz
    output: logs/trimmomatic/proband/proband_ACC2-LIBR2_L3.log, logs/trimmomatic/proband/proband_ACC2-LIBR2_L3.summary, 00_trimmomatic/proband/proband_ACC2-LIBR2_L3_1.trimmed.fastq.gz, 00_trimmomatic/proband/proband_ACC2-LIBR2_L3_2.trimmed.fastq.gz, 00_trimmomatic/proband/proband_ACC2-LIBR2_L3-U_1.trimmed.fastq.gz, 00_trimmomatic/proband/proband_ACC2-LIBR2_L3-U_2.trimmed.fastq.gz
    log: logs/trimmomatic/proband/proband_ACC2-LIBR2_L3.txt
    jobid: 58
    benchmark: benchamrks/QC/proband/proband_ACC2-LIBR2_L3_trim.txt
    reason: Missing output files: 00_trimmomatic/proband/proband_ACC2-LIBR2_L3_1.trimmed.fastq.gz, 00_trimmomatic/proband/proband_ACC2-LIBR2_L3_2.trimmed.fastq.gz
    wildcards: sample=proband, unit=ACC2-LIBR2_L3
    threads: 4
    resources: tmpdir=/tmp, mem_mb=5120, mem_mib=4883, cores=4, mem_gb=5, nodes=1, time=120


[Tue Jun 13 04:00:58 2023]
rule trimmomatic:
    input: /home/marc/Desktop/data/samples/complex_wes/mother_ACC1-LIBR_L1_1.fq.gz, /home/marc/Desktop/data/samples/complex_wes/mother_ACC1-LIBR_L1_2.fq.gz
    output: logs/trimmomatic/mother/mother_ACC1-LIBR_L1.log, logs/trimmomatic/mother/mother_ACC1-LIBR_L1.summary, 00_trimmomatic/mother/mother_ACC1-LIBR_L1_1.trimmed.fastq.gz, 00_trimmomatic/mother/mother_ACC1-LIBR_L1_2.trimmed.fastq.gz, 00_trimmomatic/mother/mother_ACC1-LIBR_L1-U_1.trimmed.fastq.gz, 00_trimmomatic/mother/mother_ACC1-LIBR_L1-U_2.trimmed.fastq.gz
    log: logs/trimmomatic/mother/mother_ACC1-LIBR_L1.txt
    jobid: 29
    benchmark: benchamrks/QC/mother/mother_ACC1-LIBR_L1_trim.txt
    reason: Missing output files: 00_trimmomatic/mother/mother_ACC1-LIBR_L1_1.trimmed.fastq.gz, 00_trimmomatic/mother/mother_ACC1-LIBR_L1_2.trimmed.fastq.gz
    wildcards: sample=mother, unit=ACC1-LIBR_L1
    threads: 4
    resources: tmpdir=/tmp, mem_mb=5120, mem_mib=4883, cores=4, mem_gb=5, nodes=1, time=120


[Tue Jun 13 04:00:58 2023]
rule trimmomatic:
    input: /home/marc/Desktop/data/samples/complex_wes/proband_ACC1-LIBR_L1_1.fq.gz, /home/marc/Desktop/data/samples/complex_wes/proband_ACC1-LIBR_L1_2.fq.gz
    output: logs/trimmomatic/proband/proband_ACC1-LIBR_L1.log, logs/trimmomatic/proband/proband_ACC1-LIBR_L1.summary, 00_trimmomatic/proband/proband_ACC1-LIBR_L1_1.trimmed.fastq.gz, 00_trimmomatic/proband/proband_ACC1-LIBR_L1_2.trimmed.fastq.gz, 00_trimmomatic/proband/proband_ACC1-LIBR_L1-U_1.trimmed.fastq.gz, 00_trimmomatic/proband/proband_ACC1-LIBR_L1-U_2.trimmed.fastq.gz
    log: logs/trimmomatic/proband/proband_ACC1-LIBR_L1.txt
    jobid: 55
    benchmark: benchamrks/QC/proband/proband_ACC1-LIBR_L1_trim.txt
    reason: Missing output files: 00_trimmomatic/proband/proband_ACC1-LIBR_L1_1.trimmed.fastq.gz, 00_trimmomatic/proband/proband_ACC1-LIBR_L1_2.trimmed.fastq.gz
    wildcards: sample=proband, unit=ACC1-LIBR_L1
    threads: 4
    resources: tmpdir=/tmp, mem_mb=5120, mem_mib=4883, cores=4, mem_gb=5, nodes=1, time=120


[Tue Jun 13 04:00:58 2023]
rule trimmomatic:
    input: /home/marc/Desktop/data/samples/complex_wes/father_ACC1-LIBR_L2_1.fq.gz, /home/marc/Desktop/data/samples/complex_wes/father_ACC1-LIBR_L2_2.fq.gz
    output: logs/trimmomatic/father/father_ACC1-LIBR_L2.log, logs/trimmomatic/father/father_ACC1-LIBR_L2.summary, 00_trimmomatic/father/father_ACC1-LIBR_L2_1.trimmed.fastq.gz, 00_trimmomatic/father/father_ACC1-LIBR_L2_2.trimmed.fastq.gz, 00_trimmomatic/father/father_ACC1-LIBR_L2-U_1.trimmed.fastq.gz, 00_trimmomatic/father/father_ACC1-LIBR_L2-U_2.trimmed.fastq.gz
    log: logs/trimmomatic/father/father_ACC1-LIBR_L2.txt
    jobid: 6
    benchmark: benchamrks/QC/father/father_ACC1-LIBR_L2_trim.txt
    reason: Missing output files: 00_trimmomatic/father/father_ACC1-LIBR_L2_1.trimmed.fastq.gz, 00_trimmomatic/father/father_ACC1-LIBR_L2_2.trimmed.fastq.gz
    wildcards: sample=father, unit=ACC1-LIBR_L2
    threads: 4
    resources: tmpdir=/tmp, mem_mb=5120, mem_mib=4883, cores=4, mem_gb=5, nodes=1, time=120


[Tue Jun 13 04:00:58 2023]
rule trimmomatic:
    input: /home/marc/Desktop/data/samples/complex_wes/mother_ACC2-LIBR2_L1_1.fq.gz, /home/marc/Desktop/data/samples/complex_wes/mother_ACC2-LIBR2_L1_2.fq.gz
    output: logs/trimmomatic/mother/mother_ACC2-LIBR2_L1.log, logs/trimmomatic/mother/mother_ACC2-LIBR2_L1.summary, 00_trimmomatic/mother/mother_ACC2-LIBR2_L1_1.trimmed.fastq.gz, 00_trimmomatic/mother/mother_ACC2-LIBR2_L1_2.trimmed.fastq.gz, 00_trimmomatic/mother/mother_ACC2-LIBR2_L1-U_1.trimmed.fastq.gz, 00_trimmomatic/mother/mother_ACC2-LIBR2_L1-U_2.trimmed.fastq.gz
    log: logs/trimmomatic/mother/mother_ACC2-LIBR2_L1.txt
    jobid: 32
    benchmark: benchamrks/QC/mother/mother_ACC2-LIBR2_L1_trim.txt
    reason: Missing output files: 00_trimmomatic/mother/mother_ACC2-LIBR2_L1_2.trimmed.fastq.gz, 00_trimmomatic/mother/mother_ACC2-LIBR2_L1_1.trimmed.fastq.gz
    wildcards: sample=mother, unit=ACC2-LIBR2_L1
    threads: 4
    resources: tmpdir=/tmp, mem_mb=5120, mem_mib=4883, cores=4, mem_gb=5, nodes=1, time=120

[Tue Jun 13 04:03:47 2023]
Finished job 29.
1 of 98 steps (1%) done
Removing temporary output 00_trimmomatic/mother/mother_ACC1-LIBR_L1-U_1.trimmed.fastq.gz.
Removing temporary output 00_trimmomatic/mother/mother_ACC1-LIBR_L1-U_2.trimmed.fastq.gz.
Select jobs to execute...

[Tue Jun 13 04:03:47 2023]
rule Fastqc:
    input: 00_trimmomatic/mother/mother_ACC1-LIBR_L1_2.trimmed.fastq.gz
    output: 01_QC/mother/mother_ACC1-LIBR_L1_2.trimmed_fastqc.zip, 01_QC/mother/mother_ACC1-LIBR_L1_2.trimmed_fastqc.html
    log: logs/QC/QC_mother_ACC1-LIBR_L1_2.log
    jobid: 30
    benchmark: benchamrks/QC/mother/mother_ACC1-LIBR_L1_2_fastqc.txt
    reason: Missing output files: 01_QC/mother/mother_ACC1-LIBR_L1_2.trimmed_fastqc.zip; Input files updated by another job: 00_trimmomatic/mother/mother_ACC1-LIBR_L1_2.trimmed.fastq.gz
    wildcards: sample=mother, unit=ACC1-LIBR_L1, R=2
    threads: 2
    resources: tmpdir=/tmp, mem_mb=2048, mem_mib=1954, cores=2, mem_gb=2, nodes=1, time=120


[Tue Jun 13 04:03:47 2023]
rule gunzip_trimmomatic:
    input: 00_trimmomatic/mother/mother_ACC1-LIBR_L1_1.trimmed.fastq.gz, 00_trimmomatic/mother/mother_ACC1-LIBR_L1_2.trimmed.fastq.gz
    output: 00_trimmomatic/mother/mother_ACC1-LIBR_L1_1.trimmed.fastq, 00_trimmomatic/mother/mother_ACC1-LIBR_L1_2.trimmed.fastq
    jobid: 37
    reason: Missing output files: 00_trimmomatic/mother/mother_ACC1-LIBR_L1_2.trimmed.fastq, 00_trimmomatic/mother/mother_ACC1-LIBR_L1_1.trimmed.fastq; Input files updated by another job: 00_trimmomatic/mother/mother_ACC1-LIBR_L1_1.trimmed.fastq.gz, 00_trimmomatic/mother/mother_ACC1-LIBR_L1_2.trimmed.fastq.gz
    wildcards: sample=mother, unit=ACC1-LIBR_L1
    resources: tmpdir=/tmp, mem_mb=2048, mem_mib=1954, cores=1, mem_gb=2, nodes=1, time=120


[Tue Jun 13 04:03:47 2023]
rule Fastqc:
    input: 00_trimmomatic/mother/mother_ACC1-LIBR_L1_1.trimmed.fastq.gz
    output: 01_QC/mother/mother_ACC1-LIBR_L1_1.trimmed_fastqc.zip, 01_QC/mother/mother_ACC1-LIBR_L1_1.trimmed_fastqc.html
    log: logs/QC/QC_mother_ACC1-LIBR_L1_1.log
    jobid: 28
    benchmark: benchamrks/QC/mother/mother_ACC1-LIBR_L1_1_fastqc.txt
    reason: Missing output files: 01_QC/mother/mother_ACC1-LIBR_L1_1.trimmed_fastqc.zip; Input files updated by another job: 00_trimmomatic/mother/mother_ACC1-LIBR_L1_1.trimmed.fastq.gz
    wildcards: sample=mother, unit=ACC1-LIBR_L1, R=1
    threads: 2
    resources: tmpdir=/tmp, mem_mb=2048, mem_mib=1954, cores=2, mem_gb=2, nodes=1, time=120

[Tue Jun 13 04:03:51 2023]
Finished job 32.
2 of 98 steps (2%) done
Removing temporary output 00_trimmomatic/mother/mother_ACC2-LIBR2_L1-U_1.trimmed.fastq.gz.
Removing temporary output 00_trimmomatic/mother/mother_ACC2-LIBR2_L1-U_2.trimmed.fastq.gz.
Select jobs to execute...

[Tue Jun 13 04:03:51 2023]
rule Fastqc:
    input: 00_trimmomatic/mother/mother_ACC2-LIBR2_L1_1.trimmed.fastq.gz
    output: 01_QC/mother/mother_ACC2-LIBR2_L1_1.trimmed_fastqc.zip, 01_QC/mother/mother_ACC2-LIBR2_L1_1.trimmed_fastqc.html
    log: logs/QC/QC_mother_ACC2-LIBR2_L1_1.log
    jobid: 31
    benchmark: benchamrks/QC/mother/mother_ACC2-LIBR2_L1_1_fastqc.txt
    reason: Missing output files: 01_QC/mother/mother_ACC2-LIBR2_L1_1.trimmed_fastqc.zip; Input files updated by another job: 00_trimmomatic/mother/mother_ACC2-LIBR2_L1_1.trimmed.fastq.gz
    wildcards: sample=mother, unit=ACC2-LIBR2_L1, R=1
    threads: 2
    resources: tmpdir=/tmp, mem_mb=2048, mem_mib=1954, cores=2, mem_gb=2, nodes=1, time=120


[Tue Jun 13 04:03:51 2023]
rule Fastqc:
    input: 00_trimmomatic/mother/mother_ACC2-LIBR2_L1_2.trimmed.fastq.gz
    output: 01_QC/mother/mother_ACC2-LIBR2_L1_2.trimmed_fastqc.zip, 01_QC/mother/mother_ACC2-LIBR2_L1_2.trimmed_fastqc.html
    log: logs/QC/QC_mother_ACC2-LIBR2_L1_2.log
    jobid: 33
    benchmark: benchamrks/QC/mother/mother_ACC2-LIBR2_L1_2_fastqc.txt
    reason: Missing output files: 01_QC/mother/mother_ACC2-LIBR2_L1_2.trimmed_fastqc.zip; Input files updated by another job: 00_trimmomatic/mother/mother_ACC2-LIBR2_L1_2.trimmed.fastq.gz
    wildcards: sample=mother, unit=ACC2-LIBR2_L1, R=2
    threads: 2
    resources: tmpdir=/tmp, mem_mb=2048, mem_mib=1954, cores=2, mem_gb=2, nodes=1, time=120


[Tue Jun 13 04:03:51 2023]
rule gunzip_trimmomatic:
    input: 00_trimmomatic/mother/mother_ACC2-LIBR2_L1_1.trimmed.fastq.gz, 00_trimmomatic/mother/mother_ACC2-LIBR2_L1_2.trimmed.fastq.gz
    output: 00_trimmomatic/mother/mother_ACC2-LIBR2_L1_1.trimmed.fastq, 00_trimmomatic/mother/mother_ACC2-LIBR2_L1_2.trimmed.fastq
    jobid: 41
    reason: Missing output files: 00_trimmomatic/mother/mother_ACC2-LIBR2_L1_1.trimmed.fastq, 00_trimmomatic/mother/mother_ACC2-LIBR2_L1_2.trimmed.fastq; Input files updated by another job: 00_trimmomatic/mother/mother_ACC2-LIBR2_L1_2.trimmed.fastq.gz, 00_trimmomatic/mother/mother_ACC2-LIBR2_L1_1.trimmed.fastq.gz
    wildcards: sample=mother, unit=ACC2-LIBR2_L1
    resources: tmpdir=/tmp, mem_mb=2048, mem_mib=1954, cores=1, mem_gb=2, nodes=1, time=120

[Tue Jun 13 04:03:55 2023]
Finished job 37.
3 of 98 steps (3%) done
Select jobs to execute...

[Tue Jun 13 04:03:55 2023]
rule bwa_align:
    input: 00_trimmomatic/mother/mother_ACC1-LIBR_L1_1.trimmed.fastq, 00_trimmomatic/mother/mother_ACC1-LIBR_L1_2.trimmed.fastq
    output: 02_alignment/mother/mother_ACC1-LIBR_L1.bam
    log: logs/bwa/mother/mother_ACC1-LIBR_L1_bwa.log
    jobid: 36
    benchmark: benchamrks/mother/mother_ACC1-LIBR_L1_bwa.txt
    reason: Missing output files: 02_alignment/mother/mother_ACC1-LIBR_L1.bam; Input files updated by another job: 00_trimmomatic/mother/mother_ACC1-LIBR_L1_2.trimmed.fastq, 00_trimmomatic/mother/mother_ACC1-LIBR_L1_1.trimmed.fastq
    wildcards: sample=mother, unit=ACC1-LIBR_L1
    threads: 4
    resources: tmpdir=/tmp, mem_mb=32768, mem_mib=31250, cores=4, mem_gb=32, nodes=1, time=120

[Tue Jun 13 04:03:55 2023]
Finished job 6.
4 of 98 steps (4%) done
Removing temporary output 00_trimmomatic/father/father_ACC1-LIBR_L2-U_1.trimmed.fastq.gz.
Removing temporary output 00_trimmomatic/father/father_ACC1-LIBR_L2-U_2.trimmed.fastq.gz.
Select jobs to execute...

[Tue Jun 13 04:03:55 2023]
rule Fastqc:
    input: 00_trimmomatic/father/father_ACC1-LIBR_L2_1.trimmed.fastq.gz
    output: 01_QC/father/father_ACC1-LIBR_L2_1.trimmed_fastqc.zip, 01_QC/father/father_ACC1-LIBR_L2_1.trimmed_fastqc.html
    log: logs/QC/QC_father_ACC1-LIBR_L2_1.log
    jobid: 5
    benchmark: benchamrks/QC/father/father_ACC1-LIBR_L2_1_fastqc.txt
    reason: Missing output files: 01_QC/father/father_ACC1-LIBR_L2_1.trimmed_fastqc.zip; Input files updated by another job: 00_trimmomatic/father/father_ACC1-LIBR_L2_1.trimmed.fastq.gz
    wildcards: sample=father, unit=ACC1-LIBR_L2, R=1
    threads: 2
    resources: tmpdir=/tmp, mem_mb=2048, mem_mib=1954, cores=2, mem_gb=2, nodes=1, time=120


[Tue Jun 13 04:03:55 2023]
rule gunzip_trimmomatic:
    input: 00_trimmomatic/father/father_ACC1-LIBR_L2_1.trimmed.fastq.gz, 00_trimmomatic/father/father_ACC1-LIBR_L2_2.trimmed.fastq.gz
    output: 00_trimmomatic/father/father_ACC1-LIBR_L2_1.trimmed.fastq, 00_trimmomatic/father/father_ACC1-LIBR_L2_2.trimmed.fastq
    jobid: 15
    reason: Missing output files: 00_trimmomatic/father/father_ACC1-LIBR_L2_1.trimmed.fastq, 00_trimmomatic/father/father_ACC1-LIBR_L2_2.trimmed.fastq; Input files updated by another job: 00_trimmomatic/father/father_ACC1-LIBR_L2_1.trimmed.fastq.gz, 00_trimmomatic/father/father_ACC1-LIBR_L2_2.trimmed.fastq.gz
    wildcards: sample=father, unit=ACC1-LIBR_L2
    resources: tmpdir=/tmp, mem_mb=2048, mem_mib=1954, cores=1, mem_gb=2, nodes=1, time=120


[Tue Jun 13 04:03:55 2023]
rule Fastqc:
    input: 00_trimmomatic/father/father_ACC1-LIBR_L2_2.trimmed.fastq.gz
    output: 01_QC/father/father_ACC1-LIBR_L2_2.trimmed_fastqc.zip, 01_QC/father/father_ACC1-LIBR_L2_2.trimmed_fastqc.html
    log: logs/QC/QC_father_ACC1-LIBR_L2_2.log
    jobid: 7
    benchmark: benchamrks/QC/father/father_ACC1-LIBR_L2_2_fastqc.txt
    reason: Missing output files: 01_QC/father/father_ACC1-LIBR_L2_2.trimmed_fastqc.zip; Input files updated by another job: 00_trimmomatic/father/father_ACC1-LIBR_L2_2.trimmed.fastq.gz
    wildcards: sample=father, unit=ACC1-LIBR_L2, R=2
    threads: 2
    resources: tmpdir=/tmp, mem_mb=2048, mem_mib=1954, cores=2, mem_gb=2, nodes=1, time=120

[Tue Jun 13 04:03:58 2023]
Finished job 41.
5 of 98 steps (5%) done
Select jobs to execute...
[Tue Jun 13 04:04:02 2023]
Finished job 28.
6 of 98 steps (6%) done

[Tue Jun 13 04:04:02 2023]
rule bwa_align:
    input: 00_trimmomatic/mother/mother_ACC2-LIBR2_L1_1.trimmed.fastq, 00_trimmomatic/mother/mother_ACC2-LIBR2_L1_2.trimmed.fastq
    output: 02_alignment/mother/mother_ACC2-LIBR2_L1.bam
    log: logs/bwa/mother/mother_ACC2-LIBR2_L1_bwa.log
    jobid: 40
    benchmark: benchamrks/mother/mother_ACC2-LIBR2_L1_bwa.txt
    reason: Missing output files: 02_alignment/mother/mother_ACC2-LIBR2_L1.bam; Input files updated by another job: 00_trimmomatic/mother/mother_ACC2-LIBR2_L1_1.trimmed.fastq, 00_trimmomatic/mother/mother_ACC2-LIBR2_L1_2.trimmed.fastq
    wildcards: sample=mother, unit=ACC2-LIBR2_L1
    threads: 4
    resources: tmpdir=/tmp, mem_mb=32768, mem_mib=31250, cores=4, mem_gb=32, nodes=1, time=120

[Tue Jun 13 04:04:02 2023]
Finished job 30.
7 of 98 steps (7%) done
[Tue Jun 13 04:04:03 2023]
Finished job 15.
8 of 98 steps (8%) done
Select jobs to execute...

[Tue Jun 13 04:04:03 2023]
rule bwa_align:
    input: 00_trimmomatic/father/father_ACC1-LIBR_L2_1.trimmed.fastq, 00_trimmomatic/father/father_ACC1-LIBR_L2_2.trimmed.fastq
    output: 02_alignment/father/father_ACC1-LIBR_L2.bam
    log: logs/bwa/father/father_ACC1-LIBR_L2_bwa.log
    jobid: 14
    benchmark: benchamrks/father/father_ACC1-LIBR_L2_bwa.txt
    reason: Missing output files: 02_alignment/father/father_ACC1-LIBR_L2.bam; Input files updated by another job: 00_trimmomatic/father/father_ACC1-LIBR_L2_1.trimmed.fastq, 00_trimmomatic/father/father_ACC1-LIBR_L2_2.trimmed.fastq
    wildcards: sample=father, unit=ACC1-LIBR_L2
    threads: 4
    resources: tmpdir=/tmp, mem_mb=32768, mem_mib=31250, cores=4, mem_gb=32, nodes=1, time=120

[Tue Jun 13 04:04:05 2023]
Finished job 33.
9 of 98 steps (9%) done
[Tue Jun 13 04:04:05 2023]
Finished job 3.
10 of 98 steps (10%) done
Removing temporary output 00_trimmomatic/father/father_ACC1-LIBR_L1-U_1.trimmed.fastq.gz.
Removing temporary output 00_trimmomatic/father/father_ACC1-LIBR_L1-U_2.trimmed.fastq.gz.
Select jobs to execute...

[Tue Jun 13 04:04:05 2023]
rule Fastqc:
    input: 00_trimmomatic/father/father_ACC1-LIBR_L1_2.trimmed.fastq.gz
    output: 01_QC/father/father_ACC1-LIBR_L1_2.trimmed_fastqc.zip, 01_QC/father/father_ACC1-LIBR_L1_2.trimmed_fastqc.html
    log: logs/QC/QC_father_ACC1-LIBR_L1_2.log
    jobid: 4
    benchmark: benchamrks/QC/father/father_ACC1-LIBR_L1_2_fastqc.txt
    reason: Missing output files: 01_QC/father/father_ACC1-LIBR_L1_2.trimmed_fastqc.zip; Input files updated by another job: 00_trimmomatic/father/father_ACC1-LIBR_L1_2.trimmed.fastq.gz
    wildcards: sample=father, unit=ACC1-LIBR_L1, R=2
    threads: 2
    resources: tmpdir=/tmp, mem_mb=2048, mem_mib=1954, cores=2, mem_gb=2, nodes=1, time=120


[Tue Jun 13 04:04:05 2023]
rule gunzip_trimmomatic:
    input: 00_trimmomatic/father/father_ACC1-LIBR_L1_1.trimmed.fastq.gz, 00_trimmomatic/father/father_ACC1-LIBR_L1_2.trimmed.fastq.gz
    output: 00_trimmomatic/father/father_ACC1-LIBR_L1_1.trimmed.fastq, 00_trimmomatic/father/father_ACC1-LIBR_L1_2.trimmed.fastq
    jobid: 11
    reason: Missing output files: 00_trimmomatic/father/father_ACC1-LIBR_L1_1.trimmed.fastq, 00_trimmomatic/father/father_ACC1-LIBR_L1_2.trimmed.fastq; Input files updated by another job: 00_trimmomatic/father/father_ACC1-LIBR_L1_1.trimmed.fastq.gz, 00_trimmomatic/father/father_ACC1-LIBR_L1_2.trimmed.fastq.gz
    wildcards: sample=father, unit=ACC1-LIBR_L1
    resources: tmpdir=/tmp, mem_mb=2048, mem_mib=1954, cores=1, mem_gb=2, nodes=1, time=120


[Tue Jun 13 04:04:05 2023]
rule Fastqc:
    input: 00_trimmomatic/father/father_ACC1-LIBR_L1_1.trimmed.fastq.gz
    output: 01_QC/father/father_ACC1-LIBR_L1_1.trimmed_fastqc.zip, 01_QC/father/father_ACC1-LIBR_L1_1.trimmed_fastqc.html
    log: logs/QC/QC_father_ACC1-LIBR_L1_1.log
    jobid: 2
    benchmark: benchamrks/QC/father/father_ACC1-LIBR_L1_1_fastqc.txt
    reason: Missing output files: 01_QC/father/father_ACC1-LIBR_L1_1.trimmed_fastqc.zip; Input files updated by another job: 00_trimmomatic/father/father_ACC1-LIBR_L1_1.trimmed.fastq.gz
    wildcards: sample=father, unit=ACC1-LIBR_L1, R=1
    threads: 2
    resources: tmpdir=/tmp, mem_mb=2048, mem_mib=1954, cores=2, mem_gb=2, nodes=1, time=120

[Tue Jun 13 04:04:06 2023]
Finished job 31.
11 of 98 steps (11%) done
[Tue Jun 13 04:04:12 2023]
Finished job 5.
12 of 98 steps (12%) done
[Tue Jun 13 04:04:12 2023]
Finished job 7.
13 of 98 steps (13%) done
[Tue Jun 13 04:04:14 2023]
Finished job 11.
14 of 98 steps (14%) done
Select jobs to execute...

[Tue Jun 13 04:04:14 2023]
rule bwa_align:
    input: 00_trimmomatic/father/father_ACC1-LIBR_L1_1.trimmed.fastq, 00_trimmomatic/father/father_ACC1-LIBR_L1_2.trimmed.fastq
    output: 02_alignment/father/father_ACC1-LIBR_L1.bam
    log: logs/bwa/father/father_ACC1-LIBR_L1_bwa.log
    jobid: 10
    benchmark: benchamrks/father/father_ACC1-LIBR_L1_bwa.txt
    reason: Missing output files: 02_alignment/father/father_ACC1-LIBR_L1.bam; Input files updated by another job: 00_trimmomatic/father/father_ACC1-LIBR_L1_2.trimmed.fastq, 00_trimmomatic/father/father_ACC1-LIBR_L1_1.trimmed.fastq
    wildcards: sample=father, unit=ACC1-LIBR_L1
    threads: 4
    resources: tmpdir=/tmp, mem_mb=32768, mem_mib=31250, cores=4, mem_gb=32, nodes=1, time=120

[Tue Jun 13 04:04:22 2023]
Finished job 4.
15 of 98 steps (15%) done
[Tue Jun 13 04:04:22 2023]
Finished job 55.
16 of 98 steps (16%) done
Removing temporary output 00_trimmomatic/proband/proband_ACC1-LIBR_L1-U_1.trimmed.fastq.gz.
Removing temporary output 00_trimmomatic/proband/proband_ACC1-LIBR_L1-U_2.trimmed.fastq.gz.
Select jobs to execute...

[Tue Jun 13 04:04:22 2023]
rule gunzip_trimmomatic:
    input: 00_trimmomatic/proband/proband_ACC1-LIBR_L1_1.trimmed.fastq.gz, 00_trimmomatic/proband/proband_ACC1-LIBR_L1_2.trimmed.fastq.gz
    output: 00_trimmomatic/proband/proband_ACC1-LIBR_L1_1.trimmed.fastq, 00_trimmomatic/proband/proband_ACC1-LIBR_L1_2.trimmed.fastq
    jobid: 63
    reason: Missing output files: 00_trimmomatic/proband/proband_ACC1-LIBR_L1_1.trimmed.fastq, 00_trimmomatic/proband/proband_ACC1-LIBR_L1_2.trimmed.fastq; Input files updated by another job: 00_trimmomatic/proband/proband_ACC1-LIBR_L1_1.trimmed.fastq.gz, 00_trimmomatic/proband/proband_ACC1-LIBR_L1_2.trimmed.fastq.gz
    wildcards: sample=proband, unit=ACC1-LIBR_L1
    resources: tmpdir=/tmp, mem_mb=2048, mem_mib=1954, cores=1, mem_gb=2, nodes=1, time=120


[Tue Jun 13 04:04:22 2023]
rule Fastqc:
    input: 00_trimmomatic/proband/proband_ACC1-LIBR_L1_1.trimmed.fastq.gz
    output: 01_QC/proband/proband_ACC1-LIBR_L1_1.trimmed_fastqc.zip, 01_QC/proband/proband_ACC1-LIBR_L1_1.trimmed_fastqc.html
    log: logs/QC/QC_proband_ACC1-LIBR_L1_1.log
    jobid: 54
    benchmark: benchamrks/QC/proband/proband_ACC1-LIBR_L1_1_fastqc.txt
    reason: Missing output files: 01_QC/proband/proband_ACC1-LIBR_L1_1.trimmed_fastqc.zip; Input files updated by another job: 00_trimmomatic/proband/proband_ACC1-LIBR_L1_1.trimmed.fastq.gz
    wildcards: sample=proband, unit=ACC1-LIBR_L1, R=1
    threads: 2
    resources: tmpdir=/tmp, mem_mb=2048, mem_mib=1954, cores=2, mem_gb=2, nodes=1, time=120


[Tue Jun 13 04:04:22 2023]
rule Fastqc:
    input: 00_trimmomatic/proband/proband_ACC1-LIBR_L1_2.trimmed.fastq.gz
    output: 01_QC/proband/proband_ACC1-LIBR_L1_2.trimmed_fastqc.zip, 01_QC/proband/proband_ACC1-LIBR_L1_2.trimmed_fastqc.html
    log: logs/QC/QC_proband_ACC1-LIBR_L1_2.log
    jobid: 56
    benchmark: benchamrks/QC/proband/proband_ACC1-LIBR_L1_2_fastqc.txt
    reason: Missing output files: 01_QC/proband/proband_ACC1-LIBR_L1_2.trimmed_fastqc.zip; Input files updated by another job: 00_trimmomatic/proband/proband_ACC1-LIBR_L1_2.trimmed.fastq.gz
    wildcards: sample=proband, unit=ACC1-LIBR_L1, R=2
    threads: 2
    resources: tmpdir=/tmp, mem_mb=2048, mem_mib=1954, cores=2, mem_gb=2, nodes=1, time=120

[Tue Jun 13 04:04:22 2023]
Finished job 58.
17 of 98 steps (17%) done
Removing temporary output 00_trimmomatic/proband/proband_ACC2-LIBR2_L3-U_1.trimmed.fastq.gz.
Removing temporary output 00_trimmomatic/proband/proband_ACC2-LIBR2_L3-U_2.trimmed.fastq.gz.
Select jobs to execute...

[Tue Jun 13 04:04:22 2023]
rule Fastqc:
    input: 00_trimmomatic/proband/proband_ACC2-LIBR2_L3_1.trimmed.fastq.gz
    output: 01_QC/proband/proband_ACC2-LIBR2_L3_1.trimmed_fastqc.zip, 01_QC/proband/proband_ACC2-LIBR2_L3_1.trimmed_fastqc.html
    log: logs/QC/QC_proband_ACC2-LIBR2_L3_1.log
    jobid: 57
    benchmark: benchamrks/QC/proband/proband_ACC2-LIBR2_L3_1_fastqc.txt
    reason: Missing output files: 01_QC/proband/proband_ACC2-LIBR2_L3_1.trimmed_fastqc.zip; Input files updated by another job: 00_trimmomatic/proband/proband_ACC2-LIBR2_L3_1.trimmed.fastq.gz
    wildcards: sample=proband, unit=ACC2-LIBR2_L3, R=1
    threads: 2
    resources: tmpdir=/tmp, mem_mb=2048, mem_mib=1954, cores=2, mem_gb=2, nodes=1, time=120


[Tue Jun 13 04:04:22 2023]
rule Fastqc:
    input: 00_trimmomatic/proband/proband_ACC2-LIBR2_L3_2.trimmed.fastq.gz
    output: 01_QC/proband/proband_ACC2-LIBR2_L3_2.trimmed_fastqc.zip, 01_QC/proband/proband_ACC2-LIBR2_L3_2.trimmed_fastqc.html
    log: logs/QC/QC_proband_ACC2-LIBR2_L3_2.log
    jobid: 59
    benchmark: benchamrks/QC/proband/proband_ACC2-LIBR2_L3_2_fastqc.txt
    reason: Missing output files: 01_QC/proband/proband_ACC2-LIBR2_L3_2.trimmed_fastqc.zip; Input files updated by another job: 00_trimmomatic/proband/proband_ACC2-LIBR2_L3_2.trimmed.fastq.gz
    wildcards: sample=proband, unit=ACC2-LIBR2_L3, R=2
    threads: 2
    resources: tmpdir=/tmp, mem_mb=2048, mem_mib=1954, cores=2, mem_gb=2, nodes=1, time=120


[Tue Jun 13 04:04:22 2023]
rule gunzip_trimmomatic:
    input: 00_trimmomatic/proband/proband_ACC2-LIBR2_L3_1.trimmed.fastq.gz, 00_trimmomatic/proband/proband_ACC2-LIBR2_L3_2.trimmed.fastq.gz
    output: 00_trimmomatic/proband/proband_ACC2-LIBR2_L3_1.trimmed.fastq, 00_trimmomatic/proband/proband_ACC2-LIBR2_L3_2.trimmed.fastq
    jobid: 67
    reason: Missing output files: 00_trimmomatic/proband/proband_ACC2-LIBR2_L3_1.trimmed.fastq, 00_trimmomatic/proband/proband_ACC2-LIBR2_L3_2.trimmed.fastq; Input files updated by another job: 00_trimmomatic/proband/proband_ACC2-LIBR2_L3_1.trimmed.fastq.gz, 00_trimmomatic/proband/proband_ACC2-LIBR2_L3_2.trimmed.fastq.gz
    wildcards: sample=proband, unit=ACC2-LIBR2_L3
    resources: tmpdir=/tmp, mem_mb=2048, mem_mib=1954, cores=1, mem_gb=2, nodes=1, time=120

[Tue Jun 13 04:04:24 2023]
Finished job 2.
18 of 98 steps (18%) done
[Tue Jun 13 04:04:32 2023]
Finished job 63.
19 of 98 steps (19%) done
Select jobs to execute...

[Tue Jun 13 04:04:32 2023]
rule bwa_align:
    input: 00_trimmomatic/proband/proband_ACC1-LIBR_L1_1.trimmed.fastq, 00_trimmomatic/proband/proband_ACC1-LIBR_L1_2.trimmed.fastq
    output: 02_alignment/proband/proband_ACC1-LIBR_L1.bam
    log: logs/bwa/proband/proband_ACC1-LIBR_L1_bwa.log
    jobid: 62
    benchmark: benchamrks/proband/proband_ACC1-LIBR_L1_bwa.txt
    reason: Missing output files: 02_alignment/proband/proband_ACC1-LIBR_L1.bam; Input files updated by another job: 00_trimmomatic/proband/proband_ACC1-LIBR_L1_1.trimmed.fastq, 00_trimmomatic/proband/proband_ACC1-LIBR_L1_2.trimmed.fastq
    wildcards: sample=proband, unit=ACC1-LIBR_L1
    threads: 4
    resources: tmpdir=/tmp, mem_mb=32768, mem_mib=31250, cores=4, mem_gb=32, nodes=1, time=120

[Tue Jun 13 04:04:33 2023]
Finished job 67.
20 of 98 steps (20%) done
Select jobs to execute...

[Tue Jun 13 04:04:33 2023]
rule bwa_align:
    input: 00_trimmomatic/proband/proband_ACC2-LIBR2_L3_1.trimmed.fastq, 00_trimmomatic/proband/proband_ACC2-LIBR2_L3_2.trimmed.fastq
    output: 02_alignment/proband/proband_ACC2-LIBR2_L3.bam
    log: logs/bwa/proband/proband_ACC2-LIBR2_L3_bwa.log
    jobid: 66
    benchmark: benchamrks/proband/proband_ACC2-LIBR2_L3_bwa.txt
    reason: Missing output files: 02_alignment/proband/proband_ACC2-LIBR2_L3.bam; Input files updated by another job: 00_trimmomatic/proband/proband_ACC2-LIBR2_L3_1.trimmed.fastq, 00_trimmomatic/proband/proband_ACC2-LIBR2_L3_2.trimmed.fastq
    wildcards: sample=proband, unit=ACC2-LIBR2_L3
    threads: 4
    resources: tmpdir=/tmp, mem_mb=32768, mem_mib=31250, cores=4, mem_gb=32, nodes=1, time=120

[Tue Jun 13 04:04:43 2023]
Finished job 56.
21 of 98 steps (21%) done
[Tue Jun 13 04:04:45 2023]
Finished job 59.
22 of 98 steps (22%) done
[Tue Jun 13 04:04:46 2023]
Finished job 54.
23 of 98 steps (23%) done
[Tue Jun 13 04:04:47 2023]
Finished job 57.
24 of 98 steps (24%) done
[Tue Jun 13 04:05:53 2023]
Finished job 36.
25 of 98 steps (26%) done
Select jobs to execute...

[Tue Jun 13 04:05:53 2023]
rule sort_and_convert_sam:
    input: 02_alignment/mother/mother_ACC1-LIBR_L1.bam
    output: 02_alignment/mother/mother_ACC1-LIBR_L1.sorted.bam
    jobid: 35
    reason: Missing output files: 02_alignment/mother/mother_ACC1-LIBR_L1.sorted.bam; Input files updated by another job: 02_alignment/mother/mother_ACC1-LIBR_L1.bam
    wildcards: sample=mother, unit=ACC1-LIBR_L1
    resources: tmpdir=/tmp, mem_mb=2048, mem_mib=1954, cores=1, mem_gb=2, nodes=1, time=120

[Tue Jun 13 04:06:05 2023]
Finished job 40.
26 of 98 steps (27%) done
Select jobs to execute...

[Tue Jun 13 04:06:05 2023]
rule sort_and_convert_sam:
    input: 02_alignment/mother/mother_ACC2-LIBR2_L1.bam
    output: 02_alignment/mother/mother_ACC2-LIBR2_L1.sorted.bam
    jobid: 39
    reason: Missing output files: 02_alignment/mother/mother_ACC2-LIBR2_L1.sorted.bam; Input files updated by another job: 02_alignment/mother/mother_ACC2-LIBR2_L1.bam
    wildcards: sample=mother, unit=ACC2-LIBR2_L1
    resources: tmpdir=/tmp, mem_mb=2048, mem_mib=1954, cores=1, mem_gb=2, nodes=1, time=120

[Tue Jun 13 04:06:17 2023]
Finished job 14.
27 of 98 steps (28%) done
Select jobs to execute...

[Tue Jun 13 04:06:17 2023]
rule sort_and_convert_sam:
    input: 02_alignment/father/father_ACC1-LIBR_L2.bam
    output: 02_alignment/father/father_ACC1-LIBR_L2.sorted.bam
    jobid: 13
    reason: Missing output files: 02_alignment/father/father_ACC1-LIBR_L2.sorted.bam; Input files updated by another job: 02_alignment/father/father_ACC1-LIBR_L2.bam
    wildcards: sample=father, unit=ACC1-LIBR_L2
    resources: tmpdir=/tmp, mem_mb=2048, mem_mib=1954, cores=1, mem_gb=2, nodes=1, time=120

[Tue Jun 13 04:06:23 2023]
Finished job 10.
28 of 98 steps (29%) done
Select jobs to execute...

[Tue Jun 13 04:06:23 2023]
rule sort_and_convert_sam:
    input: 02_alignment/father/father_ACC1-LIBR_L1.bam
    output: 02_alignment/father/father_ACC1-LIBR_L1.sorted.bam
    jobid: 9
    reason: Missing output files: 02_alignment/father/father_ACC1-LIBR_L1.sorted.bam; Input files updated by another job: 02_alignment/father/father_ACC1-LIBR_L1.bam
    wildcards: sample=father, unit=ACC1-LIBR_L1
    resources: tmpdir=/tmp, mem_mb=2048, mem_mib=1954, cores=1, mem_gb=2, nodes=1, time=120

[Tue Jun 13 04:06:28 2023]
Finished job 35.
29 of 98 steps (30%) done
Removing temporary output 02_alignment/mother/mother_ACC1-LIBR_L1.bam.
Select jobs to execute...

[Tue Jun 13 04:06:28 2023]
rule QC_alignment:
    input: 02_alignment/mother/mother_ACC1-LIBR_L1.sorted.bam
    output: 02_alignment/mother/QC/mother_ACC1-LIBR_L1.cov, 02_alignment/mother/QC/mother_ACC1-LIBR_L1.stats
    jobid: 34
    reason: Missing output files: 02_alignment/mother/QC/mother_ACC1-LIBR_L1.cov; Input files updated by another job: 02_alignment/mother/mother_ACC1-LIBR_L1.sorted.bam
    wildcards: sample=mother, unit=ACC1-LIBR_L1
    resources: tmpdir=/tmp, mem_mb=2048, mem_mib=1954, cores=1, mem_gb=2, nodes=1, time=120


[Tue Jun 13 04:06:28 2023]
rule mrk_duplicates:
    input: 02_alignment/mother/mother_ACC1-LIBR_L1.sorted.bam
    output: 02_alignment/mother/mother_ACC1-LIBR_L1.dedub.bam, 02_alignment/mother/mother_ACC1-LIBR_L1.dedub.matrix
    log: logs/mrk-dub/mother/mother_ACC1-LIBR_L1.dedub.log
    jobid: 44
    reason: Missing output files: 02_alignment/mother/mother_ACC1-LIBR_L1.dedub.bam; Input files updated by another job: 02_alignment/mother/mother_ACC1-LIBR_L1.sorted.bam
    wildcards: sample=mother, unit=ACC1-LIBR_L1
    resources: tmpdir=/tmp, mem_mb=4096, mem_mib=3907, cores=4, mem_gb=4, nodes=1, time=120

[Tue Jun 13 04:06:34 2023]
Finished job 34.
30 of 98 steps (31%) done
[Tue Jun 13 04:06:39 2023]
Finished job 39.
31 of 98 steps (32%) done
Removing temporary output 02_alignment/mother/mother_ACC2-LIBR2_L1.bam.
Select jobs to execute...

[Tue Jun 13 04:06:39 2023]
rule mrk_duplicates:
    input: 02_alignment/mother/mother_ACC2-LIBR2_L1.sorted.bam
    output: 02_alignment/mother/mother_ACC2-LIBR2_L1.dedub.bam, 02_alignment/mother/mother_ACC2-LIBR2_L1.dedub.matrix
    log: logs/mrk-dub/mother/mother_ACC2-LIBR2_L1.dedub.log
    jobid: 48
    reason: Missing output files: 02_alignment/mother/mother_ACC2-LIBR2_L1.dedub.bam; Input files updated by another job: 02_alignment/mother/mother_ACC2-LIBR2_L1.sorted.bam
    wildcards: sample=mother, unit=ACC2-LIBR2_L1
    resources: tmpdir=/tmp, mem_mb=4096, mem_mib=3907, cores=4, mem_gb=4, nodes=1, time=120


[Tue Jun 13 04:06:39 2023]
rule QC_alignment:
    input: 02_alignment/mother/mother_ACC2-LIBR2_L1.sorted.bam
    output: 02_alignment/mother/QC/mother_ACC2-LIBR2_L1.cov, 02_alignment/mother/QC/mother_ACC2-LIBR2_L1.stats
    jobid: 38
    reason: Missing output files: 02_alignment/mother/QC/mother_ACC2-LIBR2_L1.cov; Input files updated by another job: 02_alignment/mother/mother_ACC2-LIBR2_L1.sorted.bam
    wildcards: sample=mother, unit=ACC2-LIBR2_L1
    resources: tmpdir=/tmp, mem_mb=2048, mem_mib=1954, cores=1, mem_gb=2, nodes=1, time=120

[Tue Jun 13 04:06:46 2023]
Finished job 38.
32 of 98 steps (33%) done
[Tue Jun 13 04:06:50 2023]
Finished job 62.
33 of 98 steps (34%) done
Select jobs to execute...

[Tue Jun 13 04:06:50 2023]
rule sort_and_convert_sam:
    input: 02_alignment/proband/proband_ACC1-LIBR_L1.bam
    output: 02_alignment/proband/proband_ACC1-LIBR_L1.sorted.bam
    jobid: 61
    reason: Missing output files: 02_alignment/proband/proband_ACC1-LIBR_L1.sorted.bam; Input files updated by another job: 02_alignment/proband/proband_ACC1-LIBR_L1.bam
    wildcards: sample=proband, unit=ACC1-LIBR_L1
    resources: tmpdir=/tmp, mem_mb=2048, mem_mib=1954, cores=1, mem_gb=2, nodes=1, time=120

[Tue Jun 13 04:06:52 2023]
Finished job 66.
34 of 98 steps (35%) done
Select jobs to execute...

[Tue Jun 13 04:06:52 2023]
rule sort_and_convert_sam:
    input: 02_alignment/proband/proband_ACC2-LIBR2_L3.bam
    output: 02_alignment/proband/proband_ACC2-LIBR2_L3.sorted.bam
    jobid: 65
    reason: Missing output files: 02_alignment/proband/proband_ACC2-LIBR2_L3.sorted.bam; Input files updated by another job: 02_alignment/proband/proband_ACC2-LIBR2_L3.bam
    wildcards: sample=proband, unit=ACC2-LIBR2_L3
    resources: tmpdir=/tmp, mem_mb=2048, mem_mib=1954, cores=1, mem_gb=2, nodes=1, time=120

[Tue Jun 13 04:06:56 2023]
Finished job 13.
35 of 98 steps (36%) done
Removing temporary output 02_alignment/father/father_ACC1-LIBR_L2.bam.
Select jobs to execute...

[Tue Jun 13 04:06:56 2023]
rule mrk_duplicates:
    input: 02_alignment/father/father_ACC1-LIBR_L2.sorted.bam
    output: 02_alignment/father/father_ACC1-LIBR_L2.dedub.bam, 02_alignment/father/father_ACC1-LIBR_L2.dedub.matrix
    log: logs/mrk-dub/father/father_ACC1-LIBR_L2.dedub.log
    jobid: 22
    reason: Missing output files: 02_alignment/father/father_ACC1-LIBR_L2.dedub.bam; Input files updated by another job: 02_alignment/father/father_ACC1-LIBR_L2.sorted.bam
    wildcards: sample=father, unit=ACC1-LIBR_L2
    resources: tmpdir=/tmp, mem_mb=4096, mem_mib=3907, cores=4, mem_gb=4, nodes=1, time=120


[Tue Jun 13 04:06:56 2023]
rule QC_alignment:
    input: 02_alignment/father/father_ACC1-LIBR_L2.sorted.bam
    output: 02_alignment/father/QC/father_ACC1-LIBR_L2.cov, 02_alignment/father/QC/father_ACC1-LIBR_L2.stats
    jobid: 12
    reason: Missing output files: 02_alignment/father/QC/father_ACC1-LIBR_L2.cov; Input files updated by another job: 02_alignment/father/father_ACC1-LIBR_L2.sorted.bam
    wildcards: sample=father, unit=ACC1-LIBR_L2
    resources: tmpdir=/tmp, mem_mb=2048, mem_mib=1954, cores=1, mem_gb=2, nodes=1, time=120

[Tue Jun 13 04:07:01 2023]
Finished job 9.
36 of 98 steps (37%) done
Removing temporary output 02_alignment/father/father_ACC1-LIBR_L1.bam.
Select jobs to execute...

[Tue Jun 13 04:07:01 2023]
rule mrk_duplicates:
    input: 02_alignment/father/father_ACC1-LIBR_L1.sorted.bam
    output: 02_alignment/father/father_ACC1-LIBR_L1.dedub.bam, 02_alignment/father/father_ACC1-LIBR_L1.dedub.matrix
    log: logs/mrk-dub/father/father_ACC1-LIBR_L1.dedub.log
    jobid: 18
    reason: Missing output files: 02_alignment/father/father_ACC1-LIBR_L1.dedub.bam; Input files updated by another job: 02_alignment/father/father_ACC1-LIBR_L1.sorted.bam
    wildcards: sample=father, unit=ACC1-LIBR_L1
    resources: tmpdir=/tmp, mem_mb=4096, mem_mib=3907, cores=4, mem_gb=4, nodes=1, time=120


[Tue Jun 13 04:07:01 2023]
rule QC_alignment:
    input: 02_alignment/father/father_ACC1-LIBR_L1.sorted.bam
    output: 02_alignment/father/QC/father_ACC1-LIBR_L1.cov, 02_alignment/father/QC/father_ACC1-LIBR_L1.stats
    jobid: 8
    reason: Missing output files: 02_alignment/father/QC/father_ACC1-LIBR_L1.cov; Input files updated by another job: 02_alignment/father/father_ACC1-LIBR_L1.sorted.bam
    wildcards: sample=father, unit=ACC1-LIBR_L1
    resources: tmpdir=/tmp, mem_mb=2048, mem_mib=1954, cores=1, mem_gb=2, nodes=1, time=120

[Tue Jun 13 04:07:02 2023]
Finished job 12.
37 of 98 steps (38%) done
[Tue Jun 13 04:07:08 2023]
Finished job 8.
38 of 98 steps (39%) done
[Tue Jun 13 04:07:27 2023]
Finished job 44.
39 of 98 steps (40%) done
Select jobs to execute...

[Tue Jun 13 04:07:27 2023]
rule BaseRecalibrator:
    input: 02_alignment/mother/mother_ACC1-LIBR_L1.dedub.bam
    output: 03_bamPrep/mother/mother_ACC1-LIBR_L1.report
    jobid: 45
    benchmark: benchamrks/mother/mother_ACC1-LIBR_L1_GATK_pqsr.txt
    reason: Missing output files: 03_bamPrep/mother/mother_ACC1-LIBR_L1.report; Input files updated by another job: 02_alignment/mother/mother_ACC1-LIBR_L1.dedub.bam
    wildcards: sample=mother, unit=ACC1-LIBR_L1
    threads: 4
    resources: tmpdir=/tmp, mem_mb=2048, mem_mib=1954, cores=4, mem_gb=2, nodes=1, time=120

[Tue Jun 13 04:07:29 2023]
Finished job 61.
40 of 98 steps (41%) done
Removing temporary output 02_alignment/proband/proband_ACC1-LIBR_L1.bam.
Select jobs to execute...

[Tue Jun 13 04:07:29 2023]
rule QC_alignment:
    input: 02_alignment/proband/proband_ACC1-LIBR_L1.sorted.bam
    output: 02_alignment/proband/QC/proband_ACC1-LIBR_L1.cov, 02_alignment/proband/QC/proband_ACC1-LIBR_L1.stats
    jobid: 60
    reason: Missing output files: 02_alignment/proband/QC/proband_ACC1-LIBR_L1.cov; Input files updated by another job: 02_alignment/proband/proband_ACC1-LIBR_L1.sorted.bam
    wildcards: sample=proband, unit=ACC1-LIBR_L1
    resources: tmpdir=/tmp, mem_mb=2048, mem_mib=1954, cores=1, mem_gb=2, nodes=1, time=120


[Tue Jun 13 04:07:29 2023]
rule mrk_duplicates:
    input: 02_alignment/proband/proband_ACC1-LIBR_L1.sorted.bam
    output: 02_alignment/proband/proband_ACC1-LIBR_L1.dedub.bam, 02_alignment/proband/proband_ACC1-LIBR_L1.dedub.matrix
    log: logs/mrk-dub/proband/proband_ACC1-LIBR_L1.dedub.log
    jobid: 70
    reason: Missing output files: 02_alignment/proband/proband_ACC1-LIBR_L1.dedub.bam; Input files updated by another job: 02_alignment/proband/proband_ACC1-LIBR_L1.sorted.bam
    wildcards: sample=proband, unit=ACC1-LIBR_L1
    resources: tmpdir=/tmp, mem_mb=4096, mem_mib=3907, cores=4, mem_gb=4, nodes=1, time=120

[Tue Jun 13 04:07:33 2023]
Finished job 65.
41 of 98 steps (42%) done
Removing temporary output 02_alignment/proband/proband_ACC2-LIBR2_L3.bam.
Select jobs to execute...

[Tue Jun 13 04:07:33 2023]
rule QC_alignment:
    input: 02_alignment/proband/proband_ACC2-LIBR2_L3.sorted.bam
    output: 02_alignment/proband/QC/proband_ACC2-LIBR2_L3.cov, 02_alignment/proband/QC/proband_ACC2-LIBR2_L3.stats
    jobid: 64
    reason: Missing output files: 02_alignment/proband/QC/proband_ACC2-LIBR2_L3.cov; Input files updated by another job: 02_alignment/proband/proband_ACC2-LIBR2_L3.sorted.bam
    wildcards: sample=proband, unit=ACC2-LIBR2_L3
    resources: tmpdir=/tmp, mem_mb=2048, mem_mib=1954, cores=1, mem_gb=2, nodes=1, time=120


[Tue Jun 13 04:07:33 2023]
rule mrk_duplicates:
    input: 02_alignment/proband/proband_ACC2-LIBR2_L3.sorted.bam
    output: 02_alignment/proband/proband_ACC2-LIBR2_L3.dedub.bam, 02_alignment/proband/proband_ACC2-LIBR2_L3.dedub.matrix
    log: logs/mrk-dub/proband/proband_ACC2-LIBR2_L3.dedub.log
    jobid: 74
    reason: Missing output files: 02_alignment/proband/proband_ACC2-LIBR2_L3.dedub.bam; Input files updated by another job: 02_alignment/proband/proband_ACC2-LIBR2_L3.sorted.bam
    wildcards: sample=proband, unit=ACC2-LIBR2_L3
    resources: tmpdir=/tmp, mem_mb=4096, mem_mib=3907, cores=4, mem_gb=4, nodes=1, time=120

[Tue Jun 13 04:07:36 2023]
Finished job 60.
42 of 98 steps (43%) done
[Tue Jun 13 04:07:37 2023]
Finished job 48.
43 of 98 steps (44%) done
Select jobs to execute...

[Tue Jun 13 04:07:37 2023]
rule BaseRecalibrator:
    input: 02_alignment/mother/mother_ACC2-LIBR2_L1.dedub.bam
    output: 03_bamPrep/mother/mother_ACC2-LIBR2_L1.report
    jobid: 49
    benchmark: benchamrks/mother/mother_ACC2-LIBR2_L1_GATK_pqsr.txt
    reason: Missing output files: 03_bamPrep/mother/mother_ACC2-LIBR2_L1.report; Input files updated by another job: 02_alignment/mother/mother_ACC2-LIBR2_L1.dedub.bam
    wildcards: sample=mother, unit=ACC2-LIBR2_L1
    threads: 4
    resources: tmpdir=/tmp, mem_mb=2048, mem_mib=1954, cores=4, mem_gb=2, nodes=1, time=120

[Tue Jun 13 04:07:40 2023]
Finished job 64.
44 of 98 steps (45%) done
[Tue Jun 13 04:08:01 2023]
Finished job 22.
45 of 98 steps (46%) done
Select jobs to execute...

[Tue Jun 13 04:08:01 2023]
rule BaseRecalibrator:
    input: 02_alignment/father/father_ACC1-LIBR_L2.dedub.bam
    output: 03_bamPrep/father/father_ACC1-LIBR_L2.report
    jobid: 23
    benchmark: benchamrks/father/father_ACC1-LIBR_L2_GATK_pqsr.txt
    reason: Missing output files: 03_bamPrep/father/father_ACC1-LIBR_L2.report; Input files updated by another job: 02_alignment/father/father_ACC1-LIBR_L2.dedub.bam
    wildcards: sample=father, unit=ACC1-LIBR_L2
    threads: 4
    resources: tmpdir=/tmp, mem_mb=2048, mem_mib=1954, cores=4, mem_gb=2, nodes=1, time=120

[Tue Jun 13 04:08:05 2023]
Finished job 18.
46 of 98 steps (47%) done
Select jobs to execute...

[Tue Jun 13 04:08:05 2023]
rule BaseRecalibrator:
    input: 02_alignment/father/father_ACC1-LIBR_L1.dedub.bam
    output: 03_bamPrep/father/father_ACC1-LIBR_L1.report
    jobid: 19
    benchmark: benchamrks/father/father_ACC1-LIBR_L1_GATK_pqsr.txt
    reason: Missing output files: 03_bamPrep/father/father_ACC1-LIBR_L1.report; Input files updated by another job: 02_alignment/father/father_ACC1-LIBR_L1.dedub.bam
    wildcards: sample=father, unit=ACC1-LIBR_L1
    threads: 4
    resources: tmpdir=/tmp, mem_mb=2048, mem_mib=1954, cores=4, mem_gb=2, nodes=1, time=120

[Tue Jun 13 04:08:18 2023]
Finished job 45.
47 of 98 steps (48%) done
Select jobs to execute...

[Tue Jun 13 04:08:18 2023]
rule applyBaseRecalibrator:
    input: 02_alignment/mother/mother_ACC1-LIBR_L1.dedub.bam, 03_bamPrep/mother/mother_ACC1-LIBR_L1.report
    output: 03_bamPrep/mother/mother_ACC1-LIBR_L1.pqsr.bam
    jobid: 43
    benchmark: benchamrks/mother/mother_ACC1-LIBR_L1_GATK_apply_BQSR.txt
    reason: Missing output files: 03_bamPrep/mother/mother_ACC1-LIBR_L1.pqsr.bam; Input files updated by another job: 03_bamPrep/mother/mother_ACC1-LIBR_L1.report, 02_alignment/mother/mother_ACC1-LIBR_L1.dedub.bam
    wildcards: sample=mother, unit=ACC1-LIBR_L1
    resources: tmpdir=/tmp, mem_mb=2048, mem_mib=1954, cores=4, mem_gb=2, nodes=1, time=120

[Tue Jun 13 04:08:26 2023]
Finished job 49.
48 of 98 steps (49%) done
Select jobs to execute...

[Tue Jun 13 04:08:26 2023]
rule applyBaseRecalibrator:
    input: 02_alignment/mother/mother_ACC2-LIBR2_L1.dedub.bam, 03_bamPrep/mother/mother_ACC2-LIBR2_L1.report
    output: 03_bamPrep/mother/mother_ACC2-LIBR2_L1.pqsr.bam
    jobid: 47
    benchmark: benchamrks/mother/mother_ACC2-LIBR2_L1_GATK_apply_BQSR.txt
    reason: Missing output files: 03_bamPrep/mother/mother_ACC2-LIBR2_L1.pqsr.bam; Input files updated by another job: 03_bamPrep/mother/mother_ACC2-LIBR2_L1.report, 02_alignment/mother/mother_ACC2-LIBR2_L1.dedub.bam
    wildcards: sample=mother, unit=ACC2-LIBR2_L1
    resources: tmpdir=/tmp, mem_mb=2048, mem_mib=1954, cores=4, mem_gb=2, nodes=1, time=120

[Tue Jun 13 04:08:43 2023]
Finished job 70.
49 of 98 steps (50%) done
Select jobs to execute...

[Tue Jun 13 04:08:43 2023]
rule BaseRecalibrator:
    input: 02_alignment/proband/proband_ACC1-LIBR_L1.dedub.bam
    output: 03_bamPrep/proband/proband_ACC1-LIBR_L1.report
    jobid: 71
    benchmark: benchamrks/proband/proband_ACC1-LIBR_L1_GATK_pqsr.txt
    reason: Missing output files: 03_bamPrep/proband/proband_ACC1-LIBR_L1.report; Input files updated by another job: 02_alignment/proband/proband_ACC1-LIBR_L1.dedub.bam
    wildcards: sample=proband, unit=ACC1-LIBR_L1
    threads: 4
    resources: tmpdir=/tmp, mem_mb=2048, mem_mib=1954, cores=4, mem_gb=2, nodes=1, time=120

[Tue Jun 13 04:08:48 2023]
Finished job 74.
50 of 98 steps (51%) done
Select jobs to execute...

[Tue Jun 13 04:08:48 2023]
rule BaseRecalibrator:
    input: 02_alignment/proband/proband_ACC2-LIBR2_L3.dedub.bam
    output: 03_bamPrep/proband/proband_ACC2-LIBR2_L3.report
    jobid: 75
    benchmark: benchamrks/proband/proband_ACC2-LIBR2_L3_GATK_pqsr.txt
    reason: Missing output files: 03_bamPrep/proband/proband_ACC2-LIBR2_L3.report; Input files updated by another job: 02_alignment/proband/proband_ACC2-LIBR2_L3.dedub.bam
    wildcards: sample=proband, unit=ACC2-LIBR2_L3
    threads: 4
    resources: tmpdir=/tmp, mem_mb=2048, mem_mib=1954, cores=4, mem_gb=2, nodes=1, time=120

[Tue Jun 13 04:08:54 2023]
Finished job 23.
51 of 98 steps (52%) done
Select jobs to execute...

[Tue Jun 13 04:08:54 2023]
rule applyBaseRecalibrator:
    input: 02_alignment/father/father_ACC1-LIBR_L2.dedub.bam, 03_bamPrep/father/father_ACC1-LIBR_L2.report
    output: 03_bamPrep/father/father_ACC1-LIBR_L2.pqsr.bam
    jobid: 21
    benchmark: benchamrks/father/father_ACC1-LIBR_L2_GATK_apply_BQSR.txt
    reason: Missing output files: 03_bamPrep/father/father_ACC1-LIBR_L2.pqsr.bam; Input files updated by another job: 03_bamPrep/father/father_ACC1-LIBR_L2.report, 02_alignment/father/father_ACC1-LIBR_L2.dedub.bam
    wildcards: sample=father, unit=ACC1-LIBR_L2
    resources: tmpdir=/tmp, mem_mb=2048, mem_mib=1954, cores=4, mem_gb=2, nodes=1, time=120

[Tue Jun 13 04:08:57 2023]
Finished job 19.
52 of 98 steps (53%) done
Select jobs to execute...

[Tue Jun 13 04:08:57 2023]
rule applyBaseRecalibrator:
    input: 02_alignment/father/father_ACC1-LIBR_L1.dedub.bam, 03_bamPrep/father/father_ACC1-LIBR_L1.report
    output: 03_bamPrep/father/father_ACC1-LIBR_L1.pqsr.bam
    jobid: 17
    benchmark: benchamrks/father/father_ACC1-LIBR_L1_GATK_apply_BQSR.txt
    reason: Missing output files: 03_bamPrep/father/father_ACC1-LIBR_L1.pqsr.bam; Input files updated by another job: 02_alignment/father/father_ACC1-LIBR_L1.dedub.bam, 03_bamPrep/father/father_ACC1-LIBR_L1.report
    wildcards: sample=father, unit=ACC1-LIBR_L1
    resources: tmpdir=/tmp, mem_mb=2048, mem_mib=1954, cores=4, mem_gb=2, nodes=1, time=120

[Tue Jun 13 04:09:21 2023]
Finished job 47.
53 of 98 steps (54%) done
Select jobs to execute...

[Tue Jun 13 04:09:21 2023]
rule qualimap:
    input: 03_bamPrep/mother/mother_ACC2-LIBR2_L1.pqsr.bam
    output: 03_bamPrep/mother/QC/mother_ACC2-LIBR2_L1_Qualimap
    jobid: 46
    reason: Missing output files: 03_bamPrep/mother/QC/mother_ACC2-LIBR2_L1_Qualimap; Input files updated by another job: 03_bamPrep/mother/mother_ACC2-LIBR2_L1.pqsr.bam
    wildcards: sample=mother, unit=ACC2-LIBR2_L1
    threads: 2
    resources: tmpdir=/tmp, mem_mb=2048, mem_mib=1954, cores=2, mem_gb=2, nodes=1, time=120


[Tue Jun 13 04:09:21 2023]
rule bqsr_calibrated_report:
    input: 03_bamPrep/mother/mother_ACC2-LIBR2_L1.pqsr.bam
    output: 03_bamPrep/mother/mother_ACC2-LIBR2_L1_pqsr.report
    jobid: 53
    reason: Missing output files: 03_bamPrep/mother/mother_ACC2-LIBR2_L1_pqsr.report; Input files updated by another job: 03_bamPrep/mother/mother_ACC2-LIBR2_L1.pqsr.bam
    wildcards: sample=mother, unit=ACC2-LIBR2_L1
    resources: tmpdir=/tmp, mem_mb=2048, mem_mib=1954, cores=4, mem_gb=2, nodes=1, time=120

[Tue Jun 13 04:09:21 2023]
Finished job 43.
54 of 98 steps (55%) done
Select jobs to execute...

[Tue Jun 13 04:09:21 2023]
rule GatherBamFiles:
    input: 03_bamPrep/mother/mother_ACC1-LIBR_L1.pqsr.bam, 03_bamPrep/mother/mother_ACC2-LIBR2_L1.pqsr.bam
    output: 03_bamPrep/merged_bams/mother.pqsr.bam
    jobid: 87
    reason: Missing output files: 03_bamPrep/merged_bams/mother.pqsr.bam; Input files updated by another job: 03_bamPrep/mother/mother_ACC1-LIBR_L1.pqsr.bam, 03_bamPrep/mother/mother_ACC2-LIBR2_L1.pqsr.bam
    wildcards: sample=mother
    resources: tmpdir=/tmp, mem_mb=2048, mem_mib=1954, cores=1, mem_gb=2, nodes=1, time=120


[Tue Jun 13 04:09:21 2023]
rule qualimap:
    input: 03_bamPrep/mother/mother_ACC1-LIBR_L1.pqsr.bam
    output: 03_bamPrep/mother/QC/mother_ACC1-LIBR_L1_Qualimap
    jobid: 42
    reason: Missing output files: 03_bamPrep/mother/QC/mother_ACC1-LIBR_L1_Qualimap; Input files updated by another job: 03_bamPrep/mother/mother_ACC1-LIBR_L1.pqsr.bam
    wildcards: sample=mother, unit=ACC1-LIBR_L1
    threads: 2
    resources: tmpdir=/tmp, mem_mb=2048, mem_mib=1954, cores=2, mem_gb=2, nodes=1, time=120


[Tue Jun 13 04:09:21 2023]
rule bqsr_calibrated_report:
    input: 03_bamPrep/mother/mother_ACC1-LIBR_L1.pqsr.bam
    output: 03_bamPrep/mother/mother_ACC1-LIBR_L1_pqsr.report
    jobid: 51
    reason: Missing output files: 03_bamPrep/mother/mother_ACC1-LIBR_L1_pqsr.report; Input files updated by another job: 03_bamPrep/mother/mother_ACC1-LIBR_L1.pqsr.bam
    wildcards: sample=mother, unit=ACC1-LIBR_L1
    resources: tmpdir=/tmp, mem_mb=2048, mem_mib=1954, cores=4, mem_gb=2, nodes=1, time=120

[Tue Jun 13 04:09:26 2023]
Error in rule GatherBamFiles:
    jobid: 87
    input: 03_bamPrep/mother/mother_ACC1-LIBR_L1.pqsr.bam, 03_bamPrep/mother/mother_ACC2-LIBR2_L1.pqsr.bam
    output: 03_bamPrep/merged_bams/mother.pqsr.bam
    conda-env: /home/marc/Desktop/output_new_wes_gatk/.snakemake/conda/c3f02c60b62d43585716da5f0375f09d_
    shell:
        
        gatk --java-options "-Xmx2G -XX:+UseParallelGC -XX:ParallelGCThreads=1"             GatherBamFiles              -I 03_bamPrep/mother/mother_ACC1-LIBR_L1.pqsr.bam  -I 03_bamPrep/mother/mother_ACC2-LIBR2_L1.pqsr.bam             -OUTPUT 03_bamPrep/merged_bams/mother.pqsr.bam             --CREATE_INDEX true             --CREATE_MD5_FILE true
        
        (one of the commands exited with non-zero exit code; note that snakemake uses bash strict mode!)

Removing output files of failed job GatherBamFiles since they might be corrupted:
03_bamPrep/merged_bams/mother.pqsr.bam
[Tue Jun 13 04:09:44 2023]
Finished job 71.
55 of 98 steps (56%) done
[Tue Jun 13 04:09:52 2023]
Finished job 75.
56 of 98 steps (57%) done
[Tue Jun 13 04:10:04 2023]
Finished job 46.
57 of 98 steps (58%) done
[Tue Jun 13 04:10:06 2023]
Finished job 42.
58 of 98 steps (59%) done
[Tue Jun 13 04:10:10 2023]
Finished job 21.
59 of 98 steps (60%) done
[Tue Jun 13 04:10:13 2023]
Finished job 17.
60 of 98 steps (61%) done
[Tue Jun 13 04:10:14 2023]
Finished job 51.
61 of 98 steps (62%) done
[Tue Jun 13 04:10:16 2023]
Finished job 53.
62 of 98 steps (63%) done
Shutting down, this might take some time.
Exiting because a job execution failed. Look above for error message
Complete log: ../../wes_gatk/workflow/.snakemake/log/2023-06-13T040057.260440.snakemake.log
