Building DAG of jobs...
Using shell: /bin/bash
Provided cores: 32
Rules claiming more threads will be scaled down.
Conda environments: ignored
Job stats:
job                     count    min threads    max threads
--------------------  -------  -------------  -------------
AnalyzeCovariates           2              2              2
Annovar                     1              4              4
GatherBamFiles              3              1              1
HaplotypeCaller             3              4              4
Nirvana                     1              1              1
Split_variants_idnel        1              1              1
Split_variants_snp          1              1              1
VariantEval                 3              1              1
all                         1              1              1
bcftools_stats              1              1              1
combine_gvcf                1              1              1
consequence                 1              1              1
genotype_gvcfs              1              4              4
multiqc                     1              1              1
plot_bcftools_stats         1              1              1
total                      22              1              4

Select jobs to execute...

[Mon Jun 12 10:46:06 2023]
rule AnalyzeCovariates:
    input: 03_bamPrep/proband_ACC2-LIBR2_L3.report, 03_bamPrep/proband_ACC2-LIBR2_L3_pqsr.report
    output: 03_bamPrep/QC/proband_ACC2-LIBR2_L3.pdf
    jobid: 78
    reason: Missing output files: 03_bamPrep/QC/proband_ACC2-LIBR2_L3.pdf
    wildcards: sample=proband_ACC2-LIBR2, unit=L3
    threads: 2
    resources: tmpdir=/tmp, mem_mb=2048, mem_mib=1954, cores=2, mem_gb=2, nodes=1, time=120


[Mon Jun 12 10:46:06 2023]
rule AnalyzeCovariates:
    input: 03_bamPrep/proband_ACC1-LIBR_L1.report, 03_bamPrep/proband_ACC1-LIBR_L1_pqsr.report
    output: 03_bamPrep/QC/proband_ACC1-LIBR_L1.pdf
    jobid: 76
    reason: Missing output files: 03_bamPrep/QC/proband_ACC1-LIBR_L1.pdf
    wildcards: sample=proband_ACC1-LIBR, unit=L1
    threads: 2
    resources: tmpdir=/tmp, mem_mb=2048, mem_mib=1954, cores=2, mem_gb=2, nodes=1, time=120


[Mon Jun 12 10:46:06 2023]
rule GatherBamFiles:
    input: 03_bamPrep/father_ACC1-LIBR_L1.pqsr.bam, 03_bamPrep/father_ACC1-LIBR_L2.pqsr.bam
    output: 03_bamPrep/merged_bams/father.pqsr.bam
    jobid: 85
    reason: Missing output files: 03_bamPrep/merged_bams/father.pqsr.bam
    wildcards: sample=father
    resources: tmpdir=/tmp, mem_mb=2048, mem_mib=1954, cores=1, mem_gb=2, nodes=1, time=120


[Mon Jun 12 10:46:06 2023]
rule GatherBamFiles:
    input: 03_bamPrep/proband_ACC1-LIBR_L1.pqsr.bam, 03_bamPrep/proband_ACC2-LIBR2_L3.pqsr.bam
    output: 03_bamPrep/merged_bams/proband.pqsr.bam
    jobid: 89
    reason: Missing output files: 03_bamPrep/merged_bams/proband.pqsr.bam
    wildcards: sample=proband
    resources: tmpdir=/tmp, mem_mb=2048, mem_mib=1954, cores=1, mem_gb=2, nodes=1, time=120


[Mon Jun 12 10:46:06 2023]
rule GatherBamFiles:
    input: 03_bamPrep/mother_ACC1-LIBR_L1.pqsr.bam, 03_bamPrep/mother_ACC2-LIBR2_L1.pqsr.bam
    output: 03_bamPrep/merged_bams/mother.pqsr.bam
    jobid: 87
    reason: Missing output files: 03_bamPrep/merged_bams/mother.pqsr.bam
    wildcards: sample=mother
    resources: tmpdir=/tmp, mem_mb=2048, mem_mib=1954, cores=1, mem_gb=2, nodes=1, time=120

[Mon Jun 12 10:46:06 2023]
Error in rule GatherBamFiles:
    jobid: 87
    input: 03_bamPrep/mother_ACC1-LIBR_L1.pqsr.bam, 03_bamPrep/mother_ACC2-LIBR2_L1.pqsr.bam
    output: 03_bamPrep/merged_bams/mother.pqsr.bam
    conda-env: /home/marc/Desktop/output_new_wes_gatk/.snakemake/conda/c3f02c60b62d43585716da5f0375f09d_
    shell:
        
        echo -e " -I 03_bamPrep/mother_ACC1-LIBR_L1.pqsr.bam  -I 03_bamPrep/mother_ACC2-LIBR2_L1.pqsr.bam""
        picard MergeSamFiles               -I 03_bamPrep/mother_ACC1-LIBR_L1.pqsr.bam  -I 03_bamPrep/mother_ACC2-LIBR2_L1.pqsr.bam             -OUTPUT 03_bamPrep/merged_bams/mother.pqsr.bam             --CREATE_INDEX true             --CREATE_MD5_FILE true
        
        (one of the commands exited with non-zero exit code; note that snakemake uses bash strict mode!)

[Mon Jun 12 10:46:06 2023]
Error in rule GatherBamFiles:
    jobid: 89
    input: 03_bamPrep/proband_ACC1-LIBR_L1.pqsr.bam, 03_bamPrep/proband_ACC2-LIBR2_L3.pqsr.bam
    output: 03_bamPrep/merged_bams/proband.pqsr.bam
    conda-env: /home/marc/Desktop/output_new_wes_gatk/.snakemake/conda/c3f02c60b62d43585716da5f0375f09d_
    shell:
        
        echo -e " -I 03_bamPrep/proband_ACC1-LIBR_L1.pqsr.bam  -I 03_bamPrep/proband_ACC2-LIBR2_L3.pqsr.bam""
        picard MergeSamFiles               -I 03_bamPrep/proband_ACC1-LIBR_L1.pqsr.bam  -I 03_bamPrep/proband_ACC2-LIBR2_L3.pqsr.bam             -OUTPUT 03_bamPrep/merged_bams/proband.pqsr.bam             --CREATE_INDEX true             --CREATE_MD5_FILE true
        
        (one of the commands exited with non-zero exit code; note that snakemake uses bash strict mode!)

[Mon Jun 12 10:46:06 2023]
Error in rule GatherBamFiles:
    jobid: 85
    input: 03_bamPrep/father_ACC1-LIBR_L1.pqsr.bam, 03_bamPrep/father_ACC1-LIBR_L2.pqsr.bam
    output: 03_bamPrep/merged_bams/father.pqsr.bam
    conda-env: /home/marc/Desktop/output_new_wes_gatk/.snakemake/conda/c3f02c60b62d43585716da5f0375f09d_
    shell:
        
        echo -e " -I 03_bamPrep/father_ACC1-LIBR_L1.pqsr.bam  -I 03_bamPrep/father_ACC1-LIBR_L2.pqsr.bam""
        picard MergeSamFiles               -I 03_bamPrep/father_ACC1-LIBR_L1.pqsr.bam  -I 03_bamPrep/father_ACC1-LIBR_L2.pqsr.bam             -OUTPUT 03_bamPrep/merged_bams/father.pqsr.bam             --CREATE_INDEX true             --CREATE_MD5_FILE true
        
        (one of the commands exited with non-zero exit code; note that snakemake uses bash strict mode!)

[Mon Jun 12 10:46:12 2023]
Finished job 78.
1 of 22 steps (5%) done
[Mon Jun 12 10:46:13 2023]
Finished job 76.
2 of 22 steps (9%) done
Shutting down, this might take some time.
Exiting because a job execution failed. Look above for error message
Complete log: ../../wes_gatk/workflow/.snakemake/log/2023-06-12T104605.604680.snakemake.log
