Building DAG of jobs...
Using shell: /bin/bash
Provided cores: 32
Rules claiming more threads will be scaled down.
Conda environments: ignored
Job stats:
job                     count    min threads    max threads
--------------------  -------  -------------  -------------
Annovar                     1              4              4
GatherBamFiles              3              1              1
HaplotypeCaller             3              4              4
Nirvana                     1              1              1
Split_variants_idnel        1              1              1
Split_variants_snp          1              1              1
VariantEval                 3              1              1
all                         1              1              1
bcftools_stats              1              1              1
combine_gvcf                1              1              1
consequence                 1              1              1
genotype_gvcfs              1              4              4
multiqc                     1              1              1
plot_bcftools_stats         1              1              1
total                      20              1              4

Select jobs to execute...

[Mon Jun 12 10:46:53 2023]
rule GatherBamFiles:
    input: 03_bamPrep/father_ACC1-LIBR_L1.pqsr.bam, 03_bamPrep/father_ACC1-LIBR_L2.pqsr.bam
    output: 03_bamPrep/merged_bams/father.pqsr.bam
    jobid: 85
    reason: Missing output files: 03_bamPrep/merged_bams/father.pqsr.bam
    wildcards: sample=father
    resources: tmpdir=/tmp, mem_mb=2048, mem_mib=1954, cores=1, mem_gb=2, nodes=1, time=120


[Mon Jun 12 10:46:53 2023]
rule GatherBamFiles:
    input: 03_bamPrep/proband_ACC1-LIBR_L1.pqsr.bam, 03_bamPrep/proband_ACC2-LIBR2_L3.pqsr.bam
    output: 03_bamPrep/merged_bams/proband.pqsr.bam
    jobid: 89
    reason: Missing output files: 03_bamPrep/merged_bams/proband.pqsr.bam
    wildcards: sample=proband
    resources: tmpdir=/tmp, mem_mb=2048, mem_mib=1954, cores=1, mem_gb=2, nodes=1, time=120


[Mon Jun 12 10:46:53 2023]
rule GatherBamFiles:
    input: 03_bamPrep/mother_ACC1-LIBR_L1.pqsr.bam, 03_bamPrep/mother_ACC2-LIBR2_L1.pqsr.bam
    output: 03_bamPrep/merged_bams/mother.pqsr.bam
    jobid: 87
    reason: Missing output files: 03_bamPrep/merged_bams/mother.pqsr.bam
    wildcards: sample=mother
    resources: tmpdir=/tmp, mem_mb=2048, mem_mib=1954, cores=1, mem_gb=2, nodes=1, time=120

[Mon Jun 12 10:48:21 2023]
Finished job 87.
1 of 20 steps (5%) done
Select jobs to execute...

[Mon Jun 12 10:48:21 2023]
rule HaplotypeCaller:
    input: 03_bamPrep/merged_bams/mother.pqsr.bam
    output: 04_calling/mother_raw.gvcf.gz
    jobid: 86
    reason: Missing output files: 04_calling/mother_raw.gvcf.gz; Input files updated by another job: 03_bamPrep/merged_bams/mother.pqsr.bam
    wildcards: sample=mother
    threads: 4
    resources: tmpdir=/tmp, mem_mb=8192, mem_mib=7813, cores=4, mem_gb=8, nodes=1, time=120

[Mon Jun 12 10:48:25 2023]
Error in rule HaplotypeCaller:
    jobid: 86
    input: 03_bamPrep/merged_bams/mother.pqsr.bam
    output: 04_calling/mother_raw.gvcf.gz
    conda-env: /home/marc/Desktop/output_new_wes_gatk/.snakemake/conda/c3f02c60b62d43585716da5f0375f09d_
    shell:
        
        gatk --java-options "-Xmx8G -XX:+UseParallelGC -XX:ParallelGCThreads=4" HaplotypeCaller -R /home/marc/Desktop/data/refs/fa/hg38/hg38.fa             -L /home/marc/Desktop/data/refs/BED/Twist_Exome_Core_Covered_Targets_hg38.bed             -I 03_bamPrep/merged_bams/mother.pqsr.bam --native-pair-hmm-threads 4 -ERC GVCF -O 04_calling/mother_raw.gvcf.gz
        
        (one of the commands exited with non-zero exit code; note that snakemake uses bash strict mode!)

[Mon Jun 12 10:48:33 2023]
Finished job 85.
2 of 20 steps (10%) done
[Mon Jun 12 10:48:49 2023]
Finished job 89.
3 of 20 steps (15%) done
Shutting down, this might take some time.
Exiting because a job execution failed. Look above for error message
Complete log: ../../wes_gatk/workflow/.snakemake/log/2023-06-12T104652.407025.snakemake.log
