Building DAG of jobs...
Using shell: /bin/bash
Provided cores: 32
Rules claiming more threads will be scaled down.
Conda environments: ignored
Job stats:
job                     count    min threads    max threads
--------------------  -------  -------------  -------------
Annovar                     2              4              4
Nirvana                     2              1              1
Split_variants_idnel        1              1              1
Split_variants_snp          1              1              1
all                         1              1              1
bcftools_stats              2              1              1
combine_gvcf                1              1              1
consequence                 2              1              1
genotype_gvcfs              1              4              4
multiqc                     1              1              1
total                      14              1              4

Select jobs to execute...

[Thu Jun 15 00:35:52 2023]
rule combine_gvcf:
    input: 04_calling/proband_raw.gvcf.gz, 04_calling/father_raw.gvcf.gz, 04_calling/mother_raw.gvcf.gz
    output: 04_calling/variants.gvcf.gz
    jobid: 81
    reason: Params have changed since last execution
    resources: tmpdir=/tmp, mem_mb=2048, mem_mib=1954, cores=1, mem_gb=2, nodes=1, time=120

[Thu Jun 15 00:36:11 2023]
Finished job 81.
1 of 14 steps (7%) done
Select jobs to execute...

[Thu Jun 15 00:36:11 2023]
rule genotype_gvcfs:
    input: 04_calling/variants.gvcf.gz
    output: 04_calling/variants_genotyped.gvcf.gz
    jobid: 80
    reason: Input files updated by another job: 04_calling/variants.gvcf.gz
    threads: 4
    resources: tmpdir=/tmp, mem_mb=2048, mem_mib=1954, cores=4, mem_gb=2, nodes=1, time=120

[Thu Jun 15 00:36:22 2023]
Finished job 80.
2 of 14 steps (14%) done
Select jobs to execute...

[Thu Jun 15 00:36:22 2023]
rule Split_variants_snp:
    input: 04_calling/variants_genotyped.gvcf.gz
    output: 04_calling/snvs/variants_genotyped.gvcf.gz
    jobid: 79
    reason: Input files updated by another job: 04_calling/variants_genotyped.gvcf.gz
    resources: tmpdir=/tmp, mem_mb=2048, mem_mib=1954, cores=1, mem_gb=2, nodes=1, time=120


[Thu Jun 15 00:36:22 2023]
rule Split_variants_idnel:
    input: 04_calling/variants_genotyped.gvcf.gz
    output: 04_calling/indels/variants_genotyped.gvcf.gz
    jobid: 84
    reason: Input files updated by another job: 04_calling/variants_genotyped.gvcf.gz
    resources: tmpdir=/tmp, mem_mb=2048, mem_mib=1954, cores=1, mem_gb=2, nodes=1, time=120

[Thu Jun 15 00:36:25 2023]
Finished job 84.
3 of 14 steps (21%) done
Select jobs to execute...

[Thu Jun 15 00:36:25 2023]
rule Annovar:
    input: 04_calling/indels/variants_genotyped.gvcf.gz
    output: 05_Annotation/ANNOVAR/indels
    jobid: 86
    reason: Input files updated by another job: 04_calling/indels/variants_genotyped.gvcf.gz
    wildcards: type=indels
    threads: 4
    resources: tmpdir=/tmp, mem_mb=8192, mem_mib=7813, cores=4, mem_gb=8, nodes=1, time=120


[Thu Jun 15 00:36:25 2023]
rule Nirvana:
    input: 04_calling/indels/variants_genotyped.gvcf.gz
    output: 05_Annotation/Nirvana/indels/Annotation.json.gz
    jobid: 88
    reason: Missing output files: 05_Annotation/Nirvana/indels/Annotation.json.gz; Input files updated by another job: 04_calling/indels/variants_genotyped.gvcf.gz
    wildcards: type=indels
    resources: tmpdir=/tmp, mem_mb=8192, mem_mib=7813, cores=1, mem_gb=8, nodes=1, time=120


[Thu Jun 15 00:36:25 2023]
rule consequence:
    input: 04_calling/indels/variants_genotyped.gvcf.gz
    output: 04_calling/QC/indels/bcftools_csq.vcf
    jobid: 83
    reason: Input files updated by another job: 04_calling/indels/variants_genotyped.gvcf.gz
    wildcards: type=indels
    resources: tmpdir=/tmp, mem_mb=2048, mem_mib=1954, cores=1, mem_gb=2, nodes=1, time=120

[Thu Jun 15 00:36:25 2023]
Finished job 79.
4 of 14 steps (29%) done
Select jobs to execute...

[Thu Jun 15 00:36:25 2023]
rule Annovar:
    input: 04_calling/snvs/variants_genotyped.gvcf.gz
    output: 05_Annotation/ANNOVAR/snvs
    jobid: 85
    reason: Input files updated by another job: 04_calling/snvs/variants_genotyped.gvcf.gz
    wildcards: type=snvs
    threads: 4
    resources: tmpdir=/tmp, mem_mb=8192, mem_mib=7813, cores=4, mem_gb=8, nodes=1, time=120


[Thu Jun 15 00:36:25 2023]
rule consequence:
    input: 04_calling/snvs/variants_genotyped.gvcf.gz
    output: 04_calling/QC/snvs/bcftools_csq.vcf
    jobid: 78
    reason: Input files updated by another job: 04_calling/snvs/variants_genotyped.gvcf.gz
    wildcards: type=snvs
    resources: tmpdir=/tmp, mem_mb=2048, mem_mib=1954, cores=1, mem_gb=2, nodes=1, time=120


[Thu Jun 15 00:36:25 2023]
rule Nirvana:
    input: 04_calling/snvs/variants_genotyped.gvcf.gz
    output: 05_Annotation/Nirvana/snvs/Annotation.json.gz
    jobid: 87
    reason: Missing output files: 05_Annotation/Nirvana/snvs/Annotation.json.gz; Input files updated by another job: 04_calling/snvs/variants_genotyped.gvcf.gz
    wildcards: type=snvs
    resources: tmpdir=/tmp, mem_mb=8192, mem_mib=7813, cores=1, mem_gb=8, nodes=1, time=120

[Thu Jun 15 00:36:30 2023]
Finished job 83.
5 of 14 steps (36%) done
Select jobs to execute...

[Thu Jun 15 00:36:30 2023]
rule bcftools_stats:
    input: 04_calling/QC/indels/bcftools_csq.vcf
    output: 04_calling/QC/indels/bcftools.stats
    jobid: 82
    reason: Input files updated by another job: 04_calling/QC/indels/bcftools_csq.vcf
    wildcards: type=indels
    resources: tmpdir=/tmp, mem_mb=2048, mem_mib=1954, cores=1, mem_gb=2, nodes=1, time=120

[Thu Jun 15 00:36:30 2023]
Finished job 82.
6 of 14 steps (43%) done
[Thu Jun 15 00:36:30 2023]
Finished job 78.
7 of 14 steps (50%) done
Select jobs to execute...

[Thu Jun 15 00:36:30 2023]
rule bcftools_stats:
    input: 04_calling/QC/snvs/bcftools_csq.vcf
    output: 04_calling/QC/snvs/bcftools.stats
    jobid: 77
    reason: Input files updated by another job: 04_calling/QC/snvs/bcftools_csq.vcf
    wildcards: type=snvs
    resources: tmpdir=/tmp, mem_mb=2048, mem_mib=1954, cores=1, mem_gb=2, nodes=1, time=120

[Thu Jun 15 00:36:30 2023]
Finished job 77.
8 of 14 steps (57%) done
[Thu Jun 15 00:36:32 2023]
Finished job 88.
9 of 14 steps (64%) done
[Thu Jun 15 00:36:39 2023]
Finished job 87.
10 of 14 steps (71%) done
[Thu Jun 15 00:38:24 2023]
Finished job 86.
11 of 14 steps (79%) done
[Thu Jun 15 00:38:30 2023]
Finished job 85.
12 of 14 steps (86%) done
Select jobs to execute...

[Thu Jun 15 00:38:30 2023]
rule multiqc:
    input: 02_alignment/proband/QC/proband_ACC1-LIBR_L1_mergedUnmapped.cov, 02_alignment/proband/QC/proband_ACC2-LIBR2_L3_mergedUnmapped.cov, 03_bamPrep/proband/QC/proband_ACC1-LIBR_L1_Qualimap, 03_bamPrep/proband/QC/proband_ACC2-LIBR2_L3_Qualimap, 03_bamPrep/proband/QC/proband_ACC1-LIBR_L1.pdf, 03_bamPrep/proband/QC/proband_ACC2-LIBR2_L3.pdf, 02_alignment/father/QC/father_ACC1-LIBR_L1_mergedUnmapped.cov, 02_alignment/father/QC/father_ACC1-LIBR_L2_mergedUnmapped.cov, 03_bamPrep/father/QC/father_ACC1-LIBR_L1_Qualimap, 03_bamPrep/father/QC/father_ACC1-LIBR_L2_Qualimap, 03_bamPrep/father/QC/father_ACC1-LIBR_L1.pdf, 03_bamPrep/father/QC/father_ACC1-LIBR_L2.pdf, 02_alignment/mother/QC/mother_ACC1-LIBR_L1_mergedUnmapped.cov, 02_alignment/mother/QC/mother_ACC2-LIBR2_L1_mergedUnmapped.cov, 03_bamPrep/mother/QC/mother_ACC1-LIBR_L1_Qualimap, 03_bamPrep/mother/QC/mother_ACC2-LIBR2_L1_Qualimap, 03_bamPrep/mother/QC/mother_ACC1-LIBR_L1.pdf, 03_bamPrep/mother/QC/mother_ACC2-LIBR2_L1.pdf, 04_calling/QC/proband.eval.grp, 04_calling/QC/father.eval.grp, 04_calling/QC/mother.eval.grp, 04_calling/QC/snvs/bcftools.stats, 04_calling/QC/indels/bcftools.stats, 05_Annotation/ANNOVAR/snvs, 05_Annotation/ANNOVAR/indels, 05_Annotation/Nirvana/snvs/Annotation.json.gz, 05_Annotation/Nirvana/indels/Annotation.json.gz
    output: multiqc/multiqc_report.html
    jobid: 1
    reason: Missing output files: multiqc/multiqc_report.html; Input files updated by another job: 05_Annotation/ANNOVAR/indels, 04_calling/QC/indels/bcftools.stats, 05_Annotation/Nirvana/snvs/Annotation.json.gz, 04_calling/QC/snvs/bcftools.stats, 05_Annotation/ANNOVAR/snvs, 05_Annotation/Nirvana/indels/Annotation.json.gz
    resources: tmpdir=/tmp, mem_mb=2048, mem_mib=1954, cores=1, mem_gb=2, nodes=1, time=120

[Thu Jun 15 00:38:31 2023]
Error in rule multiqc:
    jobid: 1
    input: 02_alignment/proband/QC/proband_ACC1-LIBR_L1_mergedUnmapped.cov, 02_alignment/proband/QC/proband_ACC2-LIBR2_L3_mergedUnmapped.cov, 03_bamPrep/proband/QC/proband_ACC1-LIBR_L1_Qualimap, 03_bamPrep/proband/QC/proband_ACC2-LIBR2_L3_Qualimap, 03_bamPrep/proband/QC/proband_ACC1-LIBR_L1.pdf, 03_bamPrep/proband/QC/proband_ACC2-LIBR2_L3.pdf, 02_alignment/father/QC/father_ACC1-LIBR_L1_mergedUnmapped.cov, 02_alignment/father/QC/father_ACC1-LIBR_L2_mergedUnmapped.cov, 03_bamPrep/father/QC/father_ACC1-LIBR_L1_Qualimap, 03_bamPrep/father/QC/father_ACC1-LIBR_L2_Qualimap, 03_bamPrep/father/QC/father_ACC1-LIBR_L1.pdf, 03_bamPrep/father/QC/father_ACC1-LIBR_L2.pdf, 02_alignment/mother/QC/mother_ACC1-LIBR_L1_mergedUnmapped.cov, 02_alignment/mother/QC/mother_ACC2-LIBR2_L1_mergedUnmapped.cov, 03_bamPrep/mother/QC/mother_ACC1-LIBR_L1_Qualimap, 03_bamPrep/mother/QC/mother_ACC2-LIBR2_L1_Qualimap, 03_bamPrep/mother/QC/mother_ACC1-LIBR_L1.pdf, 03_bamPrep/mother/QC/mother_ACC2-LIBR2_L1.pdf, 04_calling/QC/proband.eval.grp, 04_calling/QC/father.eval.grp, 04_calling/QC/mother.eval.grp, 04_calling/QC/snvs/bcftools.stats, 04_calling/QC/indels/bcftools.stats, 05_Annotation/ANNOVAR/snvs, 05_Annotation/ANNOVAR/indels, 05_Annotation/Nirvana/snvs/Annotation.json.gz, 05_Annotation/Nirvana/indels/Annotation.json.gz
    output: multiqc/multiqc_report.html
    conda-env: /home/marc/Desktop/output_new_wes_gatk/.snakemake/conda/85fefb7173d4d7ca43c40188cac58258_
    shell:
        multiqc . -o multiqc/
        (one of the commands exited with non-zero exit code; note that snakemake uses bash strict mode!)

Shutting down, this might take some time.
Exiting because a job execution failed. Look above for error message
Complete log: ../../wes_gatk/workflow/.snakemake/log/2023-06-15T003551.590880.snakemake.log
