Building DAG of jobs...
Using shell: /bin/bash
Provided cores: 32
Rules claiming more threads will be scaled down.
Conda environments: ignored
Job stats:
job                       count    min threads    max threads
----------------------  -------  -------------  -------------
AnalyzeCovariates             6              2              2
Annovar                       1              4              4
BaseRecalibrator              6              4              4
HaplotypeCaller               3              4              4
MergeSamFiles                 3              1              1
Nirvana                       1              1              1
QC_alignment                  6              1              1
SortNFix                      6              4              4
Split_variants_idnel          1              1              1
Split_variants_snp            1              1              1
VariantEval                   3              1              1
all                           1              1              1
applyBaseRecalibrator         6              1              1
bcftools_stats                1              1              1
bqsr_calibrated_report        6              1              1
combine_gvcf                  1              1              1
consequence                   1              1              1
genotype_gvcfs                1              4              4
mrk_duplicates                6              1              1
multiqc                       1              1              1
plot_bcftools_stats           1              1              1
qualimap                      6              2              2
ubam_align                    6              4              4
total                        74              1              4

Select jobs to execute...

[Wed Jun 14 23:26:02 2023]
rule ubam_align:
    input: 0_samples/father/father_ACC1-LIBR_L1.adab.ubam
    output: 02_alignment/father/father_ACC1-LIBR_L1_mergedUnmapped.bam
    log: logs/bwa/father/father_ACC1-LIBR_L1_gatk-bwa.log
    jobid: 3
    benchmark: benchamrks/father/father_ACC1-LIBR_L1_gatk-bwa.txt
    reason: Code has changed since last execution
    wildcards: sample=father, unit=ACC1-LIBR_L1
    threads: 4
    resources: tmpdir=/tmp, mem_mb=32768, mem_mib=31250, cores=4, mem_gb=32, nodes=1, time=120


[Wed Jun 14 23:26:02 2023]
rule ubam_align:
    input: 0_samples/proband/proband_ACC2-LIBR2_L3.adab.ubam
    output: 02_alignment/proband/proband_ACC2-LIBR2_L3_mergedUnmapped.bam
    log: logs/bwa/proband/proband_ACC2-LIBR2_L3_gatk-bwa.log
    jobid: 51
    benchmark: benchamrks/proband/proband_ACC2-LIBR2_L3_gatk-bwa.txt
    reason: Code has changed since last execution
    wildcards: sample=proband, unit=ACC2-LIBR2_L3
    threads: 4
    resources: tmpdir=/tmp, mem_mb=32768, mem_mib=31250, cores=4, mem_gb=32, nodes=1, time=120


[Wed Jun 14 23:26:02 2023]
rule ubam_align:
    input: 0_samples/mother/mother_ACC1-LIBR_L1.adab.ubam
    output: 02_alignment/mother/mother_ACC1-LIBR_L1_mergedUnmapped.bam
    log: logs/bwa/mother/mother_ACC1-LIBR_L1_gatk-bwa.log
    jobid: 25
    benchmark: benchamrks/mother/mother_ACC1-LIBR_L1_gatk-bwa.txt
    reason: Code has changed since last execution
    wildcards: sample=mother, unit=ACC1-LIBR_L1
    threads: 4
    resources: tmpdir=/tmp, mem_mb=32768, mem_mib=31250, cores=4, mem_gb=32, nodes=1, time=120


[Wed Jun 14 23:26:02 2023]
rule ubam_align:
    input: 0_samples/father/father_ACC1-LIBR_L2.adab.ubam
    output: 02_alignment/father/father_ACC1-LIBR_L2_mergedUnmapped.bam
    log: logs/bwa/father/father_ACC1-LIBR_L2_gatk-bwa.log
    jobid: 7
    benchmark: benchamrks/father/father_ACC1-LIBR_L2_gatk-bwa.txt
    reason: Code has changed since last execution
    wildcards: sample=father, unit=ACC1-LIBR_L2
    threads: 4
    resources: tmpdir=/tmp, mem_mb=32768, mem_mib=31250, cores=4, mem_gb=32, nodes=1, time=120


[Wed Jun 14 23:26:02 2023]
rule ubam_align:
    input: 0_samples/proband/proband_ACC1-LIBR_L1.adab.ubam
    output: 02_alignment/proband/proband_ACC1-LIBR_L1_mergedUnmapped.bam
    log: logs/bwa/proband/proband_ACC1-LIBR_L1_gatk-bwa.log
    jobid: 47
    benchmark: benchamrks/proband/proband_ACC1-LIBR_L1_gatk-bwa.txt
    reason: Code has changed since last execution
    wildcards: sample=proband, unit=ACC1-LIBR_L1
    threads: 4
    resources: tmpdir=/tmp, mem_mb=32768, mem_mib=31250, cores=4, mem_gb=32, nodes=1, time=120


[Wed Jun 14 23:26:02 2023]
rule ubam_align:
    input: 0_samples/mother/mother_ACC2-LIBR2_L1.adab.ubam
    output: 02_alignment/mother/mother_ACC2-LIBR2_L1_mergedUnmapped.bam
    log: logs/bwa/mother/mother_ACC2-LIBR2_L1_gatk-bwa.log
    jobid: 29
    benchmark: benchamrks/mother/mother_ACC2-LIBR2_L1_gatk-bwa.txt
    reason: Code has changed since last execution
    wildcards: sample=mother, unit=ACC2-LIBR2_L1
    threads: 4
    resources: tmpdir=/tmp, mem_mb=32768, mem_mib=31250, cores=4, mem_gb=32, nodes=1, time=120

[Wed Jun 14 23:30:14 2023]
Finished job 25.
1 of 74 steps (1%) done
Select jobs to execute...

[Wed Jun 14 23:30:14 2023]
rule SortNFix:
    input: 02_alignment/mother/mother_ACC1-LIBR_L1_mergedUnmapped.bam
    output: 02_alignment/mother/mother_ACC1-LIBR_L1_mergedUnmapped_sorted.bam
    jobid: 35
    reason: Input files updated by another job: 02_alignment/mother/mother_ACC1-LIBR_L1_mergedUnmapped.bam
    wildcards: sample=mother, unit=ACC1-LIBR_L1
    threads: 4
    resources: tmpdir=/tmp, mem_mb=4096, mem_mib=3907, cores=4, mem_gb=4, nodes=1, time=120


[Wed Jun 14 23:30:14 2023]
rule QC_alignment:
    input: 02_alignment/mother/mother_ACC1-LIBR_L1_mergedUnmapped.bam
    output: 02_alignment/mother/QC/mother_ACC1-LIBR_L1_mergedUnmapped.cov, 02_alignment/mother/QC/mother_ACC1-LIBR_L1_mergedUnmapped.stats
    jobid: 24
    reason: Input files updated by another job: 02_alignment/mother/mother_ACC1-LIBR_L1_mergedUnmapped.bam
    wildcards: sample=mother, unit=ACC1-LIBR_L1
    resources: tmpdir=/tmp, mem_mb=2048, mem_mib=1954, cores=1, mem_gb=2, nodes=1, time=120

[Wed Jun 14 23:30:22 2023]
Finished job 24.
2 of 74 steps (3%) done
[Wed Jun 14 23:30:26 2023]
Finished job 29.
3 of 74 steps (4%) done
Select jobs to execute...

[Wed Jun 14 23:30:26 2023]
rule SortNFix:
    input: 02_alignment/mother/mother_ACC2-LIBR2_L1_mergedUnmapped.bam
    output: 02_alignment/mother/mother_ACC2-LIBR2_L1_mergedUnmapped_sorted.bam
    jobid: 40
    reason: Input files updated by another job: 02_alignment/mother/mother_ACC2-LIBR2_L1_mergedUnmapped.bam
    wildcards: sample=mother, unit=ACC2-LIBR2_L1
    threads: 4
    resources: tmpdir=/tmp, mem_mb=4096, mem_mib=3907, cores=4, mem_gb=4, nodes=1, time=120


[Wed Jun 14 23:30:26 2023]
rule QC_alignment:
    input: 02_alignment/mother/mother_ACC2-LIBR2_L1_mergedUnmapped.bam
    output: 02_alignment/mother/QC/mother_ACC2-LIBR2_L1_mergedUnmapped.cov, 02_alignment/mother/QC/mother_ACC2-LIBR2_L1_mergedUnmapped.stats
    jobid: 28
    reason: Input files updated by another job: 02_alignment/mother/mother_ACC2-LIBR2_L1_mergedUnmapped.bam
    wildcards: sample=mother, unit=ACC2-LIBR2_L1
    resources: tmpdir=/tmp, mem_mb=2048, mem_mib=1954, cores=1, mem_gb=2, nodes=1, time=120

[Wed Jun 14 23:30:34 2023]
Finished job 28.
4 of 74 steps (5%) done
[Wed Jun 14 23:30:49 2023]
Finished job 3.
5 of 74 steps (7%) done
Select jobs to execute...

[Wed Jun 14 23:30:49 2023]
rule QC_alignment:
    input: 02_alignment/father/father_ACC1-LIBR_L1_mergedUnmapped.bam
    output: 02_alignment/father/QC/father_ACC1-LIBR_L1_mergedUnmapped.cov, 02_alignment/father/QC/father_ACC1-LIBR_L1_mergedUnmapped.stats
    jobid: 2
    reason: Input files updated by another job: 02_alignment/father/father_ACC1-LIBR_L1_mergedUnmapped.bam
    wildcards: sample=father, unit=ACC1-LIBR_L1
    resources: tmpdir=/tmp, mem_mb=2048, mem_mib=1954, cores=1, mem_gb=2, nodes=1, time=120


[Wed Jun 14 23:30:49 2023]
rule SortNFix:
    input: 02_alignment/father/father_ACC1-LIBR_L1_mergedUnmapped.bam
    output: 02_alignment/father/father_ACC1-LIBR_L1_mergedUnmapped_sorted.bam
    jobid: 13
    reason: Input files updated by another job: 02_alignment/father/father_ACC1-LIBR_L1_mergedUnmapped.bam
    wildcards: sample=father, unit=ACC1-LIBR_L1
    threads: 4
    resources: tmpdir=/tmp, mem_mb=4096, mem_mib=3907, cores=4, mem_gb=4, nodes=1, time=120

[Wed Jun 14 23:30:56 2023]
Finished job 7.
6 of 74 steps (8%) done
Select jobs to execute...

[Wed Jun 14 23:30:56 2023]
rule QC_alignment:
    input: 02_alignment/father/father_ACC1-LIBR_L2_mergedUnmapped.bam
    output: 02_alignment/father/QC/father_ACC1-LIBR_L2_mergedUnmapped.cov, 02_alignment/father/QC/father_ACC1-LIBR_L2_mergedUnmapped.stats
    jobid: 6
    reason: Input files updated by another job: 02_alignment/father/father_ACC1-LIBR_L2_mergedUnmapped.bam
    wildcards: sample=father, unit=ACC1-LIBR_L2
    resources: tmpdir=/tmp, mem_mb=2048, mem_mib=1954, cores=1, mem_gb=2, nodes=1, time=120


[Wed Jun 14 23:30:56 2023]
rule SortNFix:
    input: 02_alignment/father/father_ACC1-LIBR_L2_mergedUnmapped.bam
    output: 02_alignment/father/father_ACC1-LIBR_L2_mergedUnmapped_sorted.bam
    jobid: 18
    reason: Input files updated by another job: 02_alignment/father/father_ACC1-LIBR_L2_mergedUnmapped.bam
    wildcards: sample=father, unit=ACC1-LIBR_L2
    threads: 4
    resources: tmpdir=/tmp, mem_mb=4096, mem_mib=3907, cores=4, mem_gb=4, nodes=1, time=120

[Wed Jun 14 23:30:57 2023]
Finished job 2.
7 of 74 steps (9%) done
[Wed Jun 14 23:31:04 2023]
Finished job 6.
8 of 74 steps (11%) done
[Wed Jun 14 23:31:15 2023]
Finished job 35.
9 of 74 steps (12%) done
Select jobs to execute...

[Wed Jun 14 23:31:15 2023]
rule mrk_duplicates:
    input: 02_alignment/mother/mother_ACC1-LIBR_L1_mergedUnmapped_sorted.bam
    output: 02_alignment/mother/mother_ACC1-LIBR_L1.dedub.bam, 02_alignment/mother/mother_ACC1-LIBR_L1.dedub.matrix
    log: logs/mrk-dub/mother/mother_ACC1-LIBR_L1.dedub.log
    jobid: 34
    reason: Input files updated by another job: 02_alignment/mother/mother_ACC1-LIBR_L1_mergedUnmapped_sorted.bam
    wildcards: sample=mother, unit=ACC1-LIBR_L1
    resources: tmpdir=/tmp, mem_mb=4096, mem_mib=3907, cores=4, mem_gb=4, nodes=1, time=120

[Wed Jun 14 23:31:24 2023]
Finished job 40.
10 of 74 steps (14%) done
Select jobs to execute...

[Wed Jun 14 23:31:24 2023]
rule mrk_duplicates:
    input: 02_alignment/mother/mother_ACC2-LIBR2_L1_mergedUnmapped_sorted.bam
    output: 02_alignment/mother/mother_ACC2-LIBR2_L1.dedub.bam, 02_alignment/mother/mother_ACC2-LIBR2_L1.dedub.matrix
    log: logs/mrk-dub/mother/mother_ACC2-LIBR2_L1.dedub.log
    jobid: 39
    reason: Input files updated by another job: 02_alignment/mother/mother_ACC2-LIBR2_L1_mergedUnmapped_sorted.bam
    wildcards: sample=mother, unit=ACC2-LIBR2_L1
    resources: tmpdir=/tmp, mem_mb=4096, mem_mib=3907, cores=4, mem_gb=4, nodes=1, time=120

[Wed Jun 14 23:31:32 2023]
Finished job 47.
11 of 74 steps (15%) done
Select jobs to execute...

[Wed Jun 14 23:31:32 2023]
rule QC_alignment:
    input: 02_alignment/proband/proband_ACC1-LIBR_L1_mergedUnmapped.bam
    output: 02_alignment/proband/QC/proband_ACC1-LIBR_L1_mergedUnmapped.cov, 02_alignment/proband/QC/proband_ACC1-LIBR_L1_mergedUnmapped.stats
    jobid: 46
    reason: Input files updated by another job: 02_alignment/proband/proband_ACC1-LIBR_L1_mergedUnmapped.bam
    wildcards: sample=proband, unit=ACC1-LIBR_L1
    resources: tmpdir=/tmp, mem_mb=2048, mem_mib=1954, cores=1, mem_gb=2, nodes=1, time=120


[Wed Jun 14 23:31:32 2023]
rule SortNFix:
    input: 02_alignment/proband/proband_ACC1-LIBR_L1_mergedUnmapped.bam
    output: 02_alignment/proband/proband_ACC1-LIBR_L1_mergedUnmapped_sorted.bam
    jobid: 57
    reason: Input files updated by another job: 02_alignment/proband/proband_ACC1-LIBR_L1_mergedUnmapped.bam
    wildcards: sample=proband, unit=ACC1-LIBR_L1
    threads: 4
    resources: tmpdir=/tmp, mem_mb=4096, mem_mib=3907, cores=4, mem_gb=4, nodes=1, time=120

[Wed Jun 14 23:31:42 2023]
Finished job 46.
12 of 74 steps (16%) done
[Wed Jun 14 23:31:44 2023]
Finished job 51.
13 of 74 steps (18%) done
Select jobs to execute...

[Wed Jun 14 23:31:44 2023]
rule QC_alignment:
    input: 02_alignment/proband/proband_ACC2-LIBR2_L3_mergedUnmapped.bam
    output: 02_alignment/proband/QC/proband_ACC2-LIBR2_L3_mergedUnmapped.cov, 02_alignment/proband/QC/proband_ACC2-LIBR2_L3_mergedUnmapped.stats
    jobid: 50
    reason: Input files updated by another job: 02_alignment/proband/proband_ACC2-LIBR2_L3_mergedUnmapped.bam
    wildcards: sample=proband, unit=ACC2-LIBR2_L3
    resources: tmpdir=/tmp, mem_mb=2048, mem_mib=1954, cores=1, mem_gb=2, nodes=1, time=120


[Wed Jun 14 23:31:44 2023]
rule SortNFix:
    input: 02_alignment/proband/proband_ACC2-LIBR2_L3_mergedUnmapped.bam
    output: 02_alignment/proband/proband_ACC2-LIBR2_L3_mergedUnmapped_sorted.bam
    jobid: 62
    reason: Input files updated by another job: 02_alignment/proband/proband_ACC2-LIBR2_L3_mergedUnmapped.bam
    wildcards: sample=proband, unit=ACC2-LIBR2_L3
    threads: 4
    resources: tmpdir=/tmp, mem_mb=4096, mem_mib=3907, cores=4, mem_gb=4, nodes=1, time=120

[Wed Jun 14 23:31:54 2023]
Finished job 13.
14 of 74 steps (19%) done
Select jobs to execute...

[Wed Jun 14 23:31:54 2023]
rule mrk_duplicates:
    input: 02_alignment/father/father_ACC1-LIBR_L1_mergedUnmapped_sorted.bam
    output: 02_alignment/father/father_ACC1-LIBR_L1.dedub.bam, 02_alignment/father/father_ACC1-LIBR_L1.dedub.matrix
    log: logs/mrk-dub/father/father_ACC1-LIBR_L1.dedub.log
    jobid: 12
    reason: Input files updated by another job: 02_alignment/father/father_ACC1-LIBR_L1_mergedUnmapped_sorted.bam
    wildcards: sample=father, unit=ACC1-LIBR_L1
    resources: tmpdir=/tmp, mem_mb=4096, mem_mib=3907, cores=4, mem_gb=4, nodes=1, time=120

[Wed Jun 14 23:31:54 2023]
Finished job 50.
15 of 74 steps (20%) done
[Wed Jun 14 23:32:04 2023]
Finished job 18.
16 of 74 steps (22%) done
Select jobs to execute...

[Wed Jun 14 23:32:04 2023]
rule mrk_duplicates:
    input: 02_alignment/father/father_ACC1-LIBR_L2_mergedUnmapped_sorted.bam
    output: 02_alignment/father/father_ACC1-LIBR_L2.dedub.bam, 02_alignment/father/father_ACC1-LIBR_L2.dedub.matrix
    log: logs/mrk-dub/father/father_ACC1-LIBR_L2.dedub.log
    jobid: 17
    reason: Input files updated by another job: 02_alignment/father/father_ACC1-LIBR_L2_mergedUnmapped_sorted.bam
    wildcards: sample=father, unit=ACC1-LIBR_L2
    resources: tmpdir=/tmp, mem_mb=4096, mem_mib=3907, cores=4, mem_gb=4, nodes=1, time=120

[Wed Jun 14 23:32:25 2023]
Finished job 34.
17 of 74 steps (23%) done
Select jobs to execute...

[Wed Jun 14 23:32:25 2023]
rule BaseRecalibrator:
    input: 02_alignment/mother/mother_ACC1-LIBR_L1.dedub.bam
    output: 03_bamPrep/mother/mother_ACC1-LIBR_L1.report
    jobid: 36
    benchmark: benchamrks/mother/mother_ACC1-LIBR_L1_GATK_pqsr.txt
    reason: Input files updated by another job: 02_alignment/mother/mother_ACC1-LIBR_L1.dedub.bam
    wildcards: sample=mother, unit=ACC1-LIBR_L1
    threads: 4
    resources: tmpdir=/tmp, mem_mb=2048, mem_mib=1954, cores=4, mem_gb=2, nodes=1, time=120

[Wed Jun 14 23:32:35 2023]
Finished job 39.
18 of 74 steps (24%) done
Select jobs to execute...

[Wed Jun 14 23:32:35 2023]
rule BaseRecalibrator:
    input: 02_alignment/mother/mother_ACC2-LIBR2_L1.dedub.bam
    output: 03_bamPrep/mother/mother_ACC2-LIBR2_L1.report
    jobid: 41
    benchmark: benchamrks/mother/mother_ACC2-LIBR2_L1_GATK_pqsr.txt
    reason: Input files updated by another job: 02_alignment/mother/mother_ACC2-LIBR2_L1.dedub.bam
    wildcards: sample=mother, unit=ACC2-LIBR2_L1
    threads: 4
    resources: tmpdir=/tmp, mem_mb=2048, mem_mib=1954, cores=4, mem_gb=2, nodes=1, time=120

[Wed Jun 14 23:32:46 2023]
Finished job 57.
19 of 74 steps (26%) done
Select jobs to execute...

[Wed Jun 14 23:32:46 2023]
rule mrk_duplicates:
    input: 02_alignment/proband/proband_ACC1-LIBR_L1_mergedUnmapped_sorted.bam
    output: 02_alignment/proband/proband_ACC1-LIBR_L1.dedub.bam, 02_alignment/proband/proband_ACC1-LIBR_L1.dedub.matrix
    log: logs/mrk-dub/proband/proband_ACC1-LIBR_L1.dedub.log
    jobid: 56
    reason: Input files updated by another job: 02_alignment/proband/proband_ACC1-LIBR_L1_mergedUnmapped_sorted.bam
    wildcards: sample=proband, unit=ACC1-LIBR_L1
    resources: tmpdir=/tmp, mem_mb=4096, mem_mib=3907, cores=4, mem_gb=4, nodes=1, time=120

[Wed Jun 14 23:32:53 2023]
Finished job 62.
20 of 74 steps (27%) done
Select jobs to execute...

[Wed Jun 14 23:32:53 2023]
rule mrk_duplicates:
    input: 02_alignment/proband/proband_ACC2-LIBR2_L3_mergedUnmapped_sorted.bam
    output: 02_alignment/proband/proband_ACC2-LIBR2_L3.dedub.bam, 02_alignment/proband/proband_ACC2-LIBR2_L3.dedub.matrix
    log: logs/mrk-dub/proband/proband_ACC2-LIBR2_L3.dedub.log
    jobid: 61
    reason: Input files updated by another job: 02_alignment/proband/proband_ACC2-LIBR2_L3_mergedUnmapped_sorted.bam
    wildcards: sample=proband, unit=ACC2-LIBR2_L3
    resources: tmpdir=/tmp, mem_mb=4096, mem_mib=3907, cores=4, mem_gb=4, nodes=1, time=120

[Wed Jun 14 23:33:07 2023]
Finished job 12.
21 of 74 steps (28%) done
Select jobs to execute...

[Wed Jun 14 23:33:07 2023]
rule BaseRecalibrator:
    input: 02_alignment/father/father_ACC1-LIBR_L1.dedub.bam
    output: 03_bamPrep/father/father_ACC1-LIBR_L1.report
    jobid: 14
    benchmark: benchamrks/father/father_ACC1-LIBR_L1_GATK_pqsr.txt
    reason: Input files updated by another job: 02_alignment/father/father_ACC1-LIBR_L1.dedub.bam
    wildcards: sample=father, unit=ACC1-LIBR_L1
    threads: 4
    resources: tmpdir=/tmp, mem_mb=2048, mem_mib=1954, cores=4, mem_gb=2, nodes=1, time=120

[Wed Jun 14 23:33:18 2023]
Finished job 36.
22 of 74 steps (30%) done
Select jobs to execute...

[Wed Jun 14 23:33:18 2023]
rule applyBaseRecalibrator:
    input: 02_alignment/mother/mother_ACC1-LIBR_L1.dedub.bam, 03_bamPrep/mother/mother_ACC1-LIBR_L1.report
    output: 03_bamPrep/mother/mother_ACC1-LIBR_L1.pqsr.bam
    jobid: 33
    benchmark: benchamrks/mother/mother_ACC1-LIBR_L1_GATK_apply_BQSR.txt
    reason: Input files updated by another job: 03_bamPrep/mother/mother_ACC1-LIBR_L1.report, 02_alignment/mother/mother_ACC1-LIBR_L1.dedub.bam
    wildcards: sample=mother, unit=ACC1-LIBR_L1
    resources: tmpdir=/tmp, mem_mb=2048, mem_mib=1954, cores=4, mem_gb=2, nodes=1, time=120

[Wed Jun 14 23:33:22 2023]
Finished job 17.
23 of 74 steps (31%) done
Select jobs to execute...

[Wed Jun 14 23:33:22 2023]
rule BaseRecalibrator:
    input: 02_alignment/father/father_ACC1-LIBR_L2.dedub.bam
    output: 03_bamPrep/father/father_ACC1-LIBR_L2.report
    jobid: 19
    benchmark: benchamrks/father/father_ACC1-LIBR_L2_GATK_pqsr.txt
    reason: Input files updated by another job: 02_alignment/father/father_ACC1-LIBR_L2.dedub.bam
    wildcards: sample=father, unit=ACC1-LIBR_L2
    threads: 4
    resources: tmpdir=/tmp, mem_mb=2048, mem_mib=1954, cores=4, mem_gb=2, nodes=1, time=120

[Wed Jun 14 23:33:28 2023]
Finished job 41.
24 of 74 steps (32%) done
Select jobs to execute...

[Wed Jun 14 23:33:28 2023]
rule applyBaseRecalibrator:
    input: 02_alignment/mother/mother_ACC2-LIBR2_L1.dedub.bam, 03_bamPrep/mother/mother_ACC2-LIBR2_L1.report
    output: 03_bamPrep/mother/mother_ACC2-LIBR2_L1.pqsr.bam
    jobid: 38
    benchmark: benchamrks/mother/mother_ACC2-LIBR2_L1_GATK_apply_BQSR.txt
    reason: Input files updated by another job: 03_bamPrep/mother/mother_ACC2-LIBR2_L1.report, 02_alignment/mother/mother_ACC2-LIBR2_L1.dedub.bam
    wildcards: sample=mother, unit=ACC2-LIBR2_L1
    resources: tmpdir=/tmp, mem_mb=2048, mem_mib=1954, cores=4, mem_gb=2, nodes=1, time=120

[Wed Jun 14 23:34:05 2023]
Finished job 14.
25 of 74 steps (34%) done
Select jobs to execute...

[Wed Jun 14 23:34:05 2023]
rule applyBaseRecalibrator:
    input: 02_alignment/father/father_ACC1-LIBR_L1.dedub.bam, 03_bamPrep/father/father_ACC1-LIBR_L1.report
    output: 03_bamPrep/father/father_ACC1-LIBR_L1.pqsr.bam
    jobid: 11
    benchmark: benchamrks/father/father_ACC1-LIBR_L1_GATK_apply_BQSR.txt
    reason: Input files updated by another job: 03_bamPrep/father/father_ACC1-LIBR_L1.report, 02_alignment/father/father_ACC1-LIBR_L1.dedub.bam
    wildcards: sample=father, unit=ACC1-LIBR_L1
    resources: tmpdir=/tmp, mem_mb=2048, mem_mib=1954, cores=4, mem_gb=2, nodes=1, time=120

[Wed Jun 14 23:34:15 2023]
Finished job 56.
26 of 74 steps (35%) done
Select jobs to execute...

[Wed Jun 14 23:34:15 2023]
rule BaseRecalibrator:
    input: 02_alignment/proband/proband_ACC1-LIBR_L1.dedub.bam
    output: 03_bamPrep/proband/proband_ACC1-LIBR_L1.report
    jobid: 58
    benchmark: benchamrks/proband/proband_ACC1-LIBR_L1_GATK_pqsr.txt
    reason: Input files updated by another job: 02_alignment/proband/proband_ACC1-LIBR_L1.dedub.bam
    wildcards: sample=proband, unit=ACC1-LIBR_L1
    threads: 4
    resources: tmpdir=/tmp, mem_mb=2048, mem_mib=1954, cores=4, mem_gb=2, nodes=1, time=120

[Wed Jun 14 23:34:18 2023]
Finished job 19.
27 of 74 steps (36%) done
Select jobs to execute...

[Wed Jun 14 23:34:18 2023]
rule applyBaseRecalibrator:
    input: 02_alignment/father/father_ACC1-LIBR_L2.dedub.bam, 03_bamPrep/father/father_ACC1-LIBR_L2.report
    output: 03_bamPrep/father/father_ACC1-LIBR_L2.pqsr.bam
    jobid: 16
    benchmark: benchamrks/father/father_ACC1-LIBR_L2_GATK_apply_BQSR.txt
    reason: Input files updated by another job: 02_alignment/father/father_ACC1-LIBR_L2.dedub.bam, 03_bamPrep/father/father_ACC1-LIBR_L2.report
    wildcards: sample=father, unit=ACC1-LIBR_L2
    resources: tmpdir=/tmp, mem_mb=2048, mem_mib=1954, cores=4, mem_gb=2, nodes=1, time=120

[Wed Jun 14 23:34:18 2023]
Finished job 61.
28 of 74 steps (38%) done
Select jobs to execute...

[Wed Jun 14 23:34:18 2023]
rule BaseRecalibrator:
    input: 02_alignment/proband/proband_ACC2-LIBR2_L3.dedub.bam
    output: 03_bamPrep/proband/proband_ACC2-LIBR2_L3.report
    jobid: 63
    benchmark: benchamrks/proband/proband_ACC2-LIBR2_L3_GATK_pqsr.txt
    reason: Input files updated by another job: 02_alignment/proband/proband_ACC2-LIBR2_L3.dedub.bam
    wildcards: sample=proband, unit=ACC2-LIBR2_L3
    threads: 4
    resources: tmpdir=/tmp, mem_mb=2048, mem_mib=1954, cores=4, mem_gb=2, nodes=1, time=120

[Wed Jun 14 23:34:19 2023]
Finished job 33.
29 of 74 steps (39%) done
Select jobs to execute...

[Wed Jun 14 23:34:19 2023]
rule bqsr_calibrated_report:
    input: 03_bamPrep/mother/mother_ACC1-LIBR_L1.pqsr.bam
    output: 03_bamPrep/mother/mother_ACC1-LIBR_L1_pqsr.report
    jobid: 43
    reason: Input files updated by another job: 03_bamPrep/mother/mother_ACC1-LIBR_L1.pqsr.bam
    wildcards: sample=mother, unit=ACC1-LIBR_L1
    resources: tmpdir=/tmp, mem_mb=2048, mem_mib=1954, cores=4, mem_gb=2, nodes=1, time=120


[Wed Jun 14 23:34:19 2023]
rule qualimap:
    input: 03_bamPrep/mother/mother_ACC1-LIBR_L1.pqsr.bam
    output: 03_bamPrep/mother/QC/mother_ACC1-LIBR_L1_Qualimap
    jobid: 32
    reason: Input files updated by another job: 03_bamPrep/mother/mother_ACC1-LIBR_L1.pqsr.bam
    wildcards: sample=mother, unit=ACC1-LIBR_L1
    threads: 2
    resources: tmpdir=/tmp, mem_mb=2048, mem_mib=1954, cores=2, mem_gb=2, nodes=1, time=120

[Wed Jun 14 23:34:31 2023]
Finished job 38.
30 of 74 steps (41%) done
Select jobs to execute...

[Wed Jun 14 23:34:31 2023]
rule MergeSamFiles:
    input: 03_bamPrep/mother/mother_ACC1-LIBR_L1.pqsr.bam, 03_bamPrep/mother/mother_ACC2-LIBR2_L1.pqsr.bam
    output: 03_bamPrep/merged_bams/mother.pqsr.bam
    jobid: 75
    reason: Input files updated by another job: 03_bamPrep/mother/mother_ACC1-LIBR_L1.pqsr.bam, 03_bamPrep/mother/mother_ACC2-LIBR2_L1.pqsr.bam
    wildcards: sample=mother
    resources: tmpdir=/tmp, mem_mb=2048, mem_mib=1954, cores=1, mem_gb=2, nodes=1, time=120


[Wed Jun 14 23:34:31 2023]
rule qualimap:
    input: 03_bamPrep/mother/mother_ACC2-LIBR2_L1.pqsr.bam
    output: 03_bamPrep/mother/QC/mother_ACC2-LIBR2_L1_Qualimap
    jobid: 37
    reason: Input files updated by another job: 03_bamPrep/mother/mother_ACC2-LIBR2_L1.pqsr.bam
    wildcards: sample=mother, unit=ACC2-LIBR2_L1
    threads: 2
    resources: tmpdir=/tmp, mem_mb=2048, mem_mib=1954, cores=2, mem_gb=2, nodes=1, time=120


[Wed Jun 14 23:34:31 2023]
rule bqsr_calibrated_report:
    input: 03_bamPrep/mother/mother_ACC2-LIBR2_L1.pqsr.bam
    output: 03_bamPrep/mother/mother_ACC2-LIBR2_L1_pqsr.report
    jobid: 45
    reason: Input files updated by another job: 03_bamPrep/mother/mother_ACC2-LIBR2_L1.pqsr.bam
    wildcards: sample=mother, unit=ACC2-LIBR2_L1
    resources: tmpdir=/tmp, mem_mb=2048, mem_mib=1954, cores=4, mem_gb=2, nodes=1, time=120

[Wed Jun 14 23:35:05 2023]
Finished job 32.
31 of 74 steps (42%) done
[Wed Jun 14 23:35:14 2023]
Finished job 37.
32 of 74 steps (43%) done
[Wed Jun 14 23:35:17 2023]
Finished job 43.
33 of 74 steps (45%) done
Select jobs to execute...

[Wed Jun 14 23:35:17 2023]
rule AnalyzeCovariates:
    input: 03_bamPrep/mother/mother_ACC1-LIBR_L1.report, 03_bamPrep/mother/mother_ACC1-LIBR_L1_pqsr.report
    output: 03_bamPrep/mother/QC/mother_ACC1-LIBR_L1.pdf
    jobid: 42
    reason: Input files updated by another job: 03_bamPrep/mother/mother_ACC1-LIBR_L1.report, 03_bamPrep/mother/mother_ACC1-LIBR_L1_pqsr.report
    wildcards: sample=mother, unit=ACC1-LIBR_L1
    threads: 2
    resources: tmpdir=/tmp, mem_mb=2048, mem_mib=1954, cores=2, mem_gb=2, nodes=1, time=120

[Wed Jun 14 23:35:25 2023]
Finished job 42.
34 of 74 steps (46%) done
[Wed Jun 14 23:35:26 2023]
Finished job 11.
35 of 74 steps (47%) done
Select jobs to execute...

[Wed Jun 14 23:35:26 2023]
rule qualimap:
    input: 03_bamPrep/father/father_ACC1-LIBR_L1.pqsr.bam
    output: 03_bamPrep/father/QC/father_ACC1-LIBR_L1_Qualimap
    jobid: 10
    reason: Input files updated by another job: 03_bamPrep/father/father_ACC1-LIBR_L1.pqsr.bam
    wildcards: sample=father, unit=ACC1-LIBR_L1
    threads: 2
    resources: tmpdir=/tmp, mem_mb=2048, mem_mib=1954, cores=2, mem_gb=2, nodes=1, time=120


[Wed Jun 14 23:35:26 2023]
rule bqsr_calibrated_report:
    input: 03_bamPrep/father/father_ACC1-LIBR_L1.pqsr.bam
    output: 03_bamPrep/father/father_ACC1-LIBR_L1_pqsr.report
    jobid: 21
    reason: Input files updated by another job: 03_bamPrep/father/father_ACC1-LIBR_L1.pqsr.bam
    wildcards: sample=father, unit=ACC1-LIBR_L1
    resources: tmpdir=/tmp, mem_mb=2048, mem_mib=1954, cores=4, mem_gb=2, nodes=1, time=120

[Wed Jun 14 23:35:28 2023]
Finished job 45.
36 of 74 steps (49%) done
Select jobs to execute...

[Wed Jun 14 23:35:28 2023]
rule AnalyzeCovariates:
    input: 03_bamPrep/mother/mother_ACC2-LIBR2_L1.report, 03_bamPrep/mother/mother_ACC2-LIBR2_L1_pqsr.report
    output: 03_bamPrep/mother/QC/mother_ACC2-LIBR2_L1.pdf
    jobid: 44
    reason: Input files updated by another job: 03_bamPrep/mother/mother_ACC2-LIBR2_L1.report, 03_bamPrep/mother/mother_ACC2-LIBR2_L1_pqsr.report
    wildcards: sample=mother, unit=ACC2-LIBR2_L1
    threads: 2
    resources: tmpdir=/tmp, mem_mb=2048, mem_mib=1954, cores=2, mem_gb=2, nodes=1, time=120

[Wed Jun 14 23:35:30 2023]
Finished job 58.
37 of 74 steps (50%) done
Select jobs to execute...

[Wed Jun 14 23:35:30 2023]
rule applyBaseRecalibrator:
    input: 02_alignment/proband/proband_ACC1-LIBR_L1.dedub.bam, 03_bamPrep/proband/proband_ACC1-LIBR_L1.report
    output: 03_bamPrep/proband/proband_ACC1-LIBR_L1.pqsr.bam
    jobid: 55
    benchmark: benchamrks/proband/proband_ACC1-LIBR_L1_GATK_apply_BQSR.txt
    reason: Input files updated by another job: 03_bamPrep/proband/proband_ACC1-LIBR_L1.report, 02_alignment/proband/proband_ACC1-LIBR_L1.dedub.bam
    wildcards: sample=proband, unit=ACC1-LIBR_L1
    resources: tmpdir=/tmp, mem_mb=2048, mem_mib=1954, cores=4, mem_gb=2, nodes=1, time=120

[Wed Jun 14 23:35:32 2023]
Finished job 63.
38 of 74 steps (51%) done
Select jobs to execute...

[Wed Jun 14 23:35:32 2023]
rule applyBaseRecalibrator:
    input: 02_alignment/proband/proband_ACC2-LIBR2_L3.dedub.bam, 03_bamPrep/proband/proband_ACC2-LIBR2_L3.report
    output: 03_bamPrep/proband/proband_ACC2-LIBR2_L3.pqsr.bam
    jobid: 60
    benchmark: benchamrks/proband/proband_ACC2-LIBR2_L3_GATK_apply_BQSR.txt
    reason: Input files updated by another job: 02_alignment/proband/proband_ACC2-LIBR2_L3.dedub.bam, 03_bamPrep/proband/proband_ACC2-LIBR2_L3.report
    wildcards: sample=proband, unit=ACC2-LIBR2_L3
    resources: tmpdir=/tmp, mem_mb=2048, mem_mib=1954, cores=4, mem_gb=2, nodes=1, time=120

[Wed Jun 14 23:35:37 2023]
Finished job 44.
39 of 74 steps (53%) done
[Wed Jun 14 23:35:41 2023]
Finished job 16.
40 of 74 steps (54%) done
Select jobs to execute...

[Wed Jun 14 23:35:41 2023]
rule bqsr_calibrated_report:
    input: 03_bamPrep/father/father_ACC1-LIBR_L2.pqsr.bam
    output: 03_bamPrep/father/father_ACC1-LIBR_L2_pqsr.report
    jobid: 23
    reason: Input files updated by another job: 03_bamPrep/father/father_ACC1-LIBR_L2.pqsr.bam
    wildcards: sample=father, unit=ACC1-LIBR_L2
    resources: tmpdir=/tmp, mem_mb=2048, mem_mib=1954, cores=4, mem_gb=2, nodes=1, time=120


[Wed Jun 14 23:35:41 2023]
rule MergeSamFiles:
    input: 03_bamPrep/father/father_ACC1-LIBR_L1.pqsr.bam, 03_bamPrep/father/father_ACC1-LIBR_L2.pqsr.bam
    output: 03_bamPrep/merged_bams/father.pqsr.bam
    jobid: 73
    reason: Input files updated by another job: 03_bamPrep/father/father_ACC1-LIBR_L2.pqsr.bam, 03_bamPrep/father/father_ACC1-LIBR_L1.pqsr.bam
    wildcards: sample=father
    resources: tmpdir=/tmp, mem_mb=2048, mem_mib=1954, cores=1, mem_gb=2, nodes=1, time=120


[Wed Jun 14 23:35:42 2023]
rule qualimap:
    input: 03_bamPrep/father/father_ACC1-LIBR_L2.pqsr.bam
    output: 03_bamPrep/father/QC/father_ACC1-LIBR_L2_Qualimap
    jobid: 15
    reason: Input files updated by another job: 03_bamPrep/father/father_ACC1-LIBR_L2.pqsr.bam
    wildcards: sample=father, unit=ACC1-LIBR_L2
    threads: 2
    resources: tmpdir=/tmp, mem_mb=2048, mem_mib=1954, cores=2, mem_gb=2, nodes=1, time=120

[Wed Jun 14 23:36:12 2023]
Finished job 10.
41 of 74 steps (55%) done
[Wed Jun 14 23:36:26 2023]
Finished job 15.
42 of 74 steps (57%) done
[Wed Jun 14 23:36:28 2023]
Finished job 21.
43 of 74 steps (58%) done
Select jobs to execute...

[Wed Jun 14 23:36:28 2023]
rule AnalyzeCovariates:
    input: 03_bamPrep/father/father_ACC1-LIBR_L1.report, 03_bamPrep/father/father_ACC1-LIBR_L1_pqsr.report
    output: 03_bamPrep/father/QC/father_ACC1-LIBR_L1.pdf
    jobid: 20
    reason: Input files updated by another job: 03_bamPrep/father/father_ACC1-LIBR_L1.report, 03_bamPrep/father/father_ACC1-LIBR_L1_pqsr.report
    wildcards: sample=father, unit=ACC1-LIBR_L1
    threads: 2
    resources: tmpdir=/tmp, mem_mb=2048, mem_mib=1954, cores=2, mem_gb=2, nodes=1, time=120

[Wed Jun 14 23:36:35 2023]
Finished job 20.
44 of 74 steps (59%) done
[Wed Jun 14 23:36:38 2023]
Finished job 23.
45 of 74 steps (61%) done
Select jobs to execute...

[Wed Jun 14 23:36:38 2023]
rule AnalyzeCovariates:
    input: 03_bamPrep/father/father_ACC1-LIBR_L2.report, 03_bamPrep/father/father_ACC1-LIBR_L2_pqsr.report
    output: 03_bamPrep/father/QC/father_ACC1-LIBR_L2.pdf
    jobid: 22
    reason: Input files updated by another job: 03_bamPrep/father/father_ACC1-LIBR_L2.report, 03_bamPrep/father/father_ACC1-LIBR_L2_pqsr.report
    wildcards: sample=father, unit=ACC1-LIBR_L2
    threads: 2
    resources: tmpdir=/tmp, mem_mb=2048, mem_mib=1954, cores=2, mem_gb=2, nodes=1, time=120

[Wed Jun 14 23:36:40 2023]
Finished job 75.
46 of 74 steps (62%) done
Select jobs to execute...

[Wed Jun 14 23:36:41 2023]
rule HaplotypeCaller:
    input: 03_bamPrep/merged_bams/mother.pqsr.bam
    output: 04_calling/mother_raw.gvcf.gz
    jobid: 74
    reason: Missing output files: 04_calling/mother_raw.gvcf.gz; Input files updated by another job: 03_bamPrep/merged_bams/mother.pqsr.bam
    wildcards: sample=mother
    threads: 4
    resources: tmpdir=/tmp, mem_mb=8192, mem_mib=7813, cores=4, mem_gb=8, nodes=1, time=120

[Wed Jun 14 23:36:46 2023]
Finished job 22.
47 of 74 steps (64%) done
[Wed Jun 14 23:36:59 2023]
Finished job 55.
48 of 74 steps (65%) done
Select jobs to execute...

[Wed Jun 14 23:36:59 2023]
rule qualimap:
    input: 03_bamPrep/proband/proband_ACC1-LIBR_L1.pqsr.bam
    output: 03_bamPrep/proband/QC/proband_ACC1-LIBR_L1_Qualimap
    jobid: 54
    reason: Input files updated by another job: 03_bamPrep/proband/proband_ACC1-LIBR_L1.pqsr.bam
    wildcards: sample=proband, unit=ACC1-LIBR_L1
    threads: 2
    resources: tmpdir=/tmp, mem_mb=2048, mem_mib=1954, cores=2, mem_gb=2, nodes=1, time=120


[Wed Jun 14 23:36:59 2023]
rule bqsr_calibrated_report:
    input: 03_bamPrep/proband/proband_ACC1-LIBR_L1.pqsr.bam
    output: 03_bamPrep/proband/proband_ACC1-LIBR_L1_pqsr.report
    jobid: 65
    reason: Input files updated by another job: 03_bamPrep/proband/proband_ACC1-LIBR_L1.pqsr.bam
    wildcards: sample=proband, unit=ACC1-LIBR_L1
    resources: tmpdir=/tmp, mem_mb=2048, mem_mib=1954, cores=4, mem_gb=2, nodes=1, time=120

[Wed Jun 14 23:37:00 2023]
Finished job 60.
49 of 74 steps (66%) done
Select jobs to execute...

[Wed Jun 14 23:37:00 2023]
rule qualimap:
    input: 03_bamPrep/proband/proband_ACC2-LIBR2_L3.pqsr.bam
    output: 03_bamPrep/proband/QC/proband_ACC2-LIBR2_L3_Qualimap
    jobid: 59
    reason: Input files updated by another job: 03_bamPrep/proband/proband_ACC2-LIBR2_L3.pqsr.bam
    wildcards: sample=proband, unit=ACC2-LIBR2_L3
    threads: 2
    resources: tmpdir=/tmp, mem_mb=2048, mem_mib=1954, cores=2, mem_gb=2, nodes=1, time=120


[Wed Jun 14 23:37:00 2023]
rule bqsr_calibrated_report:
    input: 03_bamPrep/proband/proband_ACC2-LIBR2_L3.pqsr.bam
    output: 03_bamPrep/proband/proband_ACC2-LIBR2_L3_pqsr.report
    jobid: 67
    reason: Input files updated by another job: 03_bamPrep/proband/proband_ACC2-LIBR2_L3.pqsr.bam
    wildcards: sample=proband, unit=ACC2-LIBR2_L3
    resources: tmpdir=/tmp, mem_mb=2048, mem_mib=1954, cores=4, mem_gb=2, nodes=1, time=120


[Wed Jun 14 23:37:00 2023]
rule MergeSamFiles:
    input: 03_bamPrep/proband/proband_ACC1-LIBR_L1.pqsr.bam, 03_bamPrep/proband/proband_ACC2-LIBR2_L3.pqsr.bam
    output: 03_bamPrep/merged_bams/proband.pqsr.bam
    jobid: 77
    reason: Input files updated by another job: 03_bamPrep/proband/proband_ACC2-LIBR2_L3.pqsr.bam, 03_bamPrep/proband/proband_ACC1-LIBR_L1.pqsr.bam
    wildcards: sample=proband
    resources: tmpdir=/tmp, mem_mb=2048, mem_mib=1954, cores=1, mem_gb=2, nodes=1, time=120

[Wed Jun 14 23:37:45 2023]
Finished job 54.
50 of 74 steps (68%) done
[Wed Jun 14 23:37:50 2023]
Finished job 59.
51 of 74 steps (69%) done
[Wed Jun 14 23:37:59 2023]
Finished job 73.
52 of 74 steps (70%) done
Select jobs to execute...

[Wed Jun 14 23:37:59 2023]
rule HaplotypeCaller:
    input: 03_bamPrep/merged_bams/father.pqsr.bam
    output: 04_calling/father_raw.gvcf.gz
    jobid: 72
    reason: Missing output files: 04_calling/father_raw.gvcf.gz; Input files updated by another job: 03_bamPrep/merged_bams/father.pqsr.bam
    wildcards: sample=father
    threads: 4
    resources: tmpdir=/tmp, mem_mb=8192, mem_mib=7813, cores=4, mem_gb=8, nodes=1, time=120

[Wed Jun 14 23:38:07 2023]
Finished job 65.
53 of 74 steps (72%) done
Select jobs to execute...

[Wed Jun 14 23:38:07 2023]
rule AnalyzeCovariates:
    input: 03_bamPrep/proband/proband_ACC1-LIBR_L1.report, 03_bamPrep/proband/proband_ACC1-LIBR_L1_pqsr.report
    output: 03_bamPrep/proband/QC/proband_ACC1-LIBR_L1.pdf
    jobid: 64
    reason: Missing output files: 03_bamPrep/proband/QC/proband_ACC1-LIBR_L1.pdf; Input files updated by another job: 03_bamPrep/proband/proband_ACC1-LIBR_L1.report, 03_bamPrep/proband/proband_ACC1-LIBR_L1_pqsr.report
    wildcards: sample=proband, unit=ACC1-LIBR_L1
    threads: 2
    resources: tmpdir=/tmp, mem_mb=2048, mem_mib=1954, cores=2, mem_gb=2, nodes=1, time=120

[Wed Jun 14 23:38:09 2023]
Finished job 67.
54 of 74 steps (73%) done
Select jobs to execute...

[Wed Jun 14 23:38:09 2023]
rule AnalyzeCovariates:
    input: 03_bamPrep/proband/proband_ACC2-LIBR2_L3.report, 03_bamPrep/proband/proband_ACC2-LIBR2_L3_pqsr.report
    output: 03_bamPrep/proband/QC/proband_ACC2-LIBR2_L3.pdf
    jobid: 66
    reason: Missing output files: 03_bamPrep/proband/QC/proband_ACC2-LIBR2_L3.pdf; Input files updated by another job: 03_bamPrep/proband/proband_ACC2-LIBR2_L3_pqsr.report, 03_bamPrep/proband/proband_ACC2-LIBR2_L3.report
    wildcards: sample=proband, unit=ACC2-LIBR2_L3
    threads: 2
    resources: tmpdir=/tmp, mem_mb=2048, mem_mib=1954, cores=2, mem_gb=2, nodes=1, time=120

[Wed Jun 14 23:38:15 2023]
Finished job 64.
55 of 74 steps (74%) done
[Wed Jun 14 23:38:16 2023]
Finished job 66.
56 of 74 steps (76%) done
[Wed Jun 14 23:39:37 2023]
Finished job 77.
57 of 74 steps (77%) done
Select jobs to execute...

[Wed Jun 14 23:39:37 2023]
rule HaplotypeCaller:
    input: 03_bamPrep/merged_bams/proband.pqsr.bam
    output: 04_calling/proband_raw.gvcf.gz
    jobid: 76
    reason: Missing output files: 04_calling/proband_raw.gvcf.gz; Input files updated by another job: 03_bamPrep/merged_bams/proband.pqsr.bam
    wildcards: sample=proband
    threads: 4
    resources: tmpdir=/tmp, mem_mb=8192, mem_mib=7813, cores=4, mem_gb=8, nodes=1, time=120

[Wed Jun 14 23:40:28 2023]
Finished job 74.
58 of 74 steps (78%) done
Select jobs to execute...

[Wed Jun 14 23:40:28 2023]
rule VariantEval:
    input: 04_calling/mother_raw.gvcf.gz
    output: 04_calling/QC/mother.eval.grp
    jobid: 84
    reason: Missing output files: 04_calling/QC/mother.eval.grp; Input files updated by another job: 04_calling/mother_raw.gvcf.gz
    wildcards: sample=mother
    resources: tmpdir=/tmp, mem_mb=2048, mem_mib=1954, cores=1, mem_gb=2, nodes=1, time=120

[Wed Jun 14 23:40:35 2023]
Finished job 84.
59 of 74 steps (80%) done
Terminating processes on user request, this might take some time.
[Wed Jun 14 23:41:36 2023]
Error in rule HaplotypeCaller:
    jobid: 76
    input: 03_bamPrep/merged_bams/proband.pqsr.bam
    output: 04_calling/proband_raw.gvcf.gz
    conda-env: /home/marc/Desktop/output_new_wes_gatk/.snakemake/conda/85fefb7173d4d7ca43c40188cac58258_
    shell:
        
        gatk --java-options "-Xmx8G -XX:+UseParallelGC -XX:ParallelGCThreads=4"             HaplotypeCaller -R /home/marc/Desktop/data/refs/fa/hg38/hg38.fa             -G StandardAnnotation -G StandardHCAnnotation             -G AS_StandardAnnotation             -GQB 10 -GQB 20 -GQB 30 -GQB 40 -GQB 50 -GQB 60 -GQB 70 -GQB 80 -GQB 90             -L /home/marc/Desktop/data/refs/BED/Twist_Exome_Core_Covered_Targets_hg38.bed             -I 03_bamPrep/merged_bams/proband.pqsr.bam --native-pair-hmm-threads 4 -ERC GVCF -O 04_calling/proband_raw.gvcf.gz
        
        (one of the commands exited with non-zero exit code; note that snakemake uses bash strict mode!)

[Wed Jun 14 23:41:36 2023]
Error in rule HaplotypeCaller:
    jobid: 72
    input: 03_bamPrep/merged_bams/father.pqsr.bam
    output: 04_calling/father_raw.gvcf.gz
    conda-env: /home/marc/Desktop/output_new_wes_gatk/.snakemake/conda/85fefb7173d4d7ca43c40188cac58258_
    shell:
        
        gatk --java-options "-Xmx8G -XX:+UseParallelGC -XX:ParallelGCThreads=4"             HaplotypeCaller -R /home/marc/Desktop/data/refs/fa/hg38/hg38.fa             -G StandardAnnotation -G StandardHCAnnotation             -G AS_StandardAnnotation             -GQB 10 -GQB 20 -GQB 30 -GQB 40 -GQB 50 -GQB 60 -GQB 70 -GQB 80 -GQB 90             -L /home/marc/Desktop/data/refs/BED/Twist_Exome_Core_Covered_Targets_hg38.bed             -I 03_bamPrep/merged_bams/father.pqsr.bam --native-pair-hmm-threads 4 -ERC GVCF -O 04_calling/father_raw.gvcf.gz
        
        (one of the commands exited with non-zero exit code; note that snakemake uses bash strict mode!)

Complete log: ../../wes_gatk/workflow/.snakemake/log/2023-06-14T232601.419963.snakemake.log
