Building DAG of jobs...
Using shell: /bin/bash
Provided cores: 32
Rules claiming more threads will be scaled down.
Conda environments: ignored
Job stats:
job                       count    min threads    max threads
----------------------  -------  -------------  -------------
AnalyzeCovariates             6              2              2
Annovar                       1              4              4
GatherBamFiles                3              1              1
HaplotypeCaller               3              4              4
Nirvana                       1              1              1
Split_variants_idnel          1              1              1
Split_variants_snp            1              1              1
VariantEval                   3              1              1
all                           1              1              1
applyBaseRecalibrator         2              1              1
bcftools_stats                1              1              1
bqsr_calibrated_report        4              1              1
combine_gvcf                  1              1              1
consequence                   1              1              1
genotype_gvcfs                1              4              4
multiqc                       1              1              1
plot_bcftools_stats           1              1              1
qualimap                      4              2              2
total                        36              1              4

Select jobs to execute...

[Tue Jun 13 04:12:38 2023]
rule applyBaseRecalibrator:
    input: 02_alignment/proband/proband_ACC1-LIBR_L1.dedub.bam, 03_bamPrep/proband/proband_ACC1-LIBR_L1.report
    output: 03_bamPrep/proband/proband_ACC1-LIBR_L1.pqsr.bam
    jobid: 69
    benchmark: benchamrks/proband/proband_ACC1-LIBR_L1_GATK_apply_BQSR.txt
    reason: Missing output files: 03_bamPrep/proband/proband_ACC1-LIBR_L1.pqsr.bam
    wildcards: sample=proband, unit=ACC1-LIBR_L1
    resources: tmpdir=/tmp, mem_mb=2048, mem_mib=1954, cores=4, mem_gb=2, nodes=1, time=120


[Tue Jun 13 04:12:38 2023]
rule applyBaseRecalibrator:
    input: 02_alignment/proband/proband_ACC2-LIBR2_L3.dedub.bam, 03_bamPrep/proband/proband_ACC2-LIBR2_L3.report
    output: 03_bamPrep/proband/proband_ACC2-LIBR2_L3.pqsr.bam
    jobid: 73
    benchmark: benchamrks/proband/proband_ACC2-LIBR2_L3_GATK_apply_BQSR.txt
    reason: Missing output files: 03_bamPrep/proband/proband_ACC2-LIBR2_L3.pqsr.bam
    wildcards: sample=proband, unit=ACC2-LIBR2_L3
    resources: tmpdir=/tmp, mem_mb=2048, mem_mib=1954, cores=4, mem_gb=2, nodes=1, time=120


[Tue Jun 13 04:12:38 2023]
rule bqsr_calibrated_report:
    input: 03_bamPrep/father/father_ACC1-LIBR_L1.pqsr.bam
    output: 03_bamPrep/father/father_ACC1-LIBR_L1_pqsr.report
    jobid: 25
    reason: Missing output files: 03_bamPrep/father/father_ACC1-LIBR_L1_pqsr.report
    wildcards: sample=father, unit=ACC1-LIBR_L1
    resources: tmpdir=/tmp, mem_mb=2048, mem_mib=1954, cores=4, mem_gb=2, nodes=1, time=120


[Tue Jun 13 04:12:38 2023]
rule bqsr_calibrated_report:
    input: 03_bamPrep/father/father_ACC1-LIBR_L2.pqsr.bam
    output: 03_bamPrep/father/father_ACC1-LIBR_L2_pqsr.report
    jobid: 27
    reason: Missing output files: 03_bamPrep/father/father_ACC1-LIBR_L2_pqsr.report
    wildcards: sample=father, unit=ACC1-LIBR_L2
    resources: tmpdir=/tmp, mem_mb=2048, mem_mib=1954, cores=4, mem_gb=2, nodes=1, time=120


[Tue Jun 13 04:12:38 2023]
rule GatherBamFiles:
    input: 03_bamPrep/father/father_ACC1-LIBR_L1.pqsr.bam, 03_bamPrep/father/father_ACC1-LIBR_L2.pqsr.bam
    output: 03_bamPrep/merged_bams/father.pqsr.bam
    jobid: 85
    reason: Missing output files: 03_bamPrep/merged_bams/father.pqsr.bam
    wildcards: sample=father
    resources: tmpdir=/tmp, mem_mb=2048, mem_mib=1954, cores=1, mem_gb=2, nodes=1, time=120


[Tue Jun 13 04:12:38 2023]
rule GatherBamFiles:
    input: 03_bamPrep/mother/mother_ACC1-LIBR_L1.pqsr.bam, 03_bamPrep/mother/mother_ACC2-LIBR2_L1.pqsr.bam
    output: 03_bamPrep/merged_bams/mother.pqsr.bam
    jobid: 87
    reason: Missing output files: 03_bamPrep/merged_bams/mother.pqsr.bam
    wildcards: sample=mother
    resources: tmpdir=/tmp, mem_mb=2048, mem_mib=1954, cores=1, mem_gb=2, nodes=1, time=120


[Tue Jun 13 04:12:38 2023]
rule qualimap:
    input: 03_bamPrep/father/father_ACC1-LIBR_L2.pqsr.bam
    output: 03_bamPrep/father/QC/father_ACC1-LIBR_L2_Qualimap
    jobid: 20
    reason: Missing output files: 03_bamPrep/father/QC/father_ACC1-LIBR_L2_Qualimap
    wildcards: sample=father, unit=ACC1-LIBR_L2
    threads: 2
    resources: tmpdir=/tmp, mem_mb=2048, mem_mib=1954, cores=2, mem_gb=2, nodes=1, time=120


[Tue Jun 13 04:12:38 2023]
rule qualimap:
    input: 03_bamPrep/father/father_ACC1-LIBR_L1.pqsr.bam
    output: 03_bamPrep/father/QC/father_ACC1-LIBR_L1_Qualimap
    jobid: 16
    reason: Missing output files: 03_bamPrep/father/QC/father_ACC1-LIBR_L1_Qualimap
    wildcards: sample=father, unit=ACC1-LIBR_L1
    threads: 2
    resources: tmpdir=/tmp, mem_mb=2048, mem_mib=1954, cores=2, mem_gb=2, nodes=1, time=120


[Tue Jun 13 04:12:38 2023]
rule AnalyzeCovariates:
    input: 03_bamPrep/mother/mother_ACC1-LIBR_L1.report, 03_bamPrep/mother/mother_ACC1-LIBR_L1_pqsr.report
    output: 03_bamPrep/mother/QC/mother_ACC1-LIBR_L1.pdf
    jobid: 50
    reason: Missing output files: 03_bamPrep/mother/QC/mother_ACC1-LIBR_L1.pdf
    wildcards: sample=mother, unit=ACC1-LIBR_L1
    threads: 2
    resources: tmpdir=/tmp, mem_mb=2048, mem_mib=1954, cores=2, mem_gb=2, nodes=1, time=120


[Tue Jun 13 04:12:38 2023]
rule AnalyzeCovariates:
    input: 03_bamPrep/mother/mother_ACC2-LIBR2_L1.report, 03_bamPrep/mother/mother_ACC2-LIBR2_L1_pqsr.report
    output: 03_bamPrep/mother/QC/mother_ACC2-LIBR2_L1.pdf
    jobid: 52
    reason: Missing output files: 03_bamPrep/mother/QC/mother_ACC2-LIBR2_L1.pdf
    wildcards: sample=mother, unit=ACC2-LIBR2_L1
    threads: 2
    resources: tmpdir=/tmp, mem_mb=2048, mem_mib=1954, cores=2, mem_gb=2, nodes=1, time=120

[Tue Jun 13 04:12:44 2023]
Error in rule GatherBamFiles:
    jobid: 87
    input: 03_bamPrep/mother/mother_ACC1-LIBR_L1.pqsr.bam, 03_bamPrep/mother/mother_ACC2-LIBR2_L1.pqsr.bam
    output: 03_bamPrep/merged_bams/mother.pqsr.bam
    conda-env: /home/marc/Desktop/output_new_wes_gatk/.snakemake/conda/c3f02c60b62d43585716da5f0375f09d_
    shell:
        
        gatk --java-options "-Xmx2G -XX:+UseParallelGC -XX:ParallelGCThreads=1"             GatherBamFiles              -I 03_bamPrep/mother/mother_ACC1-LIBR_L1.pqsr.bam  -I 03_bamPrep/mother/mother_ACC2-LIBR2_L1.pqsr.bam             -OUTPUT 03_bamPrep/merged_bams/mother.pqsr.bam             --CREATE_INDEX true             --CREATE_MD5_FILE true
        
        (one of the commands exited with non-zero exit code; note that snakemake uses bash strict mode!)

[Tue Jun 13 04:12:44 2023]
Removing output files of failed job GatherBamFiles since they might be corrupted:
03_bamPrep/merged_bams/mother.pqsr.bam
Error in rule GatherBamFiles:
    jobid: 85
    input: 03_bamPrep/father/father_ACC1-LIBR_L1.pqsr.bam, 03_bamPrep/father/father_ACC1-LIBR_L2.pqsr.bam
    output: 03_bamPrep/merged_bams/father.pqsr.bam
    conda-env: /home/marc/Desktop/output_new_wes_gatk/.snakemake/conda/c3f02c60b62d43585716da5f0375f09d_
    shell:
        
        gatk --java-options "-Xmx2G -XX:+UseParallelGC -XX:ParallelGCThreads=1"             GatherBamFiles              -I 03_bamPrep/father/father_ACC1-LIBR_L1.pqsr.bam  -I 03_bamPrep/father/father_ACC1-LIBR_L2.pqsr.bam             -OUTPUT 03_bamPrep/merged_bams/father.pqsr.bam             --CREATE_INDEX true             --CREATE_MD5_FILE true
        
        (one of the commands exited with non-zero exit code; note that snakemake uses bash strict mode!)

Removing output files of failed job GatherBamFiles since they might be corrupted:
03_bamPrep/merged_bams/father.pqsr.bam
[Tue Jun 13 04:12:49 2023]
Finished job 50.
1 of 36 steps (3%) done
[Tue Jun 13 04:12:49 2023]
Finished job 52.
2 of 36 steps (6%) done
[Tue Jun 13 04:13:19 2023]
Finished job 16.
3 of 36 steps (8%) done
[Tue Jun 13 04:13:25 2023]
Finished job 20.
4 of 36 steps (11%) done
[Tue Jun 13 04:13:36 2023]
Finished job 25.
5 of 36 steps (14%) done
[Tue Jun 13 04:13:37 2023]
Finished job 27.
6 of 36 steps (17%) done
[Tue Jun 13 04:13:53 2023]
Finished job 69.
7 of 36 steps (19%) done
[Tue Jun 13 04:14:04 2023]
Finished job 73.
8 of 36 steps (22%) done
Shutting down, this might take some time.
Exiting because a job execution failed. Look above for error message
Complete log: ../../wes_gatk/workflow/.snakemake/log/2023-06-13T041237.954150.snakemake.log
