Building DAG of jobs...
Using shell: /bin/bash
Provided cores: 32
Rules claiming more threads will be scaled down.
Conda environments: ignored
Job stats:
job                     count    min threads    max threads
--------------------  -------  -------------  -------------
Annovar                     2              4              4
Nirvana                     2              1              1
Split_variants_idnel        1              1              1
Split_variants_snp          1              1              1
all                         1              1              1
bcftools_stats              2              1              1
combine_gvcf                1              1              1
consequence                 2              1              1
genotype_gvcfs              1              4              4
multiqc                     1              1              1
plot_bcftools_stats         2              1              1
total                      16              1              4

Select jobs to execute...

[Thu Jun 15 00:18:16 2023]
rule combine_gvcf:
    input: 04_calling/mother_raw.gvcf.gz, 04_calling/father_raw.gvcf.gz, 04_calling/proband_raw.gvcf.gz
    output: 04_calling/variants.gvcf.gz
    jobid: 82
    reason: Params have changed since last execution
    resources: tmpdir=/tmp, mem_mb=2048, mem_mib=1954, cores=1, mem_gb=2, nodes=1, time=120

[Thu Jun 15 00:18:37 2023]
Finished job 82.
1 of 16 steps (6%) done
Select jobs to execute...

[Thu Jun 15 00:18:37 2023]
rule genotype_gvcfs:
    input: 04_calling/variants.gvcf.gz
    output: 04_calling/variants_genotyped.gvcf.gz
    jobid: 81
    reason: Input files updated by another job: 04_calling/variants.gvcf.gz
    threads: 4
    resources: tmpdir=/tmp, mem_mb=2048, mem_mib=1954, cores=4, mem_gb=2, nodes=1, time=120

[Thu Jun 15 00:18:48 2023]
Finished job 81.
2 of 16 steps (12%) done
Select jobs to execute...

[Thu Jun 15 00:18:48 2023]
rule Split_variants_idnel:
    input: 04_calling/variants_genotyped.gvcf.gz
    output: 04_calling/indels/variants_genotyped.gvcf.gz
    jobid: 86
    reason: Input files updated by another job: 04_calling/variants_genotyped.gvcf.gz
    resources: tmpdir=/tmp, mem_mb=2048, mem_mib=1954, cores=1, mem_gb=2, nodes=1, time=120


[Thu Jun 15 00:18:48 2023]
rule Split_variants_snp:
    input: 04_calling/variants_genotyped.gvcf.gz
    output: 04_calling/snvs/variants_genotyped.gvcf.gz
    jobid: 80
    reason: Input files updated by another job: 04_calling/variants_genotyped.gvcf.gz
    resources: tmpdir=/tmp, mem_mb=2048, mem_mib=1954, cores=1, mem_gb=2, nodes=1, time=120

[Thu Jun 15 00:18:51 2023]
Finished job 80.
3 of 16 steps (19%) done
Select jobs to execute...

[Thu Jun 15 00:18:51 2023]
rule consequence:
    input: 04_calling/snvs/variants_genotyped.gvcf.gz
    output: 04_calling/QC/snvs/bcftools_csq.vcf
    jobid: 79
    reason: Input files updated by another job: 04_calling/snvs/variants_genotyped.gvcf.gz
    wildcards: type=snvs
    resources: tmpdir=/tmp, mem_mb=2048, mem_mib=1954, cores=1, mem_gb=2, nodes=1, time=120


[Thu Jun 15 00:18:51 2023]
rule Annovar:
    input: 04_calling/snvs/variants_genotyped.gvcf.gz
    output: 05_Annotation/ANNOVAR/snvs
    jobid: 87
    reason: Input files updated by another job: 04_calling/snvs/variants_genotyped.gvcf.gz
    wildcards: type=snvs
    threads: 4
    resources: tmpdir=/tmp, mem_mb=8192, mem_mib=7813, cores=4, mem_gb=8, nodes=1, time=120


[Thu Jun 15 00:18:51 2023]
rule Nirvana:
    input: 04_calling/snvs/variants_genotyped.gvcf.gz
    output: 05_Annotation/Nirvana/snvs/Annotation.json.gz
    jobid: 89
    reason: Missing output files: 05_Annotation/Nirvana/snvs/Annotation.json.gz; Input files updated by another job: 04_calling/snvs/variants_genotyped.gvcf.gz
    wildcards: type=snvs
    resources: tmpdir=/tmp, mem_mb=8192, mem_mib=7813, cores=1, mem_gb=8, nodes=1, time=120

[Thu Jun 15 00:18:51 2023]
Finished job 86.
4 of 16 steps (25%) done
Select jobs to execute...

[Thu Jun 15 00:18:51 2023]
rule consequence:
    input: 04_calling/indels/variants_genotyped.gvcf.gz
    output: 04_calling/QC/indels/bcftools_csq.vcf
    jobid: 85
    reason: Input files updated by another job: 04_calling/indels/variants_genotyped.gvcf.gz
    wildcards: type=indels
    resources: tmpdir=/tmp, mem_mb=2048, mem_mib=1954, cores=1, mem_gb=2, nodes=1, time=120


[Thu Jun 15 00:18:51 2023]
rule Annovar:
    input: 04_calling/indels/variants_genotyped.gvcf.gz
    output: 05_Annotation/ANNOVAR/indels
    jobid: 88
    reason: Input files updated by another job: 04_calling/indels/variants_genotyped.gvcf.gz
    wildcards: type=indels
    threads: 4
    resources: tmpdir=/tmp, mem_mb=8192, mem_mib=7813, cores=4, mem_gb=8, nodes=1, time=120


[Thu Jun 15 00:18:51 2023]
rule Nirvana:
    input: 04_calling/indels/variants_genotyped.gvcf.gz
    output: 05_Annotation/Nirvana/indels/Annotation.json.gz
    jobid: 90
    reason: Missing output files: 05_Annotation/Nirvana/indels/Annotation.json.gz; Input files updated by another job: 04_calling/indels/variants_genotyped.gvcf.gz
    wildcards: type=indels
    resources: tmpdir=/tmp, mem_mb=8192, mem_mib=7813, cores=1, mem_gb=8, nodes=1, time=120

[Thu Jun 15 00:18:52 2023]
Error in rule Nirvana:
    jobid: 89
    input: 04_calling/snvs/variants_genotyped.gvcf.gz
    output: 05_Annotation/Nirvana/snvs/Annotation.json.gz
    conda-env: /home/marc/Desktop/output_new_wes_gatk/.snakemake/conda/85fefb7173d4d7ca43c40188cac58258_
    shell:
        
        dotnet /home/marc/Nirvana/bin/Release/net*/Nirvana.dll             -i 04_calling/snvs/variants_genotyped.gvcf.gz             -o 05_Annotation/Nirvana/Annotation             -r /home/marc/Nirvana/DB/References/Homo_sapiens.GRCh38.Nirvana.dat             --sd /home/marc/Nirvana/DB/SupplementaryAnnotation/GRCh38/             -c /home/marc/Nirvana/DB/Cache/GRCh38/Both
        
        (one of the commands exited with non-zero exit code; note that snakemake uses bash strict mode!)

[Thu Jun 15 00:18:52 2023]
Error in rule Nirvana:
    jobid: 90
    input: 04_calling/indels/variants_genotyped.gvcf.gz
    output: 05_Annotation/Nirvana/indels/Annotation.json.gz
    conda-env: /home/marc/Desktop/output_new_wes_gatk/.snakemake/conda/85fefb7173d4d7ca43c40188cac58258_
    shell:
        
        dotnet /home/marc/Nirvana/bin/Release/net*/Nirvana.dll             -i 04_calling/indels/variants_genotyped.gvcf.gz             -o 05_Annotation/Nirvana/Annotation             -r /home/marc/Nirvana/DB/References/Homo_sapiens.GRCh38.Nirvana.dat             --sd /home/marc/Nirvana/DB/SupplementaryAnnotation/GRCh38/             -c /home/marc/Nirvana/DB/Cache/GRCh38/Both
        
        (one of the commands exited with non-zero exit code; note that snakemake uses bash strict mode!)

[Thu Jun 15 00:18:56 2023]
Finished job 79.
5 of 16 steps (31%) done
[Thu Jun 15 00:18:56 2023]
Finished job 85.
6 of 16 steps (38%) done
Terminating processes on user request, this might take some time.
[Thu Jun 15 00:19:54 2023]
Error in rule Annovar:
    jobid: 87
    input: 04_calling/snvs/variants_genotyped.gvcf.gz
    output: 05_Annotation/ANNOVAR/snvs
    conda-env: /home/marc/Desktop/output_new_wes_gatk/.snakemake/conda/85fefb7173d4d7ca43c40188cac58258_
    shell:
        
        mkdir -p 05_Annotation/ANNOVAR/snvs
        perl /home/marc/annovar/table_annovar.pl 04_calling/snvs/variants_genotyped.gvcf.gz /home/marc/annovar/humandb/             -buildver hg38             -out 05_Annotation/ANNOVAR/snvs/annotations -remove             -protocol refGene,avsnp150,clinvar_20221231,cosmic70,dbnsfp31a_interpro,EAS.sites.2015_08,EUR.sites.2015_08,gme,gnomad211_exome,SAS.sites.2015_08             -operation g,f,f,f,f,f,f,f,f,f             -nastring .             -vcfinput             --thread 4
        
        (one of the commands exited with non-zero exit code; note that snakemake uses bash strict mode!)

[Thu Jun 15 00:19:54 2023]
Error in rule Annovar:
    jobid: 88
    input: 04_calling/indels/variants_genotyped.gvcf.gz
    output: 05_Annotation/ANNOVAR/indels
    conda-env: /home/marc/Desktop/output_new_wes_gatk/.snakemake/conda/85fefb7173d4d7ca43c40188cac58258_
    shell:
        
        mkdir -p 05_Annotation/ANNOVAR/indels
        perl /home/marc/annovar/table_annovar.pl 04_calling/indels/variants_genotyped.gvcf.gz /home/marc/annovar/humandb/             -buildver hg38             -out 05_Annotation/ANNOVAR/indels/annotations -remove             -protocol refGene,avsnp150,clinvar_20221231,cosmic70,dbnsfp31a_interpro,EAS.sites.2015_08,EUR.sites.2015_08,gme,gnomad211_exome,SAS.sites.2015_08             -operation g,f,f,f,f,f,f,f,f,f             -nastring .             -vcfinput             --thread 4
        
        (one of the commands exited with non-zero exit code; note that snakemake uses bash strict mode!)

Complete log: ../../wes_gatk/workflow/.snakemake/log/2023-06-15T001815.976673.snakemake.log
