Building DAG of jobs...
Using shell: /bin/bash
Provided cores: 32
Rules claiming more threads will be scaled down.
Conda environments: ignored
Job stats:
job                     count    min threads    max threads
--------------------  -------  -------------  -------------
Annovar                     2              4              4
Nirvana                     2              1              1
Split_variants_idnel        1              1              1
Split_variants_snp          1              1              1
all                         1              1              1
bcftools_stats              2              1              1
combine_gvcf                1              1              1
consequence                 2              1              1
genotype_gvcfs              1              4              4
multiqc                     1              1              1
plot_bcftools_stats         2              1              1
total                      16              1              4

Select jobs to execute...

[Thu Jun 15 00:12:21 2023]
rule combine_gvcf:
    input: 04_calling/father_raw.gvcf.gz, 04_calling/father_raw.gvcf.gz, 04_calling/mother_raw.gvcf.gz, 04_calling/mother_raw.gvcf.gz, 04_calling/proband_raw.gvcf.gz, 04_calling/proband_raw.gvcf.gz
    output: 04_calling/variants.gvcf.gz
    jobid: 82
    reason: Missing output files: 04_calling/variants.gvcf.gz
    resources: tmpdir=/tmp, mem_mb=2048, mem_mib=1954, cores=1, mem_gb=2, nodes=1, time=120

[Thu Jun 15 00:12:24 2023]
Error in rule combine_gvcf:
    jobid: 82
    input: 04_calling/father_raw.gvcf.gz, 04_calling/father_raw.gvcf.gz, 04_calling/mother_raw.gvcf.gz, 04_calling/mother_raw.gvcf.gz, 04_calling/proband_raw.gvcf.gz, 04_calling/proband_raw.gvcf.gz
    output: 04_calling/variants.gvcf.gz
    conda-env: /home/marc/Desktop/output_new_wes_gatk/.snakemake/conda/85fefb7173d4d7ca43c40188cac58258_
    shell:
        
        echo " --variant 04_calling/father_raw.gvcf.gz  --variant 04_calling/father_raw.gvcf.gz  --variant 04_calling/mother_raw.gvcf.gz  --variant 04_calling/mother_raw.gvcf.gz  --variant 04_calling/proband_raw.gvcf.gz  --variant 04_calling/proband_raw.gvcf.gz"
        gatk --java-options '-DGATK_STACKTRACE_ON_USER_EXCEPTION=true'             CombineGVCFs             -R /home/marc/Desktop/data/refs/fa/hg38/hg38.fa              --variant 04_calling/father_raw.gvcf.gz  --variant 04_calling/father_raw.gvcf.gz  --variant 04_calling/mother_raw.gvcf.gz  --variant 04_calling/mother_raw.gvcf.gz  --variant 04_calling/proband_raw.gvcf.gz  --variant 04_calling/proband_raw.gvcf.gz             -G StandardAnnotation -G AS_StandardAnnotation             --allow-old-rms-mapping-quality-annotation-data             -O 04_calling/variants.gvcf.gz
        
        (one of the commands exited with non-zero exit code; note that snakemake uses bash strict mode!)

Shutting down, this might take some time.
Exiting because a job execution failed. Look above for error message
Complete log: ../../wes_gatk/workflow/.snakemake/log/2023-06-15T001220.740822.snakemake.log
