Building DAG of jobs...
Using shell: /bin/bash
Provided cores: 32
Rules claiming more threads will be scaled down.
Conda environments: ignored
Job stats:
job                       count    min threads    max threads
----------------------  -------  -------------  -------------
AnalyzeCovariates             6              2              2
Annovar                       1              4              4
BaseRecalibrator              6              4              4
Fastqc                       12              2              2
HaplotypeCaller               3              4              4
MergeSamFiles                 3              1              1
Nirvana                       1              1              1
QC_alignment                  6              1              1
Split_variants_idnel          1              1              1
Split_variants_snp            1              1              1
VariantEval                   3              1              1
all                           1              1              1
applyBaseRecalibrator         6              1              1
bcftools_stats                1              1              1
bqsr_calibrated_report        6              1              1
bwa_align                     6              4              4
combine_gvcf                  1              1              1
consequence                   1              1              1
genotype_gvcfs                1              4              4
gunzip_trimmomatic            6              1              1
mrk_duplicates                6              1              1
multiqc                       1              1              1
plot_bcftools_stats           1              1              1
qualimap                      6              2              2
sort_and_convert_sam          6              1              1
trimmomatic                   6              4              4
total                        98              1              4

Select jobs to execute...

[Mon Jun 12 12:16:29 2023]
rule trimmomatic:
    input: /home/marc/Desktop/data/samples/complex_wes/father_ACC1-LIBR_L2_1.fq.gz, /home/marc/Desktop/data/samples/complex_wes/father_ACC1-LIBR_L2_2.fq.gz
    output: logs/trimmomatic/father/father_ACC1-LIBR_L2.log, logs/trimmomatic/father/father_ACC1-LIBR_L2.summary, 00_trimmomatic/father/father_ACC1-LIBR_L2_1.trimmed.fastq.gz, 00_trimmomatic/father/father_ACC1-LIBR_L2_2.trimmed.fastq.gz, 00_trimmomatic/father/father_ACC1-LIBR_L2-U_1.trimmed.fastq.gz, 00_trimmomatic/father/father_ACC1-LIBR_L2-U_2.trimmed.fastq.gz
    log: logs/trimmomatic/father/father_ACC1-LIBR_L2.txt
    jobid: 6
    benchmark: benchamrks/QC/father/father_ACC1-LIBR_L2_trim.txt
    reason: Missing output files: 00_trimmomatic/father/father_ACC1-LIBR_L2_2.trimmed.fastq.gz, 00_trimmomatic/father/father_ACC1-LIBR_L2_1.trimmed.fastq.gz
    wildcards: sample=father, unit=ACC1-LIBR_L2
    threads: 4
    resources: tmpdir=/tmp, mem_mb=5120, mem_mib=4883, cores=4, mem_gb=5, nodes=1, time=120


[Mon Jun 12 12:16:29 2023]
rule trimmomatic:
    input: /home/marc/Desktop/data/samples/complex_wes/proband_ACC2-LIBR2_L3_1.fq.gz, /home/marc/Desktop/data/samples/complex_wes/proband_ACC2-LIBR2_L3_2.fq.gz
    output: logs/trimmomatic/proband/proband_ACC2-LIBR2_L3.log, logs/trimmomatic/proband/proband_ACC2-LIBR2_L3.summary, 00_trimmomatic/proband/proband_ACC2-LIBR2_L3_1.trimmed.fastq.gz, 00_trimmomatic/proband/proband_ACC2-LIBR2_L3_2.trimmed.fastq.gz, 00_trimmomatic/proband/proband_ACC2-LIBR2_L3-U_1.trimmed.fastq.gz, 00_trimmomatic/proband/proband_ACC2-LIBR2_L3-U_2.trimmed.fastq.gz
    log: logs/trimmomatic/proband/proband_ACC2-LIBR2_L3.txt
    jobid: 58
    benchmark: benchamrks/QC/proband/proband_ACC2-LIBR2_L3_trim.txt
    reason: Missing output files: 00_trimmomatic/proband/proband_ACC2-LIBR2_L3_2.trimmed.fastq.gz, 00_trimmomatic/proband/proband_ACC2-LIBR2_L3_1.trimmed.fastq.gz
    wildcards: sample=proband, unit=ACC2-LIBR2_L3
    threads: 4
    resources: tmpdir=/tmp, mem_mb=5120, mem_mib=4883, cores=4, mem_gb=5, nodes=1, time=120


[Mon Jun 12 12:16:29 2023]
rule trimmomatic:
    input: /home/marc/Desktop/data/samples/complex_wes/mother_ACC2-LIBR2_L1_1.fq.gz, /home/marc/Desktop/data/samples/complex_wes/mother_ACC2-LIBR2_L1_2.fq.gz
    output: logs/trimmomatic/mother/mother_ACC2-LIBR2_L1.log, logs/trimmomatic/mother/mother_ACC2-LIBR2_L1.summary, 00_trimmomatic/mother/mother_ACC2-LIBR2_L1_1.trimmed.fastq.gz, 00_trimmomatic/mother/mother_ACC2-LIBR2_L1_2.trimmed.fastq.gz, 00_trimmomatic/mother/mother_ACC2-LIBR2_L1-U_1.trimmed.fastq.gz, 00_trimmomatic/mother/mother_ACC2-LIBR2_L1-U_2.trimmed.fastq.gz
    log: logs/trimmomatic/mother/mother_ACC2-LIBR2_L1.txt
    jobid: 32
    benchmark: benchamrks/QC/mother/mother_ACC2-LIBR2_L1_trim.txt
    reason: Missing output files: 00_trimmomatic/mother/mother_ACC2-LIBR2_L1_2.trimmed.fastq.gz, 00_trimmomatic/mother/mother_ACC2-LIBR2_L1_1.trimmed.fastq.gz
    wildcards: sample=mother, unit=ACC2-LIBR2_L1
    threads: 4
    resources: tmpdir=/tmp, mem_mb=5120, mem_mib=4883, cores=4, mem_gb=5, nodes=1, time=120


[Mon Jun 12 12:16:29 2023]
rule trimmomatic:
    input: /home/marc/Desktop/data/samples/complex_wes/father_ACC1-LIBR_L1_1.fq.gz, /home/marc/Desktop/data/samples/complex_wes/father_ACC1-LIBR_L1_2.fq.gz
    output: logs/trimmomatic/father/father_ACC1-LIBR_L1.log, logs/trimmomatic/father/father_ACC1-LIBR_L1.summary, 00_trimmomatic/father/father_ACC1-LIBR_L1_1.trimmed.fastq.gz, 00_trimmomatic/father/father_ACC1-LIBR_L1_2.trimmed.fastq.gz, 00_trimmomatic/father/father_ACC1-LIBR_L1-U_1.trimmed.fastq.gz, 00_trimmomatic/father/father_ACC1-LIBR_L1-U_2.trimmed.fastq.gz
    log: logs/trimmomatic/father/father_ACC1-LIBR_L1.txt
    jobid: 3
    benchmark: benchamrks/QC/father/father_ACC1-LIBR_L1_trim.txt
    reason: Missing output files: 00_trimmomatic/father/father_ACC1-LIBR_L1_2.trimmed.fastq.gz, 00_trimmomatic/father/father_ACC1-LIBR_L1_1.trimmed.fastq.gz
    wildcards: sample=father, unit=ACC1-LIBR_L1
    threads: 4
    resources: tmpdir=/tmp, mem_mb=5120, mem_mib=4883, cores=4, mem_gb=5, nodes=1, time=120


[Mon Jun 12 12:16:29 2023]
rule trimmomatic:
    input: /home/marc/Desktop/data/samples/complex_wes/proband_ACC1-LIBR_L1_1.fq.gz, /home/marc/Desktop/data/samples/complex_wes/proband_ACC1-LIBR_L1_2.fq.gz
    output: logs/trimmomatic/proband/proband_ACC1-LIBR_L1.log, logs/trimmomatic/proband/proband_ACC1-LIBR_L1.summary, 00_trimmomatic/proband/proband_ACC1-LIBR_L1_1.trimmed.fastq.gz, 00_trimmomatic/proband/proband_ACC1-LIBR_L1_2.trimmed.fastq.gz, 00_trimmomatic/proband/proband_ACC1-LIBR_L1-U_1.trimmed.fastq.gz, 00_trimmomatic/proband/proband_ACC1-LIBR_L1-U_2.trimmed.fastq.gz
    log: logs/trimmomatic/proband/proband_ACC1-LIBR_L1.txt
    jobid: 55
    benchmark: benchamrks/QC/proband/proband_ACC1-LIBR_L1_trim.txt
    reason: Missing output files: 00_trimmomatic/proband/proband_ACC1-LIBR_L1_1.trimmed.fastq.gz, 00_trimmomatic/proband/proband_ACC1-LIBR_L1_2.trimmed.fastq.gz
    wildcards: sample=proband, unit=ACC1-LIBR_L1
    threads: 4
    resources: tmpdir=/tmp, mem_mb=5120, mem_mib=4883, cores=4, mem_gb=5, nodes=1, time=120


[Mon Jun 12 12:16:29 2023]
rule trimmomatic:
    input: /home/marc/Desktop/data/samples/complex_wes/mother_ACC1-LIBR_L1_1.fq.gz, /home/marc/Desktop/data/samples/complex_wes/mother_ACC1-LIBR_L1_2.fq.gz
    output: logs/trimmomatic/mother/mother_ACC1-LIBR_L1.log, logs/trimmomatic/mother/mother_ACC1-LIBR_L1.summary, 00_trimmomatic/mother/mother_ACC1-LIBR_L1_1.trimmed.fastq.gz, 00_trimmomatic/mother/mother_ACC1-LIBR_L1_2.trimmed.fastq.gz, 00_trimmomatic/mother/mother_ACC1-LIBR_L1-U_1.trimmed.fastq.gz, 00_trimmomatic/mother/mother_ACC1-LIBR_L1-U_2.trimmed.fastq.gz
    log: logs/trimmomatic/mother/mother_ACC1-LIBR_L1.txt
    jobid: 29
    benchmark: benchamrks/QC/mother/mother_ACC1-LIBR_L1_trim.txt
    reason: Missing output files: 00_trimmomatic/mother/mother_ACC1-LIBR_L1_1.trimmed.fastq.gz, 00_trimmomatic/mother/mother_ACC1-LIBR_L1_2.trimmed.fastq.gz
    wildcards: sample=mother, unit=ACC1-LIBR_L1
    threads: 4
    resources: tmpdir=/tmp, mem_mb=5120, mem_mib=4883, cores=4, mem_gb=5, nodes=1, time=120

[Mon Jun 12 12:19:09 2023]
Finished job 29.
1 of 98 steps (1%) done
Removing temporary output 00_trimmomatic/mother/mother_ACC1-LIBR_L1-U_1.trimmed.fastq.gz.
Removing temporary output 00_trimmomatic/mother/mother_ACC1-LIBR_L1-U_2.trimmed.fastq.gz.
Select jobs to execute...

[Mon Jun 12 12:19:09 2023]
rule Fastqc:
    input: 00_trimmomatic/mother/mother_ACC1-LIBR_L1_1.trimmed.fastq.gz
    output: 01_QC/mother/mother_ACC1-LIBR_L1_1.trimmed_fastqc.zip, 01_QC/mother/mother_ACC1-LIBR_L1_1.trimmed_fastqc.html
    log: logs/QC/QC_mother_ACC1-LIBR_L1_1.log
    jobid: 28
    benchmark: benchamrks/QC/mother/mother_ACC1-LIBR_L1_1_fastqc.txt
    reason: Missing output files: 01_QC/mother/mother_ACC1-LIBR_L1_1.trimmed_fastqc.zip; Input files updated by another job: 00_trimmomatic/mother/mother_ACC1-LIBR_L1_1.trimmed.fastq.gz
    wildcards: sample=mother, unit=ACC1-LIBR_L1, R=1
    threads: 2
    resources: tmpdir=/tmp, mem_mb=2048, mem_mib=1954, cores=2, mem_gb=2, nodes=1, time=120


[Mon Jun 12 12:19:09 2023]
rule Fastqc:
    input: 00_trimmomatic/mother/mother_ACC1-LIBR_L1_2.trimmed.fastq.gz
    output: 01_QC/mother/mother_ACC1-LIBR_L1_2.trimmed_fastqc.zip, 01_QC/mother/mother_ACC1-LIBR_L1_2.trimmed_fastqc.html
    log: logs/QC/QC_mother_ACC1-LIBR_L1_2.log
    jobid: 30
    benchmark: benchamrks/QC/mother/mother_ACC1-LIBR_L1_2_fastqc.txt
    reason: Missing output files: 01_QC/mother/mother_ACC1-LIBR_L1_2.trimmed_fastqc.zip; Input files updated by another job: 00_trimmomatic/mother/mother_ACC1-LIBR_L1_2.trimmed.fastq.gz
    wildcards: sample=mother, unit=ACC1-LIBR_L1, R=2
    threads: 2
    resources: tmpdir=/tmp, mem_mb=2048, mem_mib=1954, cores=2, mem_gb=2, nodes=1, time=120


[Mon Jun 12 12:19:09 2023]
rule gunzip_trimmomatic:
    input: 00_trimmomatic/mother/mother_ACC1-LIBR_L1_1.trimmed.fastq.gz, 00_trimmomatic/mother/mother_ACC1-LIBR_L1_2.trimmed.fastq.gz
    output: 00_trimmomatic/mother/mother_ACC1-LIBR_L1_1.trimmed.fastq, 00_trimmomatic/mother/mother_ACC1-LIBR_L1_2.trimmed.fastq
    jobid: 37
    reason: Missing output files: 00_trimmomatic/mother/mother_ACC1-LIBR_L1_1.trimmed.fastq, 00_trimmomatic/mother/mother_ACC1-LIBR_L1_2.trimmed.fastq; Input files updated by another job: 00_trimmomatic/mother/mother_ACC1-LIBR_L1_1.trimmed.fastq.gz, 00_trimmomatic/mother/mother_ACC1-LIBR_L1_2.trimmed.fastq.gz
    wildcards: sample=mother, unit=ACC1-LIBR_L1
    resources: tmpdir=/tmp, mem_mb=2048, mem_mib=1954, cores=1, mem_gb=2, nodes=1, time=120

[Mon Jun 12 12:19:09 2023]
Error in rule Fastqc:
    jobid: 30
    input: 00_trimmomatic/mother/mother_ACC1-LIBR_L1_2.trimmed.fastq.gz
    output: 01_QC/mother/mother_ACC1-LIBR_L1_2.trimmed_fastqc.zip, 01_QC/mother/mother_ACC1-LIBR_L1_2.trimmed_fastqc.html
    log: logs/QC/QC_mother_ACC1-LIBR_L1_2.log (check log file(s) for error details)
    conda-env: /home/marc/Desktop/output_new_wes_gatk/.snakemake/conda/c3f02c60b62d43585716da5f0375f09d_
    shell:
        fastqc 00_trimmomatic/mother/mother_ACC1-LIBR_L1_2.trimmed.fastq.gz --threads 2 -o 01_QC/{wildcards.sample} > logs/QC/QC_mother_ACC1-LIBR_L1_2.log 2>&1
        (one of the commands exited with non-zero exit code; note that snakemake uses bash strict mode!)

[Mon Jun 12 12:19:09 2023]
Error in rule Fastqc:
    jobid: 28
    input: 00_trimmomatic/mother/mother_ACC1-LIBR_L1_1.trimmed.fastq.gz
    output: 01_QC/mother/mother_ACC1-LIBR_L1_1.trimmed_fastqc.zip, 01_QC/mother/mother_ACC1-LIBR_L1_1.trimmed_fastqc.html
    log: logs/QC/QC_mother_ACC1-LIBR_L1_1.log (check log file(s) for error details)
    conda-env: /home/marc/Desktop/output_new_wes_gatk/.snakemake/conda/c3f02c60b62d43585716da5f0375f09d_
    shell:
        fastqc 00_trimmomatic/mother/mother_ACC1-LIBR_L1_1.trimmed.fastq.gz --threads 2 -o 01_QC/{wildcards.sample} > logs/QC/QC_mother_ACC1-LIBR_L1_1.log 2>&1
        (one of the commands exited with non-zero exit code; note that snakemake uses bash strict mode!)

[Mon Jun 12 12:19:13 2023]
Finished job 32.
2 of 98 steps (2%) done
Removing temporary output 00_trimmomatic/mother/mother_ACC2-LIBR2_L1-U_1.trimmed.fastq.gz.
Removing temporary output 00_trimmomatic/mother/mother_ACC2-LIBR2_L1-U_2.trimmed.fastq.gz.
[Mon Jun 12 12:19:16 2023]
Finished job 37.
3 of 98 steps (3%) done
[Mon Jun 12 12:19:30 2023]
Finished job 6.
4 of 98 steps (4%) done
Removing temporary output 00_trimmomatic/father/father_ACC1-LIBR_L2-U_1.trimmed.fastq.gz.
Removing temporary output 00_trimmomatic/father/father_ACC1-LIBR_L2-U_2.trimmed.fastq.gz.
[Mon Jun 12 12:19:30 2023]
Finished job 3.
5 of 98 steps (5%) done
Removing temporary output 00_trimmomatic/father/father_ACC1-LIBR_L1-U_1.trimmed.fastq.gz.
Removing temporary output 00_trimmomatic/father/father_ACC1-LIBR_L1-U_2.trimmed.fastq.gz.
[Mon Jun 12 12:19:48 2023]
Finished job 55.
6 of 98 steps (6%) done
Removing temporary output 00_trimmomatic/proband/proband_ACC1-LIBR_L1-U_1.trimmed.fastq.gz.
Removing temporary output 00_trimmomatic/proband/proband_ACC1-LIBR_L1-U_2.trimmed.fastq.gz.
[Mon Jun 12 12:19:49 2023]
Finished job 58.
7 of 98 steps (7%) done
Removing temporary output 00_trimmomatic/proband/proband_ACC2-LIBR2_L3-U_1.trimmed.fastq.gz.
Removing temporary output 00_trimmomatic/proband/proband_ACC2-LIBR2_L3-U_2.trimmed.fastq.gz.
Shutting down, this might take some time.
Exiting because a job execution failed. Look above for error message
Complete log: ../../wes_gatk/workflow/.snakemake/log/2023-06-12T121628.545808.snakemake.log
