Building DAG of jobs...
Using shell: /bin/bash
Provided cores: 32
Rules claiming more threads will be scaled down.
Conda environments: ignored
Job stats:
job                     count    min threads    max threads
--------------------  -------  -------------  -------------
Annovar                     2              4              4
Nirvana                     2              1              1
Split_variants_idnel        1              1              1
Split_variants_snp          1              1              1
all                         1              1              1
bcftools_stats              2              1              1
combine_gvcf                1              1              1
consequence                 2              1              1
genotype_gvcfs              1              4              4
multiqc                     1              1              1
plot_bcftools_stats         2              1              1
total                      16              1              4

Select jobs to execute...

[Thu Jun 15 00:20:11 2023]
rule combine_gvcf:
    input: 04_calling/father_raw.gvcf.gz, 04_calling/proband_raw.gvcf.gz, 04_calling/mother_raw.gvcf.gz
    output: 04_calling/variants.gvcf.gz
    jobid: 82
    reason: Params have changed since last execution
    resources: tmpdir=/tmp, mem_mb=2048, mem_mib=1954, cores=1, mem_gb=2, nodes=1, time=120

[Thu Jun 15 00:20:31 2023]
Finished job 82.
1 of 16 steps (6%) done
Select jobs to execute...

[Thu Jun 15 00:20:31 2023]
rule genotype_gvcfs:
    input: 04_calling/variants.gvcf.gz
    output: 04_calling/variants_genotyped.gvcf.gz
    jobid: 81
    reason: Input files updated by another job: 04_calling/variants.gvcf.gz
    threads: 4
    resources: tmpdir=/tmp, mem_mb=2048, mem_mib=1954, cores=4, mem_gb=2, nodes=1, time=120

[Thu Jun 15 00:20:43 2023]
Finished job 81.
2 of 16 steps (12%) done
Select jobs to execute...

[Thu Jun 15 00:20:43 2023]
rule Split_variants_idnel:
    input: 04_calling/variants_genotyped.gvcf.gz
    output: 04_calling/indels/variants_genotyped.gvcf.gz
    jobid: 86
    reason: Input files updated by another job: 04_calling/variants_genotyped.gvcf.gz
    resources: tmpdir=/tmp, mem_mb=2048, mem_mib=1954, cores=1, mem_gb=2, nodes=1, time=120


[Thu Jun 15 00:20:43 2023]
rule Split_variants_snp:
    input: 04_calling/variants_genotyped.gvcf.gz
    output: 04_calling/snvs/variants_genotyped.gvcf.gz
    jobid: 80
    reason: Input files updated by another job: 04_calling/variants_genotyped.gvcf.gz
    resources: tmpdir=/tmp, mem_mb=2048, mem_mib=1954, cores=1, mem_gb=2, nodes=1, time=120

[Thu Jun 15 00:20:46 2023]
Finished job 86.
3 of 16 steps (19%) done
Select jobs to execute...

[Thu Jun 15 00:20:46 2023]
rule consequence:
    input: 04_calling/indels/variants_genotyped.gvcf.gz
    output: 04_calling/QC/indels/bcftools_csq.vcf
    jobid: 85
    reason: Input files updated by another job: 04_calling/indels/variants_genotyped.gvcf.gz
    wildcards: type=indels
    resources: tmpdir=/tmp, mem_mb=2048, mem_mib=1954, cores=1, mem_gb=2, nodes=1, time=120


[Thu Jun 15 00:20:46 2023]
rule Annovar:
    input: 04_calling/indels/variants_genotyped.gvcf.gz
    output: 05_Annotation/ANNOVAR/indels
    jobid: 88
    reason: Input files updated by another job: 04_calling/indels/variants_genotyped.gvcf.gz
    wildcards: type=indels
    threads: 4
    resources: tmpdir=/tmp, mem_mb=8192, mem_mib=7813, cores=4, mem_gb=8, nodes=1, time=120


[Thu Jun 15 00:20:46 2023]
rule Nirvana:
    input: 04_calling/indels/variants_genotyped.gvcf.gz
    output: 05_Annotation/Nirvana/indels/Annotation.json.gz
    jobid: 90
    reason: Missing output files: 05_Annotation/Nirvana/indels/Annotation.json.gz; Input files updated by another job: 04_calling/indels/variants_genotyped.gvcf.gz
    wildcards: type=indels
    resources: tmpdir=/tmp, mem_mb=8192, mem_mib=7813, cores=1, mem_gb=8, nodes=1, time=120

[Thu Jun 15 00:20:46 2023]
Finished job 80.
4 of 16 steps (25%) done
Select jobs to execute...

[Thu Jun 15 00:20:46 2023]
rule consequence:
    input: 04_calling/snvs/variants_genotyped.gvcf.gz
    output: 04_calling/QC/snvs/bcftools_csq.vcf
    jobid: 79
    reason: Input files updated by another job: 04_calling/snvs/variants_genotyped.gvcf.gz
    wildcards: type=snvs
    resources: tmpdir=/tmp, mem_mb=2048, mem_mib=1954, cores=1, mem_gb=2, nodes=1, time=120


[Thu Jun 15 00:20:46 2023]
rule Annovar:
    input: 04_calling/snvs/variants_genotyped.gvcf.gz
    output: 05_Annotation/ANNOVAR/snvs
    jobid: 87
    reason: Input files updated by another job: 04_calling/snvs/variants_genotyped.gvcf.gz
    wildcards: type=snvs
    threads: 4
    resources: tmpdir=/tmp, mem_mb=8192, mem_mib=7813, cores=4, mem_gb=8, nodes=1, time=120


[Thu Jun 15 00:20:46 2023]
rule Nirvana:
    input: 04_calling/snvs/variants_genotyped.gvcf.gz
    output: 05_Annotation/Nirvana/snvs/Annotation.json.gz
    jobid: 89
    reason: Missing output files: 05_Annotation/Nirvana/snvs/Annotation.json.gz; Input files updated by another job: 04_calling/snvs/variants_genotyped.gvcf.gz
    wildcards: type=snvs
    resources: tmpdir=/tmp, mem_mb=8192, mem_mib=7813, cores=1, mem_gb=8, nodes=1, time=120

[Thu Jun 15 00:20:50 2023]
Finished job 85.
5 of 16 steps (31%) done
Select jobs to execute...

[Thu Jun 15 00:20:50 2023]
rule bcftools_stats:
    input: 04_calling/QC/indels/bcftools_csq.vcf
    output: 04_calling/QC/indels/bcftools.stats
    jobid: 84
    reason: Missing output files: 04_calling/QC/indels/bcftools.stats; Input files updated by another job: 04_calling/QC/indels/bcftools_csq.vcf
    wildcards: type=indels
    resources: tmpdir=/tmp, mem_mb=2048, mem_mib=1954, cores=1, mem_gb=2, nodes=1, time=120

[Thu Jun 15 00:20:50 2023]
Finished job 84.
6 of 16 steps (38%) done
Select jobs to execute...

[Thu Jun 15 00:20:50 2023]
rule plot_bcftools_stats:
    input: 04_calling/QC/indels/bcftools.stats
    output: 04_calling/QC/indels/bcftools_plots
    jobid: 83
    reason: Missing output files: 04_calling/QC/indels/bcftools_plots; Input files updated by another job: 04_calling/QC/indels/bcftools.stats
    wildcards: type=indels
    resources: tmpdir=/tmp, mem_mb=2048, mem_mib=1954, cores=1, mem_gb=2, nodes=1, time=120

[Thu Jun 15 00:20:50 2023]
Finished job 79.
7 of 16 steps (44%) done
Select jobs to execute...

[Thu Jun 15 00:20:50 2023]
rule bcftools_stats:
    input: 04_calling/QC/snvs/bcftools_csq.vcf
    output: 04_calling/QC/snvs/bcftools.stats
    jobid: 78
    reason: Missing output files: 04_calling/QC/snvs/bcftools.stats; Input files updated by another job: 04_calling/QC/snvs/bcftools_csq.vcf
    wildcards: type=snvs
    resources: tmpdir=/tmp, mem_mb=2048, mem_mib=1954, cores=1, mem_gb=2, nodes=1, time=120

[Thu Jun 15 00:20:50 2023]
Finished job 78.
8 of 16 steps (50%) done
Select jobs to execute...

[Thu Jun 15 00:20:50 2023]
rule plot_bcftools_stats:
    input: 04_calling/QC/snvs/bcftools.stats
    output: 04_calling/QC/snvs/bcftools_plots
    jobid: 77
    reason: Missing output files: 04_calling/QC/snvs/bcftools_plots; Input files updated by another job: 04_calling/QC/snvs/bcftools.stats
    wildcards: type=snvs
    resources: tmpdir=/tmp, mem_mb=2048, mem_mib=1954, cores=1, mem_gb=2, nodes=1, time=120

[Thu Jun 15 00:20:52 2023]
Error in rule plot_bcftools_stats:
    jobid: 83
    input: 04_calling/QC/indels/bcftools.stats
    output: 04_calling/QC/indels/bcftools_plots
    conda-env: /home/marc/Desktop/output_new_wes_gatk/.snakemake/conda/85fefb7173d4d7ca43c40188cac58258_
    shell:
        
        plot-vcfstats -p 04_calling/QC/indels/bcftools_plots 04_calling/QC/indels/bcftools.stats
        
        (one of the commands exited with non-zero exit code; note that snakemake uses bash strict mode!)

Removing output files of failed job plot_bcftools_stats since they might be corrupted:
04_calling/QC/indels/bcftools_plots
[Thu Jun 15 00:20:52 2023]
Error in rule plot_bcftools_stats:
    jobid: 77
    input: 04_calling/QC/snvs/bcftools.stats
    output: 04_calling/QC/snvs/bcftools_plots
    conda-env: /home/marc/Desktop/output_new_wes_gatk/.snakemake/conda/85fefb7173d4d7ca43c40188cac58258_
    shell:
        
        plot-vcfstats -p 04_calling/QC/snvs/bcftools_plots 04_calling/QC/snvs/bcftools.stats
        
        (one of the commands exited with non-zero exit code; note that snakemake uses bash strict mode!)

Removing output files of failed job plot_bcftools_stats since they might be corrupted:
04_calling/QC/snvs/bcftools_plots
Waiting at most 5 seconds for missing files.
MissingOutputException in rule Nirvana in file /home/marc/wes_gatk/workflow/rules/annotation.smk, line 25:
Job 90  completed successfully, but some output files are missing. Missing files after 5 seconds. This might be due to filesystem latency. If that is the case, consider to increase the wait time with --latency-wait:
05_Annotation/Nirvana/indels/Annotation.json.gz
Waiting at most 5 seconds for missing files.
MissingOutputException in rule Nirvana in file /home/marc/wes_gatk/workflow/rules/annotation.smk, line 25:
Job 89  completed successfully, but some output files are missing. Missing files after 5 seconds. This might be due to filesystem latency. If that is the case, consider to increase the wait time with --latency-wait:
05_Annotation/Nirvana/snvs/Annotation.json.gz
[Thu Jun 15 00:22:43 2023]
Finished job 88.
9 of 16 steps (56%) done
[Thu Jun 15 00:22:46 2023]
Finished job 87.
10 of 16 steps (62%) done
Shutting down, this might take some time.
Exiting because a job execution failed. Look above for error message
Complete log: ../../wes_gatk/workflow/.snakemake/log/2023-06-15T002010.391554.snakemake.log
