Building DAG of jobs...
Using shell: /bin/bash
Provided cores: 32
Rules claiming more threads will be scaled down.
Conda environments: ignored
Job stats:
job                       count    min threads    max threads
----------------------  -------  -------------  -------------
AnalyzeCovariates             6              2              2
Annovar                       1              4              4
BaseRecalibrator              6              4              4
GatherBamFiles                3              1              1
HaplotypeCaller               3              4              4
Nirvana                       1              1              1
QC_alignment                  6              1              1
Split_variants_idnel          1              1              1
Split_variants_snp            1              1              1
VariantEval                   3              1              1
all                           1              1              1
applyBaseRecalibrator         6              1              1
bcftools_stats                1              1              1
bqsr_calibrated_report        6              1              1
bwa_align                     6              4              4
combine_gvcf                  1              1              1
consequence                   1              1              1
genotype_gvcfs                1              4              4
gunzip_trimmomatic            6              1              1
mrk_duplicates                6              1              1
multiqc                       1              1              1
plot_bcftools_stats           1              1              1
qualimap                      6              2              2
sort_and_convert_sam          6              1              1
total                        80              1              4

Select jobs to execute...

[Mon Jun 12 10:29:53 2023]
rule gunzip_trimmomatic:
    input: 00_trimmomatic/mother_ACC2-LIBR2_L1_1.trimmed.fastq.gz, 00_trimmomatic/mother_ACC2-LIBR2_L1_2.trimmed.fastq.gz
    output: 00_trimmomatic/mother_ACC2-LIBR2_L1_1.trimmed.fastq, 00_trimmomatic/mother_ACC2-LIBR2_L1_2.trimmed.fastq
    jobid: 41
    reason: Missing output files: 00_trimmomatic/mother_ACC2-LIBR2_L1_1.trimmed.fastq, 00_trimmomatic/mother_ACC2-LIBR2_L1_2.trimmed.fastq
    wildcards: sample=mother_ACC2-LIBR2, unit=L1
    resources: tmpdir=/tmp, mem_mb=2048, mem_mib=1954, cores=1, mem_gb=2, nodes=1, time=120


[Mon Jun 12 10:29:53 2023]
rule gunzip_trimmomatic:
    input: 00_trimmomatic/mother_ACC1-LIBR_L1_1.trimmed.fastq.gz, 00_trimmomatic/mother_ACC1-LIBR_L1_2.trimmed.fastq.gz
    output: 00_trimmomatic/mother_ACC1-LIBR_L1_1.trimmed.fastq, 00_trimmomatic/mother_ACC1-LIBR_L1_2.trimmed.fastq
    jobid: 37
    reason: Missing output files: 00_trimmomatic/mother_ACC1-LIBR_L1_1.trimmed.fastq, 00_trimmomatic/mother_ACC1-LIBR_L1_2.trimmed.fastq
    wildcards: sample=mother_ACC1-LIBR, unit=L1
    resources: tmpdir=/tmp, mem_mb=2048, mem_mib=1954, cores=1, mem_gb=2, nodes=1, time=120


[Mon Jun 12 10:29:53 2023]
rule gunzip_trimmomatic:
    input: 00_trimmomatic/proband_ACC2-LIBR2_L3_1.trimmed.fastq.gz, 00_trimmomatic/proband_ACC2-LIBR2_L3_2.trimmed.fastq.gz
    output: 00_trimmomatic/proband_ACC2-LIBR2_L3_1.trimmed.fastq, 00_trimmomatic/proband_ACC2-LIBR2_L3_2.trimmed.fastq
    jobid: 67
    reason: Missing output files: 00_trimmomatic/proband_ACC2-LIBR2_L3_1.trimmed.fastq, 00_trimmomatic/proband_ACC2-LIBR2_L3_2.trimmed.fastq
    wildcards: sample=proband_ACC2-LIBR2, unit=L3
    resources: tmpdir=/tmp, mem_mb=2048, mem_mib=1954, cores=1, mem_gb=2, nodes=1, time=120


[Mon Jun 12 10:29:53 2023]
rule gunzip_trimmomatic:
    input: 00_trimmomatic/father_ACC1-LIBR_L1_1.trimmed.fastq.gz, 00_trimmomatic/father_ACC1-LIBR_L1_2.trimmed.fastq.gz
    output: 00_trimmomatic/father_ACC1-LIBR_L1_1.trimmed.fastq, 00_trimmomatic/father_ACC1-LIBR_L1_2.trimmed.fastq
    jobid: 11
    reason: Missing output files: 00_trimmomatic/father_ACC1-LIBR_L1_1.trimmed.fastq, 00_trimmomatic/father_ACC1-LIBR_L1_2.trimmed.fastq
    wildcards: sample=father_ACC1-LIBR, unit=L1
    resources: tmpdir=/tmp, mem_mb=2048, mem_mib=1954, cores=1, mem_gb=2, nodes=1, time=120


[Mon Jun 12 10:29:53 2023]
rule gunzip_trimmomatic:
    input: 00_trimmomatic/father_ACC1-LIBR_L2_1.trimmed.fastq.gz, 00_trimmomatic/father_ACC1-LIBR_L2_2.trimmed.fastq.gz
    output: 00_trimmomatic/father_ACC1-LIBR_L2_1.trimmed.fastq, 00_trimmomatic/father_ACC1-LIBR_L2_2.trimmed.fastq
    jobid: 15
    reason: Missing output files: 00_trimmomatic/father_ACC1-LIBR_L2_1.trimmed.fastq, 00_trimmomatic/father_ACC1-LIBR_L2_2.trimmed.fastq
    wildcards: sample=father_ACC1-LIBR, unit=L2
    resources: tmpdir=/tmp, mem_mb=2048, mem_mib=1954, cores=1, mem_gb=2, nodes=1, time=120


[Mon Jun 12 10:29:53 2023]
rule gunzip_trimmomatic:
    input: 00_trimmomatic/proband_ACC1-LIBR_L1_1.trimmed.fastq.gz, 00_trimmomatic/proband_ACC1-LIBR_L1_2.trimmed.fastq.gz
    output: 00_trimmomatic/proband_ACC1-LIBR_L1_1.trimmed.fastq, 00_trimmomatic/proband_ACC1-LIBR_L1_2.trimmed.fastq
    jobid: 63
    reason: Missing output files: 00_trimmomatic/proband_ACC1-LIBR_L1_1.trimmed.fastq, 00_trimmomatic/proband_ACC1-LIBR_L1_2.trimmed.fastq
    wildcards: sample=proband_ACC1-LIBR, unit=L1
    resources: tmpdir=/tmp, mem_mb=2048, mem_mib=1954, cores=1, mem_gb=2, nodes=1, time=120

[Mon Jun 12 10:30:00 2023]
Finished job 37.
1 of 80 steps (1%) done
Select jobs to execute...

[Mon Jun 12 10:30:00 2023]
rule bwa_align:
    input: 00_trimmomatic/mother_ACC1-LIBR_L1_1.trimmed.fastq, 00_trimmomatic/mother_ACC1-LIBR_L1_2.trimmed.fastq
    output: 02_alignment/mother_ACC1-LIBR_L1.sam
    log: logs/mother_ACC1-LIBR_L1_bwa.log
    jobid: 36
    benchmark: benchamrks/mother_ACC1-LIBR_L1_bwa.txt
    reason: Input files updated by another job: 00_trimmomatic/mother_ACC1-LIBR_L1_1.trimmed.fastq, 00_trimmomatic/mother_ACC1-LIBR_L1_2.trimmed.fastq; Set of input files has changed since last execution
    wildcards: sample=mother_ACC1-LIBR, unit=L1
    threads: 4
    resources: tmpdir=/tmp, mem_mb=32768, mem_mib=31250, cores=4, mem_gb=32, nodes=1, time=120

[Mon Jun 12 10:30:00 2023]
Finished job 41.
2 of 80 steps (2%) done
Select jobs to execute...

[Mon Jun 12 10:30:00 2023]
rule bwa_align:
    input: 00_trimmomatic/mother_ACC2-LIBR2_L1_1.trimmed.fastq, 00_trimmomatic/mother_ACC2-LIBR2_L1_2.trimmed.fastq
    output: 02_alignment/mother_ACC2-LIBR2_L1.sam
    log: logs/mother_ACC2-LIBR2_L1_bwa.log
    jobid: 40
    benchmark: benchamrks/mother_ACC2-LIBR2_L1_bwa.txt
    reason: Input files updated by another job: 00_trimmomatic/mother_ACC2-LIBR2_L1_1.trimmed.fastq, 00_trimmomatic/mother_ACC2-LIBR2_L1_2.trimmed.fastq; Set of input files has changed since last execution
    wildcards: sample=mother_ACC2-LIBR2, unit=L1
    threads: 4
    resources: tmpdir=/tmp, mem_mb=32768, mem_mib=31250, cores=4, mem_gb=32, nodes=1, time=120

[Mon Jun 12 10:30:01 2023]
Finished job 15.
3 of 80 steps (4%) done
Select jobs to execute...

[Mon Jun 12 10:30:01 2023]
rule bwa_align:
    input: 00_trimmomatic/father_ACC1-LIBR_L2_1.trimmed.fastq, 00_trimmomatic/father_ACC1-LIBR_L2_2.trimmed.fastq
    output: 02_alignment/father_ACC1-LIBR_L2.sam
    log: logs/father_ACC1-LIBR_L2_bwa.log
    jobid: 14
    benchmark: benchamrks/father_ACC1-LIBR_L2_bwa.txt
    reason: Input files updated by another job: 00_trimmomatic/father_ACC1-LIBR_L2_1.trimmed.fastq, 00_trimmomatic/father_ACC1-LIBR_L2_2.trimmed.fastq; Set of input files has changed since last execution
    wildcards: sample=father_ACC1-LIBR, unit=L2
    threads: 4
    resources: tmpdir=/tmp, mem_mb=32768, mem_mib=31250, cores=4, mem_gb=32, nodes=1, time=120

[Mon Jun 12 10:30:01 2023]
Finished job 11.
4 of 80 steps (5%) done
Select jobs to execute...

[Mon Jun 12 10:30:01 2023]
rule bwa_align:
    input: 00_trimmomatic/father_ACC1-LIBR_L1_1.trimmed.fastq, 00_trimmomatic/father_ACC1-LIBR_L1_2.trimmed.fastq
    output: 02_alignment/father_ACC1-LIBR_L1.sam
    log: logs/father_ACC1-LIBR_L1_bwa.log
    jobid: 10
    benchmark: benchamrks/father_ACC1-LIBR_L1_bwa.txt
    reason: Input files updated by another job: 00_trimmomatic/father_ACC1-LIBR_L1_1.trimmed.fastq, 00_trimmomatic/father_ACC1-LIBR_L1_2.trimmed.fastq; Set of input files has changed since last execution
    wildcards: sample=father_ACC1-LIBR, unit=L1
    threads: 4
    resources: tmpdir=/tmp, mem_mb=32768, mem_mib=31250, cores=4, mem_gb=32, nodes=1, time=120

[Mon Jun 12 10:30:02 2023]
Finished job 63.
5 of 80 steps (6%) done
Select jobs to execute...

[Mon Jun 12 10:30:02 2023]
rule bwa_align:
    input: 00_trimmomatic/proband_ACC1-LIBR_L1_1.trimmed.fastq, 00_trimmomatic/proband_ACC1-LIBR_L1_2.trimmed.fastq
    output: 02_alignment/proband_ACC1-LIBR_L1.sam
    log: logs/proband_ACC1-LIBR_L1_bwa.log
    jobid: 62
    benchmark: benchamrks/proband_ACC1-LIBR_L1_bwa.txt
    reason: Missing output files: 02_alignment/proband_ACC1-LIBR_L1.sam; Input files updated by another job: 00_trimmomatic/proband_ACC1-LIBR_L1_1.trimmed.fastq, 00_trimmomatic/proband_ACC1-LIBR_L1_2.trimmed.fastq
    wildcards: sample=proband_ACC1-LIBR, unit=L1
    threads: 4
    resources: tmpdir=/tmp, mem_mb=32768, mem_mib=31250, cores=4, mem_gb=32, nodes=1, time=120

[Mon Jun 12 10:30:02 2023]
Finished job 67.
6 of 80 steps (8%) done
Select jobs to execute...

[Mon Jun 12 10:30:02 2023]
rule bwa_align:
    input: 00_trimmomatic/proband_ACC2-LIBR2_L3_1.trimmed.fastq, 00_trimmomatic/proband_ACC2-LIBR2_L3_2.trimmed.fastq
    output: 02_alignment/proband_ACC2-LIBR2_L3.sam
    log: logs/proband_ACC2-LIBR2_L3_bwa.log
    jobid: 66
    benchmark: benchamrks/proband_ACC2-LIBR2_L3_bwa.txt
    reason: Missing output files: 02_alignment/proband_ACC2-LIBR2_L3.sam; Input files updated by another job: 00_trimmomatic/proband_ACC2-LIBR2_L3_1.trimmed.fastq, 00_trimmomatic/proband_ACC2-LIBR2_L3_2.trimmed.fastq
    wildcards: sample=proband_ACC2-LIBR2, unit=L3
    threads: 4
    resources: tmpdir=/tmp, mem_mb=32768, mem_mib=31250, cores=4, mem_gb=32, nodes=1, time=120

